{
  "uid" : "a6e24697fe4da2b4",
  "name" : "Email -- @1.1 ",
  "fullName" : "features/tests/cloudpayments8.feature:Email",
  "historyId" : "055759470ca507e62b8429e2c3fe0615",
  "time" : {
    "start" : 1608641898461,
    "stop" : 1608641929632,
    "duration" : 31171
  },
  "status" : "passed",
  "flaky" : false,
  "newFailed" : false,
  "beforeStages" : [ ],
  "testStage" : {
    "status" : "passed",
    "steps" : [ {
      "name" : "Given clear time",
      "time" : {
        "start" : 1608641898462,
        "stop" : 1608641898462,
        "duration" : 0
      },
      "status" : "passed",
      "steps" : [ ],
      "attachments" : [ ],
      "parameters" : [ ],
      "stepsCount" : 0,
      "attachmentsCount" : 0,
      "shouldDisplayMessage" : false,
      "hasContent" : false
    }, {
      "name" : "When open f.gum24.online page",
      "time" : {
        "start" : 1608641898463,
        "stop" : 1608641902037,
        "duration" : 3574
      },
      "status" : "passed",
      "steps" : [ ],
      "attachments" : [ ],
      "parameters" : [ ],
      "stepsCount" : 0,
      "attachmentsCount" : 0,
      "shouldDisplayMessage" : false,
      "hasContent" : false
    }, {
      "name" : "When clear time",
      "time" : {
        "start" : 1608641902038,
        "stop" : 1608641902038,
        "duration" : 0
      },
      "status" : "passed",
      "steps" : [ ],
      "attachments" : [ ],
      "parameters" : [ ],
      "stepsCount" : 0,
      "attachmentsCount" : 0,
      "shouldDisplayMessage" : false,
      "hasContent" : false
    }, {
      "name" : "When go to confirmation page",
      "time" : {
        "start" : 1608641902039,
        "stop" : 1608641915881,
        "duration" : 13842
      },
      "status" : "passed",
      "steps" : [ ],
      "attachments" : [ ],
      "parameters" : [ ],
      "stepsCount" : 0,
      "attachmentsCount" : 0,
      "shouldDisplayMessage" : false,
      "hasContent" : false
    }, {
      "name" : "When go to cloudpayments page",
      "time" : {
        "start" : 1608641915881,
        "stop" : 1608641916829,
        "duration" : 948
      },
      "status" : "passed",
      "steps" : [ ],
      "attachments" : [ ],
      "parameters" : [ ],
      "stepsCount" : 0,
      "attachmentsCount" : 0,
      "shouldDisplayMessage" : false,
      "hasContent" : false
    }, {
      "name" : "When enter fake card details",
      "time" : {
        "start" : 1608641916829,
        "stop" : 1608641920397,
        "duration" : 3568
      },
      "status" : "passed",
      "steps" : [ ],
      "attachments" : [ ],
      "parameters" : [ ],
      "stepsCount" : 0,
      "attachmentsCount" : 0,
      "shouldDisplayMessage" : false,
      "hasContent" : false
    }, {
      "name" : "Then I see cancel button element",
      "time" : {
        "start" : 1608641920397,
        "stop" : 1608641928193,
        "duration" : 7796
      },
      "status" : "passed",
      "steps" : [ ],
      "attachments" : [ ],
      "parameters" : [ ],
      "stepsCount" : 0,
      "attachmentsCount" : 0,
      "shouldDisplayMessage" : false,
      "hasContent" : false
    }, {
      "name" : "When calculate time for 'cloudpayments'",
      "time" : {
        "start" : 1608641928194,
        "stop" : 1608641929631,
        "duration" : 1437
      },
      "status" : "passed",
      "steps" : [ ],
      "attachments" : [ ],
      "parameters" : [ ],
      "stepsCount" : 0,
      "attachmentsCount" : 0,
      "shouldDisplayMessage" : false,
      "hasContent" : false
    } ],
    "attachments" : [ ],
    "parameters" : [ ],
    "stepsCount" : 8,
    "attachmentsCount" : 0,
    "shouldDisplayMessage" : false,
    "hasContent" : true
  },
  "afterStages" : [ ],
  "labels" : [ {
    "name" : "severity",
    "value" : "normal"
  }, {
    "name" : "tag",
    "value" : "validation"
  }, {
    "name" : "feature",
    "value" : "fitness-online.ru.com"
  }, {
    "name" : "framework",
    "value" : "behave"
  }, {
    "name" : "language",
    "value" : "cpython3"
  }, {
    "name" : "resultFormat",
    "value" : "allure2"
  } ],
  "parameters" : [ {
    "name" : "card",
    "value" : "fake card"
  }, {
    "name" : "page_name",
    "value" : "f.gum24.online"
  }, {
    "name" : "type",
    "value" : "cancel button"
  } ],
  "links" : [ ],
  "hidden" : false,
  "retry" : false,
  "extra" : {
    "severity" : "normal",
    "retries" : [ {
      "uid" : "8a3803401c2d0224",
      "status" : "passed",
      "time" : {
        "start" : 1608641898446,
        "stop" : 1608641926797,
        "duration" : 28351
      }
    }, {
      "uid" : "7ca07717bb5d98b6",
      "status" : "passed",
      "time" : {
        "start" : 1608641895442,
        "stop" : 1608641926042,
        "duration" : 30600
      }
    }, {
      "uid" : "29dc35bb76b5d208",
      "status" : "passed",
      "time" : {
        "start" : 1608641888723,
        "stop" : 1608641917045,
        "duration" : 28322
      }
    }, {
      "uid" : "8e7bc5679eec18a6",
      "status" : "passed",
      "time" : {
        "start" : 1608641879869,
        "stop" : 1608641904183,
        "duration" : 24314
      }
    }, {
      "uid" : "79c6485fb7006ac1",
      "status" : "failed",
      "statusDetails" : "AssertionError: FAILED SUB-STEP: And type \"random\" in email field\nSubstep info: Traceback (most recent call last):\n  File \"/Library/Frameworks/Python.framework/Versions/3.8/lib/python3.8/site-packages/behave/model.py\", line 1329, in run\n    match.run(runner.context)\n  File \"/Library/Frameworks/Python.framework/Versions/3.8/lib/python3.8/site-packages/behave/matchers.py\", line 98, in run\n    self.func(context, *args, **kwargs)\n  File \"features/steps/basic_steps.py\", line 24, in step_impl\n    context.current_page.type_in(field_name, text)\n  File \"/Users/kardash/Developer/fitness-automation/features/pages/base_page.py\", line 29, in type_in\n    element = self.get_clickable_element(element_name)\n  File \"/Users/kardash/Developer/fitness-automation/features/pages/base_page.py\", line 57, in get_clickable_element\n    return WebDriverWait(self.driver, timeout).until(\n  File \"/Library/Frameworks/Python.framework/Versions/3.8/lib/python3.8/site-packages/selenium/webdriver/support/wait.py\", line 80, in until\n    raise TimeoutException(message, screen, stacktrace)\nselenium.common.exceptions.TimeoutException: Message: Unable to locate element: email field\n\n\nTraceback (of failed substep):\n  File \"/Library/Frameworks/Python.framework/Versions/3.8/lib/python3.8/site-packages/behave/model.py\", line 1329, in run\n    match.run(runner.context)\n  File \"/Library/Frameworks/Python.framework/Versions/3.8/lib/python3.8/site-packages/behave/matchers.py\", line 98, in run\n    self.func(context, *args, **kwargs)\n  File \"features/steps/basic_steps.py\", line 24, in step_impl\n    context.current_page.type_in(field_name, text)\n  File \"/Users/kardash/Developer/fitness-automation/features/pages/base_page.py\", line 29, in type_in\n    element = self.get_clickable_element(element_name)\n  File \"/Users/kardash/Developer/fitness-automation/features/pages/base_page.py\", line 57, in get_clickable_element\n    return WebDriverWait(self.driver, timeout).until(\n  File \"/Library/Frameworks/Python.framework/Versions/3.8/lib/python3.8/site-packages/selenium/webdriver/support/wait.py\", line 80, in until\n    raise TimeoutException(message, screen, stacktrace)\n\n",
      "time" : {
        "start" : 1608641856818,
        "stop" : 1608641875893,
        "duration" : 19075
      }
    }, {
      "uid" : "7cff6725367357ba",
      "status" : "passed",
      "time" : {
        "start" : 1608641856774,
        "stop" : 1608641890247,
        "duration" : 33473
      }
    }, {
      "uid" : "6d6e653a8bdd1af6",
      "status" : "passed",
      "time" : {
        "start" : 1608641856747,
        "stop" : 1608641894059,
        "duration" : 37312
      }
    }, {
      "uid" : "e59c0f5061b47e73",
      "status" : "passed",
      "time" : {
        "start" : 1608641856723,
        "stop" : 1608641893584,
        "duration" : 36861
      }
    }, {
      "uid" : "a91140eb79b04b3c",
      "status" : "passed",
      "time" : {
        "start" : 1608641856712,
        "stop" : 1608641884812,
        "duration" : 28100
      }
    }, {
      "uid" : "a9078f0c0d4ca73f",
      "status" : "passed",
      "time" : {
        "start" : 1608641761712,
        "stop" : 1608641796167,
        "duration" : 34455
      }
    }, {
      "uid" : "68676d93cca64f1e",
      "status" : "passed",
      "time" : {
        "start" : 1608641760349,
        "stop" : 1608641796258,
        "duration" : 35909
      }
    }, {
      "uid" : "51dd6f874757a78f",
      "status" : "passed",
      "time" : {
        "start" : 1608641760320,
        "stop" : 1608641802701,
        "duration" : 42381
      }
    }, {
      "uid" : "a63bb761f3467774",
      "status" : "passed",
      "time" : {
        "start" : 1608641752739,
        "stop" : 1608641780499,
        "duration" : 27760
      }
    }, {
      "uid" : "e04da3706ec43cf9",
      "status" : "passed",
      "time" : {
        "start" : 1608641743401,
        "stop" : 1608641765920,
        "duration" : 22519
      }
    }, {
      "uid" : "bac4c2c9393c8385",
      "status" : "passed",
      "time" : {
        "start" : 1608641720861,
        "stop" : 1608641756180,
        "duration" : 35319
      }
    }, {
      "uid" : "2b6eda635f9b275",
      "status" : "passed",
      "time" : {
        "start" : 1608641720736,
        "stop" : 1608641755677,
        "duration" : 34941
      }
    }, {
      "uid" : "8a46f24f8a76407e",
      "status" : "passed",
      "time" : {
        "start" : 1608641720659,
        "stop" : 1608641758100,
        "duration" : 37441
      }
    }, {
      "uid" : "448dd1838f82578c",
      "status" : "passed",
      "time" : {
        "start" : 1608641720458,
        "stop" : 1608641748914,
        "duration" : 28456
      }
    }, {
      "uid" : "818fe0b21336fabd",
      "status" : "failed",
      "statusDetails" : "AssertionError: FAILED SUB-STEP: And type \"random\" in email field\nSubstep info: Traceback (most recent call last):\n  File \"/Library/Frameworks/Python.framework/Versions/3.8/lib/python3.8/site-packages/behave/model.py\", line 1329, in run\n    match.run(runner.context)\n  File \"/Library/Frameworks/Python.framework/Versions/3.8/lib/python3.8/site-packages/behave/matchers.py\", line 98, in run\n    self.func(context, *args, **kwargs)\n  File \"features/steps/basic_steps.py\", line 24, in step_impl\n    context.current_page.type_in(field_name, text)\n  File \"/Users/kardash/Developer/fitness-automation/features/pages/base_page.py\", line 29, in type_in\n    element = self.get_clickable_element(element_name)\n  File \"/Users/kardash/Developer/fitness-automation/features/pages/base_page.py\", line 57, in get_clickable_element\n    return WebDriverWait(self.driver, timeout).until(\n  File \"/Library/Frameworks/Python.framework/Versions/3.8/lib/python3.8/site-packages/selenium/webdriver/support/wait.py\", line 80, in until\n    raise TimeoutException(message, screen, stacktrace)\nselenium.common.exceptions.TimeoutException: Message: Unable to locate element: email field\n\n\nTraceback (of failed substep):\n  File \"/Library/Frameworks/Python.framework/Versions/3.8/lib/python3.8/site-packages/behave/model.py\", line 1329, in run\n    match.run(runner.context)\n  File \"/Library/Frameworks/Python.framework/Versions/3.8/lib/python3.8/site-packages/behave/matchers.py\", line 98, in run\n    self.func(context, *args, **kwargs)\n  File \"features/steps/basic_steps.py\", line 24, in step_impl\n    context.current_page.type_in(field_name, text)\n  File \"/Users/kardash/Developer/fitness-automation/features/pages/base_page.py\", line 29, in type_in\n    element = self.get_clickable_element(element_name)\n  File \"/Users/kardash/Developer/fitness-automation/features/pages/base_page.py\", line 57, in get_clickable_element\n    return WebDriverWait(self.driver, timeout).until(\n  File \"/Library/Frameworks/Python.framework/Versions/3.8/lib/python3.8/site-packages/selenium/webdriver/support/wait.py\", line 80, in until\n    raise TimeoutException(message, screen, stacktrace)\n\n",
      "time" : {
        "start" : 1608641720390,
        "stop" : 1608641739317,
        "duration" : 18927
      }
    }, {
      "uid" : "46f4f2a70f4c0f9e",
      "status" : "passed",
      "time" : {
        "start" : 1608641335382,
        "stop" : 1608641365947,
        "duration" : 30565
      }
    }, {
      "uid" : "6d4f3641bf2b8959",
      "status" : "passed",
      "time" : {
        "start" : 1608641331289,
        "stop" : 1608641375354,
        "duration" : 44065
      }
    }, {
      "uid" : "c89d4f3d528fe365",
      "status" : "passed",
      "time" : {
        "start" : 1608641325733,
        "stop" : 1608641362335,
        "duration" : 36602
      }
    }, {
      "uid" : "8a44ac47c05d71ba",
      "status" : "passed",
      "time" : {
        "start" : 1608641319727,
        "stop" : 1608641352861,
        "duration" : 33134
      }
    }, {
      "uid" : "3233d2c2e0431e32",
      "status" : "passed",
      "time" : {
        "start" : 1608641305278,
        "stop" : 1608641342833,
        "duration" : 37555
      }
    }, {
      "uid" : "f2de20e6d5923104",
      "status" : "passed",
      "time" : {
        "start" : 1608641239979,
        "stop" : 1608641326707,
        "duration" : 86728
      }
    }, {
      "uid" : "c9ed2a1fc50a4463",
      "status" : "passed",
      "time" : {
        "start" : 1608641239959,
        "stop" : 1608641318680,
        "duration" : 78721
      }
    }, {
      "uid" : "5da43490ebc29a61",
      "status" : "broken",
      "statusDetails" : "selenium.common.exceptions.WebDriverException: Message: Session timed out or not found\n\n",
      "time" : {
        "start" : 1608641239867,
        "stop" : 1608641311454,
        "duration" : 71587
      }
    }, {
      "uid" : "3a9d837e9241b502",
      "status" : "passed",
      "time" : {
        "start" : 1608641239336,
        "stop" : 1608641331372,
        "duration" : 92036
      }
    }, {
      "uid" : "6de4507cf150525",
      "status" : "passed",
      "time" : {
        "start" : 1608641239336,
        "stop" : 1608641299358,
        "duration" : 60022
      }
    }, {
      "uid" : "97352aac3014df55",
      "status" : "passed",
      "time" : {
        "start" : 1608640937722,
        "stop" : 1608640986475,
        "duration" : 48753
      }
    }, {
      "uid" : "c08af879460f5f6",
      "status" : "passed",
      "time" : {
        "start" : 1608640937695,
        "stop" : 1608640981946,
        "duration" : 44251
      }
    }, {
      "uid" : "4bc0d53d245f8915",
      "status" : "passed",
      "time" : {
        "start" : 1608640937675,
        "stop" : 1608640981822,
        "duration" : 44147
      }
    }, {
      "uid" : "2bae0b79c6a23fa4",
      "status" : "passed",
      "time" : {
        "start" : 1608640822947,
        "stop" : 1608640874755,
        "duration" : 51808
      }
    }, {
      "uid" : "15a86a963ed91114",
      "status" : "passed",
      "time" : {
        "start" : 1608640822771,
        "stop" : 1608640874027,
        "duration" : 51256
      }
    }, {
      "uid" : "ac0a1d9de5e7e24c",
      "status" : "passed",
      "time" : {
        "start" : 1608640818428,
        "stop" : 1608640873367,
        "duration" : 54939
      }
    }, {
      "uid" : "6cd11081b70f28b2",
      "status" : "passed",
      "time" : {
        "start" : 1608640818346,
        "stop" : 1608640872203,
        "duration" : 53857
      }
    }, {
      "uid" : "ed0ae2f7a8a38527",
      "status" : "passed",
      "time" : {
        "start" : 1608640696626,
        "stop" : 1608640723409,
        "duration" : 26783
      }
    }, {
      "uid" : "ac6b421f8ce722fa",
      "status" : "passed",
      "time" : {
        "start" : 1608640646969,
        "stop" : 1608640671657,
        "duration" : 24688
      }
    }, {
      "uid" : "13b322683be4bf7e",
      "status" : "passed",
      "time" : {
        "start" : 1608640646317,
        "stop" : 1608640678337,
        "duration" : 32020
      }
    }, {
      "uid" : "bbe7a6d3ec3104da",
      "status" : "passed",
      "time" : {
        "start" : 1608640646211,
        "stop" : 1608640671750,
        "duration" : 25539
      }
    }, {
      "uid" : "a123c2dd2c478f6a",
      "status" : "passed",
      "time" : {
        "start" : 1608640643213,
        "stop" : 1608640676525,
        "duration" : 33312
      }
    }, {
      "uid" : "f14f68e6afff4dc4",
      "status" : "passed",
      "time" : {
        "start" : 1608640587932,
        "stop" : 1608640621193,
        "duration" : 33261
      }
    }, {
      "uid" : "6ed474b5ce62173a",
      "status" : "passed",
      "time" : {
        "start" : 1608640587908,
        "stop" : 1608640618086,
        "duration" : 30178
      }
    }, {
      "uid" : "37c0d518828fc166",
      "status" : "passed",
      "time" : {
        "start" : 1608640587682,
        "stop" : 1608640617183,
        "duration" : 29501
      }
    }, {
      "uid" : "86119915746f435b",
      "status" : "passed",
      "time" : {
        "start" : 1608640587567,
        "stop" : 1608640617649,
        "duration" : 30082
      }
    }, {
      "uid" : "f80f2e13ac1780c6",
      "status" : "passed",
      "time" : {
        "start" : 1608640587302,
        "stop" : 1608640618443,
        "duration" : 31141
      }
    }, {
      "uid" : "cdd56a39f9ddf952",
      "status" : "passed",
      "time" : {
        "start" : 1608640436990,
        "stop" : 1608640467224,
        "duration" : 30234
      }
    }, {
      "uid" : "87bd029793352319",
      "status" : "passed",
      "time" : {
        "start" : 1608640436380,
        "stop" : 1608640467263,
        "duration" : 30883
      }
    }, {
      "uid" : "9e6e0818227a802a",
      "status" : "passed",
      "time" : {
        "start" : 1608640384920,
        "stop" : 1608640416905,
        "duration" : 31985
      }
    }, {
      "uid" : "c36f4e85d2bf587e",
      "status" : "passed",
      "time" : {
        "start" : 1608640377829,
        "stop" : 1608640410133,
        "duration" : 32304
      }
    }, {
      "uid" : "4023bdc608bc7cd2",
      "status" : "passed",
      "time" : {
        "start" : 1608640375387,
        "stop" : 1608640405897,
        "duration" : 30510
      }
    }, {
      "uid" : "a175c72c9fd8d19b",
      "status" : "passed",
      "time" : {
        "start" : 1608640321817,
        "stop" : 1608640349922,
        "duration" : 28105
      }
    }, {
      "uid" : "9f6bc03a81787721",
      "status" : "passed",
      "time" : {
        "start" : 1608640321493,
        "stop" : 1608640349823,
        "duration" : 28330
      }
    }, {
      "uid" : "d3d8d4e1aa22e8a7",
      "status" : "passed",
      "time" : {
        "start" : 1608640321476,
        "stop" : 1608640347901,
        "duration" : 26425
      }
    }, {
      "uid" : "5890bb0d341edbec",
      "status" : "passed",
      "time" : {
        "start" : 1608640321454,
        "stop" : 1608640348209,
        "duration" : 26755
      }
    }, {
      "uid" : "3faee53143a8f8d",
      "status" : "failed",
      "statusDetails" : "AssertionError: FAILED SUB-STEP: And type \"random\" in email field\nSubstep info: Traceback (most recent call last):\n  File \"/Library/Frameworks/Python.framework/Versions/3.8/lib/python3.8/site-packages/behave/model.py\", line 1329, in run\n    match.run(runner.context)\n  File \"/Library/Frameworks/Python.framework/Versions/3.8/lib/python3.8/site-packages/behave/matchers.py\", line 98, in run\n    self.func(context, *args, **kwargs)\n  File \"features/steps/basic_steps.py\", line 24, in step_impl\n    context.current_page.type_in(field_name, text)\n  File \"/Users/kardash/Developer/fitness-automation/features/pages/base_page.py\", line 29, in type_in\n    element = self.get_clickable_element(element_name)\n  File \"/Users/kardash/Developer/fitness-automation/features/pages/base_page.py\", line 57, in get_clickable_element\n    return WebDriverWait(self.driver, timeout).until(\n  File \"/Library/Frameworks/Python.framework/Versions/3.8/lib/python3.8/site-packages/selenium/webdriver/support/wait.py\", line 80, in until\n    raise TimeoutException(message, screen, stacktrace)\nselenium.common.exceptions.TimeoutException: Message: Unable to locate element: email field\n\n\nTraceback (of failed substep):\n  File \"/Library/Frameworks/Python.framework/Versions/3.8/lib/python3.8/site-packages/behave/model.py\", line 1329, in run\n    match.run(runner.context)\n  File \"/Library/Frameworks/Python.framework/Versions/3.8/lib/python3.8/site-packages/behave/matchers.py\", line 98, in run\n    self.func(context, *args, **kwargs)\n  File \"features/steps/basic_steps.py\", line 24, in step_impl\n    context.current_page.type_in(field_name, text)\n  File \"/Users/kardash/Developer/fitness-automation/features/pages/base_page.py\", line 29, in type_in\n    element = self.get_clickable_element(element_name)\n  File \"/Users/kardash/Developer/fitness-automation/features/pages/base_page.py\", line 57, in get_clickable_element\n    return WebDriverWait(self.driver, timeout).until(\n  File \"/Library/Frameworks/Python.framework/Versions/3.8/lib/python3.8/site-packages/selenium/webdriver/support/wait.py\", line 80, in until\n    raise TimeoutException(message, screen, stacktrace)\n\n",
      "time" : {
        "start" : 1608640321441,
        "stop" : 1608640342532,
        "duration" : 21091
      }
    }, {
      "uid" : "64ee0e5d6f46be94",
      "status" : "passed",
      "time" : {
        "start" : 1608640236889,
        "stop" : 1608640265486,
        "duration" : 28597
      }
    }, {
      "uid" : "b07a2d657fa3f229",
      "status" : "passed",
      "time" : {
        "start" : 1608640236413,
        "stop" : 1608640265318,
        "duration" : 28905
      }
    }, {
      "uid" : "17aef6000ab46db1",
      "status" : "passed",
      "time" : {
        "start" : 1608640234625,
        "stop" : 1608640259392,
        "duration" : 24767
      }
    }, {
      "uid" : "f7fdd526f8190170",
      "status" : "passed",
      "time" : {
        "start" : 1608640234497,
        "stop" : 1608640258356,
        "duration" : 23859
      }
    }, {
      "uid" : "30808c79d7d6b7d5",
      "status" : "passed",
      "time" : {
        "start" : 1608640212103,
        "stop" : 1608640243754,
        "duration" : 31651
      }
    }, {
      "uid" : "e185d3c66c3ea96a",
      "status" : "passed",
      "time" : {
        "start" : 1608640191106,
        "stop" : 1608640232860,
        "duration" : 41754
      }
    }, {
      "uid" : "bcba9610322b4205",
      "status" : "passed",
      "time" : {
        "start" : 1608640190747,
        "stop" : 1608640232429,
        "duration" : 41682
      }
    }, {
      "uid" : "8a4a80b7206724a1",
      "status" : "passed",
      "time" : {
        "start" : 1608640190673,
        "stop" : 1608640230254,
        "duration" : 39581
      }
    }, {
      "uid" : "d2863dc58361d854",
      "status" : "failed",
      "statusDetails" : "AssertionError: FAILED SUB-STEP: And type \"random\" in email field\nSubstep info: Traceback (most recent call last):\n  File \"/Library/Frameworks/Python.framework/Versions/3.8/lib/python3.8/site-packages/behave/model.py\", line 1329, in run\n    match.run(runner.context)\n  File \"/Library/Frameworks/Python.framework/Versions/3.8/lib/python3.8/site-packages/behave/matchers.py\", line 98, in run\n    self.func(context, *args, **kwargs)\n  File \"features/steps/basic_steps.py\", line 24, in step_impl\n    context.current_page.type_in(field_name, text)\n  File \"/Users/kardash/Developer/fitness-automation/features/pages/base_page.py\", line 29, in type_in\n    element = self.get_clickable_element(element_name)\n  File \"/Users/kardash/Developer/fitness-automation/features/pages/base_page.py\", line 57, in get_clickable_element\n    return WebDriverWait(self.driver, timeout).until(\n  File \"/Library/Frameworks/Python.framework/Versions/3.8/lib/python3.8/site-packages/selenium/webdriver/support/wait.py\", line 80, in until\n    raise TimeoutException(message, screen, stacktrace)\nselenium.common.exceptions.TimeoutException: Message: Unable to locate element: email field\n\n\nTraceback (of failed substep):\n  File \"/Library/Frameworks/Python.framework/Versions/3.8/lib/python3.8/site-packages/behave/model.py\", line 1329, in run\n    match.run(runner.context)\n  File \"/Library/Frameworks/Python.framework/Versions/3.8/lib/python3.8/site-packages/behave/matchers.py\", line 98, in run\n    self.func(context, *args, **kwargs)\n  File \"features/steps/basic_steps.py\", line 24, in step_impl\n    context.current_page.type_in(field_name, text)\n  File \"/Users/kardash/Developer/fitness-automation/features/pages/base_page.py\", line 29, in type_in\n    element = self.get_clickable_element(element_name)\n  File \"/Users/kardash/Developer/fitness-automation/features/pages/base_page.py\", line 57, in get_clickable_element\n    return WebDriverWait(self.driver, timeout).until(\n  File \"/Library/Frameworks/Python.framework/Versions/3.8/lib/python3.8/site-packages/selenium/webdriver/support/wait.py\", line 80, in until\n    raise TimeoutException(message, screen, stacktrace)\n\n",
      "time" : {
        "start" : 1608640190627,
        "stop" : 1608640208989,
        "duration" : 18362
      }
    }, {
      "uid" : "65da4534402f7d4c",
      "status" : "passed",
      "time" : {
        "start" : 1608640190600,
        "stop" : 1608640229798,
        "duration" : 39198
      }
    }, {
      "uid" : "69722f9e59429d5f",
      "status" : "passed",
      "time" : {
        "start" : 1608640111979,
        "stop" : 1608640140445,
        "duration" : 28466
      }
    }, {
      "uid" : "91fae46d89915214",
      "status" : "passed",
      "time" : {
        "start" : 1608640111733,
        "stop" : 1608640141223,
        "duration" : 29490
      }
    }, {
      "uid" : "e163dc9b0835a51a",
      "status" : "passed",
      "time" : {
        "start" : 1608640111323,
        "stop" : 1608640138532,
        "duration" : 27209
      }
    }, {
      "uid" : "6529f23234fc07f6",
      "status" : "passed",
      "time" : {
        "start" : 1608640104693,
        "stop" : 1608640130518,
        "duration" : 25825
      }
    }, {
      "uid" : "b47154823ae44d6a",
      "status" : "passed",
      "time" : {
        "start" : 1608640100676,
        "stop" : 1608640126965,
        "duration" : 26289
      }
    }, {
      "uid" : "4bf5b852f91e6134",
      "status" : "passed",
      "time" : {
        "start" : 1608640076800,
        "stop" : 1608640107105,
        "duration" : 30305
      }
    }, {
      "uid" : "aeb36c7157f316f7",
      "status" : "passed",
      "time" : {
        "start" : 1608640076767,
        "stop" : 1608640101084,
        "duration" : 24317
      }
    }, {
      "uid" : "3ea0f1cbe8171a16",
      "status" : "passed",
      "time" : {
        "start" : 1608640076743,
        "stop" : 1608640106974,
        "duration" : 30231
      }
    }, {
      "uid" : "11d1dcee43055556",
      "status" : "failed",
      "statusDetails" : "AssertionError: FAILED SUB-STEP: And type \"random\" in email field\nSubstep info: Traceback (most recent call last):\n  File \"/Library/Frameworks/Python.framework/Versions/3.8/lib/python3.8/site-packages/behave/model.py\", line 1329, in run\n    match.run(runner.context)\n  File \"/Library/Frameworks/Python.framework/Versions/3.8/lib/python3.8/site-packages/behave/matchers.py\", line 98, in run\n    self.func(context, *args, **kwargs)\n  File \"features/steps/basic_steps.py\", line 24, in step_impl\n    context.current_page.type_in(field_name, text)\n  File \"/Users/kardash/Developer/fitness-automation/features/pages/base_page.py\", line 29, in type_in\n    element = self.get_clickable_element(element_name)\n  File \"/Users/kardash/Developer/fitness-automation/features/pages/base_page.py\", line 57, in get_clickable_element\n    return WebDriverWait(self.driver, timeout).until(\n  File \"/Library/Frameworks/Python.framework/Versions/3.8/lib/python3.8/site-packages/selenium/webdriver/support/wait.py\", line 80, in until\n    raise TimeoutException(message, screen, stacktrace)\nselenium.common.exceptions.TimeoutException: Message: Unable to locate element: email field\n\n\nTraceback (of failed substep):\n  File \"/Library/Frameworks/Python.framework/Versions/3.8/lib/python3.8/site-packages/behave/model.py\", line 1329, in run\n    match.run(runner.context)\n  File \"/Library/Frameworks/Python.framework/Versions/3.8/lib/python3.8/site-packages/behave/matchers.py\", line 98, in run\n    self.func(context, *args, **kwargs)\n  File \"features/steps/basic_steps.py\", line 24, in step_impl\n    context.current_page.type_in(field_name, text)\n  File \"/Users/kardash/Developer/fitness-automation/features/pages/base_page.py\", line 29, in type_in\n    element = self.get_clickable_element(element_name)\n  File \"/Users/kardash/Developer/fitness-automation/features/pages/base_page.py\", line 57, in get_clickable_element\n    return WebDriverWait(self.driver, timeout).until(\n  File \"/Library/Frameworks/Python.framework/Versions/3.8/lib/python3.8/site-packages/selenium/webdriver/support/wait.py\", line 80, in until\n    raise TimeoutException(message, screen, stacktrace)\n\n",
      "time" : {
        "start" : 1608640076507,
        "stop" : 1608640095262,
        "duration" : 18755
      }
    }, {
      "uid" : "85c092924cb4fe98",
      "status" : "passed",
      "time" : {
        "start" : 1608640076463,
        "stop" : 1608640106283,
        "duration" : 29820
      }
    }, {
      "uid" : "700167c6d40942cc",
      "status" : "passed",
      "time" : {
        "start" : 1608640010079,
        "stop" : 1608640041791,
        "duration" : 31712
      }
    }, {
      "uid" : "9f0a5e1f3726fc91",
      "status" : "passed",
      "time" : {
        "start" : 1608640006701,
        "stop" : 1608640037600,
        "duration" : 30899
      }
    }, {
      "uid" : "fd79fe1fd8d6b101",
      "status" : "passed",
      "time" : {
        "start" : 1608640006355,
        "stop" : 1608640035101,
        "duration" : 28746
      }
    }, {
      "uid" : "20e1670c4300dd4d",
      "status" : "passed",
      "time" : {
        "start" : 1608640001218,
        "stop" : 1608640031178,
        "duration" : 29960
      }
    }, {
      "uid" : "fbbeebad2d38ea44",
      "status" : "passed",
      "time" : {
        "start" : 1608639991902,
        "stop" : 1608640021721,
        "duration" : 29819
      }
    }, {
      "uid" : "d6a205dad148765a",
      "status" : "passed",
      "time" : {
        "start" : 1608639966415,
        "stop" : 1608640000755,
        "duration" : 34340
      }
    }, {
      "uid" : "d4e6572fcb52abd8",
      "status" : "passed",
      "time" : {
        "start" : 1608639966254,
        "stop" : 1608640003267,
        "duration" : 37013
      }
    }, {
      "uid" : "39a7d7d2660082ec",
      "status" : "passed",
      "time" : {
        "start" : 1608639966238,
        "stop" : 1608640000078,
        "duration" : 33840
      }
    }, {
      "uid" : "16f24ad5826b3da3",
      "status" : "passed",
      "time" : {
        "start" : 1608639966237,
        "stop" : 1608639995414,
        "duration" : 29177
      }
    }, {
      "uid" : "99693e055cf19446",
      "status" : "failed",
      "statusDetails" : "AssertionError: FAILED SUB-STEP: And type \"random\" in email field\nSubstep info: Traceback (most recent call last):\n  File \"/Library/Frameworks/Python.framework/Versions/3.8/lib/python3.8/site-packages/behave/model.py\", line 1329, in run\n    match.run(runner.context)\n  File \"/Library/Frameworks/Python.framework/Versions/3.8/lib/python3.8/site-packages/behave/matchers.py\", line 98, in run\n    self.func(context, *args, **kwargs)\n  File \"features/steps/basic_steps.py\", line 24, in step_impl\n    context.current_page.type_in(field_name, text)\n  File \"/Users/kardash/Developer/fitness-automation/features/pages/base_page.py\", line 29, in type_in\n    element = self.get_clickable_element(element_name)\n  File \"/Users/kardash/Developer/fitness-automation/features/pages/base_page.py\", line 57, in get_clickable_element\n    return WebDriverWait(self.driver, timeout).until(\n  File \"/Library/Frameworks/Python.framework/Versions/3.8/lib/python3.8/site-packages/selenium/webdriver/support/wait.py\", line 80, in until\n    raise TimeoutException(message, screen, stacktrace)\nselenium.common.exceptions.TimeoutException: Message: Unable to locate element: email field\n\n\nTraceback (of failed substep):\n  File \"/Library/Frameworks/Python.framework/Versions/3.8/lib/python3.8/site-packages/behave/model.py\", line 1329, in run\n    match.run(runner.context)\n  File \"/Library/Frameworks/Python.framework/Versions/3.8/lib/python3.8/site-packages/behave/matchers.py\", line 98, in run\n    self.func(context, *args, **kwargs)\n  File \"features/steps/basic_steps.py\", line 24, in step_impl\n    context.current_page.type_in(field_name, text)\n  File \"/Users/kardash/Developer/fitness-automation/features/pages/base_page.py\", line 29, in type_in\n    element = self.get_clickable_element(element_name)\n  File \"/Users/kardash/Developer/fitness-automation/features/pages/base_page.py\", line 57, in get_clickable_element\n    return WebDriverWait(self.driver, timeout).until(\n  File \"/Library/Frameworks/Python.framework/Versions/3.8/lib/python3.8/site-packages/selenium/webdriver/support/wait.py\", line 80, in until\n    raise TimeoutException(message, screen, stacktrace)\n\n",
      "time" : {
        "start" : 1608639966237,
        "stop" : 1608639985142,
        "duration" : 18905
      }
    }, {
      "uid" : "256b5a83090f227a",
      "status" : "broken",
      "statusDetails" : "TypeError: Object of type timedelta is not JSON serializable\n",
      "time" : {
        "start" : 1608639151543,
        "stop" : 1608639170044,
        "duration" : 18501
      }
    }, {
      "uid" : "655eb1d9b47da8c6",
      "status" : "broken",
      "statusDetails" : "TypeError: Object of type timedelta is not JSON serializable\n",
      "time" : {
        "start" : 1608639084874,
        "stop" : 1608639108814,
        "duration" : 23940
      }
    }, {
      "uid" : "53287d73c39c3977",
      "status" : "broken",
      "statusDetails" : "TypeError: Object of type timedelta is not JSON serializable\n",
      "time" : {
        "start" : 1608639082694,
        "stop" : 1608639108068,
        "duration" : 25374
      }
    }, {
      "uid" : "d1398e32ce990f6d",
      "status" : "broken",
      "statusDetails" : "TypeError: Object of type timedelta is not JSON serializable\n",
      "time" : {
        "start" : 1608639079522,
        "stop" : 1608639108655,
        "duration" : 29133
      }
    }, {
      "uid" : "4d924e0bcf6facfa",
      "status" : "broken",
      "statusDetails" : "TypeError: Object of type timedelta is not JSON serializable\n",
      "time" : {
        "start" : 1608639079397,
        "stop" : 1608639107540,
        "duration" : 28143
      }
    }, {
      "uid" : "b5c00c2ec9819c48",
      "status" : "broken",
      "statusDetails" : "TypeError: Object of type timedelta is not JSON serializable\n",
      "time" : {
        "start" : 1608639079395,
        "stop" : 1608639109016,
        "duration" : 29621
      }
    }, {
      "uid" : "b323fc1c650ab454",
      "status" : "broken",
      "statusDetails" : "TypeError: Object of type timedelta is not JSON serializable\n",
      "time" : {
        "start" : 1608639069649,
        "stop" : 1608639079336,
        "duration" : 9687
      }
    }, {
      "uid" : "1dfaa8bf3a28bcc4",
      "status" : "broken",
      "statusDetails" : "TypeError: Object of type timedelta is not JSON serializable\n",
      "time" : {
        "start" : 1608639069649,
        "stop" : 1608639078016,
        "duration" : 8367
      }
    }, {
      "uid" : "ee39504f509c4cb3",
      "status" : "failed",
      "statusDetails" : "AssertionError: FAILED SUB-STEP: And type \"random\" in email field\nSubstep info: Traceback (most recent call last):\n  File \"/Library/Frameworks/Python.framework/Versions/3.8/lib/python3.8/site-packages/behave/model.py\", line 1329, in run\n    match.run(runner.context)\n  File \"/Library/Frameworks/Python.framework/Versions/3.8/lib/python3.8/site-packages/behave/matchers.py\", line 98, in run\n    self.func(context, *args, **kwargs)\n  File \"features/steps/basic_steps.py\", line 24, in step_impl\n    context.current_page.type_in(field_name, text)\n  File \"/Users/kardash/Developer/fitness-automation/features/pages/base_page.py\", line 29, in type_in\n    element = self.get_clickable_element(element_name)\n  File \"/Users/kardash/Developer/fitness-automation/features/pages/base_page.py\", line 57, in get_clickable_element\n    return WebDriverWait(self.driver, timeout).until(\n  File \"/Library/Frameworks/Python.framework/Versions/3.8/lib/python3.8/site-packages/selenium/webdriver/support/wait.py\", line 80, in until\n    raise TimeoutException(message, screen, stacktrace)\nselenium.common.exceptions.TimeoutException: Message: Unable to locate element: email field\n\n\nTraceback (of failed substep):\n  File \"/Library/Frameworks/Python.framework/Versions/3.8/lib/python3.8/site-packages/behave/model.py\", line 1329, in run\n    match.run(runner.context)\n  File \"/Library/Frameworks/Python.framework/Versions/3.8/lib/python3.8/site-packages/behave/matchers.py\", line 98, in run\n    self.func(context, *args, **kwargs)\n  File \"features/steps/basic_steps.py\", line 24, in step_impl\n    context.current_page.type_in(field_name, text)\n  File \"/Users/kardash/Developer/fitness-automation/features/pages/base_page.py\", line 29, in type_in\n    element = self.get_clickable_element(element_name)\n  File \"/Users/kardash/Developer/fitness-automation/features/pages/base_page.py\", line 57, in get_clickable_element\n    return WebDriverWait(self.driver, timeout).until(\n  File \"/Library/Frameworks/Python.framework/Versions/3.8/lib/python3.8/site-packages/selenium/webdriver/support/wait.py\", line 80, in until\n    raise TimeoutException(message, screen, stacktrace)\n\n",
      "time" : {
        "start" : 1608639053514,
        "stop" : 1608639074162,
        "duration" : 20648
      }
    }, {
      "uid" : "5c4d805f8f2942b9",
      "status" : "broken",
      "statusDetails" : "TypeError: Object of type timedelta is not JSON serializable\n",
      "time" : {
        "start" : 1608639053472,
        "stop" : 1608639065807,
        "duration" : 12335
      }
    }, {
      "uid" : "962df88ef3e10308",
      "status" : "failed",
      "statusDetails" : "AssertionError: FAILED SUB-STEP: And type \"random\" in email field\nSubstep info: Traceback (most recent call last):\n  File \"/Library/Frameworks/Python.framework/Versions/3.8/lib/python3.8/site-packages/behave/model.py\", line 1329, in run\n    match.run(runner.context)\n  File \"/Library/Frameworks/Python.framework/Versions/3.8/lib/python3.8/site-packages/behave/matchers.py\", line 98, in run\n    self.func(context, *args, **kwargs)\n  File \"features/steps/basic_steps.py\", line 24, in step_impl\n    context.current_page.type_in(field_name, text)\n  File \"/Users/kardash/Developer/fitness-automation/features/pages/base_page.py\", line 29, in type_in\n    element = self.get_clickable_element(element_name)\n  File \"/Users/kardash/Developer/fitness-automation/features/pages/base_page.py\", line 57, in get_clickable_element\n    return WebDriverWait(self.driver, timeout).until(\n  File \"/Library/Frameworks/Python.framework/Versions/3.8/lib/python3.8/site-packages/selenium/webdriver/support/wait.py\", line 80, in until\n    raise TimeoutException(message, screen, stacktrace)\nselenium.common.exceptions.TimeoutException: Message: Unable to locate element: email field\n\n\nTraceback (of failed substep):\n  File \"/Library/Frameworks/Python.framework/Versions/3.8/lib/python3.8/site-packages/behave/model.py\", line 1329, in run\n    match.run(runner.context)\n  File \"/Library/Frameworks/Python.framework/Versions/3.8/lib/python3.8/site-packages/behave/matchers.py\", line 98, in run\n    self.func(context, *args, **kwargs)\n  File \"features/steps/basic_steps.py\", line 24, in step_impl\n    context.current_page.type_in(field_name, text)\n  File \"/Users/kardash/Developer/fitness-automation/features/pages/base_page.py\", line 29, in type_in\n    element = self.get_clickable_element(element_name)\n  File \"/Users/kardash/Developer/fitness-automation/features/pages/base_page.py\", line 57, in get_clickable_element\n    return WebDriverWait(self.driver, timeout).until(\n  File \"/Library/Frameworks/Python.framework/Versions/3.8/lib/python3.8/site-packages/selenium/webdriver/support/wait.py\", line 80, in until\n    raise TimeoutException(message, screen, stacktrace)\n\n",
      "time" : {
        "start" : 1608639053465,
        "stop" : 1608639074084,
        "duration" : 20619
      }
    }, {
      "uid" : "431ec1046bc70189",
      "status" : "failed",
      "statusDetails" : "AssertionError: FAILED SUB-STEP: And type \"random\" in email field\nSubstep info: Traceback (most recent call last):\n  File \"/Library/Frameworks/Python.framework/Versions/3.8/lib/python3.8/site-packages/behave/model.py\", line 1329, in run\n    match.run(runner.context)\n  File \"/Library/Frameworks/Python.framework/Versions/3.8/lib/python3.8/site-packages/behave/matchers.py\", line 98, in run\n    self.func(context, *args, **kwargs)\n  File \"features/steps/basic_steps.py\", line 24, in step_impl\n    context.current_page.type_in(field_name, text)\n  File \"/Users/kardash/Developer/fitness-automation/features/pages/base_page.py\", line 29, in type_in\n    element = self.get_clickable_element(element_name)\n  File \"/Users/kardash/Developer/fitness-automation/features/pages/base_page.py\", line 57, in get_clickable_element\n    return WebDriverWait(self.driver, timeout).until(\n  File \"/Library/Frameworks/Python.framework/Versions/3.8/lib/python3.8/site-packages/selenium/webdriver/support/wait.py\", line 80, in until\n    raise TimeoutException(message, screen, stacktrace)\nselenium.common.exceptions.TimeoutException: Message: Unable to locate element: email field\n\n\nTraceback (of failed substep):\n  File \"/Library/Frameworks/Python.framework/Versions/3.8/lib/python3.8/site-packages/behave/model.py\", line 1329, in run\n    match.run(runner.context)\n  File \"/Library/Frameworks/Python.framework/Versions/3.8/lib/python3.8/site-packages/behave/matchers.py\", line 98, in run\n    self.func(context, *args, **kwargs)\n  File \"features/steps/basic_steps.py\", line 24, in step_impl\n    context.current_page.type_in(field_name, text)\n  File \"/Users/kardash/Developer/fitness-automation/features/pages/base_page.py\", line 29, in type_in\n    element = self.get_clickable_element(element_name)\n  File \"/Users/kardash/Developer/fitness-automation/features/pages/base_page.py\", line 57, in get_clickable_element\n    return WebDriverWait(self.driver, timeout).until(\n  File \"/Library/Frameworks/Python.framework/Versions/3.8/lib/python3.8/site-packages/selenium/webdriver/support/wait.py\", line 80, in until\n    raise TimeoutException(message, screen, stacktrace)\n\n",
      "time" : {
        "start" : 1608639053465,
        "stop" : 1608639074876,
        "duration" : 21411
      }
    }, {
      "uid" : "5a2ae34934b39350",
      "status" : "broken",
      "statusDetails" : "TypeError: Object of type timedelta is not JSON serializable\n",
      "time" : {
        "start" : 1608639053465,
        "stop" : 1608639065952,
        "duration" : 12487
      }
    }, {
      "uid" : "302ae47b04299b89",
      "status" : "broken",
      "statusDetails" : "TypeError: Object of type timedelta is not JSON serializable\n",
      "time" : {
        "start" : 1608638886242,
        "stop" : 1608638922287,
        "duration" : 36045
      }
    }, {
      "uid" : "20e8e61fc2e499ed",
      "status" : "passed",
      "time" : {
        "start" : 1608637325160,
        "stop" : 1608637344808,
        "duration" : 19648
      }
    }, {
      "uid" : "8769b20aa88ea174",
      "status" : "passed",
      "time" : {
        "start" : 1608637286598,
        "stop" : 1608637322424,
        "duration" : 35826
      }
    }, {
      "uid" : "e184a048bc3f0e7f",
      "status" : "passed",
      "time" : {
        "start" : 1608637263723,
        "stop" : 1608637283388,
        "duration" : 19665
      }
    }, {
      "uid" : "9d10b7e9f3e8e02d",
      "status" : "passed",
      "time" : {
        "start" : 1608637230429,
        "stop" : 1608637260970,
        "duration" : 30541
      }
    }, {
      "uid" : "f084ab4a9f40b2d",
      "status" : "passed",
      "time" : {
        "start" : 1608637205597,
        "stop" : 1608637227450,
        "duration" : 21853
      }
    }, {
      "uid" : "b5c466f7bc178b7a",
      "status" : "passed",
      "time" : {
        "start" : 1608637165588,
        "stop" : 1608637202253,
        "duration" : 36665
      }
    }, {
      "uid" : "439983caebe4db59",
      "status" : "passed",
      "time" : {
        "start" : 1608637141148,
        "stop" : 1608637160507,
        "duration" : 19359
      }
    }, {
      "uid" : "384e77f9bd342d53",
      "status" : "passed",
      "time" : {
        "start" : 1608637102837,
        "stop" : 1608637138199,
        "duration" : 35362
      }
    }, {
      "uid" : "4edaac44e53bd61e",
      "status" : "passed",
      "time" : {
        "start" : 1608637074719,
        "stop" : 1608637099370,
        "duration" : 24651
      }
    }, {
      "uid" : "2a6c210d5acfdbc0",
      "status" : "passed",
      "time" : {
        "start" : 1608637043151,
        "stop" : 1608637071846,
        "duration" : 28695
      }
    }, {
      "uid" : "c2119699f898ac6c",
      "status" : "passed",
      "time" : {
        "start" : 1608637020040,
        "stop" : 1608637040193,
        "duration" : 20153
      }
    }, {
      "uid" : "3b2808332c0e2a6c",
      "status" : "passed",
      "time" : {
        "start" : 1608636997192,
        "stop" : 1608637017190,
        "duration" : 19998
      }
    }, {
      "uid" : "c19dc5ceab5ea88c",
      "status" : "passed",
      "time" : {
        "start" : 1608636973885,
        "stop" : 1608636994005,
        "duration" : 20120
      }
    }, {
      "uid" : "5fd9219e2c76ae8e",
      "status" : "passed",
      "time" : {
        "start" : 1608636950726,
        "stop" : 1608636970294,
        "duration" : 19568
      }
    }, {
      "uid" : "8c5ef2fac315e7b3",
      "status" : "passed",
      "time" : {
        "start" : 1608636926725,
        "stop" : 1608636947825,
        "duration" : 21100
      }
    }, {
      "uid" : "aee34ffdb318164a",
      "status" : "passed",
      "time" : {
        "start" : 1608636899176,
        "stop" : 1608636923699,
        "duration" : 24523
      }
    }, {
      "uid" : "f5a1d3a3fe09e096",
      "status" : "passed",
      "time" : {
        "start" : 1608636875202,
        "stop" : 1608636896490,
        "duration" : 21288
      }
    }, {
      "uid" : "6d1d3a255e95f212",
      "status" : "passed",
      "time" : {
        "start" : 1608636851521,
        "stop" : 1608636871337,
        "duration" : 19816
      }
    }, {
      "uid" : "deb552c425bf519a",
      "status" : "passed",
      "time" : {
        "start" : 1608636828592,
        "stop" : 1608636848418,
        "duration" : 19826
      }
    }, {
      "uid" : "ab19e723a5f9f7bf",
      "status" : "passed",
      "time" : {
        "start" : 1608636798106,
        "stop" : 1608636818667,
        "duration" : 20561
      }
    }, {
      "uid" : "dcad64530e60871c",
      "status" : "passed",
      "time" : {
        "start" : 1608636770970,
        "stop" : 1608636795012,
        "duration" : 24042
      }
    }, {
      "uid" : "c80eeaa2f207d0cb",
      "status" : "passed",
      "time" : {
        "start" : 1608636749136,
        "stop" : 1608636768126,
        "duration" : 18990
      }
    }, {
      "uid" : "87dff090ed871590",
      "status" : "passed",
      "time" : {
        "start" : 1608636725366,
        "stop" : 1608636746277,
        "duration" : 20911
      }
    }, {
      "uid" : "5854396a63a692df",
      "status" : "passed",
      "time" : {
        "start" : 1608636702669,
        "stop" : 1608636722607,
        "duration" : 19938
      }
    }, {
      "uid" : "4f4b3f18d1f3edcb",
      "status" : "passed",
      "time" : {
        "start" : 1608636677861,
        "stop" : 1608636699862,
        "duration" : 22001
      }
    }, {
      "uid" : "328f3d0f5ca639dc",
      "status" : "passed",
      "time" : {
        "start" : 1608636655792,
        "stop" : 1608636674608,
        "duration" : 18816
      }
    }, {
      "uid" : "5117167a967526e4",
      "status" : "passed",
      "time" : {
        "start" : 1608636633245,
        "stop" : 1608636652548,
        "duration" : 19303
      }
    }, {
      "uid" : "231aa7d040aa4992",
      "status" : "passed",
      "time" : {
        "start" : 1608636612151,
        "stop" : 1608636630298,
        "duration" : 18147
      }
    }, {
      "uid" : "8a329eab270e14b9",
      "status" : "passed",
      "time" : {
        "start" : 1608636585667,
        "stop" : 1608636608738,
        "duration" : 23071
      }
    }, {
      "uid" : "33143223e5e241fa",
      "status" : "passed",
      "time" : {
        "start" : 1608636560640,
        "stop" : 1608636582056,
        "duration" : 21416
      }
    }, {
      "uid" : "e0abc3c38eb9622a",
      "status" : "passed",
      "time" : {
        "start" : 1608636537844,
        "stop" : 1608636557526,
        "duration" : 19682
      }
    }, {
      "uid" : "df842244cf44c34",
      "status" : "passed",
      "time" : {
        "start" : 1608636391681,
        "stop" : 1608636411606,
        "duration" : 19925
      }
    }, {
      "uid" : "efecd526b38c5d86",
      "status" : "passed",
      "time" : {
        "start" : 1608636370642,
        "stop" : 1608636388485,
        "duration" : 17843
      }
    }, {
      "uid" : "58e42e3d4257886c",
      "status" : "passed",
      "time" : {
        "start" : 1608636349082,
        "stop" : 1608636367511,
        "duration" : 18429
      }
    }, {
      "uid" : "7f37f4a145058169",
      "status" : "passed",
      "time" : {
        "start" : 1608636317942,
        "stop" : 1608636343726,
        "duration" : 25784
      }
    }, {
      "uid" : "7219437030ab6c81",
      "status" : "broken",
      "statusDetails" : "selenium.common.exceptions.TimeoutException: Message: Unable to locate element: \"cancel button\"\n\n",
      "time" : {
        "start" : 1608636246374,
        "stop" : 1608636313593,
        "duration" : 67219
      }
    }, {
      "uid" : "da98db7f3272a200",
      "status" : "passed",
      "time" : {
        "start" : 1608636222047,
        "stop" : 1608636243123,
        "duration" : 21076
      }
    }, {
      "uid" : "c8fb1f252bd701",
      "status" : "passed",
      "time" : {
        "start" : 1608636197770,
        "stop" : 1608636218392,
        "duration" : 20622
      }
    }, {
      "uid" : "d4a3d398c9627266",
      "status" : "passed",
      "time" : {
        "start" : 1608636173568,
        "stop" : 1608636194341,
        "duration" : 20773
      }
    }, {
      "uid" : "d080c4b1b9810007",
      "status" : "passed",
      "time" : {
        "start" : 1608636151204,
        "stop" : 1608636170483,
        "duration" : 19279
      }
    }, {
      "uid" : "a1cb01d8834124ac",
      "status" : "passed",
      "time" : {
        "start" : 1608636129437,
        "stop" : 1608636148148,
        "duration" : 18711
      }
    }, {
      "uid" : "2b312ea76da3c88e",
      "status" : "passed",
      "time" : {
        "start" : 1608636105687,
        "stop" : 1608636126271,
        "duration" : 20584
      }
    }, {
      "uid" : "1d522a4571f1df72",
      "status" : "passed",
      "time" : {
        "start" : 1608636079872,
        "stop" : 1608636102024,
        "duration" : 22152
      }
    }, {
      "uid" : "f383db256a639507",
      "status" : "passed",
      "time" : {
        "start" : 1608636052065,
        "stop" : 1608636076572,
        "duration" : 24507
      }
    }, {
      "uid" : "b63b36df374ad447",
      "status" : "passed",
      "time" : {
        "start" : 1608636030516,
        "stop" : 1608636048804,
        "duration" : 18288
      }
    }, {
      "uid" : "e33d3219730fdd16",
      "status" : "passed",
      "time" : {
        "start" : 1608636009216,
        "stop" : 1608636027123,
        "duration" : 17907
      }
    }, {
      "uid" : "68c41bd7e23582d",
      "status" : "passed",
      "time" : {
        "start" : 1608635986664,
        "stop" : 1608636005957,
        "duration" : 19293
      }
    }, {
      "uid" : "83c673e8e92f24a",
      "status" : "passed",
      "time" : {
        "start" : 1608635965839,
        "stop" : 1608635983145,
        "duration" : 17306
      }
    }, {
      "uid" : "f2f5d211e0fcf18",
      "status" : "passed",
      "time" : {
        "start" : 1608635940327,
        "stop" : 1608635962324,
        "duration" : 21997
      }
    }, {
      "uid" : "14474a6dc9236ccc",
      "status" : "passed",
      "time" : {
        "start" : 1608635916236,
        "stop" : 1608635937187,
        "duration" : 20951
      }
    }, {
      "uid" : "5fa74550fa17cc3f",
      "status" : "passed",
      "time" : {
        "start" : 1608635896064,
        "stop" : 1608635912907,
        "duration" : 16843
      }
    }, {
      "uid" : "cfafa496a4e3a593",
      "status" : "passed",
      "time" : {
        "start" : 1608635875663,
        "stop" : 1608635892787,
        "duration" : 17124
      }
    }, {
      "uid" : "500feef6bd65dd46",
      "status" : "passed",
      "time" : {
        "start" : 1608635845190,
        "stop" : 1608635872178,
        "duration" : 26988
      }
    }, {
      "uid" : "2da58ea977c1c205",
      "status" : "failed",
      "statusDetails" : "AssertionError: FAILED SUB-STEP: And click on email field\nSubstep info: Traceback (most recent call last):\n  File \"/Library/Frameworks/Python.framework/Versions/3.8/lib/python3.8/site-packages/behave/model.py\", line 1329, in run\n    match.run(runner.context)\n  File \"/Library/Frameworks/Python.framework/Versions/3.8/lib/python3.8/site-packages/behave/matchers.py\", line 98, in run\n    self.func(context, *args, **kwargs)\n  File \"features/steps/basic_steps.py\", line 17, in step_impl\n    context.current_page.click_on(element_name)\n  File \"/Users/kardash/Developer/fitness-automation/features/pages/base_page.py\", line 22, in click_on\n    element = self.get_clickable_element(element_name)\n  File \"/Users/kardash/Developer/fitness-automation/features/pages/base_page.py\", line 57, in get_clickable_element\n    return WebDriverWait(self.driver, timeout).until(\n  File \"/Library/Frameworks/Python.framework/Versions/3.8/lib/python3.8/site-packages/selenium/webdriver/support/wait.py\", line 80, in until\n    raise TimeoutException(message, screen, stacktrace)\nselenium.common.exceptions.TimeoutException: Message: Unable to locate element: email field\n\n\nTraceback (of failed substep):\n  File \"/Library/Frameworks/Python.framework/Versions/3.8/lib/python3.8/site-packages/behave/model.py\", line 1329, in run\n    match.run(runner.context)\n  File \"/Library/Frameworks/Python.framework/Versions/3.8/lib/python3.8/site-packages/behave/matchers.py\", line 98, in run\n    self.func(context, *args, **kwargs)\n  File \"features/steps/basic_steps.py\", line 17, in step_impl\n    context.current_page.click_on(element_name)\n  File \"/Users/kardash/Developer/fitness-automation/features/pages/base_page.py\", line 22, in click_on\n    element = self.get_clickable_element(element_name)\n  File \"/Users/kardash/Developer/fitness-automation/features/pages/base_page.py\", line 57, in get_clickable_element\n    return WebDriverWait(self.driver, timeout).until(\n  File \"/Library/Frameworks/Python.framework/Versions/3.8/lib/python3.8/site-packages/selenium/webdriver/support/wait.py\", line 80, in until\n    raise TimeoutException(message, screen, stacktrace)\n\n",
      "time" : {
        "start" : 1608635825532,
        "stop" : 1608635841822,
        "duration" : 16290
      }
    }, {
      "uid" : "d07b3c0d49f4193f",
      "status" : "failed",
      "statusDetails" : "AssertionError: FAILED SUB-STEP: And click on email field\nSubstep info: Traceback (most recent call last):\n  File \"/Library/Frameworks/Python.framework/Versions/3.8/lib/python3.8/site-packages/behave/model.py\", line 1329, in run\n    match.run(runner.context)\n  File \"/Library/Frameworks/Python.framework/Versions/3.8/lib/python3.8/site-packages/behave/matchers.py\", line 98, in run\n    self.func(context, *args, **kwargs)\n  File \"features/steps/basic_steps.py\", line 17, in step_impl\n    context.current_page.click_on(element_name)\n  File \"/Users/kardash/Developer/fitness-automation/features/pages/base_page.py\", line 22, in click_on\n    element = self.get_clickable_element(element_name)\n  File \"/Users/kardash/Developer/fitness-automation/features/pages/base_page.py\", line 57, in get_clickable_element\n    return WebDriverWait(self.driver, timeout).until(\n  File \"/Library/Frameworks/Python.framework/Versions/3.8/lib/python3.8/site-packages/selenium/webdriver/support/wait.py\", line 80, in until\n    raise TimeoutException(message, screen, stacktrace)\nselenium.common.exceptions.TimeoutException: Message: Unable to locate element: email field\n\n\nTraceback (of failed substep):\n  File \"/Library/Frameworks/Python.framework/Versions/3.8/lib/python3.8/site-packages/behave/model.py\", line 1329, in run\n    match.run(runner.context)\n  File \"/Library/Frameworks/Python.framework/Versions/3.8/lib/python3.8/site-packages/behave/matchers.py\", line 98, in run\n    self.func(context, *args, **kwargs)\n  File \"features/steps/basic_steps.py\", line 17, in step_impl\n    context.current_page.click_on(element_name)\n  File \"/Users/kardash/Developer/fitness-automation/features/pages/base_page.py\", line 22, in click_on\n    element = self.get_clickable_element(element_name)\n  File \"/Users/kardash/Developer/fitness-automation/features/pages/base_page.py\", line 57, in get_clickable_element\n    return WebDriverWait(self.driver, timeout).until(\n  File \"/Library/Frameworks/Python.framework/Versions/3.8/lib/python3.8/site-packages/selenium/webdriver/support/wait.py\", line 80, in until\n    raise TimeoutException(message, screen, stacktrace)\n\n",
      "time" : {
        "start" : 1608635805586,
        "stop" : 1608635821858,
        "duration" : 16272
      }
    }, {
      "uid" : "f9abaeb75a7312ce",
      "status" : "broken",
      "statusDetails" : "selenium.common.exceptions.TimeoutException: Message: Unable to locate element: \"cancel button\"\n\n",
      "time" : {
        "start" : 1608635736132,
        "stop" : 1608635802420,
        "duration" : 66288
      }
    }, {
      "uid" : "110063dcb86c9385",
      "status" : "failed",
      "statusDetails" : "AssertionError: FAILED SUB-STEP: And click on email field\nSubstep info: Traceback (most recent call last):\n  File \"/Library/Frameworks/Python.framework/Versions/3.8/lib/python3.8/site-packages/behave/model.py\", line 1329, in run\n    match.run(runner.context)\n  File \"/Library/Frameworks/Python.framework/Versions/3.8/lib/python3.8/site-packages/behave/matchers.py\", line 98, in run\n    self.func(context, *args, **kwargs)\n  File \"features/steps/basic_steps.py\", line 17, in step_impl\n    context.current_page.click_on(element_name)\n  File \"/Users/kardash/Developer/fitness-automation/features/pages/base_page.py\", line 22, in click_on\n    element = self.get_clickable_element(element_name)\n  File \"/Users/kardash/Developer/fitness-automation/features/pages/base_page.py\", line 57, in get_clickable_element\n    return WebDriverWait(self.driver, timeout).until(\n  File \"/Library/Frameworks/Python.framework/Versions/3.8/lib/python3.8/site-packages/selenium/webdriver/support/wait.py\", line 80, in until\n    raise TimeoutException(message, screen, stacktrace)\nselenium.common.exceptions.TimeoutException: Message: Unable to locate element: email field\n\n\nTraceback (of failed substep):\n  File \"/Library/Frameworks/Python.framework/Versions/3.8/lib/python3.8/site-packages/behave/model.py\", line 1329, in run\n    match.run(runner.context)\n  File \"/Library/Frameworks/Python.framework/Versions/3.8/lib/python3.8/site-packages/behave/matchers.py\", line 98, in run\n    self.func(context, *args, **kwargs)\n  File \"features/steps/basic_steps.py\", line 17, in step_impl\n    context.current_page.click_on(element_name)\n  File \"/Users/kardash/Developer/fitness-automation/features/pages/base_page.py\", line 22, in click_on\n    element = self.get_clickable_element(element_name)\n  File \"/Users/kardash/Developer/fitness-automation/features/pages/base_page.py\", line 57, in get_clickable_element\n    return WebDriverWait(self.driver, timeout).until(\n  File \"/Library/Frameworks/Python.framework/Versions/3.8/lib/python3.8/site-packages/selenium/webdriver/support/wait.py\", line 80, in until\n    raise TimeoutException(message, screen, stacktrace)\n\n",
      "time" : {
        "start" : 1608635716906,
        "stop" : 1608635732847,
        "duration" : 15941
      }
    }, {
      "uid" : "63e1d649f0148203",
      "status" : "passed",
      "time" : {
        "start" : 1608635665390,
        "stop" : 1608635713685,
        "duration" : 48295
      }
    }, {
      "uid" : "fe612c25d6982a02",
      "status" : "passed",
      "time" : {
        "start" : 1608635644078,
        "stop" : 1608635661824,
        "duration" : 17746
      }
    }, {
      "uid" : "f36eb81a6c9f2a15",
      "status" : "passed",
      "time" : {
        "start" : 1608635623356,
        "stop" : 1608635640949,
        "duration" : 17593
      }
    }, {
      "uid" : "362c36629f696c1c",
      "status" : "passed",
      "time" : {
        "start" : 1608635592941,
        "stop" : 1608635619702,
        "duration" : 26761
      }
    }, {
      "uid" : "cd7921d6fcc06936",
      "status" : "passed",
      "time" : {
        "start" : 1608635568907,
        "stop" : 1608635589584,
        "duration" : 20677
      }
    }, {
      "uid" : "a5e4ee877057e88c",
      "status" : "broken",
      "statusDetails" : "selenium.common.exceptions.NoSuchWindowException: Message: no such window: window was already closed\n  (Session info: chrome=87.0.4280.88)\n\n",
      "time" : {
        "start" : 1608635538534,
        "stop" : 1608635538549,
        "duration" : 15
      }
    }, {
      "uid" : "60613d876279ffe9",
      "status" : "broken",
      "statusDetails" : "selenium.common.exceptions.NoSuchWindowException: Message: no such window: window was already closed\n  (Session info: chrome=87.0.4280.88)\n\n",
      "time" : {
        "start" : 1608635532708,
        "stop" : 1608635532727,
        "duration" : 19
      }
    }, {
      "uid" : "d8629c309239bdb2",
      "status" : "passed",
      "time" : {
        "start" : 1608635529725,
        "stop" : 1608635547436,
        "duration" : 17711
      }
    }, {
      "uid" : "fa7bbb2bb490c8b",
      "status" : "broken",
      "statusDetails" : "selenium.common.exceptions.NoSuchWindowException: Message: no such window: target window already closed\nfrom unknown error: web view not found\n  (Session info: chrome=87.0.4280.88)\n\n",
      "time" : {
        "start" : 1608635527638,
        "stop" : 1608635533575,
        "duration" : 5937
      }
    }, {
      "uid" : "3df1308ae4139664",
      "status" : "broken",
      "statusDetails" : "selenium.common.exceptions.NoSuchWindowException: Message: no such window: window was already closed\n  (Session info: chrome=87.0.4280.88)\n\n",
      "time" : {
        "start" : 1608635525425,
        "stop" : 1608635525453,
        "duration" : 28
      }
    }, {
      "uid" : "ac95e61a5b556cae",
      "status" : "broken",
      "statusDetails" : "selenium.common.exceptions.NoSuchWindowException: Message: no such window: target window already closed\nfrom unknown error: web view not found\n  (Session info: chrome=87.0.4280.88)\n\n",
      "time" : {
        "start" : 1608635525102,
        "stop" : 1608635527390,
        "duration" : 2288
      }
    }, {
      "uid" : "539caa906093ad16",
      "status" : "broken",
      "statusDetails" : "selenium.common.exceptions.NoSuchWindowException: Message: no such window: target window already closed\nfrom unknown error: web view not found\n  (Session info: chrome=87.0.4280.88)\n\n",
      "time" : {
        "start" : 1608635525050,
        "stop" : 1608635526519,
        "duration" : 1469
      }
    }, {
      "uid" : "76c97e02edf83a83",
      "status" : "broken",
      "statusDetails" : "selenium.common.exceptions.NoSuchWindowException: Message: no such window: target window already closed\nfrom unknown error: web view not found\n  (Session info: chrome=87.0.4280.88)\n\n",
      "time" : {
        "start" : 1608635524761,
        "stop" : 1608635535016,
        "duration" : 10255
      }
    }, {
      "uid" : "72f61a6fc9fb6342",
      "status" : "broken",
      "statusDetails" : "selenium.common.exceptions.NoSuchWindowException: Message: no such window: target window already closed\nfrom unknown error: web view not found\n  (Session info: chrome=87.0.4280.88)\n\n",
      "time" : {
        "start" : 1608635524300,
        "stop" : 1608635531370,
        "duration" : 7070
      }
    }, {
      "uid" : "b9b333bfde8e1c99",
      "status" : "broken",
      "statusDetails" : "selenium.common.exceptions.NoSuchWindowException: Message: no such window: window was already closed\n  (Session info: chrome=87.0.4280.88)\n\n",
      "time" : {
        "start" : 1608635519295,
        "stop" : 1608635529054,
        "duration" : 9759
      }
    }, {
      "uid" : "cfc2ed621e77c770",
      "status" : "broken",
      "statusDetails" : "selenium.common.exceptions.NoSuchWindowException: Message: no such window: window was already closed\n  (Session info: chrome=87.0.4280.88)\n\n",
      "time" : {
        "start" : 1608635517977,
        "stop" : 1608635518001,
        "duration" : 24
      }
    }, {
      "uid" : "7a5095fc41f8fa94",
      "status" : "broken",
      "statusDetails" : "selenium.common.exceptions.NoSuchWindowException: Message: no such window: window was already closed\n  (Session info: chrome=87.0.4280.88)\n\n",
      "time" : {
        "start" : 1608635502782,
        "stop" : 1608635521143,
        "duration" : 18361
      }
    }, {
      "uid" : "7ca4c9fd40fc3774",
      "status" : "broken",
      "statusDetails" : "selenium.common.exceptions.NoSuchWindowException: Message: no such window: window was already closed\n  (Session info: chrome=87.0.4280.88)\n\n",
      "time" : {
        "start" : 1608635497796,
        "stop" : 1608635530122,
        "duration" : 32326
      }
    }, {
      "uid" : "4aa3f1d34fc76e8e",
      "status" : "broken",
      "statusDetails" : "selenium.common.exceptions.NoSuchWindowException: Message: no such window: target window already closed\nfrom unknown error: web view not found\n  (Session info: chrome=87.0.4280.88)\n\n",
      "time" : {
        "start" : 1608635460595,
        "stop" : 1608635519923,
        "duration" : 59328
      }
    }, {
      "uid" : "7e49809b2db737c6",
      "status" : "failed",
      "statusDetails" : "AssertionError: FAILED SUB-STEP: And click on email field\nSubstep info: Traceback (most recent call last):\n  File \"/Library/Frameworks/Python.framework/Versions/3.8/lib/python3.8/site-packages/behave/model.py\", line 1329, in run\n    match.run(runner.context)\n  File \"/Library/Frameworks/Python.framework/Versions/3.8/lib/python3.8/site-packages/behave/matchers.py\", line 98, in run\n    self.func(context, *args, **kwargs)\n  File \"features/steps/basic_steps.py\", line 17, in step_impl\n    context.current_page.click_on(element_name)\n  File \"/Users/kardash/Developer/fitness-automation/features/pages/base_page.py\", line 22, in click_on\n    element = self.get_clickable_element(element_name)\n  File \"/Users/kardash/Developer/fitness-automation/features/pages/base_page.py\", line 57, in get_clickable_element\n    return WebDriverWait(self.driver, timeout).until(\n  File \"/Library/Frameworks/Python.framework/Versions/3.8/lib/python3.8/site-packages/selenium/webdriver/support/wait.py\", line 80, in until\n    raise TimeoutException(message, screen, stacktrace)\nselenium.common.exceptions.TimeoutException: Message: Unable to locate element: email field\n\n\nTraceback (of failed substep):\n  File \"/Library/Frameworks/Python.framework/Versions/3.8/lib/python3.8/site-packages/behave/model.py\", line 1329, in run\n    match.run(runner.context)\n  File \"/Library/Frameworks/Python.framework/Versions/3.8/lib/python3.8/site-packages/behave/matchers.py\", line 98, in run\n    self.func(context, *args, **kwargs)\n  File \"features/steps/basic_steps.py\", line 17, in step_impl\n    context.current_page.click_on(element_name)\n  File \"/Users/kardash/Developer/fitness-automation/features/pages/base_page.py\", line 22, in click_on\n    element = self.get_clickable_element(element_name)\n  File \"/Users/kardash/Developer/fitness-automation/features/pages/base_page.py\", line 57, in get_clickable_element\n    return WebDriverWait(self.driver, timeout).until(\n  File \"/Library/Frameworks/Python.framework/Versions/3.8/lib/python3.8/site-packages/selenium/webdriver/support/wait.py\", line 80, in until\n    raise TimeoutException(message, screen, stacktrace)\n\n",
      "time" : {
        "start" : 1608635459900,
        "stop" : 1608635518140,
        "duration" : 58240
      }
    }, {
      "uid" : "c6dcdb5da00a0d44",
      "status" : "broken",
      "statusDetails" : "selenium.common.exceptions.NoSuchWindowException: Message: no such window: target window already closed\nfrom unknown error: web view not found\n  (Session info: chrome=87.0.4280.88)\n\n",
      "time" : {
        "start" : 1608635459838,
        "stop" : 1608635518340,
        "duration" : 58502
      }
    }, {
      "uid" : "cb6ca5b7c635c6a7",
      "status" : "broken",
      "statusDetails" : "AttributeError: 'NoneType' object has no attribute 'encode'\n",
      "time" : {
        "start" : 1608635458996,
        "stop" : 1608635515916,
        "duration" : 56920
      }
    }, {
      "uid" : "37fc1ea6e83398ac",
      "status" : "failed",
      "statusDetails" : "AssertionError: FAILED SUB-STEP: And click on email field\nSubstep info: Traceback (most recent call last):\n  File \"/Library/Frameworks/Python.framework/Versions/3.8/lib/python3.8/site-packages/behave/model.py\", line 1329, in run\n    match.run(runner.context)\n  File \"/Library/Frameworks/Python.framework/Versions/3.8/lib/python3.8/site-packages/behave/matchers.py\", line 98, in run\n    self.func(context, *args, **kwargs)\n  File \"features/steps/basic_steps.py\", line 17, in step_impl\n    context.current_page.click_on(element_name)\n  File \"/Users/kardash/Developer/fitness-automation/features/pages/base_page.py\", line 22, in click_on\n    element = self.get_clickable_element(element_name)\n  File \"/Users/kardash/Developer/fitness-automation/features/pages/base_page.py\", line 57, in get_clickable_element\n    return WebDriverWait(self.driver, timeout).until(\n  File \"/Library/Frameworks/Python.framework/Versions/3.8/lib/python3.8/site-packages/selenium/webdriver/support/wait.py\", line 80, in until\n    raise TimeoutException(message, screen, stacktrace)\nselenium.common.exceptions.TimeoutException: Message: Unable to locate element: email field\n\n\nTraceback (of failed substep):\n  File \"/Library/Frameworks/Python.framework/Versions/3.8/lib/python3.8/site-packages/behave/model.py\", line 1329, in run\n    match.run(runner.context)\n  File \"/Library/Frameworks/Python.framework/Versions/3.8/lib/python3.8/site-packages/behave/matchers.py\", line 98, in run\n    self.func(context, *args, **kwargs)\n  File \"features/steps/basic_steps.py\", line 17, in step_impl\n    context.current_page.click_on(element_name)\n  File \"/Users/kardash/Developer/fitness-automation/features/pages/base_page.py\", line 22, in click_on\n    element = self.get_clickable_element(element_name)\n  File \"/Users/kardash/Developer/fitness-automation/features/pages/base_page.py\", line 57, in get_clickable_element\n    return WebDriverWait(self.driver, timeout).until(\n  File \"/Library/Frameworks/Python.framework/Versions/3.8/lib/python3.8/site-packages/selenium/webdriver/support/wait.py\", line 80, in until\n    raise TimeoutException(message, screen, stacktrace)\n\n",
      "time" : {
        "start" : 1608635458387,
        "stop" : 1608635493513,
        "duration" : 35126
      }
    }, {
      "uid" : "43be4553f1b9fe2f",
      "status" : "broken",
      "statusDetails" : "selenium.common.exceptions.NoSuchWindowException: Message: no such window: target window already closed\nfrom unknown error: web view not found\n  (Session info: chrome=87.0.4280.88)\n\n",
      "time" : {
        "start" : 1608635399467,
        "stop" : 1608635517513,
        "duration" : 118046
      }
    }, {
      "uid" : "8953f8f86f416480",
      "status" : "broken",
      "statusDetails" : "selenium.common.exceptions.NoSuchWindowException: Message: no such window: target window already closed\nfrom unknown error: web view not found\n  (Session info: chrome=87.0.4280.88)\n\n",
      "time" : {
        "start" : 1608635399440,
        "stop" : 1608635514751,
        "duration" : 115311
      }
    }, {
      "uid" : "1227d1536bb4c77d",
      "status" : "broken",
      "statusDetails" : "selenium.common.exceptions.NoSuchWindowException: Message: no such window: window was already closed\n  (Session info: chrome=87.0.4280.88)\n\n",
      "time" : {
        "start" : 1608635394592,
        "stop" : 1608635508476,
        "duration" : 113884
      }
    }, {
      "uid" : "b3dad135ab1bfdc8",
      "status" : "passed",
      "time" : {
        "start" : 1608635291609,
        "stop" : 1608635448014,
        "duration" : 156405
      }
    }, {
      "uid" : "b38492086a6ed92",
      "status" : "broken",
      "statusDetails" : "selenium.common.exceptions.NoSuchWindowException: Message: no such window: window was already closed\n  (Session info: chrome=87.0.4280.88)\n\n",
      "time" : {
        "start" : 1608635291607,
        "stop" : 1608635435842,
        "duration" : 144235
      }
    }, {
      "uid" : "c0847a3dfb640933",
      "status" : "failed",
      "statusDetails" : "AssertionError: FAILED SUB-STEP: And type \"random\" in email field\nSubstep info: Traceback (most recent call last):\n  File \"/Library/Frameworks/Python.framework/Versions/3.8/lib/python3.8/site-packages/behave/model.py\", line 1329, in run\n    match.run(runner.context)\n  File \"/Library/Frameworks/Python.framework/Versions/3.8/lib/python3.8/site-packages/behave/matchers.py\", line 98, in run\n    self.func(context, *args, **kwargs)\n  File \"features/steps/basic_steps.py\", line 24, in step_impl\n    context.current_page.type_in(field_name, text)\n  File \"/Users/kardash/Developer/fitness-automation/features/pages/base_page.py\", line 29, in type_in\n    element = self.get_clickable_element(element_name)\n  File \"/Users/kardash/Developer/fitness-automation/features/pages/base_page.py\", line 57, in get_clickable_element\n    return WebDriverWait(self.driver, timeout).until(\n  File \"/Library/Frameworks/Python.framework/Versions/3.8/lib/python3.8/site-packages/selenium/webdriver/support/wait.py\", line 80, in until\n    raise TimeoutException(message, screen, stacktrace)\nselenium.common.exceptions.TimeoutException: Message: Unable to locate element: email field\n\n\nTraceback (of failed substep):\n  File \"/Library/Frameworks/Python.framework/Versions/3.8/lib/python3.8/site-packages/behave/model.py\", line 1329, in run\n    match.run(runner.context)\n  File \"/Library/Frameworks/Python.framework/Versions/3.8/lib/python3.8/site-packages/behave/matchers.py\", line 98, in run\n    self.func(context, *args, **kwargs)\n  File \"features/steps/basic_steps.py\", line 24, in step_impl\n    context.current_page.type_in(field_name, text)\n  File \"/Users/kardash/Developer/fitness-automation/features/pages/base_page.py\", line 29, in type_in\n    element = self.get_clickable_element(element_name)\n  File \"/Users/kardash/Developer/fitness-automation/features/pages/base_page.py\", line 57, in get_clickable_element\n    return WebDriverWait(self.driver, timeout).until(\n  File \"/Library/Frameworks/Python.framework/Versions/3.8/lib/python3.8/site-packages/selenium/webdriver/support/wait.py\", line 80, in until\n    raise TimeoutException(message, screen, stacktrace)\n\n",
      "time" : {
        "start" : 1608635291546,
        "stop" : 1608635387918,
        "duration" : 96372
      }
    }, {
      "uid" : "8f020237259379cf",
      "status" : "failed",
      "statusDetails" : "AssertionError: FAILED SUB-STEP: Then I am on cloudpayments page\nSubstep info: Traceback (most recent call last):\n  File \"/Library/Frameworks/Python.framework/Versions/3.8/lib/python3.8/site-packages/behave/model.py\", line 1329, in run\n    match.run(runner.context)\n  File \"/Library/Frameworks/Python.framework/Versions/3.8/lib/python3.8/site-packages/behave/matchers.py\", line 98, in run\n    self.func(context, *args, **kwargs)\n  File \"features/steps/basic_steps.py\", line 49, in init_screen\n    context.current_page = page_class(context.driver)\n  File \"/Users/kardash/Developer/fitness-automation/features/pages/base_page.py\", line 12, in __init__\n    self._verify_page()\n  File \"/Users/kardash/Developer/fitness-automation/features/pages/cloudpaymetns_page.py\", line 26, in _verify_page\n    self.on_this_page('iframe')\n  File \"/Users/kardash/Developer/fitness-automation/features/pages/base_page.py\", line 19, in on_this_page\n    self.get_element(element_name)\n  File \"/Users/kardash/Developer/fitness-automation/features/pages/base_page.py\", line 49, in get_element\n    return WebDriverWait(self.driver, timeout).until(\n  File \"/Library/Frameworks/Python.framework/Versions/3.8/lib/python3.8/site-packages/selenium/webdriver/support/wait.py\", line 80, in until\n    raise TimeoutException(message, screen, stacktrace)\nselenium.common.exceptions.TimeoutException: Message: Unable to locate element: \"iframe\"\n\n\nTraceback (of failed substep):\n  File \"/Library/Frameworks/Python.framework/Versions/3.8/lib/python3.8/site-packages/behave/model.py\", line 1329, in run\n    match.run(runner.context)\n  File \"/Library/Frameworks/Python.framework/Versions/3.8/lib/python3.8/site-packages/behave/matchers.py\", line 98, in run\n    self.func(context, *args, **kwargs)\n  File \"features/steps/basic_steps.py\", line 49, in init_screen\n    context.current_page = page_class(context.driver)\n  File \"/Users/kardash/Developer/fitness-automation/features/pages/base_page.py\", line 12, in __init__\n    self._verify_page()\n  File \"/Users/kardash/Developer/fitness-automation/features/pages/cloudpaymetns_page.py\", line 26, in _verify_page\n    self.on_this_page('iframe')\n  File \"/Users/kardash/Developer/fitness-automation/features/pages/base_page.py\", line 19, in on_this_page\n    self.get_element(element_name)\n  File \"/Users/kardash/Developer/fitness-automation/features/pages/base_page.py\", line 49, in get_element\n    return WebDriverWait(self.driver, timeout).until(\n  File \"/Library/Frameworks/Python.framework/Versions/3.8/lib/python3.8/site-packages/selenium/webdriver/support/wait.py\", line 80, in until\n    raise TimeoutException(message, screen, stacktrace)\n\n",
      "time" : {
        "start" : 1608635291321,
        "stop" : 1608635490964,
        "duration" : 199643
      }
    }, {
      "uid" : "95b9184391b61870",
      "status" : "broken",
      "statusDetails" : "selenium.common.exceptions.TimeoutException: Message: Unable to locate element: \"cancel button\"\n\n",
      "time" : {
        "start" : 1608635291216,
        "stop" : 1608635453482,
        "duration" : 162266
      }
    }, {
      "uid" : "422caa1d5b4ba4d1",
      "status" : "failed",
      "statusDetails" : "AssertionError: FAILED SUB-STEP: Given click on confirm checkbox\nSubstep info: Traceback (most recent call last):\n  File \"/Library/Frameworks/Python.framework/Versions/3.8/lib/python3.8/site-packages/behave/model.py\", line 1329, in run\n    match.run(runner.context)\n  File \"/Library/Frameworks/Python.framework/Versions/3.8/lib/python3.8/site-packages/behave/matchers.py\", line 98, in run\n    self.func(context, *args, **kwargs)\n  File \"features/steps/basic_steps.py\", line 17, in step_impl\n    context.current_page.click_on(element_name)\n  File \"/Users/kardash/Developer/fitness-automation/features/pages/base_page.py\", line 22, in click_on\n    element = self.get_clickable_element(element_name)\n  File \"/Users/kardash/Developer/fitness-automation/features/pages/base_page.py\", line 57, in get_clickable_element\n    return WebDriverWait(self.driver, timeout).until(\n  File \"/Library/Frameworks/Python.framework/Versions/3.8/lib/python3.8/site-packages/selenium/webdriver/support/wait.py\", line 80, in until\n    raise TimeoutException(message, screen, stacktrace)\nselenium.common.exceptions.TimeoutException: Message: Unable to locate element: confirm checkbox\n\n\nTraceback (of failed substep):\n  File \"/Library/Frameworks/Python.framework/Versions/3.8/lib/python3.8/site-packages/behave/model.py\", line 1329, in run\n    match.run(runner.context)\n  File \"/Library/Frameworks/Python.framework/Versions/3.8/lib/python3.8/site-packages/behave/matchers.py\", line 98, in run\n    self.func(context, *args, **kwargs)\n  File \"features/steps/basic_steps.py\", line 17, in step_impl\n    context.current_page.click_on(element_name)\n  File \"/Users/kardash/Developer/fitness-automation/features/pages/base_page.py\", line 22, in click_on\n    element = self.get_clickable_element(element_name)\n  File \"/Users/kardash/Developer/fitness-automation/features/pages/base_page.py\", line 57, in get_clickable_element\n    return WebDriverWait(self.driver, timeout).until(\n  File \"/Library/Frameworks/Python.framework/Versions/3.8/lib/python3.8/site-packages/selenium/webdriver/support/wait.py\", line 80, in until\n    raise TimeoutException(message, screen, stacktrace)\n\n",
      "time" : {
        "start" : 1608635291145,
        "stop" : 1608635388305,
        "duration" : 97160
      }
    }, {
      "uid" : "6dee46cd7b627ffd",
      "status" : "failed",
      "statusDetails" : "AssertionError: FAILED SUB-STEP: And type \"random\" in email field\nSubstep info: Traceback (most recent call last):\n  File \"/Library/Frameworks/Python.framework/Versions/3.8/lib/python3.8/site-packages/behave/model.py\", line 1329, in run\n    match.run(runner.context)\n  File \"/Library/Frameworks/Python.framework/Versions/3.8/lib/python3.8/site-packages/behave/matchers.py\", line 98, in run\n    self.func(context, *args, **kwargs)\n  File \"features/steps/basic_steps.py\", line 24, in step_impl\n    context.current_page.type_in(field_name, text)\n  File \"/Users/kardash/Developer/fitness-automation/features/pages/base_page.py\", line 29, in type_in\n    element = self.get_clickable_element(element_name)\n  File \"/Users/kardash/Developer/fitness-automation/features/pages/base_page.py\", line 57, in get_clickable_element\n    return WebDriverWait(self.driver, timeout).until(\n  File \"/Library/Frameworks/Python.framework/Versions/3.8/lib/python3.8/site-packages/selenium/webdriver/support/wait.py\", line 80, in until\n    raise TimeoutException(message, screen, stacktrace)\nselenium.common.exceptions.TimeoutException: Message: Unable to locate element: email field\n\n\nTraceback (of failed substep):\n  File \"/Library/Frameworks/Python.framework/Versions/3.8/lib/python3.8/site-packages/behave/model.py\", line 1329, in run\n    match.run(runner.context)\n  File \"/Library/Frameworks/Python.framework/Versions/3.8/lib/python3.8/site-packages/behave/matchers.py\", line 98, in run\n    self.func(context, *args, **kwargs)\n  File \"features/steps/basic_steps.py\", line 24, in step_impl\n    context.current_page.type_in(field_name, text)\n  File \"/Users/kardash/Developer/fitness-automation/features/pages/base_page.py\", line 29, in type_in\n    element = self.get_clickable_element(element_name)\n  File \"/Users/kardash/Developer/fitness-automation/features/pages/base_page.py\", line 57, in get_clickable_element\n    return WebDriverWait(self.driver, timeout).until(\n  File \"/Library/Frameworks/Python.framework/Versions/3.8/lib/python3.8/site-packages/selenium/webdriver/support/wait.py\", line 80, in until\n    raise TimeoutException(message, screen, stacktrace)\n\n",
      "time" : {
        "start" : 1608635291040,
        "stop" : 1608635391739,
        "duration" : 100699
      }
    }, {
      "uid" : "ba1b60d5dcedcfcc",
      "status" : "broken",
      "statusDetails" : "selenium.common.exceptions.TimeoutException: Message: Unable to locate element: cardnumber field\n\n",
      "time" : {
        "start" : 1608635291029,
        "stop" : 1608635472767,
        "duration" : 181738
      }
    }, {
      "uid" : "b9d7513d133bcdac",
      "status" : "passed",
      "time" : {
        "start" : 1608635290988,
        "stop" : 1608635416885,
        "duration" : 125897
      }
    }, {
      "uid" : "939b6045979e96e8",
      "status" : "passed",
      "time" : {
        "start" : 1608635290952,
        "stop" : 1608635452813,
        "duration" : 161861
      }
    }, {
      "uid" : "b50ea89584929ac5",
      "status" : "passed",
      "time" : {
        "start" : 1608635209320,
        "stop" : 1608635265744,
        "duration" : 56424
      }
    }, {
      "uid" : "12061b32c7698f0",
      "status" : "passed",
      "time" : {
        "start" : 1608635200841,
        "stop" : 1608635262281,
        "duration" : 61440
      }
    }, {
      "uid" : "a34b05467d8e13e1",
      "status" : "passed",
      "time" : {
        "start" : 1608635196249,
        "stop" : 1608635259809,
        "duration" : 63560
      }
    }, {
      "uid" : "173844693d41a5d8",
      "status" : "passed",
      "time" : {
        "start" : 1608635191066,
        "stop" : 1608635258752,
        "duration" : 67686
      }
    }, {
      "uid" : "1ae1d842e8aa507f",
      "status" : "passed",
      "time" : {
        "start" : 1608635189460,
        "stop" : 1608635259766,
        "duration" : 70306
      }
    }, {
      "uid" : "9197c67a01bf7df9",
      "status" : "passed",
      "time" : {
        "start" : 1608635186611,
        "stop" : 1608635255020,
        "duration" : 68409
      }
    }, {
      "uid" : "c19dcd93a7b73679",
      "status" : "passed",
      "time" : {
        "start" : 1608635185675,
        "stop" : 1608635249196,
        "duration" : 63521
      }
    }, {
      "uid" : "9a4c886b3bd4c5e5",
      "status" : "passed",
      "time" : {
        "start" : 1608635185264,
        "stop" : 1608635248150,
        "duration" : 62886
      }
    }, {
      "uid" : "1a92ac84b582b103",
      "status" : "passed",
      "time" : {
        "start" : 1608635183568,
        "stop" : 1608635245012,
        "duration" : 61444
      }
    }, {
      "uid" : "3751d5bbf96aa7d2",
      "status" : "passed",
      "time" : {
        "start" : 1608635182507,
        "stop" : 1608635245396,
        "duration" : 62889
      }
    }, {
      "uid" : "29c67f2a629f2f1e",
      "status" : "passed",
      "time" : {
        "start" : 1608635142087,
        "stop" : 1608635202044,
        "duration" : 59957
      }
    }, {
      "uid" : "67c7ef50434c86a",
      "status" : "passed",
      "time" : {
        "start" : 1608635129237,
        "stop" : 1608635192191,
        "duration" : 62954
      }
    }, {
      "uid" : "a932c11043ba47eb",
      "status" : "passed",
      "time" : {
        "start" : 1608635128385,
        "stop" : 1608635189393,
        "duration" : 61008
      }
    }, {
      "uid" : "95600dea467fa35e",
      "status" : "passed",
      "time" : {
        "start" : 1608635121844,
        "stop" : 1608635182204,
        "duration" : 60360
      }
    }, {
      "uid" : "284bb27a47b1414",
      "status" : "passed",
      "time" : {
        "start" : 1608635121745,
        "stop" : 1608635184054,
        "duration" : 62309
      }
    }, {
      "uid" : "846913ec2917bea",
      "status" : "passed",
      "time" : {
        "start" : 1608635120656,
        "stop" : 1608635178206,
        "duration" : 57550
      }
    }, {
      "uid" : "a2f3f73359152ea3",
      "status" : "passed",
      "time" : {
        "start" : 1608635119392,
        "stop" : 1608635180430,
        "duration" : 61038
      }
    }, {
      "uid" : "6fd7395a551d84d3",
      "status" : "passed",
      "time" : {
        "start" : 1608635119094,
        "stop" : 1608635179266,
        "duration" : 60172
      }
    }, {
      "uid" : "b41f79344a71797e",
      "status" : "passed",
      "time" : {
        "start" : 1608635115001,
        "stop" : 1608635176552,
        "duration" : 61551
      }
    }, {
      "uid" : "869bf3b40837605b",
      "status" : "passed",
      "time" : {
        "start" : 1608635114751,
        "stop" : 1608635176968,
        "duration" : 62217
      }
    }, {
      "uid" : "2031409f941dd210",
      "status" : "passed",
      "time" : {
        "start" : 1608635077786,
        "stop" : 1608635136203,
        "duration" : 58417
      }
    }, {
      "uid" : "ec50710543fd2fd4",
      "status" : "passed",
      "time" : {
        "start" : 1608635044474,
        "stop" : 1608635121784,
        "duration" : 77310
      }
    }, {
      "uid" : "b3b75227ac8d0906",
      "status" : "passed",
      "time" : {
        "start" : 1608635044429,
        "stop" : 1608635116542,
        "duration" : 72113
      }
    }, {
      "uid" : "69dfe8aa8754928b",
      "status" : "passed",
      "time" : {
        "start" : 1608635044351,
        "stop" : 1608635115224,
        "duration" : 70873
      }
    }, {
      "uid" : "8dda3799a4a620f7",
      "status" : "passed",
      "time" : {
        "start" : 1608635044288,
        "stop" : 1608635116394,
        "duration" : 72106
      }
    }, {
      "uid" : "db99f1fdce0fa201",
      "status" : "passed",
      "time" : {
        "start" : 1608635044237,
        "stop" : 1608635109773,
        "duration" : 65536
      }
    }, {
      "uid" : "f1ecd3c7b4fadb76",
      "status" : "passed",
      "time" : {
        "start" : 1608635044226,
        "stop" : 1608635113133,
        "duration" : 68907
      }
    }, {
      "uid" : "c810f46d2b081654",
      "status" : "failed",
      "statusDetails" : "AssertionError: FAILED SUB-STEP: And type \"random\" in email field\nSubstep info: Traceback (most recent call last):\n  File \"/Library/Frameworks/Python.framework/Versions/3.8/lib/python3.8/site-packages/behave/model.py\", line 1329, in run\n    match.run(runner.context)\n  File \"/Library/Frameworks/Python.framework/Versions/3.8/lib/python3.8/site-packages/behave/matchers.py\", line 98, in run\n    self.func(context, *args, **kwargs)\n  File \"features/steps/basic_steps.py\", line 24, in step_impl\n    context.current_page.type_in(field_name, text)\n  File \"/Users/kardash/Developer/fitness-automation/features/pages/base_page.py\", line 29, in type_in\n    element = self.get_clickable_element(element_name)\n  File \"/Users/kardash/Developer/fitness-automation/features/pages/base_page.py\", line 57, in get_clickable_element\n    return WebDriverWait(self.driver, timeout).until(\n  File \"/Library/Frameworks/Python.framework/Versions/3.8/lib/python3.8/site-packages/selenium/webdriver/support/wait.py\", line 80, in until\n    raise TimeoutException(message, screen, stacktrace)\nselenium.common.exceptions.TimeoutException: Message: Unable to locate element: email field\n\n\nTraceback (of failed substep):\n  File \"/Library/Frameworks/Python.framework/Versions/3.8/lib/python3.8/site-packages/behave/model.py\", line 1329, in run\n    match.run(runner.context)\n  File \"/Library/Frameworks/Python.framework/Versions/3.8/lib/python3.8/site-packages/behave/matchers.py\", line 98, in run\n    self.func(context, *args, **kwargs)\n  File \"features/steps/basic_steps.py\", line 24, in step_impl\n    context.current_page.type_in(field_name, text)\n  File \"/Users/kardash/Developer/fitness-automation/features/pages/base_page.py\", line 29, in type_in\n    element = self.get_clickable_element(element_name)\n  File \"/Users/kardash/Developer/fitness-automation/features/pages/base_page.py\", line 57, in get_clickable_element\n    return WebDriverWait(self.driver, timeout).until(\n  File \"/Library/Frameworks/Python.framework/Versions/3.8/lib/python3.8/site-packages/selenium/webdriver/support/wait.py\", line 80, in until\n    raise TimeoutException(message, screen, stacktrace)\n\n",
      "time" : {
        "start" : 1608635044100,
        "stop" : 1608635071584,
        "duration" : 27484
      }
    }, {
      "uid" : "7ae89654beda5246",
      "status" : "passed",
      "time" : {
        "start" : 1608635044073,
        "stop" : 1608635121993,
        "duration" : 77920
      }
    }, {
      "uid" : "66500243b990524b",
      "status" : "passed",
      "time" : {
        "start" : 1608635044055,
        "stop" : 1608635109260,
        "duration" : 65205
      }
    }, {
      "uid" : "4745b8e6a0a9617f",
      "status" : "passed",
      "time" : {
        "start" : 1608635044017,
        "stop" : 1608635113034,
        "duration" : 69017
      }
    }, {
      "uid" : "81cacd3757444a57",
      "status" : "broken",
      "statusDetails" : "selenium.common.exceptions.WebDriverException: Message: \n\n",
      "time" : {
        "start" : 1608634816366,
        "stop" : 1608634995891,
        "duration" : 179525
      }
    }, {
      "uid" : "cf3d781ee3db3abd",
      "status" : "broken",
      "statusDetails" : "selenium.common.exceptions.WebDriverException: Message: \n\n",
      "time" : {
        "start" : 1608634815523,
        "stop" : 1608634995971,
        "duration" : 180448
      }
    }, {
      "uid" : "5210d527d271d93",
      "status" : "broken",
      "statusDetails" : "selenium.common.exceptions.WebDriverException: Message: \n\n",
      "time" : {
        "start" : 1608634815222,
        "stop" : 1608634996035,
        "duration" : 180813
      }
    }, {
      "uid" : "675cb2669ff921e8",
      "status" : "broken",
      "statusDetails" : "selenium.common.exceptions.WebDriverException: Message: \n\n",
      "time" : {
        "start" : 1608634814700,
        "stop" : 1608634995925,
        "duration" : 181225
      }
    }, {
      "uid" : "60679150be4d9f90",
      "status" : "broken",
      "statusDetails" : "selenium.common.exceptions.WebDriverException: Message: \n\n",
      "time" : {
        "start" : 1608634814466,
        "stop" : 1608634995925,
        "duration" : 181459
      }
    }, {
      "uid" : "bb2224c5d8928dfc",
      "status" : "broken",
      "statusDetails" : "selenium.common.exceptions.WebDriverException: Message: \n\n",
      "time" : {
        "start" : 1608634814359,
        "stop" : 1608634995766,
        "duration" : 181407
      }
    }, {
      "uid" : "7f05d5134e8f477a",
      "status" : "broken",
      "statusDetails" : "selenium.common.exceptions.WebDriverException: Message: \n\n",
      "time" : {
        "start" : 1608634813670,
        "stop" : 1608634996043,
        "duration" : 182373
      }
    }, {
      "uid" : "d50c6caab749a17c",
      "status" : "broken",
      "statusDetails" : "selenium.common.exceptions.WebDriverException: Message: \n\n",
      "time" : {
        "start" : 1608634813110,
        "stop" : 1608634995982,
        "duration" : 182872
      }
    }, {
      "uid" : "d83cbccffc523bca",
      "status" : "broken",
      "statusDetails" : "selenium.common.exceptions.WebDriverException: Message: Session timed out or not found\n\n",
      "time" : {
        "start" : 1608634812991,
        "stop" : 1608635001662,
        "duration" : 188671
      }
    }, {
      "uid" : "6e368e4406f1b26b",
      "status" : "broken",
      "statusDetails" : "selenium.common.exceptions.WebDriverException: Message: Session timed out or not found\n\n",
      "time" : {
        "start" : 1608634812235,
        "stop" : 1608634957229,
        "duration" : 144994
      }
    }, {
      "uid" : "cd2d3b205fb54160",
      "status" : "broken",
      "statusDetails" : "selenium.common.exceptions.WebDriverException: Message: \n\n",
      "time" : {
        "start" : 1608634812116,
        "stop" : 1608635016190,
        "duration" : 204074
      }
    }, {
      "uid" : "7ee2386c0be7cb3b",
      "status" : "broken",
      "statusDetails" : "selenium.common.exceptions.WebDriverException: Message: \n\n",
      "time" : {
        "start" : 1608634812007,
        "stop" : 1608634995853,
        "duration" : 183846
      }
    }, {
      "uid" : "163772102db4b715",
      "status" : "broken",
      "statusDetails" : "selenium.common.exceptions.WebDriverException: Message: \n\n",
      "time" : {
        "start" : 1608634811759,
        "stop" : 1608634995609,
        "duration" : 183850
      }
    }, {
      "uid" : "18d41f93abaaf3a4",
      "status" : "broken",
      "statusDetails" : "selenium.common.exceptions.WebDriverException: Message: \n\n",
      "time" : {
        "start" : 1608634811660,
        "stop" : 1608634995740,
        "duration" : 184080
      }
    }, {
      "uid" : "f76ec23af68d34fd",
      "status" : "broken",
      "statusDetails" : "selenium.common.exceptions.WebDriverException: Message: \n\n",
      "time" : {
        "start" : 1608634811459,
        "stop" : 1608634995890,
        "duration" : 184431
      }
    }, {
      "uid" : "2460dde9bec9585",
      "status" : "broken",
      "statusDetails" : "selenium.common.exceptions.WebDriverException: Message: \n\n",
      "time" : {
        "start" : 1608634811259,
        "stop" : 1608634995925,
        "duration" : 184666
      }
    }, {
      "uid" : "a5d2cef6e65d1a7e",
      "status" : "broken",
      "statusDetails" : "selenium.common.exceptions.WebDriverException: Message: Session timed out or not found\n\n",
      "time" : {
        "start" : 1608634811234,
        "stop" : 1608635004539,
        "duration" : 193305
      }
    }, {
      "uid" : "ad33f645f11ea1e1",
      "status" : "broken",
      "statusDetails" : "selenium.common.exceptions.WebDriverException: Message: \n\n",
      "time" : {
        "start" : 1608634811074,
        "stop" : 1608634995786,
        "duration" : 184712
      }
    }, {
      "uid" : "501c92492a472f",
      "status" : "broken",
      "statusDetails" : "selenium.common.exceptions.WebDriverException: Message: Session timed out or not found\n\n",
      "time" : {
        "start" : 1608634811053,
        "stop" : 1608635005980,
        "duration" : 194927
      }
    }, {
      "uid" : "4225d5972a1dfd64",
      "status" : "broken",
      "statusDetails" : "selenium.common.exceptions.WebDriverException: Message: Session timed out or not found\n\n",
      "time" : {
        "start" : 1608634810907,
        "stop" : 1608635006502,
        "duration" : 195595
      }
    }, {
      "uid" : "2039a9a79e178ef7",
      "status" : "broken",
      "statusDetails" : "selenium.common.exceptions.WebDriverException: Message: \n\n",
      "time" : {
        "start" : 1608634810433,
        "stop" : 1608634995766,
        "duration" : 185333
      }
    }, {
      "uid" : "40a3466fd34d2bab",
      "status" : "broken",
      "statusDetails" : "selenium.common.exceptions.WebDriverException: Message: \n\n",
      "time" : {
        "start" : 1608634809920,
        "stop" : 1608634995741,
        "duration" : 185821
      }
    }, {
      "uid" : "b639f83f7e3cc718",
      "status" : "broken",
      "statusDetails" : "selenium.common.exceptions.WebDriverException: Message: Session timed out or not found\n\n",
      "time" : {
        "start" : 1608634809683,
        "stop" : 1608635006476,
        "duration" : 196793
      }
    }, {
      "uid" : "7992cf588c73f0cb",
      "status" : "broken",
      "statusDetails" : "selenium.common.exceptions.WebDriverException: Message: unknown error: cannot activate web view\n  (Session info: chrome=87.0.4280.66)\n\n",
      "time" : {
        "start" : 1608634809460,
        "stop" : 1608634992392,
        "duration" : 182932
      }
    }, {
      "uid" : "fa86712de5762b5d",
      "status" : "broken",
      "statusDetails" : "selenium.common.exceptions.WebDriverException: Message: \n\n",
      "time" : {
        "start" : 1608634808990,
        "stop" : 1608634914287,
        "duration" : 105297
      }
    }, {
      "uid" : "ddf476c16ab177a",
      "status" : "broken",
      "statusDetails" : "selenium.common.exceptions.WebDriverException: Message: Session timed out or not found\n\n",
      "time" : {
        "start" : 1608634807849,
        "stop" : 1608635006503,
        "duration" : 198654
      }
    }, {
      "uid" : "f3d84e2762f1c7a8",
      "status" : "broken",
      "statusDetails" : "selenium.common.exceptions.WebDriverException: Message: Session timed out or not found\n\n",
      "time" : {
        "start" : 1608634805684,
        "stop" : 1608635000884,
        "duration" : 195200
      }
    }, {
      "uid" : "22cf15bb3dcdba3b",
      "status" : "broken",
      "statusDetails" : "selenium.common.exceptions.WebDriverException: Message: Session timed out or not found\n\n",
      "time" : {
        "start" : 1608634804073,
        "stop" : 1608634993829,
        "duration" : 189756
      }
    }, {
      "uid" : "88d7ed4f8b291f66",
      "status" : "broken",
      "statusDetails" : "selenium.common.exceptions.WebDriverException: Message: Session timed out or not found\n\n",
      "time" : {
        "start" : 1608634803089,
        "stop" : 1608634993858,
        "duration" : 190769
      }
    } ],
    "categories" : [ ],
    "history" : {
      "statistic" : {
        "failed" : 0,
        "broken" : 0,
        "skipped" : 0,
        "passed" : 8,
        "unknown" : 0,
        "total" : 8
      },
      "items" : [ {
        "uid" : "871b75875958fd90",
        "reportUrl" : "https://one-focus.github.io/fitness-automation/98//#testresult/871b75875958fd90",
        "status" : "passed",
        "time" : {
          "start" : 1608641898461,
          "stop" : 1608641929632,
          "duration" : 31171
        }
      }, {
        "uid" : "d85eaff7ed3eaf59",
        "reportUrl" : "https://one-focus.github.io/fitness-automation/97//#testresult/d85eaff7ed3eaf59",
        "status" : "passed",
        "time" : {
          "start" : 1608644513340,
          "stop" : 1608644532570,
          "duration" : 19230
        }
      }, {
        "uid" : "a537e0219ad920a0",
        "reportUrl" : "https://one-focus.github.io/fitness-automation/96//#testresult/a537e0219ad920a0",
        "status" : "passed",
        "time" : {
          "start" : 1608643690887,
          "stop" : 1608643710543,
          "duration" : 19656
        }
      }, {
        "uid" : "fef737c67e091d8b",
        "reportUrl" : "https://one-focus.github.io/fitness-automation/95//#testresult/fef737c67e091d8b",
        "status" : "passed",
        "time" : {
          "start" : 1608643296973,
          "stop" : 1608643316884,
          "duration" : 19911
        }
      }, {
        "uid" : "f1288b1b242a9426",
        "reportUrl" : "https://one-focus.github.io/fitness-automation/94//#testresult/f1288b1b242a9426",
        "status" : "passed",
        "time" : {
          "start" : 1608642825129,
          "stop" : 1608642844558,
          "duration" : 19429
        }
      }, {
        "uid" : "5641be3060e4ad1",
        "reportUrl" : "https://one-focus.github.io/fitness-automation/93//#testresult/5641be3060e4ad1",
        "status" : "passed",
        "time" : {
          "start" : 1608642382775,
          "stop" : 1608642401513,
          "duration" : 18738
        }
      }, {
        "uid" : "1d7284d183a7a8fc",
        "reportUrl" : "https://one-focus.github.io/fitness-automation/92//#testresult/1d7284d183a7a8fc",
        "status" : "passed",
        "time" : {
          "start" : 1608641898461,
          "stop" : 1608641929632,
          "duration" : 31171
        }
      } ]
    },
    "tags" : [ "validation" ]
  },
  "source" : "a6e24697fe4da2b4.json",
  "parameterValues" : [ "fake card", "f.gum24.online", "cancel button" ]
}