{
  "uid" : "8c0c14f04ce0f749",
  "name" : "Email -- @1.1 ",
  "fullName" : "features/tests/2/cloudpayments6.feature:Email",
  "historyId" : "055759470ca507e62b8429e2c3fe0615",
  "time" : {
    "start" : 1608635805586,
    "stop" : 1608635821858,
    "duration" : 16272
  },
  "status" : "failed",
  "statusMessage" : "AssertionError: FAILED SUB-STEP: And click on email field\nSubstep info: Traceback (most recent call last):\n  File \"/Library/Frameworks/Python.framework/Versions/3.8/lib/python3.8/site-packages/behave/model.py\", line 1329, in run\n    match.run(runner.context)\n  File \"/Library/Frameworks/Python.framework/Versions/3.8/lib/python3.8/site-packages/behave/matchers.py\", line 98, in run\n    self.func(context, *args, **kwargs)\n  File \"features/steps/basic_steps.py\", line 17, in step_impl\n    context.current_page.click_on(element_name)\n  File \"/Users/kardash/Developer/fitness-automation/features/pages/base_page.py\", line 22, in click_on\n    element = self.get_clickable_element(element_name)\n  File \"/Users/kardash/Developer/fitness-automation/features/pages/base_page.py\", line 57, in get_clickable_element\n    return WebDriverWait(self.driver, timeout).until(\n  File \"/Library/Frameworks/Python.framework/Versions/3.8/lib/python3.8/site-packages/selenium/webdriver/support/wait.py\", line 80, in until\n    raise TimeoutException(message, screen, stacktrace)\nselenium.common.exceptions.TimeoutException: Message: Unable to locate element: email field\n\n\nTraceback (of failed substep):\n  File \"/Library/Frameworks/Python.framework/Versions/3.8/lib/python3.8/site-packages/behave/model.py\", line 1329, in run\n    match.run(runner.context)\n  File \"/Library/Frameworks/Python.framework/Versions/3.8/lib/python3.8/site-packages/behave/matchers.py\", line 98, in run\n    self.func(context, *args, **kwargs)\n  File \"features/steps/basic_steps.py\", line 17, in step_impl\n    context.current_page.click_on(element_name)\n  File \"/Users/kardash/Developer/fitness-automation/features/pages/base_page.py\", line 22, in click_on\n    element = self.get_clickable_element(element_name)\n  File \"/Users/kardash/Developer/fitness-automation/features/pages/base_page.py\", line 57, in get_clickable_element\n    return WebDriverWait(self.driver, timeout).until(\n  File \"/Library/Frameworks/Python.framework/Versions/3.8/lib/python3.8/site-packages/selenium/webdriver/support/wait.py\", line 80, in until\n    raise TimeoutException(message, screen, stacktrace)\n\n",
  "statusTrace" : "  File \"/Library/Frameworks/Python.framework/Versions/3.8/lib/python3.8/site-packages/behave/model.py\", line 1329, in run\n    match.run(runner.context)\n  File \"/Library/Frameworks/Python.framework/Versions/3.8/lib/python3.8/site-packages/behave/matchers.py\", line 98, in run\n    self.func(context, *args, **kwargs)\n  File \"features/steps/main_steps.py\", line 20, in step_impl\n    context.execute_steps('''\n  File \"/Library/Frameworks/Python.framework/Versions/3.8/lib/python3.8/site-packages/behave/runner.py\", line 404, in execute_steps\n    assert False, message\n",
  "flaky" : false,
  "newFailed" : false,
  "beforeStages" : [ ],
  "testStage" : {
    "status" : "failed",
    "statusMessage" : "AssertionError: FAILED SUB-STEP: And click on email field\nSubstep info: Traceback (most recent call last):\n  File \"/Library/Frameworks/Python.framework/Versions/3.8/lib/python3.8/site-packages/behave/model.py\", line 1329, in run\n    match.run(runner.context)\n  File \"/Library/Frameworks/Python.framework/Versions/3.8/lib/python3.8/site-packages/behave/matchers.py\", line 98, in run\n    self.func(context, *args, **kwargs)\n  File \"features/steps/basic_steps.py\", line 17, in step_impl\n    context.current_page.click_on(element_name)\n  File \"/Users/kardash/Developer/fitness-automation/features/pages/base_page.py\", line 22, in click_on\n    element = self.get_clickable_element(element_name)\n  File \"/Users/kardash/Developer/fitness-automation/features/pages/base_page.py\", line 57, in get_clickable_element\n    return WebDriverWait(self.driver, timeout).until(\n  File \"/Library/Frameworks/Python.framework/Versions/3.8/lib/python3.8/site-packages/selenium/webdriver/support/wait.py\", line 80, in until\n    raise TimeoutException(message, screen, stacktrace)\nselenium.common.exceptions.TimeoutException: Message: Unable to locate element: email field\n\n\nTraceback (of failed substep):\n  File \"/Library/Frameworks/Python.framework/Versions/3.8/lib/python3.8/site-packages/behave/model.py\", line 1329, in run\n    match.run(runner.context)\n  File \"/Library/Frameworks/Python.framework/Versions/3.8/lib/python3.8/site-packages/behave/matchers.py\", line 98, in run\n    self.func(context, *args, **kwargs)\n  File \"features/steps/basic_steps.py\", line 17, in step_impl\n    context.current_page.click_on(element_name)\n  File \"/Users/kardash/Developer/fitness-automation/features/pages/base_page.py\", line 22, in click_on\n    element = self.get_clickable_element(element_name)\n  File \"/Users/kardash/Developer/fitness-automation/features/pages/base_page.py\", line 57, in get_clickable_element\n    return WebDriverWait(self.driver, timeout).until(\n  File \"/Library/Frameworks/Python.framework/Versions/3.8/lib/python3.8/site-packages/selenium/webdriver/support/wait.py\", line 80, in until\n    raise TimeoutException(message, screen, stacktrace)\n\n",
    "statusTrace" : "  File \"/Library/Frameworks/Python.framework/Versions/3.8/lib/python3.8/site-packages/behave/model.py\", line 1329, in run\n    match.run(runner.context)\n  File \"/Library/Frameworks/Python.framework/Versions/3.8/lib/python3.8/site-packages/behave/matchers.py\", line 98, in run\n    self.func(context, *args, **kwargs)\n  File \"features/steps/main_steps.py\", line 20, in step_impl\n    context.execute_steps('''\n  File \"/Library/Frameworks/Python.framework/Versions/3.8/lib/python3.8/site-packages/behave/runner.py\", line 404, in execute_steps\n    assert False, message\n",
    "steps" : [ {
      "name" : "Given clear time",
      "time" : {
        "start" : 1608635805587,
        "stop" : 1608635805588,
        "duration" : 1
      },
      "status" : "passed",
      "steps" : [ ],
      "attachments" : [ ],
      "parameters" : [ ],
      "stepsCount" : 0,
      "attachmentsCount" : 0,
      "shouldDisplayMessage" : false,
      "hasContent" : false
    }, {
      "name" : "When open f.gum24.online page",
      "time" : {
        "start" : 1608635805588,
        "stop" : 1608635808057,
        "duration" : 2469
      },
      "status" : "passed",
      "steps" : [ ],
      "attachments" : [ ],
      "parameters" : [ ],
      "stepsCount" : 0,
      "attachmentsCount" : 0,
      "shouldDisplayMessage" : false,
      "hasContent" : false
    }, {
      "name" : "When clear time",
      "time" : {
        "start" : 1608635808057,
        "stop" : 1608635808057,
        "duration" : 0
      },
      "status" : "passed",
      "steps" : [ ],
      "attachments" : [ ],
      "parameters" : [ ],
      "stepsCount" : 0,
      "attachmentsCount" : 0,
      "shouldDisplayMessage" : false,
      "hasContent" : false
    }, {
      "name" : "When go to confirmation page",
      "time" : {
        "start" : 1608635808058,
        "stop" : 1608635821856,
        "duration" : 13798
      },
      "status" : "failed",
      "statusMessage" : "AssertionError: FAILED SUB-STEP: And click on email field\nSubstep info: Traceback (most recent call last):\n  File \"/Library/Frameworks/Python.framework/Versions/3.8/lib/python3.8/site-packages/behave/model.py\", line 1329, in run\n    match.run(runner.context)\n  File \"/Library/Frameworks/Python.framework/Versions/3.8/lib/python3.8/site-packages/behave/matchers.py\", line 98, in run\n    self.func(context, *args, **kwargs)\n  File \"features/steps/basic_steps.py\", line 17, in step_impl\n    context.current_page.click_on(element_name)\n  File \"/Users/kardash/Developer/fitness-automation/features/pages/base_page.py\", line 22, in click_on\n    element = self.get_clickable_element(element_name)\n  File \"/Users/kardash/Developer/fitness-automation/features/pages/base_page.py\", line 57, in get_clickable_element\n    return WebDriverWait(self.driver, timeout).until(\n  File \"/Library/Frameworks/Python.framework/Versions/3.8/lib/python3.8/site-packages/selenium/webdriver/support/wait.py\", line 80, in until\n    raise TimeoutException(message, screen, stacktrace)\nselenium.common.exceptions.TimeoutException: Message: Unable to locate element: email field\n\n\nTraceback (of failed substep):\n  File \"/Library/Frameworks/Python.framework/Versions/3.8/lib/python3.8/site-packages/behave/model.py\", line 1329, in run\n    match.run(runner.context)\n  File \"/Library/Frameworks/Python.framework/Versions/3.8/lib/python3.8/site-packages/behave/matchers.py\", line 98, in run\n    self.func(context, *args, **kwargs)\n  File \"features/steps/basic_steps.py\", line 17, in step_impl\n    context.current_page.click_on(element_name)\n  File \"/Users/kardash/Developer/fitness-automation/features/pages/base_page.py\", line 22, in click_on\n    element = self.get_clickable_element(element_name)\n  File \"/Users/kardash/Developer/fitness-automation/features/pages/base_page.py\", line 57, in get_clickable_element\n    return WebDriverWait(self.driver, timeout).until(\n  File \"/Library/Frameworks/Python.framework/Versions/3.8/lib/python3.8/site-packages/selenium/webdriver/support/wait.py\", line 80, in until\n    raise TimeoutException(message, screen, stacktrace)\n\n",
      "statusTrace" : "  File \"/Library/Frameworks/Python.framework/Versions/3.8/lib/python3.8/site-packages/behave/model.py\", line 1329, in run\n    match.run(runner.context)\n  File \"/Library/Frameworks/Python.framework/Versions/3.8/lib/python3.8/site-packages/behave/matchers.py\", line 98, in run\n    self.func(context, *args, **kwargs)\n  File \"features/steps/main_steps.py\", line 20, in step_impl\n    context.execute_steps('''\n  File \"/Library/Frameworks/Python.framework/Versions/3.8/lib/python3.8/site-packages/behave/runner.py\", line 404, in execute_steps\n    assert False, message\n",
      "steps" : [ ],
      "attachments" : [ {
        "uid" : "f44fdf9ea9c06f4d",
        "name" : "bug.png",
        "source" : "f44fdf9ea9c06f4d.png",
        "type" : "image/png",
        "size" : 213895
      }, {
        "uid" : "7f67710e57e8f46d",
        "name" : "bug.png",
        "source" : "7f67710e57e8f46d.png",
        "type" : "image/png",
        "size" : 217284
      } ],
      "parameters" : [ ],
      "stepsCount" : 0,
      "attachmentsCount" : 2,
      "shouldDisplayMessage" : true,
      "hasContent" : true
    }, {
      "name" : "When calculate time for 'confirmation'",
      "time" : {
        "start" : 1608635821858,
        "stop" : 1608635821858,
        "duration" : 0
      },
      "status" : "skipped",
      "steps" : [ ],
      "attachments" : [ ],
      "parameters" : [ ],
      "stepsCount" : 0,
      "attachmentsCount" : 0,
      "shouldDisplayMessage" : false,
      "hasContent" : false
    }, {
      "name" : "When go to cloudpayments page",
      "time" : {
        "start" : 1608635821858,
        "stop" : 1608635821858,
        "duration" : 0
      },
      "status" : "skipped",
      "steps" : [ ],
      "attachments" : [ ],
      "parameters" : [ ],
      "stepsCount" : 0,
      "attachmentsCount" : 0,
      "shouldDisplayMessage" : false,
      "hasContent" : false
    }, {
      "name" : "When enter fake card details",
      "time" : {
        "start" : 1608635821858,
        "stop" : 1608635821858,
        "duration" : 0
      },
      "status" : "skipped",
      "steps" : [ ],
      "attachments" : [ ],
      "parameters" : [ ],
      "stepsCount" : 0,
      "attachmentsCount" : 0,
      "shouldDisplayMessage" : false,
      "hasContent" : false
    }, {
      "name" : "Then I see cancel button element",
      "time" : {
        "start" : 1608635821858,
        "stop" : 1608635821858,
        "duration" : 0
      },
      "status" : "skipped",
      "steps" : [ ],
      "attachments" : [ ],
      "parameters" : [ ],
      "stepsCount" : 0,
      "attachmentsCount" : 0,
      "shouldDisplayMessage" : false,
      "hasContent" : false
    }, {
      "name" : "When calculate time for 'cloudpayments'",
      "time" : {
        "start" : 1608635821858,
        "stop" : 1608635821858,
        "duration" : 0
      },
      "status" : "skipped",
      "steps" : [ ],
      "attachments" : [ ],
      "parameters" : [ ],
      "stepsCount" : 0,
      "attachmentsCount" : 0,
      "shouldDisplayMessage" : false,
      "hasContent" : false
    } ],
    "attachments" : [ ],
    "parameters" : [ ],
    "stepsCount" : 9,
    "attachmentsCount" : 2,
    "shouldDisplayMessage" : false,
    "hasContent" : true
  },
  "afterStages" : [ ],
  "labels" : [ {
    "name" : "severity",
    "value" : "normal"
  }, {
    "name" : "tag",
    "value" : "validation"
  }, {
    "name" : "feature",
    "value" : "fitness-online.ru.com"
  }, {
    "name" : "framework",
    "value" : "behave"
  }, {
    "name" : "language",
    "value" : "cpython3"
  }, {
    "name" : "resultFormat",
    "value" : "allure2"
  } ],
  "parameters" : [ {
    "name" : "card",
    "value" : "fake card"
  }, {
    "name" : "page_name",
    "value" : "f.gum24.online"
  }, {
    "name" : "type",
    "value" : "cancel button"
  } ],
  "links" : [ ],
  "hidden" : true,
  "retry" : true,
  "extra" : {
    "categories" : [ ],
    "tags" : [ "validation" ]
  },
  "source" : "8c0c14f04ce0f749.json",
  "parameterValues" : [ "fake card", "f.gum24.online", "cancel button" ]
}