{
  "uid" : "f1288b1b242a9426",
  "name" : "Email -- @1.1 ",
  "fullName" : "features/tests/cloudpayments.feature:Email",
  "historyId" : "055759470ca507e62b8429e2c3fe0615",
  "time" : {
    "start" : 1608642825129,
    "stop" : 1608642844558,
    "duration" : 19429
  },
  "status" : "passed",
  "flaky" : false,
  "newFailed" : false,
  "beforeStages" : [ ],
  "testStage" : {
    "status" : "passed",
    "steps" : [ {
      "name" : "Given clear time",
      "time" : {
        "start" : 1608642825130,
        "stop" : 1608642825130,
        "duration" : 0
      },
      "status" : "passed",
      "steps" : [ ],
      "attachments" : [ ],
      "parameters" : [ ],
      "stepsCount" : 0,
      "attachmentsCount" : 0,
      "shouldDisplayMessage" : false,
      "hasContent" : false
    }, {
      "name" : "When open f.gum24.online page",
      "time" : {
        "start" : 1608642825131,
        "stop" : 1608642828406,
        "duration" : 3275
      },
      "status" : "passed",
      "steps" : [ ],
      "attachments" : [ ],
      "parameters" : [ ],
      "stepsCount" : 0,
      "attachmentsCount" : 0,
      "shouldDisplayMessage" : false,
      "hasContent" : false
    }, {
      "name" : "When clear time",
      "time" : {
        "start" : 1608642828407,
        "stop" : 1608642828407,
        "duration" : 0
      },
      "status" : "passed",
      "steps" : [ ],
      "attachments" : [ ],
      "parameters" : [ ],
      "stepsCount" : 0,
      "attachmentsCount" : 0,
      "shouldDisplayMessage" : false,
      "hasContent" : false
    }, {
      "name" : "When go to confirmation page",
      "time" : {
        "start" : 1608642828407,
        "stop" : 1608642833506,
        "duration" : 5099
      },
      "status" : "passed",
      "steps" : [ ],
      "attachments" : [ ],
      "parameters" : [ ],
      "stepsCount" : 0,
      "attachmentsCount" : 0,
      "shouldDisplayMessage" : false,
      "hasContent" : false
    }, {
      "name" : "When go to cloudpayments page",
      "time" : {
        "start" : 1608642833506,
        "stop" : 1608642835042,
        "duration" : 1536
      },
      "status" : "passed",
      "steps" : [ ],
      "attachments" : [ ],
      "parameters" : [ ],
      "stepsCount" : 0,
      "attachmentsCount" : 0,
      "shouldDisplayMessage" : false,
      "hasContent" : false
    }, {
      "name" : "When enter fake card details",
      "time" : {
        "start" : 1608642835042,
        "stop" : 1608642836515,
        "duration" : 1473
      },
      "status" : "passed",
      "steps" : [ ],
      "attachments" : [ ],
      "parameters" : [ ],
      "stepsCount" : 0,
      "attachmentsCount" : 0,
      "shouldDisplayMessage" : false,
      "hasContent" : false
    }, {
      "name" : "Then I see cancel button element",
      "time" : {
        "start" : 1608642836516,
        "stop" : 1608642844240,
        "duration" : 7724
      },
      "status" : "passed",
      "steps" : [ ],
      "attachments" : [ ],
      "parameters" : [ ],
      "stepsCount" : 0,
      "attachmentsCount" : 0,
      "shouldDisplayMessage" : false,
      "hasContent" : false
    }, {
      "name" : "When calculate time for 'cloudpayments'",
      "time" : {
        "start" : 1608642844240,
        "stop" : 1608642844557,
        "duration" : 317
      },
      "status" : "passed",
      "steps" : [ ],
      "attachments" : [ ],
      "parameters" : [ ],
      "stepsCount" : 0,
      "attachmentsCount" : 0,
      "shouldDisplayMessage" : false,
      "hasContent" : false
    } ],
    "attachments" : [ ],
    "parameters" : [ ],
    "stepsCount" : 8,
    "attachmentsCount" : 0,
    "shouldDisplayMessage" : false,
    "hasContent" : true
  },
  "afterStages" : [ ],
  "labels" : [ {
    "name" : "severity",
    "value" : "normal"
  }, {
    "name" : "tag",
    "value" : "validation"
  }, {
    "name" : "feature",
    "value" : "fitness-online.ru.com"
  }, {
    "name" : "framework",
    "value" : "behave"
  }, {
    "name" : "language",
    "value" : "cpython3"
  }, {
    "name" : "resultFormat",
    "value" : "allure2"
  } ],
  "parameters" : [ {
    "name" : "card",
    "value" : "fake card"
  }, {
    "name" : "page_name",
    "value" : "f.gum24.online"
  }, {
    "name" : "type",
    "value" : "cancel button"
  } ],
  "links" : [ ],
  "hidden" : false,
  "retry" : false,
  "extra" : {
    "severity" : "normal",
    "retries" : [ {
      "uid" : "bbc22e9089100df2",
      "status" : "passed",
      "time" : {
        "start" : 1608641898461,
        "stop" : 1608641929632,
        "duration" : 31171
      }
    }, {
      "uid" : "b71080badb077b1b",
      "status" : "passed",
      "time" : {
        "start" : 1608641898446,
        "stop" : 1608641926797,
        "duration" : 28351
      }
    }, {
      "uid" : "f769e1a236e66a90",
      "status" : "passed",
      "time" : {
        "start" : 1608641895442,
        "stop" : 1608641926042,
        "duration" : 30600
      }
    }, {
      "uid" : "f1a8a3c9531f16cf",
      "status" : "passed",
      "time" : {
        "start" : 1608641888723,
        "stop" : 1608641917045,
        "duration" : 28322
      }
    }, {
      "uid" : "2d10de175837b203",
      "status" : "passed",
      "time" : {
        "start" : 1608641879869,
        "stop" : 1608641904183,
        "duration" : 24314
      }
    }, {
      "uid" : "a92409ab6eda9fda",
      "status" : "failed",
      "statusDetails" : "AssertionError: FAILED SUB-STEP: And type \"random\" in email field\nSubstep info: Traceback (most recent call last):\n  File \"/Library/Frameworks/Python.framework/Versions/3.8/lib/python3.8/site-packages/behave/model.py\", line 1329, in run\n    match.run(runner.context)\n  File \"/Library/Frameworks/Python.framework/Versions/3.8/lib/python3.8/site-packages/behave/matchers.py\", line 98, in run\n    self.func(context, *args, **kwargs)\n  File \"features/steps/basic_steps.py\", line 24, in step_impl\n    context.current_page.type_in(field_name, text)\n  File \"/Users/kardash/Developer/fitness-automation/features/pages/base_page.py\", line 29, in type_in\n    element = self.get_clickable_element(element_name)\n  File \"/Users/kardash/Developer/fitness-automation/features/pages/base_page.py\", line 57, in get_clickable_element\n    return WebDriverWait(self.driver, timeout).until(\n  File \"/Library/Frameworks/Python.framework/Versions/3.8/lib/python3.8/site-packages/selenium/webdriver/support/wait.py\", line 80, in until\n    raise TimeoutException(message, screen, stacktrace)\nselenium.common.exceptions.TimeoutException: Message: Unable to locate element: email field\n\n\nTraceback (of failed substep):\n  File \"/Library/Frameworks/Python.framework/Versions/3.8/lib/python3.8/site-packages/behave/model.py\", line 1329, in run\n    match.run(runner.context)\n  File \"/Library/Frameworks/Python.framework/Versions/3.8/lib/python3.8/site-packages/behave/matchers.py\", line 98, in run\n    self.func(context, *args, **kwargs)\n  File \"features/steps/basic_steps.py\", line 24, in step_impl\n    context.current_page.type_in(field_name, text)\n  File \"/Users/kardash/Developer/fitness-automation/features/pages/base_page.py\", line 29, in type_in\n    element = self.get_clickable_element(element_name)\n  File \"/Users/kardash/Developer/fitness-automation/features/pages/base_page.py\", line 57, in get_clickable_element\n    return WebDriverWait(self.driver, timeout).until(\n  File \"/Library/Frameworks/Python.framework/Versions/3.8/lib/python3.8/site-packages/selenium/webdriver/support/wait.py\", line 80, in until\n    raise TimeoutException(message, screen, stacktrace)\n\n",
      "time" : {
        "start" : 1608641856818,
        "stop" : 1608641875893,
        "duration" : 19075
      }
    }, {
      "uid" : "fbf91787e851ae77",
      "status" : "passed",
      "time" : {
        "start" : 1608641856774,
        "stop" : 1608641890247,
        "duration" : 33473
      }
    }, {
      "uid" : "498685a7310f5c6e",
      "status" : "passed",
      "time" : {
        "start" : 1608641856747,
        "stop" : 1608641894059,
        "duration" : 37312
      }
    }, {
      "uid" : "4e2c75ef4b2d7156",
      "status" : "passed",
      "time" : {
        "start" : 1608641856723,
        "stop" : 1608641893584,
        "duration" : 36861
      }
    }, {
      "uid" : "7281bde0c03952d2",
      "status" : "passed",
      "time" : {
        "start" : 1608641856712,
        "stop" : 1608641884812,
        "duration" : 28100
      }
    }, {
      "uid" : "8b956977eb165b8e",
      "status" : "passed",
      "time" : {
        "start" : 1608641761712,
        "stop" : 1608641796167,
        "duration" : 34455
      }
    }, {
      "uid" : "91e2983587327a84",
      "status" : "passed",
      "time" : {
        "start" : 1608641760349,
        "stop" : 1608641796258,
        "duration" : 35909
      }
    }, {
      "uid" : "e33a5527ff221aa9",
      "status" : "passed",
      "time" : {
        "start" : 1608641760320,
        "stop" : 1608641802701,
        "duration" : 42381
      }
    }, {
      "uid" : "816e57bddf6a934e",
      "status" : "passed",
      "time" : {
        "start" : 1608641752739,
        "stop" : 1608641780499,
        "duration" : 27760
      }
    }, {
      "uid" : "68cbb941de40f059",
      "status" : "passed",
      "time" : {
        "start" : 1608641743401,
        "stop" : 1608641765920,
        "duration" : 22519
      }
    }, {
      "uid" : "655a4acf2e3ca9d9",
      "status" : "passed",
      "time" : {
        "start" : 1608641720861,
        "stop" : 1608641756180,
        "duration" : 35319
      }
    }, {
      "uid" : "11e7fe01d617ffe7",
      "status" : "passed",
      "time" : {
        "start" : 1608641720736,
        "stop" : 1608641755677,
        "duration" : 34941
      }
    }, {
      "uid" : "4ed6f589d25ffb52",
      "status" : "passed",
      "time" : {
        "start" : 1608641720659,
        "stop" : 1608641758100,
        "duration" : 37441
      }
    }, {
      "uid" : "3194d97832493a11",
      "status" : "passed",
      "time" : {
        "start" : 1608641720458,
        "stop" : 1608641748914,
        "duration" : 28456
      }
    }, {
      "uid" : "bbdaf6dd56872c0d",
      "status" : "failed",
      "statusDetails" : "AssertionError: FAILED SUB-STEP: And type \"random\" in email field\nSubstep info: Traceback (most recent call last):\n  File \"/Library/Frameworks/Python.framework/Versions/3.8/lib/python3.8/site-packages/behave/model.py\", line 1329, in run\n    match.run(runner.context)\n  File \"/Library/Frameworks/Python.framework/Versions/3.8/lib/python3.8/site-packages/behave/matchers.py\", line 98, in run\n    self.func(context, *args, **kwargs)\n  File \"features/steps/basic_steps.py\", line 24, in step_impl\n    context.current_page.type_in(field_name, text)\n  File \"/Users/kardash/Developer/fitness-automation/features/pages/base_page.py\", line 29, in type_in\n    element = self.get_clickable_element(element_name)\n  File \"/Users/kardash/Developer/fitness-automation/features/pages/base_page.py\", line 57, in get_clickable_element\n    return WebDriverWait(self.driver, timeout).until(\n  File \"/Library/Frameworks/Python.framework/Versions/3.8/lib/python3.8/site-packages/selenium/webdriver/support/wait.py\", line 80, in until\n    raise TimeoutException(message, screen, stacktrace)\nselenium.common.exceptions.TimeoutException: Message: Unable to locate element: email field\n\n\nTraceback (of failed substep):\n  File \"/Library/Frameworks/Python.framework/Versions/3.8/lib/python3.8/site-packages/behave/model.py\", line 1329, in run\n    match.run(runner.context)\n  File \"/Library/Frameworks/Python.framework/Versions/3.8/lib/python3.8/site-packages/behave/matchers.py\", line 98, in run\n    self.func(context, *args, **kwargs)\n  File \"features/steps/basic_steps.py\", line 24, in step_impl\n    context.current_page.type_in(field_name, text)\n  File \"/Users/kardash/Developer/fitness-automation/features/pages/base_page.py\", line 29, in type_in\n    element = self.get_clickable_element(element_name)\n  File \"/Users/kardash/Developer/fitness-automation/features/pages/base_page.py\", line 57, in get_clickable_element\n    return WebDriverWait(self.driver, timeout).until(\n  File \"/Library/Frameworks/Python.framework/Versions/3.8/lib/python3.8/site-packages/selenium/webdriver/support/wait.py\", line 80, in until\n    raise TimeoutException(message, screen, stacktrace)\n\n",
      "time" : {
        "start" : 1608641720390,
        "stop" : 1608641739317,
        "duration" : 18927
      }
    }, {
      "uid" : "6678e731ff67217b",
      "status" : "passed",
      "time" : {
        "start" : 1608641335382,
        "stop" : 1608641365947,
        "duration" : 30565
      }
    }, {
      "uid" : "bd0692b98ee1b8ba",
      "status" : "passed",
      "time" : {
        "start" : 1608641331289,
        "stop" : 1608641375354,
        "duration" : 44065
      }
    }, {
      "uid" : "e09679ab0a88e9b6",
      "status" : "passed",
      "time" : {
        "start" : 1608641325733,
        "stop" : 1608641362335,
        "duration" : 36602
      }
    }, {
      "uid" : "eaa8b11c2fba8ea3",
      "status" : "passed",
      "time" : {
        "start" : 1608641319727,
        "stop" : 1608641352861,
        "duration" : 33134
      }
    }, {
      "uid" : "d949bdba5cf956dd",
      "status" : "passed",
      "time" : {
        "start" : 1608641305278,
        "stop" : 1608641342833,
        "duration" : 37555
      }
    }, {
      "uid" : "77c1333bc6df23cc",
      "status" : "passed",
      "time" : {
        "start" : 1608641239979,
        "stop" : 1608641326707,
        "duration" : 86728
      }
    }, {
      "uid" : "410150378da9f4f7",
      "status" : "passed",
      "time" : {
        "start" : 1608641239959,
        "stop" : 1608641318680,
        "duration" : 78721
      }
    }, {
      "uid" : "331c7f8b2e95557b",
      "status" : "broken",
      "statusDetails" : "selenium.common.exceptions.WebDriverException: Message: Session timed out or not found\n\n",
      "time" : {
        "start" : 1608641239867,
        "stop" : 1608641311454,
        "duration" : 71587
      }
    }, {
      "uid" : "9d5aa6a179afc3d4",
      "status" : "passed",
      "time" : {
        "start" : 1608641239336,
        "stop" : 1608641331372,
        "duration" : 92036
      }
    }, {
      "uid" : "628812e7302491a3",
      "status" : "passed",
      "time" : {
        "start" : 1608641239336,
        "stop" : 1608641299358,
        "duration" : 60022
      }
    }, {
      "uid" : "93645777cb0188dd",
      "status" : "passed",
      "time" : {
        "start" : 1608640937722,
        "stop" : 1608640986475,
        "duration" : 48753
      }
    }, {
      "uid" : "54408ae000f79e6f",
      "status" : "passed",
      "time" : {
        "start" : 1608640937695,
        "stop" : 1608640981946,
        "duration" : 44251
      }
    }, {
      "uid" : "8a6ae6f16ab348c0",
      "status" : "passed",
      "time" : {
        "start" : 1608640937675,
        "stop" : 1608640981822,
        "duration" : 44147
      }
    }, {
      "uid" : "bbae106891b97a9a",
      "status" : "passed",
      "time" : {
        "start" : 1608640822947,
        "stop" : 1608640874755,
        "duration" : 51808
      }
    }, {
      "uid" : "b1b51a99a69cd80d",
      "status" : "passed",
      "time" : {
        "start" : 1608640822771,
        "stop" : 1608640874027,
        "duration" : 51256
      }
    }, {
      "uid" : "f6c589c548c85e28",
      "status" : "passed",
      "time" : {
        "start" : 1608640818428,
        "stop" : 1608640873367,
        "duration" : 54939
      }
    }, {
      "uid" : "af99484b90dcd944",
      "status" : "passed",
      "time" : {
        "start" : 1608640818346,
        "stop" : 1608640872203,
        "duration" : 53857
      }
    }, {
      "uid" : "a4f012004aded766",
      "status" : "passed",
      "time" : {
        "start" : 1608640696626,
        "stop" : 1608640723409,
        "duration" : 26783
      }
    }, {
      "uid" : "bc393cbc7d64e861",
      "status" : "passed",
      "time" : {
        "start" : 1608640646969,
        "stop" : 1608640671657,
        "duration" : 24688
      }
    }, {
      "uid" : "53a1a84c968ca06a",
      "status" : "passed",
      "time" : {
        "start" : 1608640646317,
        "stop" : 1608640678337,
        "duration" : 32020
      }
    }, {
      "uid" : "c1ba55ffb7694951",
      "status" : "passed",
      "time" : {
        "start" : 1608640646211,
        "stop" : 1608640671750,
        "duration" : 25539
      }
    }, {
      "uid" : "fc6d225d08061dae",
      "status" : "passed",
      "time" : {
        "start" : 1608640643213,
        "stop" : 1608640676525,
        "duration" : 33312
      }
    }, {
      "uid" : "d2167122442425ef",
      "status" : "passed",
      "time" : {
        "start" : 1608640587932,
        "stop" : 1608640621193,
        "duration" : 33261
      }
    }, {
      "uid" : "f33fa89bcb85fc39",
      "status" : "passed",
      "time" : {
        "start" : 1608640587908,
        "stop" : 1608640618086,
        "duration" : 30178
      }
    }, {
      "uid" : "e9934855cf7fda7",
      "status" : "passed",
      "time" : {
        "start" : 1608640587682,
        "stop" : 1608640617183,
        "duration" : 29501
      }
    }, {
      "uid" : "13651549597471b9",
      "status" : "passed",
      "time" : {
        "start" : 1608640587567,
        "stop" : 1608640617649,
        "duration" : 30082
      }
    }, {
      "uid" : "9e2d9e0c0c1935e1",
      "status" : "passed",
      "time" : {
        "start" : 1608640587302,
        "stop" : 1608640618443,
        "duration" : 31141
      }
    }, {
      "uid" : "d356a91f4d5d9b30",
      "status" : "passed",
      "time" : {
        "start" : 1608640436990,
        "stop" : 1608640467224,
        "duration" : 30234
      }
    }, {
      "uid" : "b4e88a1e5d2a2077",
      "status" : "passed",
      "time" : {
        "start" : 1608640436380,
        "stop" : 1608640467263,
        "duration" : 30883
      }
    }, {
      "uid" : "22079e7546ece0a6",
      "status" : "passed",
      "time" : {
        "start" : 1608640384920,
        "stop" : 1608640416905,
        "duration" : 31985
      }
    }, {
      "uid" : "5f9f310ba53f773e",
      "status" : "passed",
      "time" : {
        "start" : 1608640377829,
        "stop" : 1608640410133,
        "duration" : 32304
      }
    }, {
      "uid" : "a8d9a95983a7cfc6",
      "status" : "passed",
      "time" : {
        "start" : 1608640375387,
        "stop" : 1608640405897,
        "duration" : 30510
      }
    }, {
      "uid" : "fb58c90d5ab12629",
      "status" : "passed",
      "time" : {
        "start" : 1608640321817,
        "stop" : 1608640349922,
        "duration" : 28105
      }
    }, {
      "uid" : "2fb46306c58252c4",
      "status" : "passed",
      "time" : {
        "start" : 1608640321493,
        "stop" : 1608640349823,
        "duration" : 28330
      }
    }, {
      "uid" : "e8881b033df2635d",
      "status" : "passed",
      "time" : {
        "start" : 1608640321476,
        "stop" : 1608640347901,
        "duration" : 26425
      }
    }, {
      "uid" : "cbb8e1b7d06b838a",
      "status" : "passed",
      "time" : {
        "start" : 1608640321454,
        "stop" : 1608640348209,
        "duration" : 26755
      }
    }, {
      "uid" : "817f3e930f5ee0b9",
      "status" : "failed",
      "statusDetails" : "AssertionError: FAILED SUB-STEP: And type \"random\" in email field\nSubstep info: Traceback (most recent call last):\n  File \"/Library/Frameworks/Python.framework/Versions/3.8/lib/python3.8/site-packages/behave/model.py\", line 1329, in run\n    match.run(runner.context)\n  File \"/Library/Frameworks/Python.framework/Versions/3.8/lib/python3.8/site-packages/behave/matchers.py\", line 98, in run\n    self.func(context, *args, **kwargs)\n  File \"features/steps/basic_steps.py\", line 24, in step_impl\n    context.current_page.type_in(field_name, text)\n  File \"/Users/kardash/Developer/fitness-automation/features/pages/base_page.py\", line 29, in type_in\n    element = self.get_clickable_element(element_name)\n  File \"/Users/kardash/Developer/fitness-automation/features/pages/base_page.py\", line 57, in get_clickable_element\n    return WebDriverWait(self.driver, timeout).until(\n  File \"/Library/Frameworks/Python.framework/Versions/3.8/lib/python3.8/site-packages/selenium/webdriver/support/wait.py\", line 80, in until\n    raise TimeoutException(message, screen, stacktrace)\nselenium.common.exceptions.TimeoutException: Message: Unable to locate element: email field\n\n\nTraceback (of failed substep):\n  File \"/Library/Frameworks/Python.framework/Versions/3.8/lib/python3.8/site-packages/behave/model.py\", line 1329, in run\n    match.run(runner.context)\n  File \"/Library/Frameworks/Python.framework/Versions/3.8/lib/python3.8/site-packages/behave/matchers.py\", line 98, in run\n    self.func(context, *args, **kwargs)\n  File \"features/steps/basic_steps.py\", line 24, in step_impl\n    context.current_page.type_in(field_name, text)\n  File \"/Users/kardash/Developer/fitness-automation/features/pages/base_page.py\", line 29, in type_in\n    element = self.get_clickable_element(element_name)\n  File \"/Users/kardash/Developer/fitness-automation/features/pages/base_page.py\", line 57, in get_clickable_element\n    return WebDriverWait(self.driver, timeout).until(\n  File \"/Library/Frameworks/Python.framework/Versions/3.8/lib/python3.8/site-packages/selenium/webdriver/support/wait.py\", line 80, in until\n    raise TimeoutException(message, screen, stacktrace)\n\n",
      "time" : {
        "start" : 1608640321441,
        "stop" : 1608640342532,
        "duration" : 21091
      }
    }, {
      "uid" : "8b39ec6256331460",
      "status" : "passed",
      "time" : {
        "start" : 1608640236889,
        "stop" : 1608640265486,
        "duration" : 28597
      }
    }, {
      "uid" : "5f3c2f8a1f9075f6",
      "status" : "passed",
      "time" : {
        "start" : 1608640236413,
        "stop" : 1608640265318,
        "duration" : 28905
      }
    }, {
      "uid" : "a55b04bc829a3b30",
      "status" : "passed",
      "time" : {
        "start" : 1608640234625,
        "stop" : 1608640259392,
        "duration" : 24767
      }
    }, {
      "uid" : "d703a6c740d4f2f6",
      "status" : "passed",
      "time" : {
        "start" : 1608640234497,
        "stop" : 1608640258356,
        "duration" : 23859
      }
    }, {
      "uid" : "d5b949cf6f797120",
      "status" : "passed",
      "time" : {
        "start" : 1608640212103,
        "stop" : 1608640243754,
        "duration" : 31651
      }
    }, {
      "uid" : "17c08aa280bf64b1",
      "status" : "passed",
      "time" : {
        "start" : 1608640191106,
        "stop" : 1608640232860,
        "duration" : 41754
      }
    }, {
      "uid" : "4db29cb292bc779e",
      "status" : "passed",
      "time" : {
        "start" : 1608640190747,
        "stop" : 1608640232429,
        "duration" : 41682
      }
    }, {
      "uid" : "ef2a69d9f145006a",
      "status" : "passed",
      "time" : {
        "start" : 1608640190673,
        "stop" : 1608640230254,
        "duration" : 39581
      }
    }, {
      "uid" : "802b790463e67439",
      "status" : "failed",
      "statusDetails" : "AssertionError: FAILED SUB-STEP: And type \"random\" in email field\nSubstep info: Traceback (most recent call last):\n  File \"/Library/Frameworks/Python.framework/Versions/3.8/lib/python3.8/site-packages/behave/model.py\", line 1329, in run\n    match.run(runner.context)\n  File \"/Library/Frameworks/Python.framework/Versions/3.8/lib/python3.8/site-packages/behave/matchers.py\", line 98, in run\n    self.func(context, *args, **kwargs)\n  File \"features/steps/basic_steps.py\", line 24, in step_impl\n    context.current_page.type_in(field_name, text)\n  File \"/Users/kardash/Developer/fitness-automation/features/pages/base_page.py\", line 29, in type_in\n    element = self.get_clickable_element(element_name)\n  File \"/Users/kardash/Developer/fitness-automation/features/pages/base_page.py\", line 57, in get_clickable_element\n    return WebDriverWait(self.driver, timeout).until(\n  File \"/Library/Frameworks/Python.framework/Versions/3.8/lib/python3.8/site-packages/selenium/webdriver/support/wait.py\", line 80, in until\n    raise TimeoutException(message, screen, stacktrace)\nselenium.common.exceptions.TimeoutException: Message: Unable to locate element: email field\n\n\nTraceback (of failed substep):\n  File \"/Library/Frameworks/Python.framework/Versions/3.8/lib/python3.8/site-packages/behave/model.py\", line 1329, in run\n    match.run(runner.context)\n  File \"/Library/Frameworks/Python.framework/Versions/3.8/lib/python3.8/site-packages/behave/matchers.py\", line 98, in run\n    self.func(context, *args, **kwargs)\n  File \"features/steps/basic_steps.py\", line 24, in step_impl\n    context.current_page.type_in(field_name, text)\n  File \"/Users/kardash/Developer/fitness-automation/features/pages/base_page.py\", line 29, in type_in\n    element = self.get_clickable_element(element_name)\n  File \"/Users/kardash/Developer/fitness-automation/features/pages/base_page.py\", line 57, in get_clickable_element\n    return WebDriverWait(self.driver, timeout).until(\n  File \"/Library/Frameworks/Python.framework/Versions/3.8/lib/python3.8/site-packages/selenium/webdriver/support/wait.py\", line 80, in until\n    raise TimeoutException(message, screen, stacktrace)\n\n",
      "time" : {
        "start" : 1608640190627,
        "stop" : 1608640208989,
        "duration" : 18362
      }
    }, {
      "uid" : "344d729cdca8aa82",
      "status" : "passed",
      "time" : {
        "start" : 1608640190600,
        "stop" : 1608640229798,
        "duration" : 39198
      }
    }, {
      "uid" : "9e9af570e30e3613",
      "status" : "passed",
      "time" : {
        "start" : 1608640111979,
        "stop" : 1608640140445,
        "duration" : 28466
      }
    }, {
      "uid" : "ba53f273cc681e52",
      "status" : "passed",
      "time" : {
        "start" : 1608640111733,
        "stop" : 1608640141223,
        "duration" : 29490
      }
    }, {
      "uid" : "ad7cb22bec511575",
      "status" : "passed",
      "time" : {
        "start" : 1608640111323,
        "stop" : 1608640138532,
        "duration" : 27209
      }
    }, {
      "uid" : "755345883edbb7eb",
      "status" : "passed",
      "time" : {
        "start" : 1608640104693,
        "stop" : 1608640130518,
        "duration" : 25825
      }
    }, {
      "uid" : "86a3ed41ae1562f0",
      "status" : "passed",
      "time" : {
        "start" : 1608640100676,
        "stop" : 1608640126965,
        "duration" : 26289
      }
    }, {
      "uid" : "84b283664829228",
      "status" : "passed",
      "time" : {
        "start" : 1608640076800,
        "stop" : 1608640107105,
        "duration" : 30305
      }
    }, {
      "uid" : "a0478a279837943f",
      "status" : "passed",
      "time" : {
        "start" : 1608640076767,
        "stop" : 1608640101084,
        "duration" : 24317
      }
    }, {
      "uid" : "284739bd7edc03e5",
      "status" : "passed",
      "time" : {
        "start" : 1608640076743,
        "stop" : 1608640106974,
        "duration" : 30231
      }
    }, {
      "uid" : "1bde5f78270a8ef1",
      "status" : "failed",
      "statusDetails" : "AssertionError: FAILED SUB-STEP: And type \"random\" in email field\nSubstep info: Traceback (most recent call last):\n  File \"/Library/Frameworks/Python.framework/Versions/3.8/lib/python3.8/site-packages/behave/model.py\", line 1329, in run\n    match.run(runner.context)\n  File \"/Library/Frameworks/Python.framework/Versions/3.8/lib/python3.8/site-packages/behave/matchers.py\", line 98, in run\n    self.func(context, *args, **kwargs)\n  File \"features/steps/basic_steps.py\", line 24, in step_impl\n    context.current_page.type_in(field_name, text)\n  File \"/Users/kardash/Developer/fitness-automation/features/pages/base_page.py\", line 29, in type_in\n    element = self.get_clickable_element(element_name)\n  File \"/Users/kardash/Developer/fitness-automation/features/pages/base_page.py\", line 57, in get_clickable_element\n    return WebDriverWait(self.driver, timeout).until(\n  File \"/Library/Frameworks/Python.framework/Versions/3.8/lib/python3.8/site-packages/selenium/webdriver/support/wait.py\", line 80, in until\n    raise TimeoutException(message, screen, stacktrace)\nselenium.common.exceptions.TimeoutException: Message: Unable to locate element: email field\n\n\nTraceback (of failed substep):\n  File \"/Library/Frameworks/Python.framework/Versions/3.8/lib/python3.8/site-packages/behave/model.py\", line 1329, in run\n    match.run(runner.context)\n  File \"/Library/Frameworks/Python.framework/Versions/3.8/lib/python3.8/site-packages/behave/matchers.py\", line 98, in run\n    self.func(context, *args, **kwargs)\n  File \"features/steps/basic_steps.py\", line 24, in step_impl\n    context.current_page.type_in(field_name, text)\n  File \"/Users/kardash/Developer/fitness-automation/features/pages/base_page.py\", line 29, in type_in\n    element = self.get_clickable_element(element_name)\n  File \"/Users/kardash/Developer/fitness-automation/features/pages/base_page.py\", line 57, in get_clickable_element\n    return WebDriverWait(self.driver, timeout).until(\n  File \"/Library/Frameworks/Python.framework/Versions/3.8/lib/python3.8/site-packages/selenium/webdriver/support/wait.py\", line 80, in until\n    raise TimeoutException(message, screen, stacktrace)\n\n",
      "time" : {
        "start" : 1608640076507,
        "stop" : 1608640095262,
        "duration" : 18755
      }
    }, {
      "uid" : "d13dbf1a35df967f",
      "status" : "passed",
      "time" : {
        "start" : 1608640076463,
        "stop" : 1608640106283,
        "duration" : 29820
      }
    }, {
      "uid" : "2f4b0f16b46601eb",
      "status" : "passed",
      "time" : {
        "start" : 1608640010079,
        "stop" : 1608640041791,
        "duration" : 31712
      }
    }, {
      "uid" : "3ad794474d7de97a",
      "status" : "passed",
      "time" : {
        "start" : 1608640006701,
        "stop" : 1608640037600,
        "duration" : 30899
      }
    }, {
      "uid" : "72485eead44554fc",
      "status" : "passed",
      "time" : {
        "start" : 1608640006355,
        "stop" : 1608640035101,
        "duration" : 28746
      }
    }, {
      "uid" : "5a6a2a56285cd340",
      "status" : "passed",
      "time" : {
        "start" : 1608640001218,
        "stop" : 1608640031178,
        "duration" : 29960
      }
    }, {
      "uid" : "4a7e2a08c42e1d73",
      "status" : "passed",
      "time" : {
        "start" : 1608639991902,
        "stop" : 1608640021721,
        "duration" : 29819
      }
    }, {
      "uid" : "a7983b9696b2b4af",
      "status" : "passed",
      "time" : {
        "start" : 1608639966415,
        "stop" : 1608640000755,
        "duration" : 34340
      }
    }, {
      "uid" : "d1af890d4e3dde5e",
      "status" : "passed",
      "time" : {
        "start" : 1608639966254,
        "stop" : 1608640003267,
        "duration" : 37013
      }
    }, {
      "uid" : "d7dc4c17d4a4506a",
      "status" : "passed",
      "time" : {
        "start" : 1608639966238,
        "stop" : 1608640000078,
        "duration" : 33840
      }
    }, {
      "uid" : "9d8e519c86225c39",
      "status" : "passed",
      "time" : {
        "start" : 1608639966237,
        "stop" : 1608639995414,
        "duration" : 29177
      }
    }, {
      "uid" : "cae0a42318bff486",
      "status" : "failed",
      "statusDetails" : "AssertionError: FAILED SUB-STEP: And type \"random\" in email field\nSubstep info: Traceback (most recent call last):\n  File \"/Library/Frameworks/Python.framework/Versions/3.8/lib/python3.8/site-packages/behave/model.py\", line 1329, in run\n    match.run(runner.context)\n  File \"/Library/Frameworks/Python.framework/Versions/3.8/lib/python3.8/site-packages/behave/matchers.py\", line 98, in run\n    self.func(context, *args, **kwargs)\n  File \"features/steps/basic_steps.py\", line 24, in step_impl\n    context.current_page.type_in(field_name, text)\n  File \"/Users/kardash/Developer/fitness-automation/features/pages/base_page.py\", line 29, in type_in\n    element = self.get_clickable_element(element_name)\n  File \"/Users/kardash/Developer/fitness-automation/features/pages/base_page.py\", line 57, in get_clickable_element\n    return WebDriverWait(self.driver, timeout).until(\n  File \"/Library/Frameworks/Python.framework/Versions/3.8/lib/python3.8/site-packages/selenium/webdriver/support/wait.py\", line 80, in until\n    raise TimeoutException(message, screen, stacktrace)\nselenium.common.exceptions.TimeoutException: Message: Unable to locate element: email field\n\n\nTraceback (of failed substep):\n  File \"/Library/Frameworks/Python.framework/Versions/3.8/lib/python3.8/site-packages/behave/model.py\", line 1329, in run\n    match.run(runner.context)\n  File \"/Library/Frameworks/Python.framework/Versions/3.8/lib/python3.8/site-packages/behave/matchers.py\", line 98, in run\n    self.func(context, *args, **kwargs)\n  File \"features/steps/basic_steps.py\", line 24, in step_impl\n    context.current_page.type_in(field_name, text)\n  File \"/Users/kardash/Developer/fitness-automation/features/pages/base_page.py\", line 29, in type_in\n    element = self.get_clickable_element(element_name)\n  File \"/Users/kardash/Developer/fitness-automation/features/pages/base_page.py\", line 57, in get_clickable_element\n    return WebDriverWait(self.driver, timeout).until(\n  File \"/Library/Frameworks/Python.framework/Versions/3.8/lib/python3.8/site-packages/selenium/webdriver/support/wait.py\", line 80, in until\n    raise TimeoutException(message, screen, stacktrace)\n\n",
      "time" : {
        "start" : 1608639966237,
        "stop" : 1608639985142,
        "duration" : 18905
      }
    }, {
      "uid" : "495a142908942e91",
      "status" : "broken",
      "statusDetails" : "TypeError: Object of type timedelta is not JSON serializable\n",
      "time" : {
        "start" : 1608639151543,
        "stop" : 1608639170044,
        "duration" : 18501
      }
    }, {
      "uid" : "3cb8ad073315617f",
      "status" : "broken",
      "statusDetails" : "TypeError: Object of type timedelta is not JSON serializable\n",
      "time" : {
        "start" : 1608639084874,
        "stop" : 1608639108814,
        "duration" : 23940
      }
    }, {
      "uid" : "793d6e930977ab32",
      "status" : "broken",
      "statusDetails" : "TypeError: Object of type timedelta is not JSON serializable\n",
      "time" : {
        "start" : 1608639082694,
        "stop" : 1608639108068,
        "duration" : 25374
      }
    }, {
      "uid" : "d4f3431ac43992d5",
      "status" : "broken",
      "statusDetails" : "TypeError: Object of type timedelta is not JSON serializable\n",
      "time" : {
        "start" : 1608639079522,
        "stop" : 1608639108655,
        "duration" : 29133
      }
    }, {
      "uid" : "c4a27cf0f321e3d3",
      "status" : "broken",
      "statusDetails" : "TypeError: Object of type timedelta is not JSON serializable\n",
      "time" : {
        "start" : 1608639079397,
        "stop" : 1608639107540,
        "duration" : 28143
      }
    }, {
      "uid" : "18da6d2ae3047014",
      "status" : "broken",
      "statusDetails" : "TypeError: Object of type timedelta is not JSON serializable\n",
      "time" : {
        "start" : 1608639079395,
        "stop" : 1608639109016,
        "duration" : 29621
      }
    }, {
      "uid" : "c0d9beaf9e31355f",
      "status" : "broken",
      "statusDetails" : "TypeError: Object of type timedelta is not JSON serializable\n",
      "time" : {
        "start" : 1608639069649,
        "stop" : 1608639078016,
        "duration" : 8367
      }
    }, {
      "uid" : "fec94def3d6bfa28",
      "status" : "broken",
      "statusDetails" : "TypeError: Object of type timedelta is not JSON serializable\n",
      "time" : {
        "start" : 1608639069649,
        "stop" : 1608639079336,
        "duration" : 9687
      }
    }, {
      "uid" : "4467e06d90bd6c49",
      "status" : "failed",
      "statusDetails" : "AssertionError: FAILED SUB-STEP: And type \"random\" in email field\nSubstep info: Traceback (most recent call last):\n  File \"/Library/Frameworks/Python.framework/Versions/3.8/lib/python3.8/site-packages/behave/model.py\", line 1329, in run\n    match.run(runner.context)\n  File \"/Library/Frameworks/Python.framework/Versions/3.8/lib/python3.8/site-packages/behave/matchers.py\", line 98, in run\n    self.func(context, *args, **kwargs)\n  File \"features/steps/basic_steps.py\", line 24, in step_impl\n    context.current_page.type_in(field_name, text)\n  File \"/Users/kardash/Developer/fitness-automation/features/pages/base_page.py\", line 29, in type_in\n    element = self.get_clickable_element(element_name)\n  File \"/Users/kardash/Developer/fitness-automation/features/pages/base_page.py\", line 57, in get_clickable_element\n    return WebDriverWait(self.driver, timeout).until(\n  File \"/Library/Frameworks/Python.framework/Versions/3.8/lib/python3.8/site-packages/selenium/webdriver/support/wait.py\", line 80, in until\n    raise TimeoutException(message, screen, stacktrace)\nselenium.common.exceptions.TimeoutException: Message: Unable to locate element: email field\n\n\nTraceback (of failed substep):\n  File \"/Library/Frameworks/Python.framework/Versions/3.8/lib/python3.8/site-packages/behave/model.py\", line 1329, in run\n    match.run(runner.context)\n  File \"/Library/Frameworks/Python.framework/Versions/3.8/lib/python3.8/site-packages/behave/matchers.py\", line 98, in run\n    self.func(context, *args, **kwargs)\n  File \"features/steps/basic_steps.py\", line 24, in step_impl\n    context.current_page.type_in(field_name, text)\n  File \"/Users/kardash/Developer/fitness-automation/features/pages/base_page.py\", line 29, in type_in\n    element = self.get_clickable_element(element_name)\n  File \"/Users/kardash/Developer/fitness-automation/features/pages/base_page.py\", line 57, in get_clickable_element\n    return WebDriverWait(self.driver, timeout).until(\n  File \"/Library/Frameworks/Python.framework/Versions/3.8/lib/python3.8/site-packages/selenium/webdriver/support/wait.py\", line 80, in until\n    raise TimeoutException(message, screen, stacktrace)\n\n",
      "time" : {
        "start" : 1608639053514,
        "stop" : 1608639074162,
        "duration" : 20648
      }
    }, {
      "uid" : "54b95ceb81a752b0",
      "status" : "broken",
      "statusDetails" : "TypeError: Object of type timedelta is not JSON serializable\n",
      "time" : {
        "start" : 1608639053472,
        "stop" : 1608639065807,
        "duration" : 12335
      }
    }, {
      "uid" : "a250d3a653b1ec4b",
      "status" : "broken",
      "statusDetails" : "TypeError: Object of type timedelta is not JSON serializable\n",
      "time" : {
        "start" : 1608639053465,
        "stop" : 1608639065952,
        "duration" : 12487
      }
    }, {
      "uid" : "fc98e7d17e79492f",
      "status" : "failed",
      "statusDetails" : "AssertionError: FAILED SUB-STEP: And type \"random\" in email field\nSubstep info: Traceback (most recent call last):\n  File \"/Library/Frameworks/Python.framework/Versions/3.8/lib/python3.8/site-packages/behave/model.py\", line 1329, in run\n    match.run(runner.context)\n  File \"/Library/Frameworks/Python.framework/Versions/3.8/lib/python3.8/site-packages/behave/matchers.py\", line 98, in run\n    self.func(context, *args, **kwargs)\n  File \"features/steps/basic_steps.py\", line 24, in step_impl\n    context.current_page.type_in(field_name, text)\n  File \"/Users/kardash/Developer/fitness-automation/features/pages/base_page.py\", line 29, in type_in\n    element = self.get_clickable_element(element_name)\n  File \"/Users/kardash/Developer/fitness-automation/features/pages/base_page.py\", line 57, in get_clickable_element\n    return WebDriverWait(self.driver, timeout).until(\n  File \"/Library/Frameworks/Python.framework/Versions/3.8/lib/python3.8/site-packages/selenium/webdriver/support/wait.py\", line 80, in until\n    raise TimeoutException(message, screen, stacktrace)\nselenium.common.exceptions.TimeoutException: Message: Unable to locate element: email field\n\n\nTraceback (of failed substep):\n  File \"/Library/Frameworks/Python.framework/Versions/3.8/lib/python3.8/site-packages/behave/model.py\", line 1329, in run\n    match.run(runner.context)\n  File \"/Library/Frameworks/Python.framework/Versions/3.8/lib/python3.8/site-packages/behave/matchers.py\", line 98, in run\n    self.func(context, *args, **kwargs)\n  File \"features/steps/basic_steps.py\", line 24, in step_impl\n    context.current_page.type_in(field_name, text)\n  File \"/Users/kardash/Developer/fitness-automation/features/pages/base_page.py\", line 29, in type_in\n    element = self.get_clickable_element(element_name)\n  File \"/Users/kardash/Developer/fitness-automation/features/pages/base_page.py\", line 57, in get_clickable_element\n    return WebDriverWait(self.driver, timeout).until(\n  File \"/Library/Frameworks/Python.framework/Versions/3.8/lib/python3.8/site-packages/selenium/webdriver/support/wait.py\", line 80, in until\n    raise TimeoutException(message, screen, stacktrace)\n\n",
      "time" : {
        "start" : 1608639053465,
        "stop" : 1608639074876,
        "duration" : 21411
      }
    }, {
      "uid" : "6f621d3cd5730f66",
      "status" : "failed",
      "statusDetails" : "AssertionError: FAILED SUB-STEP: And type \"random\" in email field\nSubstep info: Traceback (most recent call last):\n  File \"/Library/Frameworks/Python.framework/Versions/3.8/lib/python3.8/site-packages/behave/model.py\", line 1329, in run\n    match.run(runner.context)\n  File \"/Library/Frameworks/Python.framework/Versions/3.8/lib/python3.8/site-packages/behave/matchers.py\", line 98, in run\n    self.func(context, *args, **kwargs)\n  File \"features/steps/basic_steps.py\", line 24, in step_impl\n    context.current_page.type_in(field_name, text)\n  File \"/Users/kardash/Developer/fitness-automation/features/pages/base_page.py\", line 29, in type_in\n    element = self.get_clickable_element(element_name)\n  File \"/Users/kardash/Developer/fitness-automation/features/pages/base_page.py\", line 57, in get_clickable_element\n    return WebDriverWait(self.driver, timeout).until(\n  File \"/Library/Frameworks/Python.framework/Versions/3.8/lib/python3.8/site-packages/selenium/webdriver/support/wait.py\", line 80, in until\n    raise TimeoutException(message, screen, stacktrace)\nselenium.common.exceptions.TimeoutException: Message: Unable to locate element: email field\n\n\nTraceback (of failed substep):\n  File \"/Library/Frameworks/Python.framework/Versions/3.8/lib/python3.8/site-packages/behave/model.py\", line 1329, in run\n    match.run(runner.context)\n  File \"/Library/Frameworks/Python.framework/Versions/3.8/lib/python3.8/site-packages/behave/matchers.py\", line 98, in run\n    self.func(context, *args, **kwargs)\n  File \"features/steps/basic_steps.py\", line 24, in step_impl\n    context.current_page.type_in(field_name, text)\n  File \"/Users/kardash/Developer/fitness-automation/features/pages/base_page.py\", line 29, in type_in\n    element = self.get_clickable_element(element_name)\n  File \"/Users/kardash/Developer/fitness-automation/features/pages/base_page.py\", line 57, in get_clickable_element\n    return WebDriverWait(self.driver, timeout).until(\n  File \"/Library/Frameworks/Python.framework/Versions/3.8/lib/python3.8/site-packages/selenium/webdriver/support/wait.py\", line 80, in until\n    raise TimeoutException(message, screen, stacktrace)\n\n",
      "time" : {
        "start" : 1608639053465,
        "stop" : 1608639074084,
        "duration" : 20619
      }
    }, {
      "uid" : "8ee94a99ff3e5ef9",
      "status" : "broken",
      "statusDetails" : "TypeError: Object of type timedelta is not JSON serializable\n",
      "time" : {
        "start" : 1608638886242,
        "stop" : 1608638922287,
        "duration" : 36045
      }
    }, {
      "uid" : "f1c7ac3aadb57596",
      "status" : "passed",
      "time" : {
        "start" : 1608637325160,
        "stop" : 1608637344808,
        "duration" : 19648
      }
    }, {
      "uid" : "97ac7ed9550a0cd7",
      "status" : "passed",
      "time" : {
        "start" : 1608637286598,
        "stop" : 1608637322424,
        "duration" : 35826
      }
    }, {
      "uid" : "798112ce8c76d8e4",
      "status" : "passed",
      "time" : {
        "start" : 1608637263723,
        "stop" : 1608637283388,
        "duration" : 19665
      }
    }, {
      "uid" : "f0b93a4bd5052cb7",
      "status" : "passed",
      "time" : {
        "start" : 1608637230429,
        "stop" : 1608637260970,
        "duration" : 30541
      }
    }, {
      "uid" : "574a6ea48170077e",
      "status" : "passed",
      "time" : {
        "start" : 1608637205597,
        "stop" : 1608637227450,
        "duration" : 21853
      }
    }, {
      "uid" : "26e403c282644ba2",
      "status" : "passed",
      "time" : {
        "start" : 1608637165588,
        "stop" : 1608637202253,
        "duration" : 36665
      }
    }, {
      "uid" : "3a5c041a0672df74",
      "status" : "passed",
      "time" : {
        "start" : 1608637141148,
        "stop" : 1608637160507,
        "duration" : 19359
      }
    }, {
      "uid" : "b2c4efff73f0702",
      "status" : "passed",
      "time" : {
        "start" : 1608637102837,
        "stop" : 1608637138199,
        "duration" : 35362
      }
    }, {
      "uid" : "584a17ad0f91c287",
      "status" : "passed",
      "time" : {
        "start" : 1608637074719,
        "stop" : 1608637099370,
        "duration" : 24651
      }
    }, {
      "uid" : "17eae794a79d4213",
      "status" : "passed",
      "time" : {
        "start" : 1608637043151,
        "stop" : 1608637071846,
        "duration" : 28695
      }
    }, {
      "uid" : "bf6332621c20ffda",
      "status" : "passed",
      "time" : {
        "start" : 1608637020040,
        "stop" : 1608637040193,
        "duration" : 20153
      }
    }, {
      "uid" : "cd818a65426805c8",
      "status" : "passed",
      "time" : {
        "start" : 1608636997192,
        "stop" : 1608637017190,
        "duration" : 19998
      }
    }, {
      "uid" : "e7ace98e1fe52b6c",
      "status" : "passed",
      "time" : {
        "start" : 1608636973885,
        "stop" : 1608636994005,
        "duration" : 20120
      }
    }, {
      "uid" : "cc0ce4c0dc29db86",
      "status" : "passed",
      "time" : {
        "start" : 1608636950726,
        "stop" : 1608636970294,
        "duration" : 19568
      }
    }, {
      "uid" : "9fc645ed0412a949",
      "status" : "passed",
      "time" : {
        "start" : 1608636926725,
        "stop" : 1608636947825,
        "duration" : 21100
      }
    }, {
      "uid" : "67fdd757039c26b6",
      "status" : "passed",
      "time" : {
        "start" : 1608636899176,
        "stop" : 1608636923699,
        "duration" : 24523
      }
    }, {
      "uid" : "2538910c608b472b",
      "status" : "passed",
      "time" : {
        "start" : 1608636875202,
        "stop" : 1608636896490,
        "duration" : 21288
      }
    }, {
      "uid" : "fb6bf83553c79c0c",
      "status" : "passed",
      "time" : {
        "start" : 1608636851521,
        "stop" : 1608636871337,
        "duration" : 19816
      }
    }, {
      "uid" : "3a0f741addb235f6",
      "status" : "passed",
      "time" : {
        "start" : 1608636828592,
        "stop" : 1608636848418,
        "duration" : 19826
      }
    }, {
      "uid" : "f7546d06dfbc720d",
      "status" : "passed",
      "time" : {
        "start" : 1608636798106,
        "stop" : 1608636818667,
        "duration" : 20561
      }
    }, {
      "uid" : "216f182a71a873f5",
      "status" : "passed",
      "time" : {
        "start" : 1608636770970,
        "stop" : 1608636795012,
        "duration" : 24042
      }
    }, {
      "uid" : "b16d07688d0a26e1",
      "status" : "passed",
      "time" : {
        "start" : 1608636749136,
        "stop" : 1608636768126,
        "duration" : 18990
      }
    }, {
      "uid" : "bac7dd1795729b33",
      "status" : "passed",
      "time" : {
        "start" : 1608636725366,
        "stop" : 1608636746277,
        "duration" : 20911
      }
    }, {
      "uid" : "c35c02cc18976402",
      "status" : "passed",
      "time" : {
        "start" : 1608636702669,
        "stop" : 1608636722607,
        "duration" : 19938
      }
    }, {
      "uid" : "8de1ea9e3dde592",
      "status" : "passed",
      "time" : {
        "start" : 1608636677861,
        "stop" : 1608636699862,
        "duration" : 22001
      }
    }, {
      "uid" : "d8ae584abb43e1b9",
      "status" : "passed",
      "time" : {
        "start" : 1608636655792,
        "stop" : 1608636674608,
        "duration" : 18816
      }
    }, {
      "uid" : "4213ae801476de93",
      "status" : "passed",
      "time" : {
        "start" : 1608636633245,
        "stop" : 1608636652548,
        "duration" : 19303
      }
    }, {
      "uid" : "a9e459a6775a7111",
      "status" : "passed",
      "time" : {
        "start" : 1608636612151,
        "stop" : 1608636630298,
        "duration" : 18147
      }
    }, {
      "uid" : "656d68ed4adfcd85",
      "status" : "passed",
      "time" : {
        "start" : 1608636585667,
        "stop" : 1608636608738,
        "duration" : 23071
      }
    }, {
      "uid" : "46c83125baac7132",
      "status" : "passed",
      "time" : {
        "start" : 1608636560640,
        "stop" : 1608636582056,
        "duration" : 21416
      }
    }, {
      "uid" : "2fc5e2009504f742",
      "status" : "passed",
      "time" : {
        "start" : 1608636537844,
        "stop" : 1608636557526,
        "duration" : 19682
      }
    }, {
      "uid" : "6dbcc58f50138980",
      "status" : "passed",
      "time" : {
        "start" : 1608636391681,
        "stop" : 1608636411606,
        "duration" : 19925
      }
    }, {
      "uid" : "f32763a239fc7fd9",
      "status" : "passed",
      "time" : {
        "start" : 1608636370642,
        "stop" : 1608636388485,
        "duration" : 17843
      }
    }, {
      "uid" : "b16454c10002da5",
      "status" : "passed",
      "time" : {
        "start" : 1608636349082,
        "stop" : 1608636367511,
        "duration" : 18429
      }
    }, {
      "uid" : "97ae3a5b4784f016",
      "status" : "passed",
      "time" : {
        "start" : 1608636317942,
        "stop" : 1608636343726,
        "duration" : 25784
      }
    }, {
      "uid" : "417f381223e8e190",
      "status" : "broken",
      "statusDetails" : "selenium.common.exceptions.TimeoutException: Message: Unable to locate element: \"cancel button\"\n\n",
      "time" : {
        "start" : 1608636246374,
        "stop" : 1608636313593,
        "duration" : 67219
      }
    }, {
      "uid" : "92517e4203a99fb7",
      "status" : "passed",
      "time" : {
        "start" : 1608636222047,
        "stop" : 1608636243123,
        "duration" : 21076
      }
    }, {
      "uid" : "bc1948bb9695b432",
      "status" : "passed",
      "time" : {
        "start" : 1608636197770,
        "stop" : 1608636218392,
        "duration" : 20622
      }
    }, {
      "uid" : "5734464b2f609305",
      "status" : "passed",
      "time" : {
        "start" : 1608636173568,
        "stop" : 1608636194341,
        "duration" : 20773
      }
    }, {
      "uid" : "ed54779fbb96338",
      "status" : "passed",
      "time" : {
        "start" : 1608636151204,
        "stop" : 1608636170483,
        "duration" : 19279
      }
    }, {
      "uid" : "472c6c6cf31d993",
      "status" : "passed",
      "time" : {
        "start" : 1608636129437,
        "stop" : 1608636148148,
        "duration" : 18711
      }
    }, {
      "uid" : "64bde15be1b9f709",
      "status" : "passed",
      "time" : {
        "start" : 1608636105687,
        "stop" : 1608636126271,
        "duration" : 20584
      }
    }, {
      "uid" : "ffc9bbc24b977f5d",
      "status" : "passed",
      "time" : {
        "start" : 1608636079872,
        "stop" : 1608636102024,
        "duration" : 22152
      }
    }, {
      "uid" : "220275e1dec891b1",
      "status" : "passed",
      "time" : {
        "start" : 1608636052065,
        "stop" : 1608636076572,
        "duration" : 24507
      }
    }, {
      "uid" : "a2450a476050d949",
      "status" : "passed",
      "time" : {
        "start" : 1608636030516,
        "stop" : 1608636048804,
        "duration" : 18288
      }
    }, {
      "uid" : "ec8cb9d1e333ae9a",
      "status" : "passed",
      "time" : {
        "start" : 1608636009216,
        "stop" : 1608636027123,
        "duration" : 17907
      }
    }, {
      "uid" : "957a628c5869daaa",
      "status" : "passed",
      "time" : {
        "start" : 1608635986664,
        "stop" : 1608636005957,
        "duration" : 19293
      }
    }, {
      "uid" : "3505ac104999905b",
      "status" : "passed",
      "time" : {
        "start" : 1608635965839,
        "stop" : 1608635983145,
        "duration" : 17306
      }
    }, {
      "uid" : "160d764bfb9ba69",
      "status" : "passed",
      "time" : {
        "start" : 1608635940327,
        "stop" : 1608635962324,
        "duration" : 21997
      }
    }, {
      "uid" : "832c246d0bc8e181",
      "status" : "passed",
      "time" : {
        "start" : 1608635916236,
        "stop" : 1608635937187,
        "duration" : 20951
      }
    }, {
      "uid" : "6f2d35a82c53158a",
      "status" : "passed",
      "time" : {
        "start" : 1608635896064,
        "stop" : 1608635912907,
        "duration" : 16843
      }
    }, {
      "uid" : "9cb68bef0e6fe5f2",
      "status" : "passed",
      "time" : {
        "start" : 1608635875663,
        "stop" : 1608635892787,
        "duration" : 17124
      }
    }, {
      "uid" : "1693923bc68c5ee7",
      "status" : "passed",
      "time" : {
        "start" : 1608635845190,
        "stop" : 1608635872178,
        "duration" : 26988
      }
    }, {
      "uid" : "36cb412b7a01283c",
      "status" : "failed",
      "statusDetails" : "AssertionError: FAILED SUB-STEP: And click on email field\nSubstep info: Traceback (most recent call last):\n  File \"/Library/Frameworks/Python.framework/Versions/3.8/lib/python3.8/site-packages/behave/model.py\", line 1329, in run\n    match.run(runner.context)\n  File \"/Library/Frameworks/Python.framework/Versions/3.8/lib/python3.8/site-packages/behave/matchers.py\", line 98, in run\n    self.func(context, *args, **kwargs)\n  File \"features/steps/basic_steps.py\", line 17, in step_impl\n    context.current_page.click_on(element_name)\n  File \"/Users/kardash/Developer/fitness-automation/features/pages/base_page.py\", line 22, in click_on\n    element = self.get_clickable_element(element_name)\n  File \"/Users/kardash/Developer/fitness-automation/features/pages/base_page.py\", line 57, in get_clickable_element\n    return WebDriverWait(self.driver, timeout).until(\n  File \"/Library/Frameworks/Python.framework/Versions/3.8/lib/python3.8/site-packages/selenium/webdriver/support/wait.py\", line 80, in until\n    raise TimeoutException(message, screen, stacktrace)\nselenium.common.exceptions.TimeoutException: Message: Unable to locate element: email field\n\n\nTraceback (of failed substep):\n  File \"/Library/Frameworks/Python.framework/Versions/3.8/lib/python3.8/site-packages/behave/model.py\", line 1329, in run\n    match.run(runner.context)\n  File \"/Library/Frameworks/Python.framework/Versions/3.8/lib/python3.8/site-packages/behave/matchers.py\", line 98, in run\n    self.func(context, *args, **kwargs)\n  File \"features/steps/basic_steps.py\", line 17, in step_impl\n    context.current_page.click_on(element_name)\n  File \"/Users/kardash/Developer/fitness-automation/features/pages/base_page.py\", line 22, in click_on\n    element = self.get_clickable_element(element_name)\n  File \"/Users/kardash/Developer/fitness-automation/features/pages/base_page.py\", line 57, in get_clickable_element\n    return WebDriverWait(self.driver, timeout).until(\n  File \"/Library/Frameworks/Python.framework/Versions/3.8/lib/python3.8/site-packages/selenium/webdriver/support/wait.py\", line 80, in until\n    raise TimeoutException(message, screen, stacktrace)\n\n",
      "time" : {
        "start" : 1608635825532,
        "stop" : 1608635841822,
        "duration" : 16290
      }
    }, {
      "uid" : "8c0c14f04ce0f749",
      "status" : "failed",
      "statusDetails" : "AssertionError: FAILED SUB-STEP: And click on email field\nSubstep info: Traceback (most recent call last):\n  File \"/Library/Frameworks/Python.framework/Versions/3.8/lib/python3.8/site-packages/behave/model.py\", line 1329, in run\n    match.run(runner.context)\n  File \"/Library/Frameworks/Python.framework/Versions/3.8/lib/python3.8/site-packages/behave/matchers.py\", line 98, in run\n    self.func(context, *args, **kwargs)\n  File \"features/steps/basic_steps.py\", line 17, in step_impl\n    context.current_page.click_on(element_name)\n  File \"/Users/kardash/Developer/fitness-automation/features/pages/base_page.py\", line 22, in click_on\n    element = self.get_clickable_element(element_name)\n  File \"/Users/kardash/Developer/fitness-automation/features/pages/base_page.py\", line 57, in get_clickable_element\n    return WebDriverWait(self.driver, timeout).until(\n  File \"/Library/Frameworks/Python.framework/Versions/3.8/lib/python3.8/site-packages/selenium/webdriver/support/wait.py\", line 80, in until\n    raise TimeoutException(message, screen, stacktrace)\nselenium.common.exceptions.TimeoutException: Message: Unable to locate element: email field\n\n\nTraceback (of failed substep):\n  File \"/Library/Frameworks/Python.framework/Versions/3.8/lib/python3.8/site-packages/behave/model.py\", line 1329, in run\n    match.run(runner.context)\n  File \"/Library/Frameworks/Python.framework/Versions/3.8/lib/python3.8/site-packages/behave/matchers.py\", line 98, in run\n    self.func(context, *args, **kwargs)\n  File \"features/steps/basic_steps.py\", line 17, in step_impl\n    context.current_page.click_on(element_name)\n  File \"/Users/kardash/Developer/fitness-automation/features/pages/base_page.py\", line 22, in click_on\n    element = self.get_clickable_element(element_name)\n  File \"/Users/kardash/Developer/fitness-automation/features/pages/base_page.py\", line 57, in get_clickable_element\n    return WebDriverWait(self.driver, timeout).until(\n  File \"/Library/Frameworks/Python.framework/Versions/3.8/lib/python3.8/site-packages/selenium/webdriver/support/wait.py\", line 80, in until\n    raise TimeoutException(message, screen, stacktrace)\n\n",
      "time" : {
        "start" : 1608635805586,
        "stop" : 1608635821858,
        "duration" : 16272
      }
    }, {
      "uid" : "867b05bebc1cad68",
      "status" : "broken",
      "statusDetails" : "selenium.common.exceptions.TimeoutException: Message: Unable to locate element: \"cancel button\"\n\n",
      "time" : {
        "start" : 1608635736132,
        "stop" : 1608635802420,
        "duration" : 66288
      }
    }, {
      "uid" : "bc4e90a1294ee009",
      "status" : "failed",
      "statusDetails" : "AssertionError: FAILED SUB-STEP: And click on email field\nSubstep info: Traceback (most recent call last):\n  File \"/Library/Frameworks/Python.framework/Versions/3.8/lib/python3.8/site-packages/behave/model.py\", line 1329, in run\n    match.run(runner.context)\n  File \"/Library/Frameworks/Python.framework/Versions/3.8/lib/python3.8/site-packages/behave/matchers.py\", line 98, in run\n    self.func(context, *args, **kwargs)\n  File \"features/steps/basic_steps.py\", line 17, in step_impl\n    context.current_page.click_on(element_name)\n  File \"/Users/kardash/Developer/fitness-automation/features/pages/base_page.py\", line 22, in click_on\n    element = self.get_clickable_element(element_name)\n  File \"/Users/kardash/Developer/fitness-automation/features/pages/base_page.py\", line 57, in get_clickable_element\n    return WebDriverWait(self.driver, timeout).until(\n  File \"/Library/Frameworks/Python.framework/Versions/3.8/lib/python3.8/site-packages/selenium/webdriver/support/wait.py\", line 80, in until\n    raise TimeoutException(message, screen, stacktrace)\nselenium.common.exceptions.TimeoutException: Message: Unable to locate element: email field\n\n\nTraceback (of failed substep):\n  File \"/Library/Frameworks/Python.framework/Versions/3.8/lib/python3.8/site-packages/behave/model.py\", line 1329, in run\n    match.run(runner.context)\n  File \"/Library/Frameworks/Python.framework/Versions/3.8/lib/python3.8/site-packages/behave/matchers.py\", line 98, in run\n    self.func(context, *args, **kwargs)\n  File \"features/steps/basic_steps.py\", line 17, in step_impl\n    context.current_page.click_on(element_name)\n  File \"/Users/kardash/Developer/fitness-automation/features/pages/base_page.py\", line 22, in click_on\n    element = self.get_clickable_element(element_name)\n  File \"/Users/kardash/Developer/fitness-automation/features/pages/base_page.py\", line 57, in get_clickable_element\n    return WebDriverWait(self.driver, timeout).until(\n  File \"/Library/Frameworks/Python.framework/Versions/3.8/lib/python3.8/site-packages/selenium/webdriver/support/wait.py\", line 80, in until\n    raise TimeoutException(message, screen, stacktrace)\n\n",
      "time" : {
        "start" : 1608635716906,
        "stop" : 1608635732847,
        "duration" : 15941
      }
    }, {
      "uid" : "41936ef681de2e09",
      "status" : "passed",
      "time" : {
        "start" : 1608635665390,
        "stop" : 1608635713685,
        "duration" : 48295
      }
    }, {
      "uid" : "440254867df2890d",
      "status" : "passed",
      "time" : {
        "start" : 1608635644078,
        "stop" : 1608635661824,
        "duration" : 17746
      }
    }, {
      "uid" : "30cc4f5670fd896b",
      "status" : "passed",
      "time" : {
        "start" : 1608635623356,
        "stop" : 1608635640949,
        "duration" : 17593
      }
    }, {
      "uid" : "b6d7c3465e92237a",
      "status" : "passed",
      "time" : {
        "start" : 1608635592941,
        "stop" : 1608635619702,
        "duration" : 26761
      }
    }, {
      "uid" : "eb7d79d16ba680bf",
      "status" : "passed",
      "time" : {
        "start" : 1608635568907,
        "stop" : 1608635589584,
        "duration" : 20677
      }
    }, {
      "uid" : "f92e4910430a49e3",
      "status" : "broken",
      "statusDetails" : "selenium.common.exceptions.NoSuchWindowException: Message: no such window: window was already closed\n  (Session info: chrome=87.0.4280.88)\n\n",
      "time" : {
        "start" : 1608635538534,
        "stop" : 1608635538549,
        "duration" : 15
      }
    }, {
      "uid" : "e2ad4ebf2befec51",
      "status" : "broken",
      "statusDetails" : "selenium.common.exceptions.NoSuchWindowException: Message: no such window: window was already closed\n  (Session info: chrome=87.0.4280.88)\n\n",
      "time" : {
        "start" : 1608635532708,
        "stop" : 1608635532727,
        "duration" : 19
      }
    }, {
      "uid" : "b552fb873489855e",
      "status" : "passed",
      "time" : {
        "start" : 1608635529725,
        "stop" : 1608635547436,
        "duration" : 17711
      }
    }, {
      "uid" : "2e91f3345f6871f5",
      "status" : "broken",
      "statusDetails" : "selenium.common.exceptions.NoSuchWindowException: Message: no such window: target window already closed\nfrom unknown error: web view not found\n  (Session info: chrome=87.0.4280.88)\n\n",
      "time" : {
        "start" : 1608635527638,
        "stop" : 1608635533575,
        "duration" : 5937
      }
    }, {
      "uid" : "95c2cde510f09491",
      "status" : "broken",
      "statusDetails" : "selenium.common.exceptions.NoSuchWindowException: Message: no such window: window was already closed\n  (Session info: chrome=87.0.4280.88)\n\n",
      "time" : {
        "start" : 1608635525425,
        "stop" : 1608635525453,
        "duration" : 28
      }
    }, {
      "uid" : "43f9c10f70981f55",
      "status" : "broken",
      "statusDetails" : "selenium.common.exceptions.NoSuchWindowException: Message: no such window: target window already closed\nfrom unknown error: web view not found\n  (Session info: chrome=87.0.4280.88)\n\n",
      "time" : {
        "start" : 1608635525102,
        "stop" : 1608635527390,
        "duration" : 2288
      }
    }, {
      "uid" : "27161af848eb0629",
      "status" : "broken",
      "statusDetails" : "selenium.common.exceptions.NoSuchWindowException: Message: no such window: target window already closed\nfrom unknown error: web view not found\n  (Session info: chrome=87.0.4280.88)\n\n",
      "time" : {
        "start" : 1608635525050,
        "stop" : 1608635526519,
        "duration" : 1469
      }
    }, {
      "uid" : "b686207b03aad93d",
      "status" : "broken",
      "statusDetails" : "selenium.common.exceptions.NoSuchWindowException: Message: no such window: target window already closed\nfrom unknown error: web view not found\n  (Session info: chrome=87.0.4280.88)\n\n",
      "time" : {
        "start" : 1608635524761,
        "stop" : 1608635535016,
        "duration" : 10255
      }
    }, {
      "uid" : "d85f692ff4868583",
      "status" : "broken",
      "statusDetails" : "selenium.common.exceptions.NoSuchWindowException: Message: no such window: target window already closed\nfrom unknown error: web view not found\n  (Session info: chrome=87.0.4280.88)\n\n",
      "time" : {
        "start" : 1608635524300,
        "stop" : 1608635531370,
        "duration" : 7070
      }
    }, {
      "uid" : "e386eaf128cbc9b6",
      "status" : "broken",
      "statusDetails" : "selenium.common.exceptions.NoSuchWindowException: Message: no such window: window was already closed\n  (Session info: chrome=87.0.4280.88)\n\n",
      "time" : {
        "start" : 1608635519295,
        "stop" : 1608635529054,
        "duration" : 9759
      }
    }, {
      "uid" : "13896ff2afedebc9",
      "status" : "broken",
      "statusDetails" : "selenium.common.exceptions.NoSuchWindowException: Message: no such window: window was already closed\n  (Session info: chrome=87.0.4280.88)\n\n",
      "time" : {
        "start" : 1608635517977,
        "stop" : 1608635518001,
        "duration" : 24
      }
    }, {
      "uid" : "197d1a274dc2913d",
      "status" : "broken",
      "statusDetails" : "selenium.common.exceptions.NoSuchWindowException: Message: no such window: window was already closed\n  (Session info: chrome=87.0.4280.88)\n\n",
      "time" : {
        "start" : 1608635502782,
        "stop" : 1608635521143,
        "duration" : 18361
      }
    }, {
      "uid" : "36241b97a0b84b1d",
      "status" : "broken",
      "statusDetails" : "selenium.common.exceptions.NoSuchWindowException: Message: no such window: window was already closed\n  (Session info: chrome=87.0.4280.88)\n\n",
      "time" : {
        "start" : 1608635497796,
        "stop" : 1608635530122,
        "duration" : 32326
      }
    }, {
      "uid" : "874670c10e48901d",
      "status" : "broken",
      "statusDetails" : "selenium.common.exceptions.NoSuchWindowException: Message: no such window: target window already closed\nfrom unknown error: web view not found\n  (Session info: chrome=87.0.4280.88)\n\n",
      "time" : {
        "start" : 1608635460595,
        "stop" : 1608635519923,
        "duration" : 59328
      }
    }, {
      "uid" : "c6644bd81c4abd82",
      "status" : "failed",
      "statusDetails" : "AssertionError: FAILED SUB-STEP: And click on email field\nSubstep info: Traceback (most recent call last):\n  File \"/Library/Frameworks/Python.framework/Versions/3.8/lib/python3.8/site-packages/behave/model.py\", line 1329, in run\n    match.run(runner.context)\n  File \"/Library/Frameworks/Python.framework/Versions/3.8/lib/python3.8/site-packages/behave/matchers.py\", line 98, in run\n    self.func(context, *args, **kwargs)\n  File \"features/steps/basic_steps.py\", line 17, in step_impl\n    context.current_page.click_on(element_name)\n  File \"/Users/kardash/Developer/fitness-automation/features/pages/base_page.py\", line 22, in click_on\n    element = self.get_clickable_element(element_name)\n  File \"/Users/kardash/Developer/fitness-automation/features/pages/base_page.py\", line 57, in get_clickable_element\n    return WebDriverWait(self.driver, timeout).until(\n  File \"/Library/Frameworks/Python.framework/Versions/3.8/lib/python3.8/site-packages/selenium/webdriver/support/wait.py\", line 80, in until\n    raise TimeoutException(message, screen, stacktrace)\nselenium.common.exceptions.TimeoutException: Message: Unable to locate element: email field\n\n\nTraceback (of failed substep):\n  File \"/Library/Frameworks/Python.framework/Versions/3.8/lib/python3.8/site-packages/behave/model.py\", line 1329, in run\n    match.run(runner.context)\n  File \"/Library/Frameworks/Python.framework/Versions/3.8/lib/python3.8/site-packages/behave/matchers.py\", line 98, in run\n    self.func(context, *args, **kwargs)\n  File \"features/steps/basic_steps.py\", line 17, in step_impl\n    context.current_page.click_on(element_name)\n  File \"/Users/kardash/Developer/fitness-automation/features/pages/base_page.py\", line 22, in click_on\n    element = self.get_clickable_element(element_name)\n  File \"/Users/kardash/Developer/fitness-automation/features/pages/base_page.py\", line 57, in get_clickable_element\n    return WebDriverWait(self.driver, timeout).until(\n  File \"/Library/Frameworks/Python.framework/Versions/3.8/lib/python3.8/site-packages/selenium/webdriver/support/wait.py\", line 80, in until\n    raise TimeoutException(message, screen, stacktrace)\n\n",
      "time" : {
        "start" : 1608635459900,
        "stop" : 1608635518140,
        "duration" : 58240
      }
    }, {
      "uid" : "a6d85e9d0d70d9dc",
      "status" : "broken",
      "statusDetails" : "selenium.common.exceptions.NoSuchWindowException: Message: no such window: target window already closed\nfrom unknown error: web view not found\n  (Session info: chrome=87.0.4280.88)\n\n",
      "time" : {
        "start" : 1608635459838,
        "stop" : 1608635518340,
        "duration" : 58502
      }
    }, {
      "uid" : "a6eaf614a0ced601",
      "status" : "broken",
      "statusDetails" : "AttributeError: 'NoneType' object has no attribute 'encode'\n",
      "time" : {
        "start" : 1608635458996,
        "stop" : 1608635515916,
        "duration" : 56920
      }
    }, {
      "uid" : "11ce136094cf696a",
      "status" : "failed",
      "statusDetails" : "AssertionError: FAILED SUB-STEP: And click on email field\nSubstep info: Traceback (most recent call last):\n  File \"/Library/Frameworks/Python.framework/Versions/3.8/lib/python3.8/site-packages/behave/model.py\", line 1329, in run\n    match.run(runner.context)\n  File \"/Library/Frameworks/Python.framework/Versions/3.8/lib/python3.8/site-packages/behave/matchers.py\", line 98, in run\n    self.func(context, *args, **kwargs)\n  File \"features/steps/basic_steps.py\", line 17, in step_impl\n    context.current_page.click_on(element_name)\n  File \"/Users/kardash/Developer/fitness-automation/features/pages/base_page.py\", line 22, in click_on\n    element = self.get_clickable_element(element_name)\n  File \"/Users/kardash/Developer/fitness-automation/features/pages/base_page.py\", line 57, in get_clickable_element\n    return WebDriverWait(self.driver, timeout).until(\n  File \"/Library/Frameworks/Python.framework/Versions/3.8/lib/python3.8/site-packages/selenium/webdriver/support/wait.py\", line 80, in until\n    raise TimeoutException(message, screen, stacktrace)\nselenium.common.exceptions.TimeoutException: Message: Unable to locate element: email field\n\n\nTraceback (of failed substep):\n  File \"/Library/Frameworks/Python.framework/Versions/3.8/lib/python3.8/site-packages/behave/model.py\", line 1329, in run\n    match.run(runner.context)\n  File \"/Library/Frameworks/Python.framework/Versions/3.8/lib/python3.8/site-packages/behave/matchers.py\", line 98, in run\n    self.func(context, *args, **kwargs)\n  File \"features/steps/basic_steps.py\", line 17, in step_impl\n    context.current_page.click_on(element_name)\n  File \"/Users/kardash/Developer/fitness-automation/features/pages/base_page.py\", line 22, in click_on\n    element = self.get_clickable_element(element_name)\n  File \"/Users/kardash/Developer/fitness-automation/features/pages/base_page.py\", line 57, in get_clickable_element\n    return WebDriverWait(self.driver, timeout).until(\n  File \"/Library/Frameworks/Python.framework/Versions/3.8/lib/python3.8/site-packages/selenium/webdriver/support/wait.py\", line 80, in until\n    raise TimeoutException(message, screen, stacktrace)\n\n",
      "time" : {
        "start" : 1608635458387,
        "stop" : 1608635493513,
        "duration" : 35126
      }
    }, {
      "uid" : "b8d760eba13aee34",
      "status" : "broken",
      "statusDetails" : "selenium.common.exceptions.NoSuchWindowException: Message: no such window: target window already closed\nfrom unknown error: web view not found\n  (Session info: chrome=87.0.4280.88)\n\n",
      "time" : {
        "start" : 1608635399467,
        "stop" : 1608635517513,
        "duration" : 118046
      }
    }, {
      "uid" : "fdb126ee784396f",
      "status" : "broken",
      "statusDetails" : "selenium.common.exceptions.NoSuchWindowException: Message: no such window: target window already closed\nfrom unknown error: web view not found\n  (Session info: chrome=87.0.4280.88)\n\n",
      "time" : {
        "start" : 1608635399440,
        "stop" : 1608635514751,
        "duration" : 115311
      }
    }, {
      "uid" : "fa1959e7f3f70638",
      "status" : "broken",
      "statusDetails" : "selenium.common.exceptions.NoSuchWindowException: Message: no such window: window was already closed\n  (Session info: chrome=87.0.4280.88)\n\n",
      "time" : {
        "start" : 1608635394592,
        "stop" : 1608635508476,
        "duration" : 113884
      }
    }, {
      "uid" : "3f43db9355cd60ed",
      "status" : "passed",
      "time" : {
        "start" : 1608635291609,
        "stop" : 1608635448014,
        "duration" : 156405
      }
    }, {
      "uid" : "6db37e0fcebdd444",
      "status" : "broken",
      "statusDetails" : "selenium.common.exceptions.NoSuchWindowException: Message: no such window: window was already closed\n  (Session info: chrome=87.0.4280.88)\n\n",
      "time" : {
        "start" : 1608635291607,
        "stop" : 1608635435842,
        "duration" : 144235
      }
    }, {
      "uid" : "eb813198b8897cff",
      "status" : "failed",
      "statusDetails" : "AssertionError: FAILED SUB-STEP: And type \"random\" in email field\nSubstep info: Traceback (most recent call last):\n  File \"/Library/Frameworks/Python.framework/Versions/3.8/lib/python3.8/site-packages/behave/model.py\", line 1329, in run\n    match.run(runner.context)\n  File \"/Library/Frameworks/Python.framework/Versions/3.8/lib/python3.8/site-packages/behave/matchers.py\", line 98, in run\n    self.func(context, *args, **kwargs)\n  File \"features/steps/basic_steps.py\", line 24, in step_impl\n    context.current_page.type_in(field_name, text)\n  File \"/Users/kardash/Developer/fitness-automation/features/pages/base_page.py\", line 29, in type_in\n    element = self.get_clickable_element(element_name)\n  File \"/Users/kardash/Developer/fitness-automation/features/pages/base_page.py\", line 57, in get_clickable_element\n    return WebDriverWait(self.driver, timeout).until(\n  File \"/Library/Frameworks/Python.framework/Versions/3.8/lib/python3.8/site-packages/selenium/webdriver/support/wait.py\", line 80, in until\n    raise TimeoutException(message, screen, stacktrace)\nselenium.common.exceptions.TimeoutException: Message: Unable to locate element: email field\n\n\nTraceback (of failed substep):\n  File \"/Library/Frameworks/Python.framework/Versions/3.8/lib/python3.8/site-packages/behave/model.py\", line 1329, in run\n    match.run(runner.context)\n  File \"/Library/Frameworks/Python.framework/Versions/3.8/lib/python3.8/site-packages/behave/matchers.py\", line 98, in run\n    self.func(context, *args, **kwargs)\n  File \"features/steps/basic_steps.py\", line 24, in step_impl\n    context.current_page.type_in(field_name, text)\n  File \"/Users/kardash/Developer/fitness-automation/features/pages/base_page.py\", line 29, in type_in\n    element = self.get_clickable_element(element_name)\n  File \"/Users/kardash/Developer/fitness-automation/features/pages/base_page.py\", line 57, in get_clickable_element\n    return WebDriverWait(self.driver, timeout).until(\n  File \"/Library/Frameworks/Python.framework/Versions/3.8/lib/python3.8/site-packages/selenium/webdriver/support/wait.py\", line 80, in until\n    raise TimeoutException(message, screen, stacktrace)\n\n",
      "time" : {
        "start" : 1608635291546,
        "stop" : 1608635387918,
        "duration" : 96372
      }
    }, {
      "uid" : "823ae058754f3c2c",
      "status" : "failed",
      "statusDetails" : "AssertionError: FAILED SUB-STEP: Then I am on cloudpayments page\nSubstep info: Traceback (most recent call last):\n  File \"/Library/Frameworks/Python.framework/Versions/3.8/lib/python3.8/site-packages/behave/model.py\", line 1329, in run\n    match.run(runner.context)\n  File \"/Library/Frameworks/Python.framework/Versions/3.8/lib/python3.8/site-packages/behave/matchers.py\", line 98, in run\n    self.func(context, *args, **kwargs)\n  File \"features/steps/basic_steps.py\", line 49, in init_screen\n    context.current_page = page_class(context.driver)\n  File \"/Users/kardash/Developer/fitness-automation/features/pages/base_page.py\", line 12, in __init__\n    self._verify_page()\n  File \"/Users/kardash/Developer/fitness-automation/features/pages/cloudpaymetns_page.py\", line 26, in _verify_page\n    self.on_this_page('iframe')\n  File \"/Users/kardash/Developer/fitness-automation/features/pages/base_page.py\", line 19, in on_this_page\n    self.get_element(element_name)\n  File \"/Users/kardash/Developer/fitness-automation/features/pages/base_page.py\", line 49, in get_element\n    return WebDriverWait(self.driver, timeout).until(\n  File \"/Library/Frameworks/Python.framework/Versions/3.8/lib/python3.8/site-packages/selenium/webdriver/support/wait.py\", line 80, in until\n    raise TimeoutException(message, screen, stacktrace)\nselenium.common.exceptions.TimeoutException: Message: Unable to locate element: \"iframe\"\n\n\nTraceback (of failed substep):\n  File \"/Library/Frameworks/Python.framework/Versions/3.8/lib/python3.8/site-packages/behave/model.py\", line 1329, in run\n    match.run(runner.context)\n  File \"/Library/Frameworks/Python.framework/Versions/3.8/lib/python3.8/site-packages/behave/matchers.py\", line 98, in run\n    self.func(context, *args, **kwargs)\n  File \"features/steps/basic_steps.py\", line 49, in init_screen\n    context.current_page = page_class(context.driver)\n  File \"/Users/kardash/Developer/fitness-automation/features/pages/base_page.py\", line 12, in __init__\n    self._verify_page()\n  File \"/Users/kardash/Developer/fitness-automation/features/pages/cloudpaymetns_page.py\", line 26, in _verify_page\n    self.on_this_page('iframe')\n  File \"/Users/kardash/Developer/fitness-automation/features/pages/base_page.py\", line 19, in on_this_page\n    self.get_element(element_name)\n  File \"/Users/kardash/Developer/fitness-automation/features/pages/base_page.py\", line 49, in get_element\n    return WebDriverWait(self.driver, timeout).until(\n  File \"/Library/Frameworks/Python.framework/Versions/3.8/lib/python3.8/site-packages/selenium/webdriver/support/wait.py\", line 80, in until\n    raise TimeoutException(message, screen, stacktrace)\n\n",
      "time" : {
        "start" : 1608635291321,
        "stop" : 1608635490964,
        "duration" : 199643
      }
    }, {
      "uid" : "851d56aa1e74f6f2",
      "status" : "broken",
      "statusDetails" : "selenium.common.exceptions.TimeoutException: Message: Unable to locate element: \"cancel button\"\n\n",
      "time" : {
        "start" : 1608635291216,
        "stop" : 1608635453482,
        "duration" : 162266
      }
    }, {
      "uid" : "d452793fb6037c52",
      "status" : "failed",
      "statusDetails" : "AssertionError: FAILED SUB-STEP: Given click on confirm checkbox\nSubstep info: Traceback (most recent call last):\n  File \"/Library/Frameworks/Python.framework/Versions/3.8/lib/python3.8/site-packages/behave/model.py\", line 1329, in run\n    match.run(runner.context)\n  File \"/Library/Frameworks/Python.framework/Versions/3.8/lib/python3.8/site-packages/behave/matchers.py\", line 98, in run\n    self.func(context, *args, **kwargs)\n  File \"features/steps/basic_steps.py\", line 17, in step_impl\n    context.current_page.click_on(element_name)\n  File \"/Users/kardash/Developer/fitness-automation/features/pages/base_page.py\", line 22, in click_on\n    element = self.get_clickable_element(element_name)\n  File \"/Users/kardash/Developer/fitness-automation/features/pages/base_page.py\", line 57, in get_clickable_element\n    return WebDriverWait(self.driver, timeout).until(\n  File \"/Library/Frameworks/Python.framework/Versions/3.8/lib/python3.8/site-packages/selenium/webdriver/support/wait.py\", line 80, in until\n    raise TimeoutException(message, screen, stacktrace)\nselenium.common.exceptions.TimeoutException: Message: Unable to locate element: confirm checkbox\n\n\nTraceback (of failed substep):\n  File \"/Library/Frameworks/Python.framework/Versions/3.8/lib/python3.8/site-packages/behave/model.py\", line 1329, in run\n    match.run(runner.context)\n  File \"/Library/Frameworks/Python.framework/Versions/3.8/lib/python3.8/site-packages/behave/matchers.py\", line 98, in run\n    self.func(context, *args, **kwargs)\n  File \"features/steps/basic_steps.py\", line 17, in step_impl\n    context.current_page.click_on(element_name)\n  File \"/Users/kardash/Developer/fitness-automation/features/pages/base_page.py\", line 22, in click_on\n    element = self.get_clickable_element(element_name)\n  File \"/Users/kardash/Developer/fitness-automation/features/pages/base_page.py\", line 57, in get_clickable_element\n    return WebDriverWait(self.driver, timeout).until(\n  File \"/Library/Frameworks/Python.framework/Versions/3.8/lib/python3.8/site-packages/selenium/webdriver/support/wait.py\", line 80, in until\n    raise TimeoutException(message, screen, stacktrace)\n\n",
      "time" : {
        "start" : 1608635291145,
        "stop" : 1608635388305,
        "duration" : 97160
      }
    }, {
      "uid" : "7a5a876b37622321",
      "status" : "failed",
      "statusDetails" : "AssertionError: FAILED SUB-STEP: And type \"random\" in email field\nSubstep info: Traceback (most recent call last):\n  File \"/Library/Frameworks/Python.framework/Versions/3.8/lib/python3.8/site-packages/behave/model.py\", line 1329, in run\n    match.run(runner.context)\n  File \"/Library/Frameworks/Python.framework/Versions/3.8/lib/python3.8/site-packages/behave/matchers.py\", line 98, in run\n    self.func(context, *args, **kwargs)\n  File \"features/steps/basic_steps.py\", line 24, in step_impl\n    context.current_page.type_in(field_name, text)\n  File \"/Users/kardash/Developer/fitness-automation/features/pages/base_page.py\", line 29, in type_in\n    element = self.get_clickable_element(element_name)\n  File \"/Users/kardash/Developer/fitness-automation/features/pages/base_page.py\", line 57, in get_clickable_element\n    return WebDriverWait(self.driver, timeout).until(\n  File \"/Library/Frameworks/Python.framework/Versions/3.8/lib/python3.8/site-packages/selenium/webdriver/support/wait.py\", line 80, in until\n    raise TimeoutException(message, screen, stacktrace)\nselenium.common.exceptions.TimeoutException: Message: Unable to locate element: email field\n\n\nTraceback (of failed substep):\n  File \"/Library/Frameworks/Python.framework/Versions/3.8/lib/python3.8/site-packages/behave/model.py\", line 1329, in run\n    match.run(runner.context)\n  File \"/Library/Frameworks/Python.framework/Versions/3.8/lib/python3.8/site-packages/behave/matchers.py\", line 98, in run\n    self.func(context, *args, **kwargs)\n  File \"features/steps/basic_steps.py\", line 24, in step_impl\n    context.current_page.type_in(field_name, text)\n  File \"/Users/kardash/Developer/fitness-automation/features/pages/base_page.py\", line 29, in type_in\n    element = self.get_clickable_element(element_name)\n  File \"/Users/kardash/Developer/fitness-automation/features/pages/base_page.py\", line 57, in get_clickable_element\n    return WebDriverWait(self.driver, timeout).until(\n  File \"/Library/Frameworks/Python.framework/Versions/3.8/lib/python3.8/site-packages/selenium/webdriver/support/wait.py\", line 80, in until\n    raise TimeoutException(message, screen, stacktrace)\n\n",
      "time" : {
        "start" : 1608635291040,
        "stop" : 1608635391739,
        "duration" : 100699
      }
    }, {
      "uid" : "8f0c9fd3d98b8043",
      "status" : "broken",
      "statusDetails" : "selenium.common.exceptions.TimeoutException: Message: Unable to locate element: cardnumber field\n\n",
      "time" : {
        "start" : 1608635291029,
        "stop" : 1608635472767,
        "duration" : 181738
      }
    }, {
      "uid" : "c74616ef143babf",
      "status" : "passed",
      "time" : {
        "start" : 1608635290988,
        "stop" : 1608635416885,
        "duration" : 125897
      }
    }, {
      "uid" : "db805440edfee3dd",
      "status" : "passed",
      "time" : {
        "start" : 1608635290952,
        "stop" : 1608635452813,
        "duration" : 161861
      }
    }, {
      "uid" : "f153740afe252ac7",
      "status" : "passed",
      "time" : {
        "start" : 1608635209320,
        "stop" : 1608635265744,
        "duration" : 56424
      }
    }, {
      "uid" : "6b235eac8f6c84c8",
      "status" : "passed",
      "time" : {
        "start" : 1608635200841,
        "stop" : 1608635262281,
        "duration" : 61440
      }
    }, {
      "uid" : "cc8f6c60f962a641",
      "status" : "passed",
      "time" : {
        "start" : 1608635196249,
        "stop" : 1608635259809,
        "duration" : 63560
      }
    }, {
      "uid" : "1077a1caf4cbf126",
      "status" : "passed",
      "time" : {
        "start" : 1608635191066,
        "stop" : 1608635258752,
        "duration" : 67686
      }
    }, {
      "uid" : "2fe4763fbab7330b",
      "status" : "passed",
      "time" : {
        "start" : 1608635189460,
        "stop" : 1608635259766,
        "duration" : 70306
      }
    }, {
      "uid" : "2d1b030df06708bd",
      "status" : "passed",
      "time" : {
        "start" : 1608635186611,
        "stop" : 1608635255020,
        "duration" : 68409
      }
    }, {
      "uid" : "6fd28041694e3933",
      "status" : "passed",
      "time" : {
        "start" : 1608635185675,
        "stop" : 1608635249196,
        "duration" : 63521
      }
    }, {
      "uid" : "79df191cf130a97e",
      "status" : "passed",
      "time" : {
        "start" : 1608635185264,
        "stop" : 1608635248150,
        "duration" : 62886
      }
    }, {
      "uid" : "cb53af8087549132",
      "status" : "passed",
      "time" : {
        "start" : 1608635183568,
        "stop" : 1608635245012,
        "duration" : 61444
      }
    }, {
      "uid" : "93f6801378e475f7",
      "status" : "passed",
      "time" : {
        "start" : 1608635182507,
        "stop" : 1608635245396,
        "duration" : 62889
      }
    }, {
      "uid" : "ec9516e8d0b9407b",
      "status" : "passed",
      "time" : {
        "start" : 1608635142087,
        "stop" : 1608635202044,
        "duration" : 59957
      }
    }, {
      "uid" : "4066994859c2aa47",
      "status" : "passed",
      "time" : {
        "start" : 1608635129237,
        "stop" : 1608635192191,
        "duration" : 62954
      }
    }, {
      "uid" : "57af753be9d1df94",
      "status" : "passed",
      "time" : {
        "start" : 1608635128385,
        "stop" : 1608635189393,
        "duration" : 61008
      }
    }, {
      "uid" : "aea4fc9e64931d1e",
      "status" : "passed",
      "time" : {
        "start" : 1608635121844,
        "stop" : 1608635182204,
        "duration" : 60360
      }
    }, {
      "uid" : "35232fbe89babd8a",
      "status" : "passed",
      "time" : {
        "start" : 1608635121745,
        "stop" : 1608635184054,
        "duration" : 62309
      }
    }, {
      "uid" : "6dee8b2b2dbc1d77",
      "status" : "passed",
      "time" : {
        "start" : 1608635120656,
        "stop" : 1608635178206,
        "duration" : 57550
      }
    }, {
      "uid" : "cb4352b439615cc7",
      "status" : "passed",
      "time" : {
        "start" : 1608635119392,
        "stop" : 1608635180430,
        "duration" : 61038
      }
    }, {
      "uid" : "6e1148e0135e8ea8",
      "status" : "passed",
      "time" : {
        "start" : 1608635119094,
        "stop" : 1608635179266,
        "duration" : 60172
      }
    }, {
      "uid" : "ff21d754a26dd638",
      "status" : "passed",
      "time" : {
        "start" : 1608635115001,
        "stop" : 1608635176552,
        "duration" : 61551
      }
    }, {
      "uid" : "e976d6ce69e26f33",
      "status" : "passed",
      "time" : {
        "start" : 1608635114751,
        "stop" : 1608635176968,
        "duration" : 62217
      }
    }, {
      "uid" : "516ed5e76bece1cf",
      "status" : "passed",
      "time" : {
        "start" : 1608635077786,
        "stop" : 1608635136203,
        "duration" : 58417
      }
    }, {
      "uid" : "64fed85f3b5a1c59",
      "status" : "passed",
      "time" : {
        "start" : 1608635044474,
        "stop" : 1608635121784,
        "duration" : 77310
      }
    }, {
      "uid" : "2db40250a66a1f78",
      "status" : "passed",
      "time" : {
        "start" : 1608635044429,
        "stop" : 1608635116542,
        "duration" : 72113
      }
    }, {
      "uid" : "f1031f21fa668329",
      "status" : "passed",
      "time" : {
        "start" : 1608635044351,
        "stop" : 1608635115224,
        "duration" : 70873
      }
    }, {
      "uid" : "c55d6c0cb9f505b5",
      "status" : "passed",
      "time" : {
        "start" : 1608635044288,
        "stop" : 1608635116394,
        "duration" : 72106
      }
    }, {
      "uid" : "113b71ad2331f0e1",
      "status" : "passed",
      "time" : {
        "start" : 1608635044237,
        "stop" : 1608635109773,
        "duration" : 65536
      }
    }, {
      "uid" : "8ba656c366cbe509",
      "status" : "passed",
      "time" : {
        "start" : 1608635044226,
        "stop" : 1608635113133,
        "duration" : 68907
      }
    }, {
      "uid" : "9f292b7da9f3b779",
      "status" : "failed",
      "statusDetails" : "AssertionError: FAILED SUB-STEP: And type \"random\" in email field\nSubstep info: Traceback (most recent call last):\n  File \"/Library/Frameworks/Python.framework/Versions/3.8/lib/python3.8/site-packages/behave/model.py\", line 1329, in run\n    match.run(runner.context)\n  File \"/Library/Frameworks/Python.framework/Versions/3.8/lib/python3.8/site-packages/behave/matchers.py\", line 98, in run\n    self.func(context, *args, **kwargs)\n  File \"features/steps/basic_steps.py\", line 24, in step_impl\n    context.current_page.type_in(field_name, text)\n  File \"/Users/kardash/Developer/fitness-automation/features/pages/base_page.py\", line 29, in type_in\n    element = self.get_clickable_element(element_name)\n  File \"/Users/kardash/Developer/fitness-automation/features/pages/base_page.py\", line 57, in get_clickable_element\n    return WebDriverWait(self.driver, timeout).until(\n  File \"/Library/Frameworks/Python.framework/Versions/3.8/lib/python3.8/site-packages/selenium/webdriver/support/wait.py\", line 80, in until\n    raise TimeoutException(message, screen, stacktrace)\nselenium.common.exceptions.TimeoutException: Message: Unable to locate element: email field\n\n\nTraceback (of failed substep):\n  File \"/Library/Frameworks/Python.framework/Versions/3.8/lib/python3.8/site-packages/behave/model.py\", line 1329, in run\n    match.run(runner.context)\n  File \"/Library/Frameworks/Python.framework/Versions/3.8/lib/python3.8/site-packages/behave/matchers.py\", line 98, in run\n    self.func(context, *args, **kwargs)\n  File \"features/steps/basic_steps.py\", line 24, in step_impl\n    context.current_page.type_in(field_name, text)\n  File \"/Users/kardash/Developer/fitness-automation/features/pages/base_page.py\", line 29, in type_in\n    element = self.get_clickable_element(element_name)\n  File \"/Users/kardash/Developer/fitness-automation/features/pages/base_page.py\", line 57, in get_clickable_element\n    return WebDriverWait(self.driver, timeout).until(\n  File \"/Library/Frameworks/Python.framework/Versions/3.8/lib/python3.8/site-packages/selenium/webdriver/support/wait.py\", line 80, in until\n    raise TimeoutException(message, screen, stacktrace)\n\n",
      "time" : {
        "start" : 1608635044100,
        "stop" : 1608635071584,
        "duration" : 27484
      }
    }, {
      "uid" : "bb02f39e2960f124",
      "status" : "passed",
      "time" : {
        "start" : 1608635044073,
        "stop" : 1608635121993,
        "duration" : 77920
      }
    }, {
      "uid" : "58395705458d20c4",
      "status" : "passed",
      "time" : {
        "start" : 1608635044055,
        "stop" : 1608635109260,
        "duration" : 65205
      }
    }, {
      "uid" : "90f62cd8144e848e",
      "status" : "passed",
      "time" : {
        "start" : 1608635044017,
        "stop" : 1608635113034,
        "duration" : 69017
      }
    }, {
      "uid" : "e133545219d14d16",
      "status" : "broken",
      "statusDetails" : "selenium.common.exceptions.WebDriverException: Message: \n\n",
      "time" : {
        "start" : 1608634816366,
        "stop" : 1608634995891,
        "duration" : 179525
      }
    }, {
      "uid" : "368ace41b699a951",
      "status" : "broken",
      "statusDetails" : "selenium.common.exceptions.WebDriverException: Message: \n\n",
      "time" : {
        "start" : 1608634815523,
        "stop" : 1608634995971,
        "duration" : 180448
      }
    }, {
      "uid" : "b770c4f1b52a899d",
      "status" : "broken",
      "statusDetails" : "selenium.common.exceptions.WebDriverException: Message: \n\n",
      "time" : {
        "start" : 1608634815222,
        "stop" : 1608634996035,
        "duration" : 180813
      }
    }, {
      "uid" : "ad2c8f860d3c962c",
      "status" : "broken",
      "statusDetails" : "selenium.common.exceptions.WebDriverException: Message: \n\n",
      "time" : {
        "start" : 1608634814700,
        "stop" : 1608634995925,
        "duration" : 181225
      }
    }, {
      "uid" : "5e3c51b185725b2a",
      "status" : "broken",
      "statusDetails" : "selenium.common.exceptions.WebDriverException: Message: \n\n",
      "time" : {
        "start" : 1608634814466,
        "stop" : 1608634995925,
        "duration" : 181459
      }
    }, {
      "uid" : "a1b2a1c69e40b43d",
      "status" : "broken",
      "statusDetails" : "selenium.common.exceptions.WebDriverException: Message: \n\n",
      "time" : {
        "start" : 1608634814359,
        "stop" : 1608634995766,
        "duration" : 181407
      }
    }, {
      "uid" : "a98d82ed18e4730e",
      "status" : "broken",
      "statusDetails" : "selenium.common.exceptions.WebDriverException: Message: \n\n",
      "time" : {
        "start" : 1608634813670,
        "stop" : 1608634996043,
        "duration" : 182373
      }
    }, {
      "uid" : "c6f399ed58560c5f",
      "status" : "broken",
      "statusDetails" : "selenium.common.exceptions.WebDriverException: Message: \n\n",
      "time" : {
        "start" : 1608634813110,
        "stop" : 1608634995982,
        "duration" : 182872
      }
    }, {
      "uid" : "2a3246c1f93f8612",
      "status" : "broken",
      "statusDetails" : "selenium.common.exceptions.WebDriverException: Message: Session timed out or not found\n\n",
      "time" : {
        "start" : 1608634812991,
        "stop" : 1608635001662,
        "duration" : 188671
      }
    }, {
      "uid" : "34b4239d585416c5",
      "status" : "broken",
      "statusDetails" : "selenium.common.exceptions.WebDriverException: Message: Session timed out or not found\n\n",
      "time" : {
        "start" : 1608634812235,
        "stop" : 1608634957229,
        "duration" : 144994
      }
    }, {
      "uid" : "4d4867242d818c21",
      "status" : "broken",
      "statusDetails" : "selenium.common.exceptions.WebDriverException: Message: \n\n",
      "time" : {
        "start" : 1608634812116,
        "stop" : 1608635016190,
        "duration" : 204074
      }
    }, {
      "uid" : "8b288678db7f1e88",
      "status" : "broken",
      "statusDetails" : "selenium.common.exceptions.WebDriverException: Message: \n\n",
      "time" : {
        "start" : 1608634812007,
        "stop" : 1608634995853,
        "duration" : 183846
      }
    }, {
      "uid" : "d33d7a0732727388",
      "status" : "broken",
      "statusDetails" : "selenium.common.exceptions.WebDriverException: Message: \n\n",
      "time" : {
        "start" : 1608634811759,
        "stop" : 1608634995609,
        "duration" : 183850
      }
    }, {
      "uid" : "bcea5cb834d2a4e2",
      "status" : "broken",
      "statusDetails" : "selenium.common.exceptions.WebDriverException: Message: \n\n",
      "time" : {
        "start" : 1608634811660,
        "stop" : 1608634995740,
        "duration" : 184080
      }
    }, {
      "uid" : "470bb650e303e074",
      "status" : "broken",
      "statusDetails" : "selenium.common.exceptions.WebDriverException: Message: \n\n",
      "time" : {
        "start" : 1608634811459,
        "stop" : 1608634995890,
        "duration" : 184431
      }
    }, {
      "uid" : "cb685bf77721f232",
      "status" : "broken",
      "statusDetails" : "selenium.common.exceptions.WebDriverException: Message: \n\n",
      "time" : {
        "start" : 1608634811259,
        "stop" : 1608634995925,
        "duration" : 184666
      }
    }, {
      "uid" : "f358eb4f150bd223",
      "status" : "broken",
      "statusDetails" : "selenium.common.exceptions.WebDriverException: Message: Session timed out or not found\n\n",
      "time" : {
        "start" : 1608634811234,
        "stop" : 1608635004539,
        "duration" : 193305
      }
    }, {
      "uid" : "ead284fdfde51f04",
      "status" : "broken",
      "statusDetails" : "selenium.common.exceptions.WebDriverException: Message: \n\n",
      "time" : {
        "start" : 1608634811074,
        "stop" : 1608634995786,
        "duration" : 184712
      }
    }, {
      "uid" : "1b79da52b483bb9a",
      "status" : "broken",
      "statusDetails" : "selenium.common.exceptions.WebDriverException: Message: Session timed out or not found\n\n",
      "time" : {
        "start" : 1608634811053,
        "stop" : 1608635005980,
        "duration" : 194927
      }
    }, {
      "uid" : "fbc4acceb2101d30",
      "status" : "broken",
      "statusDetails" : "selenium.common.exceptions.WebDriverException: Message: Session timed out or not found\n\n",
      "time" : {
        "start" : 1608634810907,
        "stop" : 1608635006502,
        "duration" : 195595
      }
    }, {
      "uid" : "6954ae77ed92abca",
      "status" : "broken",
      "statusDetails" : "selenium.common.exceptions.WebDriverException: Message: \n\n",
      "time" : {
        "start" : 1608634810433,
        "stop" : 1608634995766,
        "duration" : 185333
      }
    }, {
      "uid" : "1bb0852f44ec8d54",
      "status" : "broken",
      "statusDetails" : "selenium.common.exceptions.WebDriverException: Message: \n\n",
      "time" : {
        "start" : 1608634809920,
        "stop" : 1608634995741,
        "duration" : 185821
      }
    }, {
      "uid" : "f816ea5715ad58b3",
      "status" : "broken",
      "statusDetails" : "selenium.common.exceptions.WebDriverException: Message: Session timed out or not found\n\n",
      "time" : {
        "start" : 1608634809683,
        "stop" : 1608635006476,
        "duration" : 196793
      }
    }, {
      "uid" : "ed0ddb18857c1b69",
      "status" : "broken",
      "statusDetails" : "selenium.common.exceptions.WebDriverException: Message: unknown error: cannot activate web view\n  (Session info: chrome=87.0.4280.66)\n\n",
      "time" : {
        "start" : 1608634809460,
        "stop" : 1608634992392,
        "duration" : 182932
      }
    }, {
      "uid" : "1b560cb9ca3d1661",
      "status" : "broken",
      "statusDetails" : "selenium.common.exceptions.WebDriverException: Message: \n\n",
      "time" : {
        "start" : 1608634808990,
        "stop" : 1608634914287,
        "duration" : 105297
      }
    }, {
      "uid" : "15fe188b2bb2fe5a",
      "status" : "broken",
      "statusDetails" : "selenium.common.exceptions.WebDriverException: Message: Session timed out or not found\n\n",
      "time" : {
        "start" : 1608634807849,
        "stop" : 1608635006503,
        "duration" : 198654
      }
    }, {
      "uid" : "cc781a045d3f4875",
      "status" : "broken",
      "statusDetails" : "selenium.common.exceptions.WebDriverException: Message: Session timed out or not found\n\n",
      "time" : {
        "start" : 1608634805684,
        "stop" : 1608635000884,
        "duration" : 195200
      }
    }, {
      "uid" : "62aa2094bbd51ce4",
      "status" : "broken",
      "statusDetails" : "selenium.common.exceptions.WebDriverException: Message: Session timed out or not found\n\n",
      "time" : {
        "start" : 1608634804073,
        "stop" : 1608634993829,
        "duration" : 189756
      }
    }, {
      "uid" : "32d15aee8917c412",
      "status" : "broken",
      "statusDetails" : "selenium.common.exceptions.WebDriverException: Message: Session timed out or not found\n\n",
      "time" : {
        "start" : 1608634803089,
        "stop" : 1608634993858,
        "duration" : 190769
      }
    } ],
    "categories" : [ ],
    "history" : {
      "statistic" : {
        "failed" : 0,
        "broken" : 0,
        "skipped" : 0,
        "passed" : 3,
        "unknown" : 0,
        "total" : 3
      },
      "items" : [ {
        "uid" : "5641be3060e4ad1",
        "reportUrl" : "https://one-focus.github.io/fitness-automation/93//#testresult/5641be3060e4ad1",
        "status" : "passed",
        "time" : {
          "start" : 1608642382775,
          "stop" : 1608642401513,
          "duration" : 18738
        }
      }, {
        "uid" : "1d7284d183a7a8fc",
        "reportUrl" : "https://one-focus.github.io/fitness-automation/92//#testresult/1d7284d183a7a8fc",
        "status" : "passed",
        "time" : {
          "start" : 1608641898461,
          "stop" : 1608641929632,
          "duration" : 31171
        }
      } ]
    },
    "tags" : [ "validation" ]
  },
  "source" : "f1288b1b242a9426.json",
  "parameterValues" : [ "fake card", "f.gum24.online", "cancel button" ]
}