{
  "uid" : "d37da576a3c8f013",
  "name" : "Email4 -- @1.15 ",
  "historyId" : "0fe9019c6d2b180fe8ac05c36950194e",
  "time" : {
    "start" : 1608419102258,
    "stop" : 1608419120189,
    "duration" : 17931
  },
  "status" : "passed",
  "flaky" : false,
  "newFailed" : false,
  "beforeStages" : [ ],
  "testStage" : {
    "status" : "passed",
    "steps" : [ {
      "name" : "Given clear time",
      "time" : {
        "start" : 1608419102258,
        "stop" : 1608419102258,
        "duration" : 0
      },
      "status" : "passed",
      "steps" : [ ],
      "attachments" : [ ],
      "parameters" : [ ],
      "stepsCount" : 0,
      "attachmentsCount" : 0,
      "shouldDisplayMessage" : false,
      "hasContent" : false
    }, {
      "name" : "When open home page",
      "time" : {
        "start" : 1608419102259,
        "stop" : 1608419103267,
        "duration" : 1008
      },
      "status" : "passed",
      "steps" : [ ],
      "attachments" : [ ],
      "parameters" : [ ],
      "stepsCount" : 0,
      "attachmentsCount" : 0,
      "shouldDisplayMessage" : false,
      "hasContent" : false
    }, {
      "name" : "When calculate time for 'home'",
      "time" : {
        "start" : 1608419103268,
        "stop" : 1608419103268,
        "duration" : 0
      },
      "status" : "passed",
      "steps" : [ ],
      "attachments" : [ ],
      "parameters" : [ ],
      "stepsCount" : 0,
      "attachmentsCount" : 0,
      "shouldDisplayMessage" : false,
      "hasContent" : false
    }, {
      "name" : "When go to confirmation page",
      "time" : {
        "start" : 1608419103268,
        "stop" : 1608419108722,
        "duration" : 5454
      },
      "status" : "passed",
      "steps" : [ ],
      "attachments" : [ ],
      "parameters" : [ ],
      "stepsCount" : 0,
      "attachmentsCount" : 0,
      "shouldDisplayMessage" : false,
      "hasContent" : false
    }, {
      "name" : "When calculate time for 'confirmation'",
      "time" : {
        "start" : 1608419108723,
        "stop" : 1608419108723,
        "duration" : 0
      },
      "status" : "passed",
      "steps" : [ ],
      "attachments" : [ ],
      "parameters" : [ ],
      "stepsCount" : 0,
      "attachmentsCount" : 0,
      "shouldDisplayMessage" : false,
      "hasContent" : false
    }, {
      "name" : "When go to cloudpayments page",
      "time" : {
        "start" : 1608419108724,
        "stop" : 1608419109689,
        "duration" : 965
      },
      "status" : "passed",
      "steps" : [ ],
      "attachments" : [ ],
      "parameters" : [ ],
      "stepsCount" : 0,
      "attachmentsCount" : 0,
      "shouldDisplayMessage" : false,
      "hasContent" : false
    }, {
      "name" : "When calculate time for 'payment'",
      "time" : {
        "start" : 1608419109690,
        "stop" : 1608419109690,
        "duration" : 0
      },
      "status" : "passed",
      "steps" : [ ],
      "attachments" : [ ],
      "parameters" : [ ],
      "stepsCount" : 0,
      "attachmentsCount" : 0,
      "shouldDisplayMessage" : false,
      "hasContent" : false
    }, {
      "name" : "When enter real card details",
      "time" : {
        "start" : 1608419109690,
        "stop" : 1608419114777,
        "duration" : 5087
      },
      "status" : "passed",
      "steps" : [ ],
      "attachments" : [ ],
      "parameters" : [ ],
      "stepsCount" : 0,
      "attachmentsCount" : 0,
      "shouldDisplayMessage" : false,
      "hasContent" : false
    }, {
      "name" : "Then I see 3d secure element",
      "time" : {
        "start" : 1608419114778,
        "stop" : 1608419119185,
        "duration" : 4407
      },
      "status" : "passed",
      "steps" : [ ],
      "attachments" : [ ],
      "parameters" : [ ],
      "stepsCount" : 0,
      "attachmentsCount" : 0,
      "shouldDisplayMessage" : false,
      "hasContent" : false
    }, {
      "name" : "When calculate time for 'purchace'",
      "time" : {
        "start" : 1608419119185,
        "stop" : 1608419119186,
        "duration" : 1
      },
      "status" : "passed",
      "steps" : [ ],
      "attachments" : [ ],
      "parameters" : [ ],
      "stepsCount" : 0,
      "attachmentsCount" : 0,
      "shouldDisplayMessage" : false,
      "hasContent" : false
    }, {
      "name" : "When wait for \"1\" sec",
      "time" : {
        "start" : 1608419119186,
        "stop" : 1608419120189,
        "duration" : 1003
      },
      "status" : "passed",
      "steps" : [ ],
      "attachments" : [ ],
      "parameters" : [ ],
      "stepsCount" : 0,
      "attachmentsCount" : 0,
      "shouldDisplayMessage" : false,
      "hasContent" : false
    } ],
    "attachments" : [ ],
    "parameters" : [ ],
    "stepsCount" : 11,
    "attachmentsCount" : 0,
    "shouldDisplayMessage" : false,
    "hasContent" : true
  },
  "afterStages" : [ ],
  "labels" : [ {
    "name" : "severity",
    "value" : "normal"
  }, {
    "name" : "tag",
    "value" : "validation"
  }, {
    "name" : "feature",
    "value" : "Purchase"
  }, {
    "name" : "framework",
    "value" : "behave"
  }, {
    "name" : "language",
    "value" : "cpython3"
  }, {
    "name" : "resultFormat",
    "value" : "allure2"
  } ],
  "parameters" : [ {
    "name" : "card_type",
    "value" : "real card"
  } ],
  "links" : [ ],
  "hidden" : false,
  "retry" : false,
  "extra" : {
    "severity" : "normal",
    "retries" : [ {
      "uid" : "984295773a33e567",
      "status" : "failed",
      "statusDetails" : "AssertionError: FAILED SUB-STEP: And type \"random\" in email field\nSubstep info: Traceback (most recent call last):\n  File \"/Library/Frameworks/Python.framework/Versions/3.8/lib/python3.8/site-packages/behave/model.py\", line 1329, in run\n    match.run(runner.context)\n  File \"/Library/Frameworks/Python.framework/Versions/3.8/lib/python3.8/site-packages/behave/matchers.py\", line 98, in run\n    self.func(context, *args, **kwargs)\n  File \"features/steps/basic_steps.py\", line 24, in step_impl\n    context.current_page.type_in(field_name, text)\n  File \"/Users/kardash/Developer/fitness-automation/features/pages/base_page.py\", line 29, in type_in\n    element = self.get_clickable_element(element_name)\n  File \"/Users/kardash/Developer/fitness-automation/features/pages/base_page.py\", line 57, in get_clickable_element\n    return WebDriverWait(self.driver, timeout).until(\n  File \"/Library/Frameworks/Python.framework/Versions/3.8/lib/python3.8/site-packages/selenium/webdriver/support/wait.py\", line 80, in until\n    raise TimeoutException(message, screen, stacktrace)\nselenium.common.exceptions.TimeoutException: Message: Unable to locate element: email field\n\n\nTraceback (of failed substep):\n  File \"/Library/Frameworks/Python.framework/Versions/3.8/lib/python3.8/site-packages/behave/model.py\", line 1329, in run\n    match.run(runner.context)\n  File \"/Library/Frameworks/Python.framework/Versions/3.8/lib/python3.8/site-packages/behave/matchers.py\", line 98, in run\n    self.func(context, *args, **kwargs)\n  File \"features/steps/basic_steps.py\", line 24, in step_impl\n    context.current_page.type_in(field_name, text)\n  File \"/Users/kardash/Developer/fitness-automation/features/pages/base_page.py\", line 29, in type_in\n    element = self.get_clickable_element(element_name)\n  File \"/Users/kardash/Developer/fitness-automation/features/pages/base_page.py\", line 57, in get_clickable_element\n    return WebDriverWait(self.driver, timeout).until(\n  File \"/Library/Frameworks/Python.framework/Versions/3.8/lib/python3.8/site-packages/selenium/webdriver/support/wait.py\", line 80, in until\n    raise TimeoutException(message, screen, stacktrace)\n\n",
      "time" : {
        "start" : 1608418327149,
        "stop" : 1608418344437,
        "duration" : 17288
      }
    } ],
    "categories" : [ ],
    "tags" : [ "validation" ]
  },
  "source" : "d37da576a3c8f013.json",
  "parameterValues" : [ "real card" ]
}