{
  "uid" : "fcc95ce8fd29ad63",
  "name" : "Email -- @1.1 ",
  "historyId" : "200cae7671fa7bea2d72f6cfa113029f",
  "time" : {
    "start" : 1608415080344,
    "stop" : 1608415094390,
    "duration" : 14046
  },
  "status" : "broken",
  "statusMessage" : "selenium.common.exceptions.WebDriverException: Message: target frame detached\n  (Session info: chrome=87.0.4280.88)\n\n",
  "statusTrace" : "  File \"/Library/Frameworks/Python.framework/Versions/3.8/lib/python3.8/site-packages/behave/model.py\", line 1329, in run\n    match.run(runner.context)\n  File \"/Library/Frameworks/Python.framework/Versions/3.8/lib/python3.8/site-packages/behave/matchers.py\", line 98, in run\n    self.func(context, *args, **kwargs)\n  File \"features/steps/basic_steps.py\", line 88, in step_impl\n    context.current_page.get_element(element_name, timeout=1)\n  File \"/Users/kardash/Developer/fitness-automation/features/pages/base_page.py\", line 49, in get_element\n    return WebDriverWait(self.driver, timeout).until(\n  File \"/Library/Frameworks/Python.framework/Versions/3.8/lib/python3.8/site-packages/selenium/webdriver/support/wait.py\", line 71, in until\n    value = method(self._driver)\n  File \"/Library/Frameworks/Python.framework/Versions/3.8/lib/python3.8/site-packages/selenium/webdriver/support/expected_conditions.py\", line 64, in __call__\n    return _find_element(driver, self.locator)\n  File \"/Library/Frameworks/Python.framework/Versions/3.8/lib/python3.8/site-packages/selenium/webdriver/support/expected_conditions.py\", line 415, in _find_element\n    raise e\n  File \"/Library/Frameworks/Python.framework/Versions/3.8/lib/python3.8/site-packages/selenium/webdriver/support/expected_conditions.py\", line 411, in _find_element\n    return driver.find_element(*by)\n  File \"/Library/Frameworks/Python.framework/Versions/3.8/lib/python3.8/site-packages/selenium/webdriver/remote/webdriver.py\", line 976, in find_element\n    return self.execute(Command.FIND_ELEMENT, {\n  File \"/Library/Frameworks/Python.framework/Versions/3.8/lib/python3.8/site-packages/selenium/webdriver/remote/webdriver.py\", line 321, in execute\n    self.error_handler.check_response(response)\n  File \"/Library/Frameworks/Python.framework/Versions/3.8/lib/python3.8/site-packages/selenium/webdriver/remote/errorhandler.py\", line 242, in check_response\n    raise exception_class(message, screen, stacktrace)\n",
  "flaky" : false,
  "newFailed" : false,
  "beforeStages" : [ ],
  "testStage" : {
    "status" : "broken",
    "statusMessage" : "selenium.common.exceptions.WebDriverException: Message: target frame detached\n  (Session info: chrome=87.0.4280.88)\n\n",
    "statusTrace" : "  File \"/Library/Frameworks/Python.framework/Versions/3.8/lib/python3.8/site-packages/behave/model.py\", line 1329, in run\n    match.run(runner.context)\n  File \"/Library/Frameworks/Python.framework/Versions/3.8/lib/python3.8/site-packages/behave/matchers.py\", line 98, in run\n    self.func(context, *args, **kwargs)\n  File \"features/steps/basic_steps.py\", line 88, in step_impl\n    context.current_page.get_element(element_name, timeout=1)\n  File \"/Users/kardash/Developer/fitness-automation/features/pages/base_page.py\", line 49, in get_element\n    return WebDriverWait(self.driver, timeout).until(\n  File \"/Library/Frameworks/Python.framework/Versions/3.8/lib/python3.8/site-packages/selenium/webdriver/support/wait.py\", line 71, in until\n    value = method(self._driver)\n  File \"/Library/Frameworks/Python.framework/Versions/3.8/lib/python3.8/site-packages/selenium/webdriver/support/expected_conditions.py\", line 64, in __call__\n    return _find_element(driver, self.locator)\n  File \"/Library/Frameworks/Python.framework/Versions/3.8/lib/python3.8/site-packages/selenium/webdriver/support/expected_conditions.py\", line 415, in _find_element\n    raise e\n  File \"/Library/Frameworks/Python.framework/Versions/3.8/lib/python3.8/site-packages/selenium/webdriver/support/expected_conditions.py\", line 411, in _find_element\n    return driver.find_element(*by)\n  File \"/Library/Frameworks/Python.framework/Versions/3.8/lib/python3.8/site-packages/selenium/webdriver/remote/webdriver.py\", line 976, in find_element\n    return self.execute(Command.FIND_ELEMENT, {\n  File \"/Library/Frameworks/Python.framework/Versions/3.8/lib/python3.8/site-packages/selenium/webdriver/remote/webdriver.py\", line 321, in execute\n    self.error_handler.check_response(response)\n  File \"/Library/Frameworks/Python.framework/Versions/3.8/lib/python3.8/site-packages/selenium/webdriver/remote/errorhandler.py\", line 242, in check_response\n    raise exception_class(message, screen, stacktrace)\n",
    "steps" : [ {
      "name" : "Given clear time",
      "time" : {
        "start" : 1608415080347,
        "stop" : 1608415080348,
        "duration" : 1
      },
      "status" : "passed",
      "steps" : [ ],
      "attachments" : [ ],
      "parameters" : [ ],
      "stepsCount" : 0,
      "attachmentsCount" : 0,
      "shouldDisplayMessage" : false,
      "hasContent" : false
    }, {
      "name" : "When open home page",
      "time" : {
        "start" : 1608415080349,
        "stop" : 1608415081893,
        "duration" : 1544
      },
      "status" : "passed",
      "steps" : [ ],
      "attachments" : [ ],
      "parameters" : [ ],
      "stepsCount" : 0,
      "attachmentsCount" : 0,
      "shouldDisplayMessage" : false,
      "hasContent" : false
    }, {
      "name" : "When calculate time for 'home'",
      "time" : {
        "start" : 1608415081893,
        "stop" : 1608415081894,
        "duration" : 1
      },
      "status" : "passed",
      "steps" : [ ],
      "attachments" : [ ],
      "parameters" : [ ],
      "stepsCount" : 0,
      "attachmentsCount" : 0,
      "shouldDisplayMessage" : false,
      "hasContent" : false
    }, {
      "name" : "When go to confirmation page",
      "time" : {
        "start" : 1608415081894,
        "stop" : 1608415087143,
        "duration" : 5249
      },
      "status" : "passed",
      "steps" : [ ],
      "attachments" : [ ],
      "parameters" : [ ],
      "stepsCount" : 0,
      "attachmentsCount" : 0,
      "shouldDisplayMessage" : false,
      "hasContent" : false
    }, {
      "name" : "When calculate time for 'confirmation'",
      "time" : {
        "start" : 1608415087143,
        "stop" : 1608415087143,
        "duration" : 0
      },
      "status" : "passed",
      "steps" : [ ],
      "attachments" : [ ],
      "parameters" : [ ],
      "stepsCount" : 0,
      "attachmentsCount" : 0,
      "shouldDisplayMessage" : false,
      "hasContent" : false
    }, {
      "name" : "When go to cloudpayments page",
      "time" : {
        "start" : 1608415087143,
        "stop" : 1608415087512,
        "duration" : 369
      },
      "status" : "passed",
      "steps" : [ ],
      "attachments" : [ ],
      "parameters" : [ ],
      "stepsCount" : 0,
      "attachmentsCount" : 0,
      "shouldDisplayMessage" : false,
      "hasContent" : false
    }, {
      "name" : "When calculate time for 'payment'",
      "time" : {
        "start" : 1608415087512,
        "stop" : 1608415087512,
        "duration" : 0
      },
      "status" : "passed",
      "steps" : [ ],
      "attachments" : [ ],
      "parameters" : [ ],
      "stepsCount" : 0,
      "attachmentsCount" : 0,
      "shouldDisplayMessage" : false,
      "hasContent" : false
    }, {
      "name" : "When enter fake card details",
      "time" : {
        "start" : 1608415087512,
        "stop" : 1608415089236,
        "duration" : 1724
      },
      "status" : "passed",
      "steps" : [ ],
      "attachments" : [ ],
      "parameters" : [ ],
      "stepsCount" : 0,
      "attachmentsCount" : 0,
      "shouldDisplayMessage" : false,
      "hasContent" : false
    }, {
      "name" : "Then I see 3d secure element",
      "time" : {
        "start" : 1608415089236,
        "stop" : 1608415094389,
        "duration" : 5153
      },
      "status" : "broken",
      "statusMessage" : "selenium.common.exceptions.WebDriverException: Message: target frame detached\n  (Session info: chrome=87.0.4280.88)\n\n",
      "statusTrace" : "  File \"/Library/Frameworks/Python.framework/Versions/3.8/lib/python3.8/site-packages/behave/model.py\", line 1329, in run\n    match.run(runner.context)\n  File \"/Library/Frameworks/Python.framework/Versions/3.8/lib/python3.8/site-packages/behave/matchers.py\", line 98, in run\n    self.func(context, *args, **kwargs)\n  File \"features/steps/basic_steps.py\", line 88, in step_impl\n    context.current_page.get_element(element_name, timeout=1)\n  File \"/Users/kardash/Developer/fitness-automation/features/pages/base_page.py\", line 49, in get_element\n    return WebDriverWait(self.driver, timeout).until(\n  File \"/Library/Frameworks/Python.framework/Versions/3.8/lib/python3.8/site-packages/selenium/webdriver/support/wait.py\", line 71, in until\n    value = method(self._driver)\n  File \"/Library/Frameworks/Python.framework/Versions/3.8/lib/python3.8/site-packages/selenium/webdriver/support/expected_conditions.py\", line 64, in __call__\n    return _find_element(driver, self.locator)\n  File \"/Library/Frameworks/Python.framework/Versions/3.8/lib/python3.8/site-packages/selenium/webdriver/support/expected_conditions.py\", line 415, in _find_element\n    raise e\n  File \"/Library/Frameworks/Python.framework/Versions/3.8/lib/python3.8/site-packages/selenium/webdriver/support/expected_conditions.py\", line 411, in _find_element\n    return driver.find_element(*by)\n  File \"/Library/Frameworks/Python.framework/Versions/3.8/lib/python3.8/site-packages/selenium/webdriver/remote/webdriver.py\", line 976, in find_element\n    return self.execute(Command.FIND_ELEMENT, {\n  File \"/Library/Frameworks/Python.framework/Versions/3.8/lib/python3.8/site-packages/selenium/webdriver/remote/webdriver.py\", line 321, in execute\n    self.error_handler.check_response(response)\n  File \"/Library/Frameworks/Python.framework/Versions/3.8/lib/python3.8/site-packages/selenium/webdriver/remote/errorhandler.py\", line 242, in check_response\n    raise exception_class(message, screen, stacktrace)\n",
      "steps" : [ ],
      "attachments" : [ {
        "uid" : "c3be1b08ac023331",
        "name" : "bug.png",
        "source" : "c3be1b08ac023331.png",
        "type" : "image/png",
        "size" : 97757
      } ],
      "parameters" : [ ],
      "stepsCount" : 0,
      "attachmentsCount" : 1,
      "shouldDisplayMessage" : true,
      "hasContent" : true
    }, {
      "name" : "When calculate time for 'purchace'",
      "time" : {
        "start" : 1608415094390,
        "stop" : 1608415094390,
        "duration" : 0
      },
      "status" : "skipped",
      "steps" : [ ],
      "attachments" : [ ],
      "parameters" : [ ],
      "stepsCount" : 0,
      "attachmentsCount" : 0,
      "shouldDisplayMessage" : false,
      "hasContent" : false
    }, {
      "name" : "When wait for \"1\" sec",
      "time" : {
        "start" : 1608415094390,
        "stop" : 1608415094390,
        "duration" : 0
      },
      "status" : "skipped",
      "steps" : [ ],
      "attachments" : [ ],
      "parameters" : [ ],
      "stepsCount" : 0,
      "attachmentsCount" : 0,
      "shouldDisplayMessage" : false,
      "hasContent" : false
    } ],
    "attachments" : [ ],
    "parameters" : [ ],
    "stepsCount" : 11,
    "attachmentsCount" : 1,
    "shouldDisplayMessage" : false,
    "hasContent" : true
  },
  "afterStages" : [ ],
  "labels" : [ {
    "name" : "severity",
    "value" : "normal"
  }, {
    "name" : "tag",
    "value" : "validation"
  }, {
    "name" : "feature",
    "value" : "Purchase"
  }, {
    "name" : "framework",
    "value" : "behave"
  }, {
    "name" : "language",
    "value" : "cpython3"
  }, {
    "name" : "resultFormat",
    "value" : "allure2"
  } ],
  "parameters" : [ {
    "name" : "card_type",
    "value" : "fake card"
  } ],
  "links" : [ ],
  "hidden" : true,
  "retry" : true,
  "extra" : {
    "categories" : [ ],
    "tags" : [ "validation" ]
  },
  "source" : "fcc95ce8fd29ad63.json",
  "parameterValues" : [ "fake card" ]
}