{"name": "Email -- @1.1 ", "status": "failed", "statusDetails": {"message": "AssertionError: FAILED SUB-STEP: And click on activate button\nSubstep info: ABORTED: By user (KeyboardInterrupt).\nTraceback (of failed substep):\n  File \"/Library/Frameworks/Python.framework/Versions/3.8/lib/python3.8/site-packages/behave/model.py\", line 1329, in run\n    match.run(runner.context)\n  File \"/Library/Frameworks/Python.framework/Versions/3.8/lib/python3.8/site-packages/behave/matchers.py\", line 98, in run\n    self.func(context, *args, **kwargs)\n  File \"features/steps/basic_steps.py\", line 17, in step_impl\n    context.current_page.click_on(element_name)\n  File \"/Users/kardash/Developer/fitness-automation/features/pages/base_page.py\", line 22, in click_on\n    element = self.get_clickable_element(element_name)\n  File \"/Users/kardash/Developer/fitness-automation/features/pages/base_page.py\", line 57, in get_clickable_element\n    return WebDriverWait(self.driver, timeout).until(\n  File \"/Library/Frameworks/Python.framework/Versions/3.8/lib/python3.8/site-packages/selenium/webdriver/support/wait.py\", line 71, in until\n    value = method(self._driver)\n  File \"/Library/Frameworks/Python.framework/Versions/3.8/lib/python3.8/site-packages/selenium/webdriver/support/expected_conditions.py\", line 297, in __call__\n    element = visibility_of_element_located(self.locator)(driver)\n  File \"/Library/Frameworks/Python.framework/Versions/3.8/lib/python3.8/site-packages/selenium/webdriver/support/expected_conditions.py\", line 128, in __call__\n    return _element_if_visible(_find_element(driver, self.locator))\n  File \"/Library/Frameworks/Python.framework/Versions/3.8/lib/python3.8/site-packages/selenium/webdriver/support/expected_conditions.py\", line 148, in _element_if_visible\n    return element if element.is_displayed() == visibility else False\n  File \"/Library/Frameworks/Python.framework/Versions/3.8/lib/python3.8/site-packages/selenium/webdriver/remote/webelement.py\", line 486, in is_displayed\n    return self.parent.execute_script(\n  File \"/Library/Frameworks/Python.framework/Versions/3.8/lib/python3.8/site-packages/selenium/webdriver/remote/webdriver.py\", line 634, in execute_script\n    return self.execute(command, {\n  File \"/Library/Frameworks/Python.framework/Versions/3.8/lib/python3.8/site-packages/selenium/webdriver/remote/webdriver.py\", line 319, in execute\n    response = self.command_executor.execute(driver_command, params)\n  File \"/Library/Frameworks/Python.framework/Versions/3.8/lib/python3.8/site-packages/selenium/webdriver/remote/remote_connection.py\", line 374, in execute\n    return self._request(command_info[0], url, body=data)\n  File \"/Library/Frameworks/Python.framework/Versions/3.8/lib/python3.8/site-packages/selenium/webdriver/remote/remote_connection.py\", line 402, in _request\n    resp = http.request(method, url, body=body, headers=headers)\n  File \"/Library/Frameworks/Python.framework/Versions/3.8/lib/python3.8/site-packages/urllib3/request.py\", line 79, in request\n    return self.request_encode_body(\n  File \"/Library/Frameworks/Python.framework/Versions/3.8/lib/python3.8/site-packages/urllib3/request.py\", line 171, in request_encode_body\n    return self.urlopen(method, url, **extra_kw)\n  File \"/Library/Frameworks/Python.framework/Versions/3.8/lib/python3.8/site-packages/urllib3/poolmanager.py\", line 336, in urlopen\n    response = conn.urlopen(method, u.request_uri, **kw)\n  File \"/Library/Frameworks/Python.framework/Versions/3.8/lib/python3.8/site-packages/urllib3/connectionpool.py\", line 670, in urlopen\n    httplib_response = self._make_request(\n  File \"/Library/Frameworks/Python.framework/Versions/3.8/lib/python3.8/site-packages/urllib3/connectionpool.py\", line 426, in _make_request\n    six.raise_from(e, None)\n  File \"<string>\", line 3, in raise_from\n  File \"/Library/Frameworks/Python.framework/Versions/3.8/lib/python3.8/site-packages/urllib3/connectionpool.py\", line 421, in _make_request\n    httplib_response = conn.getresponse()\n  File \"/Library/Frameworks/Python.framework/Versions/3.8/lib/python3.8/http/client.py\", line 1322, in getresponse\n    response.begin()\n  File \"/Library/Frameworks/Python.framework/Versions/3.8/lib/python3.8/http/client.py\", line 303, in begin\n    version, status, reason = self._read_status()\n  File \"/Library/Frameworks/Python.framework/Versions/3.8/lib/python3.8/http/client.py\", line 264, in _read_status\n    line = str(self.fp.readline(_MAXLINE + 1), \"iso-8859-1\")\n  File \"/Library/Frameworks/Python.framework/Versions/3.8/lib/python3.8/socket.py\", line 669, in readinto\n    return self._sock.recv_into(b)\n\n", "trace": "  File \"/Library/Frameworks/Python.framework/Versions/3.8/lib/python3.8/site-packages/behave/model.py\", line 1329, in run\n    match.run(runner.context)\n  File \"/Library/Frameworks/Python.framework/Versions/3.8/lib/python3.8/site-packages/behave/matchers.py\", line 98, in run\n    self.func(context, *args, **kwargs)\n  File \"features/steps/main_steps.py\", line 19, in step_impl\n    context.execute_steps('''\n  File \"/Library/Frameworks/Python.framework/Versions/3.8/lib/python3.8/site-packages/behave/runner.py\", line 404, in execute_steps\n    assert False, message\n"}, "steps": [{"name": "Given clear time", "status": "passed", "start": 1608414348780, "stop": 1608414348782}, {"name": "When open home page", "status": "passed", "start": 1608414348782, "stop": 1608414357684}, {"name": "When calculate time for 'home'", "status": "passed", "start": 1608414357684, "stop": 1608414357685}, {"name": "When go to confirmation page", "status": "failed", "statusDetails": {"message": "AssertionError: FAILED SUB-STEP: And click on activate button\nSubstep info: ABORTED: By user (KeyboardInterrupt).\nTraceback (of failed substep):\n  File \"/Library/Frameworks/Python.framework/Versions/3.8/lib/python3.8/site-packages/behave/model.py\", line 1329, in run\n    match.run(runner.context)\n  File \"/Library/Frameworks/Python.framework/Versions/3.8/lib/python3.8/site-packages/behave/matchers.py\", line 98, in run\n    self.func(context, *args, **kwargs)\n  File \"features/steps/basic_steps.py\", line 17, in step_impl\n    context.current_page.click_on(element_name)\n  File \"/Users/kardash/Developer/fitness-automation/features/pages/base_page.py\", line 22, in click_on\n    element = self.get_clickable_element(element_name)\n  File \"/Users/kardash/Developer/fitness-automation/features/pages/base_page.py\", line 57, in get_clickable_element\n    return WebDriverWait(self.driver, timeout).until(\n  File \"/Library/Frameworks/Python.framework/Versions/3.8/lib/python3.8/site-packages/selenium/webdriver/support/wait.py\", line 71, in until\n    value = method(self._driver)\n  File \"/Library/Frameworks/Python.framework/Versions/3.8/lib/python3.8/site-packages/selenium/webdriver/support/expected_conditions.py\", line 297, in __call__\n    element = visibility_of_element_located(self.locator)(driver)\n  File \"/Library/Frameworks/Python.framework/Versions/3.8/lib/python3.8/site-packages/selenium/webdriver/support/expected_conditions.py\", line 128, in __call__\n    return _element_if_visible(_find_element(driver, self.locator))\n  File \"/Library/Frameworks/Python.framework/Versions/3.8/lib/python3.8/site-packages/selenium/webdriver/support/expected_conditions.py\", line 148, in _element_if_visible\n    return element if element.is_displayed() == visibility else False\n  File \"/Library/Frameworks/Python.framework/Versions/3.8/lib/python3.8/site-packages/selenium/webdriver/remote/webelement.py\", line 486, in is_displayed\n    return self.parent.execute_script(\n  File \"/Library/Frameworks/Python.framework/Versions/3.8/lib/python3.8/site-packages/selenium/webdriver/remote/webdriver.py\", line 634, in execute_script\n    return self.execute(command, {\n  File \"/Library/Frameworks/Python.framework/Versions/3.8/lib/python3.8/site-packages/selenium/webdriver/remote/webdriver.py\", line 319, in execute\n    response = self.command_executor.execute(driver_command, params)\n  File \"/Library/Frameworks/Python.framework/Versions/3.8/lib/python3.8/site-packages/selenium/webdriver/remote/remote_connection.py\", line 374, in execute\n    return self._request(command_info[0], url, body=data)\n  File \"/Library/Frameworks/Python.framework/Versions/3.8/lib/python3.8/site-packages/selenium/webdriver/remote/remote_connection.py\", line 402, in _request\n    resp = http.request(method, url, body=body, headers=headers)\n  File \"/Library/Frameworks/Python.framework/Versions/3.8/lib/python3.8/site-packages/urllib3/request.py\", line 79, in request\n    return self.request_encode_body(\n  File \"/Library/Frameworks/Python.framework/Versions/3.8/lib/python3.8/site-packages/urllib3/request.py\", line 171, in request_encode_body\n    return self.urlopen(method, url, **extra_kw)\n  File \"/Library/Frameworks/Python.framework/Versions/3.8/lib/python3.8/site-packages/urllib3/poolmanager.py\", line 336, in urlopen\n    response = conn.urlopen(method, u.request_uri, **kw)\n  File \"/Library/Frameworks/Python.framework/Versions/3.8/lib/python3.8/site-packages/urllib3/connectionpool.py\", line 670, in urlopen\n    httplib_response = self._make_request(\n  File \"/Library/Frameworks/Python.framework/Versions/3.8/lib/python3.8/site-packages/urllib3/connectionpool.py\", line 426, in _make_request\n    six.raise_from(e, None)\n  File \"<string>\", line 3, in raise_from\n  File \"/Library/Frameworks/Python.framework/Versions/3.8/lib/python3.8/site-packages/urllib3/connectionpool.py\", line 421, in _make_request\n    httplib_response = conn.getresponse()\n  File \"/Library/Frameworks/Python.framework/Versions/3.8/lib/python3.8/http/client.py\", line 1322, in getresponse\n    response.begin()\n  File \"/Library/Frameworks/Python.framework/Versions/3.8/lib/python3.8/http/client.py\", line 303, in begin\n    version, status, reason = self._read_status()\n  File \"/Library/Frameworks/Python.framework/Versions/3.8/lib/python3.8/http/client.py\", line 264, in _read_status\n    line = str(self.fp.readline(_MAXLINE + 1), \"iso-8859-1\")\n  File \"/Library/Frameworks/Python.framework/Versions/3.8/lib/python3.8/socket.py\", line 669, in readinto\n    return self._sock.recv_into(b)\n\n", "trace": "  File \"/Library/Frameworks/Python.framework/Versions/3.8/lib/python3.8/site-packages/behave/model.py\", line 1329, in run\n    match.run(runner.context)\n  File \"/Library/Frameworks/Python.framework/Versions/3.8/lib/python3.8/site-packages/behave/matchers.py\", line 98, in run\n    self.func(context, *args, **kwargs)\n  File \"features/steps/main_steps.py\", line 19, in step_impl\n    context.execute_steps('''\n  File \"/Library/Frameworks/Python.framework/Versions/3.8/lib/python3.8/site-packages/behave/runner.py\", line 404, in execute_steps\n    assert False, message\n"}, "attachments": [{"name": "bug.png", "source": "51be40df-0e64-47d5-bd75-da36822f0462-attachment.png", "type": "image/png"}, {"name": "bug.png", "source": "795eb647-fed1-45c5-b2cc-38c5c1910588-attachment.png", "type": "image/png"}], "start": 1608414357685, "stop": 1608414379653}, {"name": "When calculate time for 'confirmation'", "status": "skipped", "start": 1608414379655, "stop": 1608414379655}, {"name": "When go to cloudpayments page", "status": "skipped", "start": 1608414379655, "stop": 1608414379655}, {"name": "When calculate time for 'payment'", "status": "skipped", "start": 1608414379655, "stop": 1608414379655}, {"name": "When enter fake card details", "status": "skipped", "start": 1608414379655, "stop": 1608414379655}, {"name": "Then I see 3d secure element", "status": "skipped", "start": 1608414379655, "stop": 1608414379655}, {"name": "When calculate time for 'purchace'", "status": "skipped", "start": 1608414379655, "stop": 1608414379655}, {"name": "When wait for \"1\" sec", "status": "skipped", "start": 1608414379655, "stop": 1608414379655}], "parameters": [{"name": "card_type", "value": "fake card"}], "start": 1608414348779, "stop": 1608414379655, "uuid": "dd02484d-ce8b-4c87-aadd-1f73bcf62877", "historyId": "200cae7671fa7bea2d72f6cfa113029f", "labels": [{"name": "severity", "value": "normal"}, {"name": "tag", "value": "validation"}, {"name": "feature", "value": "Purchase"}, {"name": "framework", "value": "behave"}, {"name": "language", "value": "cpython3"}]}