{"name": "Email -- @1.1 ", "status": "broken", "statusDetails": {"message": "selenium.common.exceptions.WebDriverException: Message: target frame detached\n  (Session info: chrome=87.0.4280.88)\n\n", "trace": "  File \"/Library/Frameworks/Python.framework/Versions/3.8/lib/python3.8/site-packages/behave/model.py\", line 1329, in run\n    match.run(runner.context)\n  File \"/Library/Frameworks/Python.framework/Versions/3.8/lib/python3.8/site-packages/behave/matchers.py\", line 98, in run\n    self.func(context, *args, **kwargs)\n  File \"features/steps/basic_steps.py\", line 88, in step_impl\n    context.current_page.get_element(element_name, timeout=1)\n  File \"/Users/kardash/Developer/fitness-automation/features/pages/base_page.py\", line 49, in get_element\n    return WebDriverWait(self.driver, timeout).until(\n  File \"/Library/Frameworks/Python.framework/Versions/3.8/lib/python3.8/site-packages/selenium/webdriver/support/wait.py\", line 71, in until\n    value = method(self._driver)\n  File \"/Library/Frameworks/Python.framework/Versions/3.8/lib/python3.8/site-packages/selenium/webdriver/support/expected_conditions.py\", line 64, in __call__\n    return _find_element(driver, self.locator)\n  File \"/Library/Frameworks/Python.framework/Versions/3.8/lib/python3.8/site-packages/selenium/webdriver/support/expected_conditions.py\", line 415, in _find_element\n    raise e\n  File \"/Library/Frameworks/Python.framework/Versions/3.8/lib/python3.8/site-packages/selenium/webdriver/support/expected_conditions.py\", line 411, in _find_element\n    return driver.find_element(*by)\n  File \"/Library/Frameworks/Python.framework/Versions/3.8/lib/python3.8/site-packages/selenium/webdriver/remote/webdriver.py\", line 976, in find_element\n    return self.execute(Command.FIND_ELEMENT, {\n  File \"/Library/Frameworks/Python.framework/Versions/3.8/lib/python3.8/site-packages/selenium/webdriver/remote/webdriver.py\", line 321, in execute\n    self.error_handler.check_response(response)\n  File \"/Library/Frameworks/Python.framework/Versions/3.8/lib/python3.8/site-packages/selenium/webdriver/remote/errorhandler.py\", line 242, in check_response\n    raise exception_class(message, screen, stacktrace)\n"}, "steps": [{"name": "Given clear time", "status": "passed", "start": 1608413892266, "stop": 1608413892267}, {"name": "When open home page", "status": "passed", "start": 1608413892268, "stop": 1608413895136}, {"name": "When calculate time for 'home'", "status": "passed", "start": 1608413895136, "stop": 1608413895137}, {"name": "When go to confirmation page", "status": "passed", "start": 1608413895137, "stop": 1608413977843}, {"name": "When calculate time for 'confirmation'", "status": "passed", "start": 1608413977843, "stop": 1608413977844}, {"name": "When go to cloudpayments page", "status": "passed", "start": 1608413977844, "stop": 1608413978380}, {"name": "When calculate time for 'payment'", "status": "passed", "start": 1608413978380, "stop": 1608413978380}, {"name": "When enter fake card details", "status": "passed", "start": 1608413978381, "stop": 1608413980745}, {"name": "Then I see 3d secure element", "status": "broken", "statusDetails": {"message": "selenium.common.exceptions.WebDriverException: Message: target frame detached\n  (Session info: chrome=87.0.4280.88)\n\n", "trace": "  File \"/Library/Frameworks/Python.framework/Versions/3.8/lib/python3.8/site-packages/behave/model.py\", line 1329, in run\n    match.run(runner.context)\n  File \"/Library/Frameworks/Python.framework/Versions/3.8/lib/python3.8/site-packages/behave/matchers.py\", line 98, in run\n    self.func(context, *args, **kwargs)\n  File \"features/steps/basic_steps.py\", line 88, in step_impl\n    context.current_page.get_element(element_name, timeout=1)\n  File \"/Users/kardash/Developer/fitness-automation/features/pages/base_page.py\", line 49, in get_element\n    return WebDriverWait(self.driver, timeout).until(\n  File \"/Library/Frameworks/Python.framework/Versions/3.8/lib/python3.8/site-packages/selenium/webdriver/support/wait.py\", line 71, in until\n    value = method(self._driver)\n  File \"/Library/Frameworks/Python.framework/Versions/3.8/lib/python3.8/site-packages/selenium/webdriver/support/expected_conditions.py\", line 64, in __call__\n    return _find_element(driver, self.locator)\n  File \"/Library/Frameworks/Python.framework/Versions/3.8/lib/python3.8/site-packages/selenium/webdriver/support/expected_conditions.py\", line 415, in _find_element\n    raise e\n  File \"/Library/Frameworks/Python.framework/Versions/3.8/lib/python3.8/site-packages/selenium/webdriver/support/expected_conditions.py\", line 411, in _find_element\n    return driver.find_element(*by)\n  File \"/Library/Frameworks/Python.framework/Versions/3.8/lib/python3.8/site-packages/selenium/webdriver/remote/webdriver.py\", line 976, in find_element\n    return self.execute(Command.FIND_ELEMENT, {\n  File \"/Library/Frameworks/Python.framework/Versions/3.8/lib/python3.8/site-packages/selenium/webdriver/remote/webdriver.py\", line 321, in execute\n    self.error_handler.check_response(response)\n  File \"/Library/Frameworks/Python.framework/Versions/3.8/lib/python3.8/site-packages/selenium/webdriver/remote/errorhandler.py\", line 242, in check_response\n    raise exception_class(message, screen, stacktrace)\n"}, "attachments": [{"name": "bug.png", "source": "da064e43-a53e-4181-a078-a2d7fb610969-attachment.png", "type": "image/png"}], "start": 1608413980746, "stop": 1608413987774}, {"name": "When calculate time for 'purchace'", "status": "skipped", "start": 1608413987775, "stop": 1608413987775}, {"name": "When wait for \"1\" sec", "status": "skipped", "start": 1608413987775, "stop": 1608413987775}], "parameters": [{"name": "card_type", "value": "fake card"}], "start": 1608413892263, "stop": 1608413987775, "uuid": "a1a5ee50-5b18-407e-bcf2-69a11aa54932", "historyId": "200cae7671fa7bea2d72f6cfa113029f", "labels": [{"name": "severity", "value": "normal"}, {"name": "tag", "value": "validation"}, {"name": "feature", "value": "Purchase"}, {"name": "framework", "value": "behave"}, {"name": "language", "value": "cpython3"}]}