{"name": "Email -- @1.1 ", "status": "broken", "statusDetails": {"message": "selenium.common.exceptions.TimeoutException: Message: Unable to locate element: \"cancel button\"\n\n", "trace": "  File \"/Library/Frameworks/Python.framework/Versions/3.8/lib/python3.8/site-packages/behave/model.py\", line 1329, in run\n    match.run(runner.context)\n  File \"/Library/Frameworks/Python.framework/Versions/3.8/lib/python3.8/site-packages/behave/matchers.py\", line 98, in run\n    self.func(context, *args, **kwargs)\n  File \"features/steps/basic_steps.py\", line 88, in step_impl\n    context.current_page.get_element(element_name, timeout=50)\n  File \"/Users/kardash/Developer/fitness-automation/features/pages/base_page.py\", line 49, in get_element\n    return WebDriverWait(self.driver, timeout).until(\n  File \"/Library/Frameworks/Python.framework/Versions/3.8/lib/python3.8/site-packages/selenium/webdriver/support/wait.py\", line 80, in until\n    raise TimeoutException(message, screen, stacktrace)\n"}, "steps": [{"name": "Given clear time", "status": "passed", "start": 1608635736133, "stop": 1608635736133}, {"name": "When open f.gum24.online page", "status": "passed", "start": 1608635736134, "stop": 1608635737744}, {"name": "When clear time", "status": "passed", "start": 1608635737744, "stop": 1608635737745}, {"name": "When go to confirmation page", "status": "passed", "start": 1608635737745, "stop": 1608635746722}, {"name": "When calculate time for 'confirmation'", "status": "passed", "start": 1608635746722, "stop": 1608635747279}, {"name": "When go to cloudpayments page", "status": "passed", "start": 1608635747280, "stop": 1608635747787}, {"name": "When enter fake card details", "status": "passed", "start": 1608635747787, "stop": 1608635751414}, {"name": "Then I see cancel button element", "status": "broken", "statusDetails": {"message": "selenium.common.exceptions.TimeoutException: Message: Unable to locate element: \"cancel button\"\n\n", "trace": "  File \"/Library/Frameworks/Python.framework/Versions/3.8/lib/python3.8/site-packages/behave/model.py\", line 1329, in run\n    match.run(runner.context)\n  File \"/Library/Frameworks/Python.framework/Versions/3.8/lib/python3.8/site-packages/behave/matchers.py\", line 98, in run\n    self.func(context, *args, **kwargs)\n  File \"features/steps/basic_steps.py\", line 88, in step_impl\n    context.current_page.get_element(element_name, timeout=50)\n  File \"/Users/kardash/Developer/fitness-automation/features/pages/base_page.py\", line 49, in get_element\n    return WebDriverWait(self.driver, timeout).until(\n  File \"/Library/Frameworks/Python.framework/Versions/3.8/lib/python3.8/site-packages/selenium/webdriver/support/wait.py\", line 80, in until\n    raise TimeoutException(message, screen, stacktrace)\n"}, "attachments": [{"name": "bug.png", "source": "bb8f3b9a-82d3-42e0-b779-03a17ecc2306-attachment.png", "type": "image/png"}], "start": 1608635751415, "stop": 1608635802419}, {"name": "When calculate time for 'cloudpayments'", "status": "skipped", "start": 1608635802420, "stop": 1608635802420}], "parameters": [{"name": "page_name", "value": "f.gum24.online"}, {"name": "card", "value": "fake card"}, {"name": "type", "value": "cancel button"}], "start": 1608635736132, "stop": 1608635802420, "uuid": "08d7df41-daa6-44ab-9d34-b1897ba5012b", "historyId": "055759470ca507e62b8429e2c3fe0615", "fullName": "features/tests/2/cloudpayments5.feature:Email", "labels": [{"name": "severity", "value": "normal"}, {"name": "tag", "value": "validation"}, {"name": "feature", "value": "fitness-online.ru.com"}, {"name": "framework", "value": "behave"}, {"name": "language", "value": "cpython3"}]}