{"name": "Email -- @1.1 ", "status": "broken", "statusDetails": {"message": "selenium.common.exceptions.TimeoutException: Message: Unable to locate element: \"cancel button\"\n\n", "trace": "  File \"/Library/Frameworks/Python.framework/Versions/3.8/lib/python3.8/site-packages/behave/model.py\", line 1329, in run\n    match.run(runner.context)\n  File \"/Library/Frameworks/Python.framework/Versions/3.8/lib/python3.8/site-packages/behave/matchers.py\", line 98, in run\n    self.func(context, *args, **kwargs)\n  File \"features/steps/basic_steps.py\", line 88, in step_impl\n    context.current_page.get_element(element_name, timeout=50)\n  File \"/Users/kardash/Developer/fitness-automation/features/pages/base_page.py\", line 49, in get_element\n    return WebDriverWait(self.driver, timeout).until(\n  File \"/Library/Frameworks/Python.framework/Versions/3.8/lib/python3.8/site-packages/selenium/webdriver/support/wait.py\", line 80, in until\n    raise TimeoutException(message, screen, stacktrace)\n"}, "steps": [{"name": "Given clear time", "status": "passed", "start": 1608635291217, "stop": 1608635291218}, {"name": "When open f.gum24.online page", "status": "passed", "start": 1608635291219, "stop": 1608635296732}, {"name": "When clear time", "status": "passed", "start": 1608635296732, "stop": 1608635296733}, {"name": "When go to confirmation page", "status": "passed", "start": 1608635296733, "stop": 1608635399350}, {"name": "When calculate time for 'confirmation'", "status": "passed", "start": 1608635399350, "stop": 1608635399647}, {"name": "When go to cloudpayments page", "status": "passed", "start": 1608635399647, "stop": 1608635400188}, {"name": "When enter fake card details", "status": "passed", "start": 1608635400189, "stop": 1608635402245}, {"name": "Then I see cancel button element", "status": "broken", "statusDetails": {"message": "selenium.common.exceptions.TimeoutException: Message: Unable to locate element: \"cancel button\"\n\n", "trace": "  File \"/Library/Frameworks/Python.framework/Versions/3.8/lib/python3.8/site-packages/behave/model.py\", line 1329, in run\n    match.run(runner.context)\n  File \"/Library/Frameworks/Python.framework/Versions/3.8/lib/python3.8/site-packages/behave/matchers.py\", line 98, in run\n    self.func(context, *args, **kwargs)\n  File \"features/steps/basic_steps.py\", line 88, in step_impl\n    context.current_page.get_element(element_name, timeout=50)\n  File \"/Users/kardash/Developer/fitness-automation/features/pages/base_page.py\", line 49, in get_element\n    return WebDriverWait(self.driver, timeout).until(\n  File \"/Library/Frameworks/Python.framework/Versions/3.8/lib/python3.8/site-packages/selenium/webdriver/support/wait.py\", line 80, in until\n    raise TimeoutException(message, screen, stacktrace)\n"}, "attachments": [{"name": "bug.png", "source": "e6528414-de36-4798-b548-6ca19b326b40-attachment.png", "type": "image/png"}], "start": 1608635402245, "stop": 1608635453482}, {"name": "When calculate time for 'cloudpayments'", "status": "skipped", "start": 1608635453482, "stop": 1608635453482}], "parameters": [{"name": "page_name", "value": "f.gum24.online"}, {"name": "card", "value": "fake card"}, {"name": "type", "value": "cancel button"}], "start": 1608635291216, "stop": 1608635453482, "uuid": "a6b699cf-80fa-46c8-bd49-3f823a3beceb", "historyId": "055759470ca507e62b8429e2c3fe0615", "fullName": "features/tests/2/cloudpayments8.feature:Email", "labels": [{"name": "severity", "value": "normal"}, {"name": "tag", "value": "validation"}, {"name": "feature", "value": "fitness-online.ru.com"}, {"name": "framework", "value": "behave"}, {"name": "language", "value": "cpython3"}]}