{"name": "Email -- @1.1 ", "status": "broken", "statusDetails": {"message": "selenium.common.exceptions.TimeoutException: Message: Unable to locate element: cardnumber field\n\n", "trace": "  File \"/Library/Frameworks/Python.framework/Versions/3.8/lib/python3.8/site-packages/behave/model.py\", line 1329, in run\n    match.run(runner.context)\n  File \"/Library/Frameworks/Python.framework/Versions/3.8/lib/python3.8/site-packages/behave/matchers.py\", line 98, in run\n    self.func(context, *args, **kwargs)\n  File \"features/steps/cloudpayments_steps.py\", line 11, in step_impl\n    context.current_page.type_in('cardnumber field', '5555555555554444')\n  File \"/Users/kardash/Developer/fitness-automation/features/pages/base_page.py\", line 29, in type_in\n    element = self.get_clickable_element(element_name)\n  File \"/Users/kardash/Developer/fitness-automation/features/pages/base_page.py\", line 57, in get_clickable_element\n    return WebDriverWait(self.driver, timeout).until(\n  File \"/Library/Frameworks/Python.framework/Versions/3.8/lib/python3.8/site-packages/selenium/webdriver/support/wait.py\", line 80, in until\n    raise TimeoutException(message, screen, stacktrace)\n"}, "steps": [{"name": "Given clear time", "status": "passed", "start": 1608635291030, "stop": 1608635291030}, {"name": "When open f.gum24.online page", "status": "passed", "start": 1608635291031, "stop": 1608635296673}, {"name": "When clear time", "status": "passed", "start": 1608635296674, "stop": 1608635296674}, {"name": "When go to confirmation page", "status": "passed", "start": 1608635296674, "stop": 1608635451588}, {"name": "When calculate time for 'confirmation'", "status": "passed", "start": 1608635451588, "stop": 1608635451881}, {"name": "When go to cloudpayments page", "status": "passed", "start": 1608635451882, "stop": 1608635461936}, {"name": "When enter fake card details", "status": "broken", "statusDetails": {"message": "selenium.common.exceptions.TimeoutException: Message: Unable to locate element: cardnumber field\n\n", "trace": "  File \"/Library/Frameworks/Python.framework/Versions/3.8/lib/python3.8/site-packages/behave/model.py\", line 1329, in run\n    match.run(runner.context)\n  File \"/Library/Frameworks/Python.framework/Versions/3.8/lib/python3.8/site-packages/behave/matchers.py\", line 98, in run\n    self.func(context, *args, **kwargs)\n  File \"features/steps/cloudpayments_steps.py\", line 11, in step_impl\n    context.current_page.type_in('cardnumber field', '5555555555554444')\n  File \"/Users/kardash/Developer/fitness-automation/features/pages/base_page.py\", line 29, in type_in\n    element = self.get_clickable_element(element_name)\n  File \"/Users/kardash/Developer/fitness-automation/features/pages/base_page.py\", line 57, in get_clickable_element\n    return WebDriverWait(self.driver, timeout).until(\n  File \"/Library/Frameworks/Python.framework/Versions/3.8/lib/python3.8/site-packages/selenium/webdriver/support/wait.py\", line 80, in until\n    raise TimeoutException(message, screen, stacktrace)\n"}, "attachments": [{"name": "bug.png", "source": "ad4dc0ee-ad97-4bd0-83b9-00f45fddf37e-attachment.png", "type": "image/png"}], "start": 1608635461936, "stop": 1608635472766}, {"name": "Then I see cancel button element", "status": "skipped", "start": 1608635472767, "stop": 1608635472767}, {"name": "When calculate time for 'cloudpayments'", "status": "skipped", "start": 1608635472767, "stop": 1608635472767}], "parameters": [{"name": "page_name", "value": "f.gum24.online"}, {"name": "card", "value": "fake card"}, {"name": "type", "value": "cancel button"}], "start": 1608635291029, "stop": 1608635472767, "uuid": "cd908e18-95c4-461e-9503-b50726e0a4a5", "historyId": "055759470ca507e62b8429e2c3fe0615", "fullName": "features/tests/2/cloudpayments7.feature:Email", "labels": [{"name": "severity", "value": "normal"}, {"name": "tag", "value": "validation"}, {"name": "feature", "value": "fitness-online.ru.com"}, {"name": "framework", "value": "behave"}, {"name": "language", "value": "cpython3"}]}