{
  "uid" : "9773ed68d3a58602",
  "name" : "Email -- @1.1 ",
  "fullName" : "features/tests/cloudpayments8.feature:Email",
  "historyId" : "055759470ca507e62b8429e2c3fe0615",
  "time" : {
    "start" : 1608641898461,
    "stop" : 1608641929632,
    "duration" : 31171
  },
  "status" : "passed",
  "flaky" : false,
  "newFailed" : false,
  "beforeStages" : [ ],
  "testStage" : {
    "status" : "passed",
    "steps" : [ {
      "name" : "Given clear time",
      "time" : {
        "start" : 1608641898462,
        "stop" : 1608641898462,
        "duration" : 0
      },
      "status" : "passed",
      "steps" : [ ],
      "attachments" : [ ],
      "parameters" : [ ],
      "stepsCount" : 0,
      "attachmentsCount" : 0,
      "shouldDisplayMessage" : false,
      "hasContent" : false
    }, {
      "name" : "When open f.gum24.online page",
      "time" : {
        "start" : 1608641898463,
        "stop" : 1608641902037,
        "duration" : 3574
      },
      "status" : "passed",
      "steps" : [ ],
      "attachments" : [ ],
      "parameters" : [ ],
      "stepsCount" : 0,
      "attachmentsCount" : 0,
      "shouldDisplayMessage" : false,
      "hasContent" : false
    }, {
      "name" : "When clear time",
      "time" : {
        "start" : 1608641902038,
        "stop" : 1608641902038,
        "duration" : 0
      },
      "status" : "passed",
      "steps" : [ ],
      "attachments" : [ ],
      "parameters" : [ ],
      "stepsCount" : 0,
      "attachmentsCount" : 0,
      "shouldDisplayMessage" : false,
      "hasContent" : false
    }, {
      "name" : "When go to confirmation page",
      "time" : {
        "start" : 1608641902039,
        "stop" : 1608641915881,
        "duration" : 13842
      },
      "status" : "passed",
      "steps" : [ ],
      "attachments" : [ ],
      "parameters" : [ ],
      "stepsCount" : 0,
      "attachmentsCount" : 0,
      "shouldDisplayMessage" : false,
      "hasContent" : false
    }, {
      "name" : "When go to cloudpayments page",
      "time" : {
        "start" : 1608641915881,
        "stop" : 1608641916829,
        "duration" : 948
      },
      "status" : "passed",
      "steps" : [ ],
      "attachments" : [ ],
      "parameters" : [ ],
      "stepsCount" : 0,
      "attachmentsCount" : 0,
      "shouldDisplayMessage" : false,
      "hasContent" : false
    }, {
      "name" : "When enter fake card details",
      "time" : {
        "start" : 1608641916829,
        "stop" : 1608641920397,
        "duration" : 3568
      },
      "status" : "passed",
      "steps" : [ ],
      "attachments" : [ ],
      "parameters" : [ ],
      "stepsCount" : 0,
      "attachmentsCount" : 0,
      "shouldDisplayMessage" : false,
      "hasContent" : false
    }, {
      "name" : "Then I see cancel button element",
      "time" : {
        "start" : 1608641920397,
        "stop" : 1608641928193,
        "duration" : 7796
      },
      "status" : "passed",
      "steps" : [ ],
      "attachments" : [ ],
      "parameters" : [ ],
      "stepsCount" : 0,
      "attachmentsCount" : 0,
      "shouldDisplayMessage" : false,
      "hasContent" : false
    }, {
      "name" : "When calculate time for 'cloudpayments'",
      "time" : {
        "start" : 1608641928194,
        "stop" : 1608641929631,
        "duration" : 1437
      },
      "status" : "passed",
      "steps" : [ ],
      "attachments" : [ ],
      "parameters" : [ ],
      "stepsCount" : 0,
      "attachmentsCount" : 0,
      "shouldDisplayMessage" : false,
      "hasContent" : false
    } ],
    "attachments" : [ ],
    "parameters" : [ ],
    "stepsCount" : 8,
    "attachmentsCount" : 0,
    "shouldDisplayMessage" : false,
    "hasContent" : true
  },
  "afterStages" : [ ],
  "labels" : [ {
    "name" : "severity",
    "value" : "normal"
  }, {
    "name" : "tag",
    "value" : "validation"
  }, {
    "name" : "feature",
    "value" : "fitness-online.ru.com"
  }, {
    "name" : "framework",
    "value" : "behave"
  }, {
    "name" : "language",
    "value" : "cpython3"
  }, {
    "name" : "resultFormat",
    "value" : "allure2"
  } ],
  "parameters" : [ {
    "name" : "card",
    "value" : "fake card"
  }, {
    "name" : "page_name",
    "value" : "f.gum24.online"
  }, {
    "name" : "type",
    "value" : "cancel button"
  } ],
  "links" : [ ],
  "hidden" : false,
  "retry" : false,
  "extra" : {
    "severity" : "normal",
    "retries" : [ {
      "uid" : "b5a6536824a834ff",
      "status" : "passed",
      "time" : {
        "start" : 1608641898446,
        "stop" : 1608641926797,
        "duration" : 28351
      }
    }, {
      "uid" : "dab2988915d1acd4",
      "status" : "passed",
      "time" : {
        "start" : 1608641895442,
        "stop" : 1608641926042,
        "duration" : 30600
      }
    }, {
      "uid" : "b135dd579cc5329c",
      "status" : "passed",
      "time" : {
        "start" : 1608641888723,
        "stop" : 1608641917045,
        "duration" : 28322
      }
    }, {
      "uid" : "6d1a19e1dc4ee0a6",
      "status" : "passed",
      "time" : {
        "start" : 1608641879869,
        "stop" : 1608641904183,
        "duration" : 24314
      }
    }, {
      "uid" : "7091952f4428ecb3",
      "status" : "failed",
      "statusDetails" : "AssertionError: FAILED SUB-STEP: And type \"random\" in email field\nSubstep info: Traceback (most recent call last):\n  File \"/Library/Frameworks/Python.framework/Versions/3.8/lib/python3.8/site-packages/behave/model.py\", line 1329, in run\n    match.run(runner.context)\n  File \"/Library/Frameworks/Python.framework/Versions/3.8/lib/python3.8/site-packages/behave/matchers.py\", line 98, in run\n    self.func(context, *args, **kwargs)\n  File \"features/steps/basic_steps.py\", line 24, in step_impl\n    context.current_page.type_in(field_name, text)\n  File \"/Users/kardash/Developer/fitness-automation/features/pages/base_page.py\", line 29, in type_in\n    element = self.get_clickable_element(element_name)\n  File \"/Users/kardash/Developer/fitness-automation/features/pages/base_page.py\", line 57, in get_clickable_element\n    return WebDriverWait(self.driver, timeout).until(\n  File \"/Library/Frameworks/Python.framework/Versions/3.8/lib/python3.8/site-packages/selenium/webdriver/support/wait.py\", line 80, in until\n    raise TimeoutException(message, screen, stacktrace)\nselenium.common.exceptions.TimeoutException: Message: Unable to locate element: email field\n\n\nTraceback (of failed substep):\n  File \"/Library/Frameworks/Python.framework/Versions/3.8/lib/python3.8/site-packages/behave/model.py\", line 1329, in run\n    match.run(runner.context)\n  File \"/Library/Frameworks/Python.framework/Versions/3.8/lib/python3.8/site-packages/behave/matchers.py\", line 98, in run\n    self.func(context, *args, **kwargs)\n  File \"features/steps/basic_steps.py\", line 24, in step_impl\n    context.current_page.type_in(field_name, text)\n  File \"/Users/kardash/Developer/fitness-automation/features/pages/base_page.py\", line 29, in type_in\n    element = self.get_clickable_element(element_name)\n  File \"/Users/kardash/Developer/fitness-automation/features/pages/base_page.py\", line 57, in get_clickable_element\n    return WebDriverWait(self.driver, timeout).until(\n  File \"/Library/Frameworks/Python.framework/Versions/3.8/lib/python3.8/site-packages/selenium/webdriver/support/wait.py\", line 80, in until\n    raise TimeoutException(message, screen, stacktrace)\n\n",
      "time" : {
        "start" : 1608641856818,
        "stop" : 1608641875893,
        "duration" : 19075
      }
    }, {
      "uid" : "edef08a410227f0b",
      "status" : "passed",
      "time" : {
        "start" : 1608641856774,
        "stop" : 1608641890247,
        "duration" : 33473
      }
    }, {
      "uid" : "6f17ef6e07c682ae",
      "status" : "passed",
      "time" : {
        "start" : 1608641856747,
        "stop" : 1608641894059,
        "duration" : 37312
      }
    }, {
      "uid" : "d6488435d73ba2f5",
      "status" : "passed",
      "time" : {
        "start" : 1608641856723,
        "stop" : 1608641893584,
        "duration" : 36861
      }
    }, {
      "uid" : "1a2bc371c40282e8",
      "status" : "passed",
      "time" : {
        "start" : 1608641856712,
        "stop" : 1608641884812,
        "duration" : 28100
      }
    }, {
      "uid" : "b283780b6ebba74f",
      "status" : "passed",
      "time" : {
        "start" : 1608641761712,
        "stop" : 1608641796167,
        "duration" : 34455
      }
    }, {
      "uid" : "9e8a3b6a54846ccd",
      "status" : "passed",
      "time" : {
        "start" : 1608641760349,
        "stop" : 1608641796258,
        "duration" : 35909
      }
    }, {
      "uid" : "5e53ab547a2857e0",
      "status" : "passed",
      "time" : {
        "start" : 1608641760320,
        "stop" : 1608641802701,
        "duration" : 42381
      }
    }, {
      "uid" : "aaae39f09981c99a",
      "status" : "passed",
      "time" : {
        "start" : 1608641752739,
        "stop" : 1608641780499,
        "duration" : 27760
      }
    }, {
      "uid" : "5bb9630a0fef18a9",
      "status" : "passed",
      "time" : {
        "start" : 1608641743401,
        "stop" : 1608641765920,
        "duration" : 22519
      }
    }, {
      "uid" : "1792119f6885c2b2",
      "status" : "passed",
      "time" : {
        "start" : 1608641720861,
        "stop" : 1608641756180,
        "duration" : 35319
      }
    }, {
      "uid" : "a08401d0639c27d",
      "status" : "passed",
      "time" : {
        "start" : 1608641720736,
        "stop" : 1608641755677,
        "duration" : 34941
      }
    }, {
      "uid" : "d87ea719af2ddb",
      "status" : "passed",
      "time" : {
        "start" : 1608641720659,
        "stop" : 1608641758100,
        "duration" : 37441
      }
    }, {
      "uid" : "3d9f920e4793ba37",
      "status" : "passed",
      "time" : {
        "start" : 1608641720458,
        "stop" : 1608641748914,
        "duration" : 28456
      }
    }, {
      "uid" : "82c03b162297f8ce",
      "status" : "failed",
      "statusDetails" : "AssertionError: FAILED SUB-STEP: And type \"random\" in email field\nSubstep info: Traceback (most recent call last):\n  File \"/Library/Frameworks/Python.framework/Versions/3.8/lib/python3.8/site-packages/behave/model.py\", line 1329, in run\n    match.run(runner.context)\n  File \"/Library/Frameworks/Python.framework/Versions/3.8/lib/python3.8/site-packages/behave/matchers.py\", line 98, in run\n    self.func(context, *args, **kwargs)\n  File \"features/steps/basic_steps.py\", line 24, in step_impl\n    context.current_page.type_in(field_name, text)\n  File \"/Users/kardash/Developer/fitness-automation/features/pages/base_page.py\", line 29, in type_in\n    element = self.get_clickable_element(element_name)\n  File \"/Users/kardash/Developer/fitness-automation/features/pages/base_page.py\", line 57, in get_clickable_element\n    return WebDriverWait(self.driver, timeout).until(\n  File \"/Library/Frameworks/Python.framework/Versions/3.8/lib/python3.8/site-packages/selenium/webdriver/support/wait.py\", line 80, in until\n    raise TimeoutException(message, screen, stacktrace)\nselenium.common.exceptions.TimeoutException: Message: Unable to locate element: email field\n\n\nTraceback (of failed substep):\n  File \"/Library/Frameworks/Python.framework/Versions/3.8/lib/python3.8/site-packages/behave/model.py\", line 1329, in run\n    match.run(runner.context)\n  File \"/Library/Frameworks/Python.framework/Versions/3.8/lib/python3.8/site-packages/behave/matchers.py\", line 98, in run\n    self.func(context, *args, **kwargs)\n  File \"features/steps/basic_steps.py\", line 24, in step_impl\n    context.current_page.type_in(field_name, text)\n  File \"/Users/kardash/Developer/fitness-automation/features/pages/base_page.py\", line 29, in type_in\n    element = self.get_clickable_element(element_name)\n  File \"/Users/kardash/Developer/fitness-automation/features/pages/base_page.py\", line 57, in get_clickable_element\n    return WebDriverWait(self.driver, timeout).until(\n  File \"/Library/Frameworks/Python.framework/Versions/3.8/lib/python3.8/site-packages/selenium/webdriver/support/wait.py\", line 80, in until\n    raise TimeoutException(message, screen, stacktrace)\n\n",
      "time" : {
        "start" : 1608641720390,
        "stop" : 1608641739317,
        "duration" : 18927
      }
    }, {
      "uid" : "5b83530c2d7fa9be",
      "status" : "passed",
      "time" : {
        "start" : 1608641335382,
        "stop" : 1608641365947,
        "duration" : 30565
      }
    }, {
      "uid" : "343eedd51c453c51",
      "status" : "passed",
      "time" : {
        "start" : 1608641331289,
        "stop" : 1608641375354,
        "duration" : 44065
      }
    }, {
      "uid" : "90d3e4e274a123b3",
      "status" : "passed",
      "time" : {
        "start" : 1608641325733,
        "stop" : 1608641362335,
        "duration" : 36602
      }
    }, {
      "uid" : "f19928c49cf1e6c8",
      "status" : "passed",
      "time" : {
        "start" : 1608641319727,
        "stop" : 1608641352861,
        "duration" : 33134
      }
    }, {
      "uid" : "e706813351ae39da",
      "status" : "passed",
      "time" : {
        "start" : 1608641305278,
        "stop" : 1608641342833,
        "duration" : 37555
      }
    }, {
      "uid" : "6a40d4cf136efd29",
      "status" : "passed",
      "time" : {
        "start" : 1608641239979,
        "stop" : 1608641326707,
        "duration" : 86728
      }
    }, {
      "uid" : "6d26f6034c3323ac",
      "status" : "passed",
      "time" : {
        "start" : 1608641239959,
        "stop" : 1608641318680,
        "duration" : 78721
      }
    }, {
      "uid" : "e1d4250d2816f5b2",
      "status" : "broken",
      "statusDetails" : "selenium.common.exceptions.WebDriverException: Message: Session timed out or not found\n\n",
      "time" : {
        "start" : 1608641239867,
        "stop" : 1608641311454,
        "duration" : 71587
      }
    }, {
      "uid" : "aff9dde4ad256217",
      "status" : "passed",
      "time" : {
        "start" : 1608641239336,
        "stop" : 1608641299358,
        "duration" : 60022
      }
    }, {
      "uid" : "e1992b646ced490b",
      "status" : "passed",
      "time" : {
        "start" : 1608641239336,
        "stop" : 1608641331372,
        "duration" : 92036
      }
    }, {
      "uid" : "d97b23fe93dc4eb4",
      "status" : "passed",
      "time" : {
        "start" : 1608640937722,
        "stop" : 1608640986475,
        "duration" : 48753
      }
    }, {
      "uid" : "889a9a3346bceeb9",
      "status" : "passed",
      "time" : {
        "start" : 1608640937695,
        "stop" : 1608640981946,
        "duration" : 44251
      }
    }, {
      "uid" : "a60a456e75d4248d",
      "status" : "passed",
      "time" : {
        "start" : 1608640937675,
        "stop" : 1608640981822,
        "duration" : 44147
      }
    }, {
      "uid" : "5f68630367d766ad",
      "status" : "passed",
      "time" : {
        "start" : 1608640822947,
        "stop" : 1608640874755,
        "duration" : 51808
      }
    }, {
      "uid" : "5ba647a1369954a4",
      "status" : "passed",
      "time" : {
        "start" : 1608640822771,
        "stop" : 1608640874027,
        "duration" : 51256
      }
    }, {
      "uid" : "55cba0da14173317",
      "status" : "passed",
      "time" : {
        "start" : 1608640818428,
        "stop" : 1608640873367,
        "duration" : 54939
      }
    }, {
      "uid" : "903c2bb62393a14c",
      "status" : "passed",
      "time" : {
        "start" : 1608640818346,
        "stop" : 1608640872203,
        "duration" : 53857
      }
    }, {
      "uid" : "d93feb80b76d9d90",
      "status" : "passed",
      "time" : {
        "start" : 1608640696626,
        "stop" : 1608640723409,
        "duration" : 26783
      }
    }, {
      "uid" : "53d824591ccc8c91",
      "status" : "passed",
      "time" : {
        "start" : 1608640646969,
        "stop" : 1608640671657,
        "duration" : 24688
      }
    }, {
      "uid" : "346808d151d23652",
      "status" : "passed",
      "time" : {
        "start" : 1608640646317,
        "stop" : 1608640678337,
        "duration" : 32020
      }
    }, {
      "uid" : "824f3ffd2e49aea0",
      "status" : "passed",
      "time" : {
        "start" : 1608640646211,
        "stop" : 1608640671750,
        "duration" : 25539
      }
    }, {
      "uid" : "3082dd50b0c19d8e",
      "status" : "passed",
      "time" : {
        "start" : 1608640643213,
        "stop" : 1608640676525,
        "duration" : 33312
      }
    }, {
      "uid" : "f6f690bb6c4c199b",
      "status" : "passed",
      "time" : {
        "start" : 1608640587932,
        "stop" : 1608640621193,
        "duration" : 33261
      }
    }, {
      "uid" : "2314d89ade4a6e1f",
      "status" : "passed",
      "time" : {
        "start" : 1608640587908,
        "stop" : 1608640618086,
        "duration" : 30178
      }
    }, {
      "uid" : "1eeddfedbc3adb92",
      "status" : "passed",
      "time" : {
        "start" : 1608640587682,
        "stop" : 1608640617183,
        "duration" : 29501
      }
    }, {
      "uid" : "633968caa946f389",
      "status" : "passed",
      "time" : {
        "start" : 1608640587567,
        "stop" : 1608640617649,
        "duration" : 30082
      }
    }, {
      "uid" : "8f7319f15556744f",
      "status" : "passed",
      "time" : {
        "start" : 1608640587302,
        "stop" : 1608640618443,
        "duration" : 31141
      }
    }, {
      "uid" : "d24b12922b40082f",
      "status" : "passed",
      "time" : {
        "start" : 1608640436990,
        "stop" : 1608640467224,
        "duration" : 30234
      }
    }, {
      "uid" : "2a9ad242880522b6",
      "status" : "passed",
      "time" : {
        "start" : 1608640436380,
        "stop" : 1608640467263,
        "duration" : 30883
      }
    }, {
      "uid" : "80f6e3cbc2ed3062",
      "status" : "passed",
      "time" : {
        "start" : 1608640384920,
        "stop" : 1608640416905,
        "duration" : 31985
      }
    }, {
      "uid" : "b8d2a4bc7ad8b6a2",
      "status" : "passed",
      "time" : {
        "start" : 1608640377829,
        "stop" : 1608640410133,
        "duration" : 32304
      }
    }, {
      "uid" : "72bdea77e6ecb6ba",
      "status" : "passed",
      "time" : {
        "start" : 1608640375387,
        "stop" : 1608640405897,
        "duration" : 30510
      }
    }, {
      "uid" : "bd4f8abf653f07b5",
      "status" : "passed",
      "time" : {
        "start" : 1608640321817,
        "stop" : 1608640349922,
        "duration" : 28105
      }
    }, {
      "uid" : "e954e6ab349097f7",
      "status" : "passed",
      "time" : {
        "start" : 1608640321493,
        "stop" : 1608640349823,
        "duration" : 28330
      }
    }, {
      "uid" : "2e93ddc393f0f9bc",
      "status" : "passed",
      "time" : {
        "start" : 1608640321476,
        "stop" : 1608640347901,
        "duration" : 26425
      }
    }, {
      "uid" : "d09c6ae48de296f0",
      "status" : "passed",
      "time" : {
        "start" : 1608640321454,
        "stop" : 1608640348209,
        "duration" : 26755
      }
    }, {
      "uid" : "3af569cd381f402d",
      "status" : "failed",
      "statusDetails" : "AssertionError: FAILED SUB-STEP: And type \"random\" in email field\nSubstep info: Traceback (most recent call last):\n  File \"/Library/Frameworks/Python.framework/Versions/3.8/lib/python3.8/site-packages/behave/model.py\", line 1329, in run\n    match.run(runner.context)\n  File \"/Library/Frameworks/Python.framework/Versions/3.8/lib/python3.8/site-packages/behave/matchers.py\", line 98, in run\n    self.func(context, *args, **kwargs)\n  File \"features/steps/basic_steps.py\", line 24, in step_impl\n    context.current_page.type_in(field_name, text)\n  File \"/Users/kardash/Developer/fitness-automation/features/pages/base_page.py\", line 29, in type_in\n    element = self.get_clickable_element(element_name)\n  File \"/Users/kardash/Developer/fitness-automation/features/pages/base_page.py\", line 57, in get_clickable_element\n    return WebDriverWait(self.driver, timeout).until(\n  File \"/Library/Frameworks/Python.framework/Versions/3.8/lib/python3.8/site-packages/selenium/webdriver/support/wait.py\", line 80, in until\n    raise TimeoutException(message, screen, stacktrace)\nselenium.common.exceptions.TimeoutException: Message: Unable to locate element: email field\n\n\nTraceback (of failed substep):\n  File \"/Library/Frameworks/Python.framework/Versions/3.8/lib/python3.8/site-packages/behave/model.py\", line 1329, in run\n    match.run(runner.context)\n  File \"/Library/Frameworks/Python.framework/Versions/3.8/lib/python3.8/site-packages/behave/matchers.py\", line 98, in run\n    self.func(context, *args, **kwargs)\n  File \"features/steps/basic_steps.py\", line 24, in step_impl\n    context.current_page.type_in(field_name, text)\n  File \"/Users/kardash/Developer/fitness-automation/features/pages/base_page.py\", line 29, in type_in\n    element = self.get_clickable_element(element_name)\n  File \"/Users/kardash/Developer/fitness-automation/features/pages/base_page.py\", line 57, in get_clickable_element\n    return WebDriverWait(self.driver, timeout).until(\n  File \"/Library/Frameworks/Python.framework/Versions/3.8/lib/python3.8/site-packages/selenium/webdriver/support/wait.py\", line 80, in until\n    raise TimeoutException(message, screen, stacktrace)\n\n",
      "time" : {
        "start" : 1608640321441,
        "stop" : 1608640342532,
        "duration" : 21091
      }
    }, {
      "uid" : "d81b78fbab6d0cc3",
      "status" : "passed",
      "time" : {
        "start" : 1608640236889,
        "stop" : 1608640265486,
        "duration" : 28597
      }
    }, {
      "uid" : "39d2ec45ec41fb22",
      "status" : "passed",
      "time" : {
        "start" : 1608640236413,
        "stop" : 1608640265318,
        "duration" : 28905
      }
    }, {
      "uid" : "9c658f34a289ec40",
      "status" : "passed",
      "time" : {
        "start" : 1608640234625,
        "stop" : 1608640259392,
        "duration" : 24767
      }
    }, {
      "uid" : "ba5e0750cb9008ed",
      "status" : "passed",
      "time" : {
        "start" : 1608640234497,
        "stop" : 1608640258356,
        "duration" : 23859
      }
    }, {
      "uid" : "5c71c1bcf760e7d5",
      "status" : "passed",
      "time" : {
        "start" : 1608640212103,
        "stop" : 1608640243754,
        "duration" : 31651
      }
    }, {
      "uid" : "296410493d081c34",
      "status" : "passed",
      "time" : {
        "start" : 1608640191106,
        "stop" : 1608640232860,
        "duration" : 41754
      }
    }, {
      "uid" : "decdb87c63d323b5",
      "status" : "passed",
      "time" : {
        "start" : 1608640190747,
        "stop" : 1608640232429,
        "duration" : 41682
      }
    }, {
      "uid" : "a3d1598cceb01139",
      "status" : "passed",
      "time" : {
        "start" : 1608640190673,
        "stop" : 1608640230254,
        "duration" : 39581
      }
    }, {
      "uid" : "fed99c15fd1119f3",
      "status" : "failed",
      "statusDetails" : "AssertionError: FAILED SUB-STEP: And type \"random\" in email field\nSubstep info: Traceback (most recent call last):\n  File \"/Library/Frameworks/Python.framework/Versions/3.8/lib/python3.8/site-packages/behave/model.py\", line 1329, in run\n    match.run(runner.context)\n  File \"/Library/Frameworks/Python.framework/Versions/3.8/lib/python3.8/site-packages/behave/matchers.py\", line 98, in run\n    self.func(context, *args, **kwargs)\n  File \"features/steps/basic_steps.py\", line 24, in step_impl\n    context.current_page.type_in(field_name, text)\n  File \"/Users/kardash/Developer/fitness-automation/features/pages/base_page.py\", line 29, in type_in\n    element = self.get_clickable_element(element_name)\n  File \"/Users/kardash/Developer/fitness-automation/features/pages/base_page.py\", line 57, in get_clickable_element\n    return WebDriverWait(self.driver, timeout).until(\n  File \"/Library/Frameworks/Python.framework/Versions/3.8/lib/python3.8/site-packages/selenium/webdriver/support/wait.py\", line 80, in until\n    raise TimeoutException(message, screen, stacktrace)\nselenium.common.exceptions.TimeoutException: Message: Unable to locate element: email field\n\n\nTraceback (of failed substep):\n  File \"/Library/Frameworks/Python.framework/Versions/3.8/lib/python3.8/site-packages/behave/model.py\", line 1329, in run\n    match.run(runner.context)\n  File \"/Library/Frameworks/Python.framework/Versions/3.8/lib/python3.8/site-packages/behave/matchers.py\", line 98, in run\n    self.func(context, *args, **kwargs)\n  File \"features/steps/basic_steps.py\", line 24, in step_impl\n    context.current_page.type_in(field_name, text)\n  File \"/Users/kardash/Developer/fitness-automation/features/pages/base_page.py\", line 29, in type_in\n    element = self.get_clickable_element(element_name)\n  File \"/Users/kardash/Developer/fitness-automation/features/pages/base_page.py\", line 57, in get_clickable_element\n    return WebDriverWait(self.driver, timeout).until(\n  File \"/Library/Frameworks/Python.framework/Versions/3.8/lib/python3.8/site-packages/selenium/webdriver/support/wait.py\", line 80, in until\n    raise TimeoutException(message, screen, stacktrace)\n\n",
      "time" : {
        "start" : 1608640190627,
        "stop" : 1608640208989,
        "duration" : 18362
      }
    }, {
      "uid" : "d3d959de87e04ffc",
      "status" : "passed",
      "time" : {
        "start" : 1608640190600,
        "stop" : 1608640229798,
        "duration" : 39198
      }
    }, {
      "uid" : "2b1e69c44bfb4959",
      "status" : "passed",
      "time" : {
        "start" : 1608640111979,
        "stop" : 1608640140445,
        "duration" : 28466
      }
    }, {
      "uid" : "ea7e6a5292b90412",
      "status" : "passed",
      "time" : {
        "start" : 1608640111733,
        "stop" : 1608640141223,
        "duration" : 29490
      }
    }, {
      "uid" : "2e7452f5bc0e9550",
      "status" : "passed",
      "time" : {
        "start" : 1608640111323,
        "stop" : 1608640138532,
        "duration" : 27209
      }
    }, {
      "uid" : "a9c2109c42bb39ca",
      "status" : "passed",
      "time" : {
        "start" : 1608640104693,
        "stop" : 1608640130518,
        "duration" : 25825
      }
    }, {
      "uid" : "5e86d3ad87b1144c",
      "status" : "passed",
      "time" : {
        "start" : 1608640100676,
        "stop" : 1608640126965,
        "duration" : 26289
      }
    }, {
      "uid" : "c6eef61d6e189eb3",
      "status" : "passed",
      "time" : {
        "start" : 1608640076800,
        "stop" : 1608640107105,
        "duration" : 30305
      }
    }, {
      "uid" : "67318f37b1a84c90",
      "status" : "passed",
      "time" : {
        "start" : 1608640076767,
        "stop" : 1608640101084,
        "duration" : 24317
      }
    }, {
      "uid" : "73cc0b3611406b84",
      "status" : "passed",
      "time" : {
        "start" : 1608640076743,
        "stop" : 1608640106974,
        "duration" : 30231
      }
    }, {
      "uid" : "2a0f869443ead7dd",
      "status" : "failed",
      "statusDetails" : "AssertionError: FAILED SUB-STEP: And type \"random\" in email field\nSubstep info: Traceback (most recent call last):\n  File \"/Library/Frameworks/Python.framework/Versions/3.8/lib/python3.8/site-packages/behave/model.py\", line 1329, in run\n    match.run(runner.context)\n  File \"/Library/Frameworks/Python.framework/Versions/3.8/lib/python3.8/site-packages/behave/matchers.py\", line 98, in run\n    self.func(context, *args, **kwargs)\n  File \"features/steps/basic_steps.py\", line 24, in step_impl\n    context.current_page.type_in(field_name, text)\n  File \"/Users/kardash/Developer/fitness-automation/features/pages/base_page.py\", line 29, in type_in\n    element = self.get_clickable_element(element_name)\n  File \"/Users/kardash/Developer/fitness-automation/features/pages/base_page.py\", line 57, in get_clickable_element\n    return WebDriverWait(self.driver, timeout).until(\n  File \"/Library/Frameworks/Python.framework/Versions/3.8/lib/python3.8/site-packages/selenium/webdriver/support/wait.py\", line 80, in until\n    raise TimeoutException(message, screen, stacktrace)\nselenium.common.exceptions.TimeoutException: Message: Unable to locate element: email field\n\n\nTraceback (of failed substep):\n  File \"/Library/Frameworks/Python.framework/Versions/3.8/lib/python3.8/site-packages/behave/model.py\", line 1329, in run\n    match.run(runner.context)\n  File \"/Library/Frameworks/Python.framework/Versions/3.8/lib/python3.8/site-packages/behave/matchers.py\", line 98, in run\n    self.func(context, *args, **kwargs)\n  File \"features/steps/basic_steps.py\", line 24, in step_impl\n    context.current_page.type_in(field_name, text)\n  File \"/Users/kardash/Developer/fitness-automation/features/pages/base_page.py\", line 29, in type_in\n    element = self.get_clickable_element(element_name)\n  File \"/Users/kardash/Developer/fitness-automation/features/pages/base_page.py\", line 57, in get_clickable_element\n    return WebDriverWait(self.driver, timeout).until(\n  File \"/Library/Frameworks/Python.framework/Versions/3.8/lib/python3.8/site-packages/selenium/webdriver/support/wait.py\", line 80, in until\n    raise TimeoutException(message, screen, stacktrace)\n\n",
      "time" : {
        "start" : 1608640076507,
        "stop" : 1608640095262,
        "duration" : 18755
      }
    }, {
      "uid" : "676d434ad295d481",
      "status" : "passed",
      "time" : {
        "start" : 1608640076463,
        "stop" : 1608640106283,
        "duration" : 29820
      }
    }, {
      "uid" : "33e60b9431dac4fd",
      "status" : "passed",
      "time" : {
        "start" : 1608640010079,
        "stop" : 1608640041791,
        "duration" : 31712
      }
    }, {
      "uid" : "70c891d5c35969f1",
      "status" : "passed",
      "time" : {
        "start" : 1608640006701,
        "stop" : 1608640037600,
        "duration" : 30899
      }
    }, {
      "uid" : "dd34f445bc0c93a6",
      "status" : "passed",
      "time" : {
        "start" : 1608640006355,
        "stop" : 1608640035101,
        "duration" : 28746
      }
    }, {
      "uid" : "f84031694e655005",
      "status" : "passed",
      "time" : {
        "start" : 1608640001218,
        "stop" : 1608640031178,
        "duration" : 29960
      }
    }, {
      "uid" : "80697912a00c628f",
      "status" : "passed",
      "time" : {
        "start" : 1608639991902,
        "stop" : 1608640021721,
        "duration" : 29819
      }
    }, {
      "uid" : "e169085725074d1c",
      "status" : "passed",
      "time" : {
        "start" : 1608639966415,
        "stop" : 1608640000755,
        "duration" : 34340
      }
    }, {
      "uid" : "851945b9fc8c3e6e",
      "status" : "passed",
      "time" : {
        "start" : 1608639966254,
        "stop" : 1608640003267,
        "duration" : 37013
      }
    }, {
      "uid" : "aa237316545b7e38",
      "status" : "passed",
      "time" : {
        "start" : 1608639966238,
        "stop" : 1608640000078,
        "duration" : 33840
      }
    }, {
      "uid" : "c3025aea8672d0ff",
      "status" : "passed",
      "time" : {
        "start" : 1608639966237,
        "stop" : 1608639995414,
        "duration" : 29177
      }
    }, {
      "uid" : "bf59aa73beaa0528",
      "status" : "failed",
      "statusDetails" : "AssertionError: FAILED SUB-STEP: And type \"random\" in email field\nSubstep info: Traceback (most recent call last):\n  File \"/Library/Frameworks/Python.framework/Versions/3.8/lib/python3.8/site-packages/behave/model.py\", line 1329, in run\n    match.run(runner.context)\n  File \"/Library/Frameworks/Python.framework/Versions/3.8/lib/python3.8/site-packages/behave/matchers.py\", line 98, in run\n    self.func(context, *args, **kwargs)\n  File \"features/steps/basic_steps.py\", line 24, in step_impl\n    context.current_page.type_in(field_name, text)\n  File \"/Users/kardash/Developer/fitness-automation/features/pages/base_page.py\", line 29, in type_in\n    element = self.get_clickable_element(element_name)\n  File \"/Users/kardash/Developer/fitness-automation/features/pages/base_page.py\", line 57, in get_clickable_element\n    return WebDriverWait(self.driver, timeout).until(\n  File \"/Library/Frameworks/Python.framework/Versions/3.8/lib/python3.8/site-packages/selenium/webdriver/support/wait.py\", line 80, in until\n    raise TimeoutException(message, screen, stacktrace)\nselenium.common.exceptions.TimeoutException: Message: Unable to locate element: email field\n\n\nTraceback (of failed substep):\n  File \"/Library/Frameworks/Python.framework/Versions/3.8/lib/python3.8/site-packages/behave/model.py\", line 1329, in run\n    match.run(runner.context)\n  File \"/Library/Frameworks/Python.framework/Versions/3.8/lib/python3.8/site-packages/behave/matchers.py\", line 98, in run\n    self.func(context, *args, **kwargs)\n  File \"features/steps/basic_steps.py\", line 24, in step_impl\n    context.current_page.type_in(field_name, text)\n  File \"/Users/kardash/Developer/fitness-automation/features/pages/base_page.py\", line 29, in type_in\n    element = self.get_clickable_element(element_name)\n  File \"/Users/kardash/Developer/fitness-automation/features/pages/base_page.py\", line 57, in get_clickable_element\n    return WebDriverWait(self.driver, timeout).until(\n  File \"/Library/Frameworks/Python.framework/Versions/3.8/lib/python3.8/site-packages/selenium/webdriver/support/wait.py\", line 80, in until\n    raise TimeoutException(message, screen, stacktrace)\n\n",
      "time" : {
        "start" : 1608639966237,
        "stop" : 1608639985142,
        "duration" : 18905
      }
    }, {
      "uid" : "63c077efc10a95c8",
      "status" : "broken",
      "statusDetails" : "TypeError: Object of type timedelta is not JSON serializable\n",
      "time" : {
        "start" : 1608639151543,
        "stop" : 1608639170044,
        "duration" : 18501
      }
    }, {
      "uid" : "447c219e5ff683f9",
      "status" : "broken",
      "statusDetails" : "TypeError: Object of type timedelta is not JSON serializable\n",
      "time" : {
        "start" : 1608639084874,
        "stop" : 1608639108814,
        "duration" : 23940
      }
    }, {
      "uid" : "5d041054eaea668b",
      "status" : "broken",
      "statusDetails" : "TypeError: Object of type timedelta is not JSON serializable\n",
      "time" : {
        "start" : 1608639082694,
        "stop" : 1608639108068,
        "duration" : 25374
      }
    }, {
      "uid" : "dad769d1f805d1e2",
      "status" : "broken",
      "statusDetails" : "TypeError: Object of type timedelta is not JSON serializable\n",
      "time" : {
        "start" : 1608639079522,
        "stop" : 1608639108655,
        "duration" : 29133
      }
    }, {
      "uid" : "54e3fb12abdc5bf0",
      "status" : "broken",
      "statusDetails" : "TypeError: Object of type timedelta is not JSON serializable\n",
      "time" : {
        "start" : 1608639079397,
        "stop" : 1608639107540,
        "duration" : 28143
      }
    }, {
      "uid" : "f12f034e0b9ca0aa",
      "status" : "broken",
      "statusDetails" : "TypeError: Object of type timedelta is not JSON serializable\n",
      "time" : {
        "start" : 1608639079395,
        "stop" : 1608639109016,
        "duration" : 29621
      }
    }, {
      "uid" : "405ed77177ac7d6e",
      "status" : "broken",
      "statusDetails" : "TypeError: Object of type timedelta is not JSON serializable\n",
      "time" : {
        "start" : 1608639069649,
        "stop" : 1608639079336,
        "duration" : 9687
      }
    }, {
      "uid" : "53146804c8dd1924",
      "status" : "broken",
      "statusDetails" : "TypeError: Object of type timedelta is not JSON serializable\n",
      "time" : {
        "start" : 1608639069649,
        "stop" : 1608639078016,
        "duration" : 8367
      }
    }, {
      "uid" : "addd3f4fdfbd776c",
      "status" : "failed",
      "statusDetails" : "AssertionError: FAILED SUB-STEP: And type \"random\" in email field\nSubstep info: Traceback (most recent call last):\n  File \"/Library/Frameworks/Python.framework/Versions/3.8/lib/python3.8/site-packages/behave/model.py\", line 1329, in run\n    match.run(runner.context)\n  File \"/Library/Frameworks/Python.framework/Versions/3.8/lib/python3.8/site-packages/behave/matchers.py\", line 98, in run\n    self.func(context, *args, **kwargs)\n  File \"features/steps/basic_steps.py\", line 24, in step_impl\n    context.current_page.type_in(field_name, text)\n  File \"/Users/kardash/Developer/fitness-automation/features/pages/base_page.py\", line 29, in type_in\n    element = self.get_clickable_element(element_name)\n  File \"/Users/kardash/Developer/fitness-automation/features/pages/base_page.py\", line 57, in get_clickable_element\n    return WebDriverWait(self.driver, timeout).until(\n  File \"/Library/Frameworks/Python.framework/Versions/3.8/lib/python3.8/site-packages/selenium/webdriver/support/wait.py\", line 80, in until\n    raise TimeoutException(message, screen, stacktrace)\nselenium.common.exceptions.TimeoutException: Message: Unable to locate element: email field\n\n\nTraceback (of failed substep):\n  File \"/Library/Frameworks/Python.framework/Versions/3.8/lib/python3.8/site-packages/behave/model.py\", line 1329, in run\n    match.run(runner.context)\n  File \"/Library/Frameworks/Python.framework/Versions/3.8/lib/python3.8/site-packages/behave/matchers.py\", line 98, in run\n    self.func(context, *args, **kwargs)\n  File \"features/steps/basic_steps.py\", line 24, in step_impl\n    context.current_page.type_in(field_name, text)\n  File \"/Users/kardash/Developer/fitness-automation/features/pages/base_page.py\", line 29, in type_in\n    element = self.get_clickable_element(element_name)\n  File \"/Users/kardash/Developer/fitness-automation/features/pages/base_page.py\", line 57, in get_clickable_element\n    return WebDriverWait(self.driver, timeout).until(\n  File \"/Library/Frameworks/Python.framework/Versions/3.8/lib/python3.8/site-packages/selenium/webdriver/support/wait.py\", line 80, in until\n    raise TimeoutException(message, screen, stacktrace)\n\n",
      "time" : {
        "start" : 1608639053514,
        "stop" : 1608639074162,
        "duration" : 20648
      }
    }, {
      "uid" : "f7d155a85b0829b3",
      "status" : "broken",
      "statusDetails" : "TypeError: Object of type timedelta is not JSON serializable\n",
      "time" : {
        "start" : 1608639053472,
        "stop" : 1608639065807,
        "duration" : 12335
      }
    }, {
      "uid" : "3bbff1468186a5c8",
      "status" : "failed",
      "statusDetails" : "AssertionError: FAILED SUB-STEP: And type \"random\" in email field\nSubstep info: Traceback (most recent call last):\n  File \"/Library/Frameworks/Python.framework/Versions/3.8/lib/python3.8/site-packages/behave/model.py\", line 1329, in run\n    match.run(runner.context)\n  File \"/Library/Frameworks/Python.framework/Versions/3.8/lib/python3.8/site-packages/behave/matchers.py\", line 98, in run\n    self.func(context, *args, **kwargs)\n  File \"features/steps/basic_steps.py\", line 24, in step_impl\n    context.current_page.type_in(field_name, text)\n  File \"/Users/kardash/Developer/fitness-automation/features/pages/base_page.py\", line 29, in type_in\n    element = self.get_clickable_element(element_name)\n  File \"/Users/kardash/Developer/fitness-automation/features/pages/base_page.py\", line 57, in get_clickable_element\n    return WebDriverWait(self.driver, timeout).until(\n  File \"/Library/Frameworks/Python.framework/Versions/3.8/lib/python3.8/site-packages/selenium/webdriver/support/wait.py\", line 80, in until\n    raise TimeoutException(message, screen, stacktrace)\nselenium.common.exceptions.TimeoutException: Message: Unable to locate element: email field\n\n\nTraceback (of failed substep):\n  File \"/Library/Frameworks/Python.framework/Versions/3.8/lib/python3.8/site-packages/behave/model.py\", line 1329, in run\n    match.run(runner.context)\n  File \"/Library/Frameworks/Python.framework/Versions/3.8/lib/python3.8/site-packages/behave/matchers.py\", line 98, in run\n    self.func(context, *args, **kwargs)\n  File \"features/steps/basic_steps.py\", line 24, in step_impl\n    context.current_page.type_in(field_name, text)\n  File \"/Users/kardash/Developer/fitness-automation/features/pages/base_page.py\", line 29, in type_in\n    element = self.get_clickable_element(element_name)\n  File \"/Users/kardash/Developer/fitness-automation/features/pages/base_page.py\", line 57, in get_clickable_element\n    return WebDriverWait(self.driver, timeout).until(\n  File \"/Library/Frameworks/Python.framework/Versions/3.8/lib/python3.8/site-packages/selenium/webdriver/support/wait.py\", line 80, in until\n    raise TimeoutException(message, screen, stacktrace)\n\n",
      "time" : {
        "start" : 1608639053465,
        "stop" : 1608639074876,
        "duration" : 21411
      }
    }, {
      "uid" : "b50c398c5a8a9906",
      "status" : "broken",
      "statusDetails" : "TypeError: Object of type timedelta is not JSON serializable\n",
      "time" : {
        "start" : 1608639053465,
        "stop" : 1608639065952,
        "duration" : 12487
      }
    }, {
      "uid" : "24ddd29309395754",
      "status" : "failed",
      "statusDetails" : "AssertionError: FAILED SUB-STEP: And type \"random\" in email field\nSubstep info: Traceback (most recent call last):\n  File \"/Library/Frameworks/Python.framework/Versions/3.8/lib/python3.8/site-packages/behave/model.py\", line 1329, in run\n    match.run(runner.context)\n  File \"/Library/Frameworks/Python.framework/Versions/3.8/lib/python3.8/site-packages/behave/matchers.py\", line 98, in run\n    self.func(context, *args, **kwargs)\n  File \"features/steps/basic_steps.py\", line 24, in step_impl\n    context.current_page.type_in(field_name, text)\n  File \"/Users/kardash/Developer/fitness-automation/features/pages/base_page.py\", line 29, in type_in\n    element = self.get_clickable_element(element_name)\n  File \"/Users/kardash/Developer/fitness-automation/features/pages/base_page.py\", line 57, in get_clickable_element\n    return WebDriverWait(self.driver, timeout).until(\n  File \"/Library/Frameworks/Python.framework/Versions/3.8/lib/python3.8/site-packages/selenium/webdriver/support/wait.py\", line 80, in until\n    raise TimeoutException(message, screen, stacktrace)\nselenium.common.exceptions.TimeoutException: Message: Unable to locate element: email field\n\n\nTraceback (of failed substep):\n  File \"/Library/Frameworks/Python.framework/Versions/3.8/lib/python3.8/site-packages/behave/model.py\", line 1329, in run\n    match.run(runner.context)\n  File \"/Library/Frameworks/Python.framework/Versions/3.8/lib/python3.8/site-packages/behave/matchers.py\", line 98, in run\n    self.func(context, *args, **kwargs)\n  File \"features/steps/basic_steps.py\", line 24, in step_impl\n    context.current_page.type_in(field_name, text)\n  File \"/Users/kardash/Developer/fitness-automation/features/pages/base_page.py\", line 29, in type_in\n    element = self.get_clickable_element(element_name)\n  File \"/Users/kardash/Developer/fitness-automation/features/pages/base_page.py\", line 57, in get_clickable_element\n    return WebDriverWait(self.driver, timeout).until(\n  File \"/Library/Frameworks/Python.framework/Versions/3.8/lib/python3.8/site-packages/selenium/webdriver/support/wait.py\", line 80, in until\n    raise TimeoutException(message, screen, stacktrace)\n\n",
      "time" : {
        "start" : 1608639053465,
        "stop" : 1608639074084,
        "duration" : 20619
      }
    }, {
      "uid" : "3efd3a56a071921",
      "status" : "broken",
      "statusDetails" : "TypeError: Object of type timedelta is not JSON serializable\n",
      "time" : {
        "start" : 1608638886242,
        "stop" : 1608638922287,
        "duration" : 36045
      }
    }, {
      "uid" : "7119786407d90dfa",
      "status" : "passed",
      "time" : {
        "start" : 1608637325160,
        "stop" : 1608637344808,
        "duration" : 19648
      }
    }, {
      "uid" : "94b8c388ab807816",
      "status" : "passed",
      "time" : {
        "start" : 1608637286598,
        "stop" : 1608637322424,
        "duration" : 35826
      }
    }, {
      "uid" : "22e989e9d20af785",
      "status" : "passed",
      "time" : {
        "start" : 1608637263723,
        "stop" : 1608637283388,
        "duration" : 19665
      }
    }, {
      "uid" : "f704ffa1f5e1a1e6",
      "status" : "passed",
      "time" : {
        "start" : 1608637230429,
        "stop" : 1608637260970,
        "duration" : 30541
      }
    }, {
      "uid" : "4c7df5eac16d47c0",
      "status" : "passed",
      "time" : {
        "start" : 1608637205597,
        "stop" : 1608637227450,
        "duration" : 21853
      }
    }, {
      "uid" : "11725087f7972f2c",
      "status" : "passed",
      "time" : {
        "start" : 1608637165588,
        "stop" : 1608637202253,
        "duration" : 36665
      }
    }, {
      "uid" : "1fb1f6ae195fa38b",
      "status" : "passed",
      "time" : {
        "start" : 1608637141148,
        "stop" : 1608637160507,
        "duration" : 19359
      }
    }, {
      "uid" : "6fb62aa22ec3a71",
      "status" : "passed",
      "time" : {
        "start" : 1608637102837,
        "stop" : 1608637138199,
        "duration" : 35362
      }
    }, {
      "uid" : "8a58038d0b703aec",
      "status" : "passed",
      "time" : {
        "start" : 1608637074719,
        "stop" : 1608637099370,
        "duration" : 24651
      }
    }, {
      "uid" : "1b37b5bd860e03b2",
      "status" : "passed",
      "time" : {
        "start" : 1608637043151,
        "stop" : 1608637071846,
        "duration" : 28695
      }
    }, {
      "uid" : "fd411a7f925a5bb5",
      "status" : "passed",
      "time" : {
        "start" : 1608637020040,
        "stop" : 1608637040193,
        "duration" : 20153
      }
    }, {
      "uid" : "df5997ef3216cc95",
      "status" : "passed",
      "time" : {
        "start" : 1608636997192,
        "stop" : 1608637017190,
        "duration" : 19998
      }
    }, {
      "uid" : "aebe0258315a090b",
      "status" : "passed",
      "time" : {
        "start" : 1608636973885,
        "stop" : 1608636994005,
        "duration" : 20120
      }
    }, {
      "uid" : "9dacc43bef1b0f",
      "status" : "passed",
      "time" : {
        "start" : 1608636950726,
        "stop" : 1608636970294,
        "duration" : 19568
      }
    }, {
      "uid" : "ff8f6bcad9a233cd",
      "status" : "passed",
      "time" : {
        "start" : 1608636926725,
        "stop" : 1608636947825,
        "duration" : 21100
      }
    }, {
      "uid" : "2895ceba5fdd000f",
      "status" : "passed",
      "time" : {
        "start" : 1608636899176,
        "stop" : 1608636923699,
        "duration" : 24523
      }
    }, {
      "uid" : "9987a31f6eb14ef6",
      "status" : "passed",
      "time" : {
        "start" : 1608636875202,
        "stop" : 1608636896490,
        "duration" : 21288
      }
    }, {
      "uid" : "98942a54bd8f4841",
      "status" : "passed",
      "time" : {
        "start" : 1608636851521,
        "stop" : 1608636871337,
        "duration" : 19816
      }
    }, {
      "uid" : "f980f2952c5141b9",
      "status" : "passed",
      "time" : {
        "start" : 1608636828592,
        "stop" : 1608636848418,
        "duration" : 19826
      }
    }, {
      "uid" : "ddc0ac08446c1c99",
      "status" : "passed",
      "time" : {
        "start" : 1608636798106,
        "stop" : 1608636818667,
        "duration" : 20561
      }
    }, {
      "uid" : "ab27889cd7133c17",
      "status" : "passed",
      "time" : {
        "start" : 1608636770970,
        "stop" : 1608636795012,
        "duration" : 24042
      }
    }, {
      "uid" : "30d5e5b8fbc5ae25",
      "status" : "passed",
      "time" : {
        "start" : 1608636749136,
        "stop" : 1608636768126,
        "duration" : 18990
      }
    }, {
      "uid" : "7c3c019b6b057976",
      "status" : "passed",
      "time" : {
        "start" : 1608636725366,
        "stop" : 1608636746277,
        "duration" : 20911
      }
    }, {
      "uid" : "106dd3e8c67c6e27",
      "status" : "passed",
      "time" : {
        "start" : 1608636702669,
        "stop" : 1608636722607,
        "duration" : 19938
      }
    }, {
      "uid" : "2ca0e8a69302c8a7",
      "status" : "passed",
      "time" : {
        "start" : 1608636677861,
        "stop" : 1608636699862,
        "duration" : 22001
      }
    }, {
      "uid" : "5cf72df0fc6db41e",
      "status" : "passed",
      "time" : {
        "start" : 1608636655792,
        "stop" : 1608636674608,
        "duration" : 18816
      }
    }, {
      "uid" : "150fcfd2aa06e089",
      "status" : "passed",
      "time" : {
        "start" : 1608636633245,
        "stop" : 1608636652548,
        "duration" : 19303
      }
    }, {
      "uid" : "cffc1a36e968b325",
      "status" : "passed",
      "time" : {
        "start" : 1608636612151,
        "stop" : 1608636630298,
        "duration" : 18147
      }
    }, {
      "uid" : "7580693c63557c7d",
      "status" : "passed",
      "time" : {
        "start" : 1608636585667,
        "stop" : 1608636608738,
        "duration" : 23071
      }
    }, {
      "uid" : "3a70bd254b24cca6",
      "status" : "passed",
      "time" : {
        "start" : 1608636560640,
        "stop" : 1608636582056,
        "duration" : 21416
      }
    }, {
      "uid" : "b0723d3ec506d7a2",
      "status" : "passed",
      "time" : {
        "start" : 1608636537844,
        "stop" : 1608636557526,
        "duration" : 19682
      }
    }, {
      "uid" : "3688e2936b771395",
      "status" : "passed",
      "time" : {
        "start" : 1608636391681,
        "stop" : 1608636411606,
        "duration" : 19925
      }
    }, {
      "uid" : "9b543ec763cdbcb6",
      "status" : "passed",
      "time" : {
        "start" : 1608636370642,
        "stop" : 1608636388485,
        "duration" : 17843
      }
    }, {
      "uid" : "77cb13c0d68727d2",
      "status" : "passed",
      "time" : {
        "start" : 1608636349082,
        "stop" : 1608636367511,
        "duration" : 18429
      }
    }, {
      "uid" : "89b0f875ab264547",
      "status" : "passed",
      "time" : {
        "start" : 1608636317942,
        "stop" : 1608636343726,
        "duration" : 25784
      }
    }, {
      "uid" : "100019c29c87cf90",
      "status" : "broken",
      "statusDetails" : "selenium.common.exceptions.TimeoutException: Message: Unable to locate element: \"cancel button\"\n\n",
      "time" : {
        "start" : 1608636246374,
        "stop" : 1608636313593,
        "duration" : 67219
      }
    }, {
      "uid" : "12bed468dd98835f",
      "status" : "passed",
      "time" : {
        "start" : 1608636222047,
        "stop" : 1608636243123,
        "duration" : 21076
      }
    }, {
      "uid" : "bf458289bbc6319",
      "status" : "passed",
      "time" : {
        "start" : 1608636197770,
        "stop" : 1608636218392,
        "duration" : 20622
      }
    }, {
      "uid" : "12c7396eaba4eb2c",
      "status" : "passed",
      "time" : {
        "start" : 1608636173568,
        "stop" : 1608636194341,
        "duration" : 20773
      }
    }, {
      "uid" : "7eb3d256b44112f5",
      "status" : "passed",
      "time" : {
        "start" : 1608636151204,
        "stop" : 1608636170483,
        "duration" : 19279
      }
    }, {
      "uid" : "2435db2a3e1897e3",
      "status" : "passed",
      "time" : {
        "start" : 1608636129437,
        "stop" : 1608636148148,
        "duration" : 18711
      }
    }, {
      "uid" : "304c6dbdaf54d9f1",
      "status" : "passed",
      "time" : {
        "start" : 1608636105687,
        "stop" : 1608636126271,
        "duration" : 20584
      }
    }, {
      "uid" : "e669d43f6a85b197",
      "status" : "passed",
      "time" : {
        "start" : 1608636079872,
        "stop" : 1608636102024,
        "duration" : 22152
      }
    }, {
      "uid" : "cd3726692056aa1b",
      "status" : "passed",
      "time" : {
        "start" : 1608636052065,
        "stop" : 1608636076572,
        "duration" : 24507
      }
    }, {
      "uid" : "356a4605fcda01fe",
      "status" : "passed",
      "time" : {
        "start" : 1608636030516,
        "stop" : 1608636048804,
        "duration" : 18288
      }
    }, {
      "uid" : "457a82046b4c5b38",
      "status" : "passed",
      "time" : {
        "start" : 1608636009216,
        "stop" : 1608636027123,
        "duration" : 17907
      }
    }, {
      "uid" : "f642ecefc8810d3b",
      "status" : "passed",
      "time" : {
        "start" : 1608635986664,
        "stop" : 1608636005957,
        "duration" : 19293
      }
    }, {
      "uid" : "df95ff19edfec5c8",
      "status" : "passed",
      "time" : {
        "start" : 1608635965839,
        "stop" : 1608635983145,
        "duration" : 17306
      }
    }, {
      "uid" : "e9be0ef1d76a9224",
      "status" : "passed",
      "time" : {
        "start" : 1608635940327,
        "stop" : 1608635962324,
        "duration" : 21997
      }
    }, {
      "uid" : "48d3e994dda768ab",
      "status" : "passed",
      "time" : {
        "start" : 1608635916236,
        "stop" : 1608635937187,
        "duration" : 20951
      }
    }, {
      "uid" : "6f9f56288dcbea14",
      "status" : "passed",
      "time" : {
        "start" : 1608635896064,
        "stop" : 1608635912907,
        "duration" : 16843
      }
    }, {
      "uid" : "9b73eb5a32ca495b",
      "status" : "passed",
      "time" : {
        "start" : 1608635875663,
        "stop" : 1608635892787,
        "duration" : 17124
      }
    }, {
      "uid" : "1d5f8dbe8aee8981",
      "status" : "passed",
      "time" : {
        "start" : 1608635845190,
        "stop" : 1608635872178,
        "duration" : 26988
      }
    }, {
      "uid" : "7672e98b2faf3ae",
      "status" : "failed",
      "statusDetails" : "AssertionError: FAILED SUB-STEP: And click on email field\nSubstep info: Traceback (most recent call last):\n  File \"/Library/Frameworks/Python.framework/Versions/3.8/lib/python3.8/site-packages/behave/model.py\", line 1329, in run\n    match.run(runner.context)\n  File \"/Library/Frameworks/Python.framework/Versions/3.8/lib/python3.8/site-packages/behave/matchers.py\", line 98, in run\n    self.func(context, *args, **kwargs)\n  File \"features/steps/basic_steps.py\", line 17, in step_impl\n    context.current_page.click_on(element_name)\n  File \"/Users/kardash/Developer/fitness-automation/features/pages/base_page.py\", line 22, in click_on\n    element = self.get_clickable_element(element_name)\n  File \"/Users/kardash/Developer/fitness-automation/features/pages/base_page.py\", line 57, in get_clickable_element\n    return WebDriverWait(self.driver, timeout).until(\n  File \"/Library/Frameworks/Python.framework/Versions/3.8/lib/python3.8/site-packages/selenium/webdriver/support/wait.py\", line 80, in until\n    raise TimeoutException(message, screen, stacktrace)\nselenium.common.exceptions.TimeoutException: Message: Unable to locate element: email field\n\n\nTraceback (of failed substep):\n  File \"/Library/Frameworks/Python.framework/Versions/3.8/lib/python3.8/site-packages/behave/model.py\", line 1329, in run\n    match.run(runner.context)\n  File \"/Library/Frameworks/Python.framework/Versions/3.8/lib/python3.8/site-packages/behave/matchers.py\", line 98, in run\n    self.func(context, *args, **kwargs)\n  File \"features/steps/basic_steps.py\", line 17, in step_impl\n    context.current_page.click_on(element_name)\n  File \"/Users/kardash/Developer/fitness-automation/features/pages/base_page.py\", line 22, in click_on\n    element = self.get_clickable_element(element_name)\n  File \"/Users/kardash/Developer/fitness-automation/features/pages/base_page.py\", line 57, in get_clickable_element\n    return WebDriverWait(self.driver, timeout).until(\n  File \"/Library/Frameworks/Python.framework/Versions/3.8/lib/python3.8/site-packages/selenium/webdriver/support/wait.py\", line 80, in until\n    raise TimeoutException(message, screen, stacktrace)\n\n",
      "time" : {
        "start" : 1608635825532,
        "stop" : 1608635841822,
        "duration" : 16290
      }
    }, {
      "uid" : "bed1edce13e3dfa6",
      "status" : "failed",
      "statusDetails" : "AssertionError: FAILED SUB-STEP: And click on email field\nSubstep info: Traceback (most recent call last):\n  File \"/Library/Frameworks/Python.framework/Versions/3.8/lib/python3.8/site-packages/behave/model.py\", line 1329, in run\n    match.run(runner.context)\n  File \"/Library/Frameworks/Python.framework/Versions/3.8/lib/python3.8/site-packages/behave/matchers.py\", line 98, in run\n    self.func(context, *args, **kwargs)\n  File \"features/steps/basic_steps.py\", line 17, in step_impl\n    context.current_page.click_on(element_name)\n  File \"/Users/kardash/Developer/fitness-automation/features/pages/base_page.py\", line 22, in click_on\n    element = self.get_clickable_element(element_name)\n  File \"/Users/kardash/Developer/fitness-automation/features/pages/base_page.py\", line 57, in get_clickable_element\n    return WebDriverWait(self.driver, timeout).until(\n  File \"/Library/Frameworks/Python.framework/Versions/3.8/lib/python3.8/site-packages/selenium/webdriver/support/wait.py\", line 80, in until\n    raise TimeoutException(message, screen, stacktrace)\nselenium.common.exceptions.TimeoutException: Message: Unable to locate element: email field\n\n\nTraceback (of failed substep):\n  File \"/Library/Frameworks/Python.framework/Versions/3.8/lib/python3.8/site-packages/behave/model.py\", line 1329, in run\n    match.run(runner.context)\n  File \"/Library/Frameworks/Python.framework/Versions/3.8/lib/python3.8/site-packages/behave/matchers.py\", line 98, in run\n    self.func(context, *args, **kwargs)\n  File \"features/steps/basic_steps.py\", line 17, in step_impl\n    context.current_page.click_on(element_name)\n  File \"/Users/kardash/Developer/fitness-automation/features/pages/base_page.py\", line 22, in click_on\n    element = self.get_clickable_element(element_name)\n  File \"/Users/kardash/Developer/fitness-automation/features/pages/base_page.py\", line 57, in get_clickable_element\n    return WebDriverWait(self.driver, timeout).until(\n  File \"/Library/Frameworks/Python.framework/Versions/3.8/lib/python3.8/site-packages/selenium/webdriver/support/wait.py\", line 80, in until\n    raise TimeoutException(message, screen, stacktrace)\n\n",
      "time" : {
        "start" : 1608635805586,
        "stop" : 1608635821858,
        "duration" : 16272
      }
    }, {
      "uid" : "72f1f3ecc292fb4f",
      "status" : "broken",
      "statusDetails" : "selenium.common.exceptions.TimeoutException: Message: Unable to locate element: \"cancel button\"\n\n",
      "time" : {
        "start" : 1608635736132,
        "stop" : 1608635802420,
        "duration" : 66288
      }
    }, {
      "uid" : "dafe10caaa9345a9",
      "status" : "failed",
      "statusDetails" : "AssertionError: FAILED SUB-STEP: And click on email field\nSubstep info: Traceback (most recent call last):\n  File \"/Library/Frameworks/Python.framework/Versions/3.8/lib/python3.8/site-packages/behave/model.py\", line 1329, in run\n    match.run(runner.context)\n  File \"/Library/Frameworks/Python.framework/Versions/3.8/lib/python3.8/site-packages/behave/matchers.py\", line 98, in run\n    self.func(context, *args, **kwargs)\n  File \"features/steps/basic_steps.py\", line 17, in step_impl\n    context.current_page.click_on(element_name)\n  File \"/Users/kardash/Developer/fitness-automation/features/pages/base_page.py\", line 22, in click_on\n    element = self.get_clickable_element(element_name)\n  File \"/Users/kardash/Developer/fitness-automation/features/pages/base_page.py\", line 57, in get_clickable_element\n    return WebDriverWait(self.driver, timeout).until(\n  File \"/Library/Frameworks/Python.framework/Versions/3.8/lib/python3.8/site-packages/selenium/webdriver/support/wait.py\", line 80, in until\n    raise TimeoutException(message, screen, stacktrace)\nselenium.common.exceptions.TimeoutException: Message: Unable to locate element: email field\n\n\nTraceback (of failed substep):\n  File \"/Library/Frameworks/Python.framework/Versions/3.8/lib/python3.8/site-packages/behave/model.py\", line 1329, in run\n    match.run(runner.context)\n  File \"/Library/Frameworks/Python.framework/Versions/3.8/lib/python3.8/site-packages/behave/matchers.py\", line 98, in run\n    self.func(context, *args, **kwargs)\n  File \"features/steps/basic_steps.py\", line 17, in step_impl\n    context.current_page.click_on(element_name)\n  File \"/Users/kardash/Developer/fitness-automation/features/pages/base_page.py\", line 22, in click_on\n    element = self.get_clickable_element(element_name)\n  File \"/Users/kardash/Developer/fitness-automation/features/pages/base_page.py\", line 57, in get_clickable_element\n    return WebDriverWait(self.driver, timeout).until(\n  File \"/Library/Frameworks/Python.framework/Versions/3.8/lib/python3.8/site-packages/selenium/webdriver/support/wait.py\", line 80, in until\n    raise TimeoutException(message, screen, stacktrace)\n\n",
      "time" : {
        "start" : 1608635716906,
        "stop" : 1608635732847,
        "duration" : 15941
      }
    }, {
      "uid" : "96f910c0b4832119",
      "status" : "passed",
      "time" : {
        "start" : 1608635665390,
        "stop" : 1608635713685,
        "duration" : 48295
      }
    }, {
      "uid" : "812425fdddbe02ff",
      "status" : "passed",
      "time" : {
        "start" : 1608635644078,
        "stop" : 1608635661824,
        "duration" : 17746
      }
    }, {
      "uid" : "3f4ac7aa5da2988f",
      "status" : "passed",
      "time" : {
        "start" : 1608635623356,
        "stop" : 1608635640949,
        "duration" : 17593
      }
    }, {
      "uid" : "eacc73567b2bce20",
      "status" : "passed",
      "time" : {
        "start" : 1608635592941,
        "stop" : 1608635619702,
        "duration" : 26761
      }
    }, {
      "uid" : "6dd42966d26a354c",
      "status" : "passed",
      "time" : {
        "start" : 1608635568907,
        "stop" : 1608635589584,
        "duration" : 20677
      }
    }, {
      "uid" : "f30fb03f0fc2c9c5",
      "status" : "broken",
      "statusDetails" : "selenium.common.exceptions.NoSuchWindowException: Message: no such window: window was already closed\n  (Session info: chrome=87.0.4280.88)\n\n",
      "time" : {
        "start" : 1608635538534,
        "stop" : 1608635538549,
        "duration" : 15
      }
    }, {
      "uid" : "ff778568214a7e28",
      "status" : "broken",
      "statusDetails" : "selenium.common.exceptions.NoSuchWindowException: Message: no such window: window was already closed\n  (Session info: chrome=87.0.4280.88)\n\n",
      "time" : {
        "start" : 1608635532708,
        "stop" : 1608635532727,
        "duration" : 19
      }
    }, {
      "uid" : "384cc7339565ff7f",
      "status" : "passed",
      "time" : {
        "start" : 1608635529725,
        "stop" : 1608635547436,
        "duration" : 17711
      }
    }, {
      "uid" : "87e8a244e9d53dcd",
      "status" : "broken",
      "statusDetails" : "selenium.common.exceptions.NoSuchWindowException: Message: no such window: target window already closed\nfrom unknown error: web view not found\n  (Session info: chrome=87.0.4280.88)\n\n",
      "time" : {
        "start" : 1608635527638,
        "stop" : 1608635533575,
        "duration" : 5937
      }
    }, {
      "uid" : "d60c086514572c81",
      "status" : "broken",
      "statusDetails" : "selenium.common.exceptions.NoSuchWindowException: Message: no such window: window was already closed\n  (Session info: chrome=87.0.4280.88)\n\n",
      "time" : {
        "start" : 1608635525425,
        "stop" : 1608635525453,
        "duration" : 28
      }
    }, {
      "uid" : "4a276ccdd24e255f",
      "status" : "broken",
      "statusDetails" : "selenium.common.exceptions.NoSuchWindowException: Message: no such window: target window already closed\nfrom unknown error: web view not found\n  (Session info: chrome=87.0.4280.88)\n\n",
      "time" : {
        "start" : 1608635525102,
        "stop" : 1608635527390,
        "duration" : 2288
      }
    }, {
      "uid" : "20c47886054c2029",
      "status" : "broken",
      "statusDetails" : "selenium.common.exceptions.NoSuchWindowException: Message: no such window: target window already closed\nfrom unknown error: web view not found\n  (Session info: chrome=87.0.4280.88)\n\n",
      "time" : {
        "start" : 1608635525050,
        "stop" : 1608635526519,
        "duration" : 1469
      }
    }, {
      "uid" : "5638066f4955377",
      "status" : "broken",
      "statusDetails" : "selenium.common.exceptions.NoSuchWindowException: Message: no such window: target window already closed\nfrom unknown error: web view not found\n  (Session info: chrome=87.0.4280.88)\n\n",
      "time" : {
        "start" : 1608635524761,
        "stop" : 1608635535016,
        "duration" : 10255
      }
    }, {
      "uid" : "21d5f55266d78c7a",
      "status" : "broken",
      "statusDetails" : "selenium.common.exceptions.NoSuchWindowException: Message: no such window: target window already closed\nfrom unknown error: web view not found\n  (Session info: chrome=87.0.4280.88)\n\n",
      "time" : {
        "start" : 1608635524300,
        "stop" : 1608635531370,
        "duration" : 7070
      }
    }, {
      "uid" : "dd2b996bd567388d",
      "status" : "broken",
      "statusDetails" : "selenium.common.exceptions.NoSuchWindowException: Message: no such window: window was already closed\n  (Session info: chrome=87.0.4280.88)\n\n",
      "time" : {
        "start" : 1608635519295,
        "stop" : 1608635529054,
        "duration" : 9759
      }
    }, {
      "uid" : "5a558814bf40989e",
      "status" : "broken",
      "statusDetails" : "selenium.common.exceptions.NoSuchWindowException: Message: no such window: window was already closed\n  (Session info: chrome=87.0.4280.88)\n\n",
      "time" : {
        "start" : 1608635517977,
        "stop" : 1608635518001,
        "duration" : 24
      }
    }, {
      "uid" : "62efd013693219ed",
      "status" : "broken",
      "statusDetails" : "selenium.common.exceptions.NoSuchWindowException: Message: no such window: window was already closed\n  (Session info: chrome=87.0.4280.88)\n\n",
      "time" : {
        "start" : 1608635502782,
        "stop" : 1608635521143,
        "duration" : 18361
      }
    }, {
      "uid" : "e53b8b447b271630",
      "status" : "broken",
      "statusDetails" : "selenium.common.exceptions.NoSuchWindowException: Message: no such window: window was already closed\n  (Session info: chrome=87.0.4280.88)\n\n",
      "time" : {
        "start" : 1608635497796,
        "stop" : 1608635530122,
        "duration" : 32326
      }
    }, {
      "uid" : "b607583df08d2ca1",
      "status" : "broken",
      "statusDetails" : "selenium.common.exceptions.NoSuchWindowException: Message: no such window: target window already closed\nfrom unknown error: web view not found\n  (Session info: chrome=87.0.4280.88)\n\n",
      "time" : {
        "start" : 1608635460595,
        "stop" : 1608635519923,
        "duration" : 59328
      }
    }, {
      "uid" : "e4b10ad181880236",
      "status" : "failed",
      "statusDetails" : "AssertionError: FAILED SUB-STEP: And click on email field\nSubstep info: Traceback (most recent call last):\n  File \"/Library/Frameworks/Python.framework/Versions/3.8/lib/python3.8/site-packages/behave/model.py\", line 1329, in run\n    match.run(runner.context)\n  File \"/Library/Frameworks/Python.framework/Versions/3.8/lib/python3.8/site-packages/behave/matchers.py\", line 98, in run\n    self.func(context, *args, **kwargs)\n  File \"features/steps/basic_steps.py\", line 17, in step_impl\n    context.current_page.click_on(element_name)\n  File \"/Users/kardash/Developer/fitness-automation/features/pages/base_page.py\", line 22, in click_on\n    element = self.get_clickable_element(element_name)\n  File \"/Users/kardash/Developer/fitness-automation/features/pages/base_page.py\", line 57, in get_clickable_element\n    return WebDriverWait(self.driver, timeout).until(\n  File \"/Library/Frameworks/Python.framework/Versions/3.8/lib/python3.8/site-packages/selenium/webdriver/support/wait.py\", line 80, in until\n    raise TimeoutException(message, screen, stacktrace)\nselenium.common.exceptions.TimeoutException: Message: Unable to locate element: email field\n\n\nTraceback (of failed substep):\n  File \"/Library/Frameworks/Python.framework/Versions/3.8/lib/python3.8/site-packages/behave/model.py\", line 1329, in run\n    match.run(runner.context)\n  File \"/Library/Frameworks/Python.framework/Versions/3.8/lib/python3.8/site-packages/behave/matchers.py\", line 98, in run\n    self.func(context, *args, **kwargs)\n  File \"features/steps/basic_steps.py\", line 17, in step_impl\n    context.current_page.click_on(element_name)\n  File \"/Users/kardash/Developer/fitness-automation/features/pages/base_page.py\", line 22, in click_on\n    element = self.get_clickable_element(element_name)\n  File \"/Users/kardash/Developer/fitness-automation/features/pages/base_page.py\", line 57, in get_clickable_element\n    return WebDriverWait(self.driver, timeout).until(\n  File \"/Library/Frameworks/Python.framework/Versions/3.8/lib/python3.8/site-packages/selenium/webdriver/support/wait.py\", line 80, in until\n    raise TimeoutException(message, screen, stacktrace)\n\n",
      "time" : {
        "start" : 1608635459900,
        "stop" : 1608635518140,
        "duration" : 58240
      }
    }, {
      "uid" : "8b83f420096cdcf",
      "status" : "broken",
      "statusDetails" : "selenium.common.exceptions.NoSuchWindowException: Message: no such window: target window already closed\nfrom unknown error: web view not found\n  (Session info: chrome=87.0.4280.88)\n\n",
      "time" : {
        "start" : 1608635459838,
        "stop" : 1608635518340,
        "duration" : 58502
      }
    }, {
      "uid" : "bee819f43ca0b77e",
      "status" : "broken",
      "statusDetails" : "AttributeError: 'NoneType' object has no attribute 'encode'\n",
      "time" : {
        "start" : 1608635458996,
        "stop" : 1608635515916,
        "duration" : 56920
      }
    }, {
      "uid" : "d49c79999c05b04c",
      "status" : "failed",
      "statusDetails" : "AssertionError: FAILED SUB-STEP: And click on email field\nSubstep info: Traceback (most recent call last):\n  File \"/Library/Frameworks/Python.framework/Versions/3.8/lib/python3.8/site-packages/behave/model.py\", line 1329, in run\n    match.run(runner.context)\n  File \"/Library/Frameworks/Python.framework/Versions/3.8/lib/python3.8/site-packages/behave/matchers.py\", line 98, in run\n    self.func(context, *args, **kwargs)\n  File \"features/steps/basic_steps.py\", line 17, in step_impl\n    context.current_page.click_on(element_name)\n  File \"/Users/kardash/Developer/fitness-automation/features/pages/base_page.py\", line 22, in click_on\n    element = self.get_clickable_element(element_name)\n  File \"/Users/kardash/Developer/fitness-automation/features/pages/base_page.py\", line 57, in get_clickable_element\n    return WebDriverWait(self.driver, timeout).until(\n  File \"/Library/Frameworks/Python.framework/Versions/3.8/lib/python3.8/site-packages/selenium/webdriver/support/wait.py\", line 80, in until\n    raise TimeoutException(message, screen, stacktrace)\nselenium.common.exceptions.TimeoutException: Message: Unable to locate element: email field\n\n\nTraceback (of failed substep):\n  File \"/Library/Frameworks/Python.framework/Versions/3.8/lib/python3.8/site-packages/behave/model.py\", line 1329, in run\n    match.run(runner.context)\n  File \"/Library/Frameworks/Python.framework/Versions/3.8/lib/python3.8/site-packages/behave/matchers.py\", line 98, in run\n    self.func(context, *args, **kwargs)\n  File \"features/steps/basic_steps.py\", line 17, in step_impl\n    context.current_page.click_on(element_name)\n  File \"/Users/kardash/Developer/fitness-automation/features/pages/base_page.py\", line 22, in click_on\n    element = self.get_clickable_element(element_name)\n  File \"/Users/kardash/Developer/fitness-automation/features/pages/base_page.py\", line 57, in get_clickable_element\n    return WebDriverWait(self.driver, timeout).until(\n  File \"/Library/Frameworks/Python.framework/Versions/3.8/lib/python3.8/site-packages/selenium/webdriver/support/wait.py\", line 80, in until\n    raise TimeoutException(message, screen, stacktrace)\n\n",
      "time" : {
        "start" : 1608635458387,
        "stop" : 1608635493513,
        "duration" : 35126
      }
    }, {
      "uid" : "95c04d0ce7bbb0e1",
      "status" : "broken",
      "statusDetails" : "selenium.common.exceptions.NoSuchWindowException: Message: no such window: target window already closed\nfrom unknown error: web view not found\n  (Session info: chrome=87.0.4280.88)\n\n",
      "time" : {
        "start" : 1608635399467,
        "stop" : 1608635517513,
        "duration" : 118046
      }
    }, {
      "uid" : "371bf17f6c111c93",
      "status" : "broken",
      "statusDetails" : "selenium.common.exceptions.NoSuchWindowException: Message: no such window: target window already closed\nfrom unknown error: web view not found\n  (Session info: chrome=87.0.4280.88)\n\n",
      "time" : {
        "start" : 1608635399440,
        "stop" : 1608635514751,
        "duration" : 115311
      }
    }, {
      "uid" : "a37bcdb6cdf65e7e",
      "status" : "broken",
      "statusDetails" : "selenium.common.exceptions.NoSuchWindowException: Message: no such window: window was already closed\n  (Session info: chrome=87.0.4280.88)\n\n",
      "time" : {
        "start" : 1608635394592,
        "stop" : 1608635508476,
        "duration" : 113884
      }
    }, {
      "uid" : "aa2c1ca85db2ae86",
      "status" : "passed",
      "time" : {
        "start" : 1608635291609,
        "stop" : 1608635448014,
        "duration" : 156405
      }
    }, {
      "uid" : "cbfae2c51d4ddc9",
      "status" : "broken",
      "statusDetails" : "selenium.common.exceptions.NoSuchWindowException: Message: no such window: window was already closed\n  (Session info: chrome=87.0.4280.88)\n\n",
      "time" : {
        "start" : 1608635291607,
        "stop" : 1608635435842,
        "duration" : 144235
      }
    }, {
      "uid" : "b5decf744ecc58b",
      "status" : "failed",
      "statusDetails" : "AssertionError: FAILED SUB-STEP: And type \"random\" in email field\nSubstep info: Traceback (most recent call last):\n  File \"/Library/Frameworks/Python.framework/Versions/3.8/lib/python3.8/site-packages/behave/model.py\", line 1329, in run\n    match.run(runner.context)\n  File \"/Library/Frameworks/Python.framework/Versions/3.8/lib/python3.8/site-packages/behave/matchers.py\", line 98, in run\n    self.func(context, *args, **kwargs)\n  File \"features/steps/basic_steps.py\", line 24, in step_impl\n    context.current_page.type_in(field_name, text)\n  File \"/Users/kardash/Developer/fitness-automation/features/pages/base_page.py\", line 29, in type_in\n    element = self.get_clickable_element(element_name)\n  File \"/Users/kardash/Developer/fitness-automation/features/pages/base_page.py\", line 57, in get_clickable_element\n    return WebDriverWait(self.driver, timeout).until(\n  File \"/Library/Frameworks/Python.framework/Versions/3.8/lib/python3.8/site-packages/selenium/webdriver/support/wait.py\", line 80, in until\n    raise TimeoutException(message, screen, stacktrace)\nselenium.common.exceptions.TimeoutException: Message: Unable to locate element: email field\n\n\nTraceback (of failed substep):\n  File \"/Library/Frameworks/Python.framework/Versions/3.8/lib/python3.8/site-packages/behave/model.py\", line 1329, in run\n    match.run(runner.context)\n  File \"/Library/Frameworks/Python.framework/Versions/3.8/lib/python3.8/site-packages/behave/matchers.py\", line 98, in run\n    self.func(context, *args, **kwargs)\n  File \"features/steps/basic_steps.py\", line 24, in step_impl\n    context.current_page.type_in(field_name, text)\n  File \"/Users/kardash/Developer/fitness-automation/features/pages/base_page.py\", line 29, in type_in\n    element = self.get_clickable_element(element_name)\n  File \"/Users/kardash/Developer/fitness-automation/features/pages/base_page.py\", line 57, in get_clickable_element\n    return WebDriverWait(self.driver, timeout).until(\n  File \"/Library/Frameworks/Python.framework/Versions/3.8/lib/python3.8/site-packages/selenium/webdriver/support/wait.py\", line 80, in until\n    raise TimeoutException(message, screen, stacktrace)\n\n",
      "time" : {
        "start" : 1608635291546,
        "stop" : 1608635387918,
        "duration" : 96372
      }
    }, {
      "uid" : "6be5c9008d869bd3",
      "status" : "failed",
      "statusDetails" : "AssertionError: FAILED SUB-STEP: Then I am on cloudpayments page\nSubstep info: Traceback (most recent call last):\n  File \"/Library/Frameworks/Python.framework/Versions/3.8/lib/python3.8/site-packages/behave/model.py\", line 1329, in run\n    match.run(runner.context)\n  File \"/Library/Frameworks/Python.framework/Versions/3.8/lib/python3.8/site-packages/behave/matchers.py\", line 98, in run\n    self.func(context, *args, **kwargs)\n  File \"features/steps/basic_steps.py\", line 49, in init_screen\n    context.current_page = page_class(context.driver)\n  File \"/Users/kardash/Developer/fitness-automation/features/pages/base_page.py\", line 12, in __init__\n    self._verify_page()\n  File \"/Users/kardash/Developer/fitness-automation/features/pages/cloudpaymetns_page.py\", line 26, in _verify_page\n    self.on_this_page('iframe')\n  File \"/Users/kardash/Developer/fitness-automation/features/pages/base_page.py\", line 19, in on_this_page\n    self.get_element(element_name)\n  File \"/Users/kardash/Developer/fitness-automation/features/pages/base_page.py\", line 49, in get_element\n    return WebDriverWait(self.driver, timeout).until(\n  File \"/Library/Frameworks/Python.framework/Versions/3.8/lib/python3.8/site-packages/selenium/webdriver/support/wait.py\", line 80, in until\n    raise TimeoutException(message, screen, stacktrace)\nselenium.common.exceptions.TimeoutException: Message: Unable to locate element: \"iframe\"\n\n\nTraceback (of failed substep):\n  File \"/Library/Frameworks/Python.framework/Versions/3.8/lib/python3.8/site-packages/behave/model.py\", line 1329, in run\n    match.run(runner.context)\n  File \"/Library/Frameworks/Python.framework/Versions/3.8/lib/python3.8/site-packages/behave/matchers.py\", line 98, in run\n    self.func(context, *args, **kwargs)\n  File \"features/steps/basic_steps.py\", line 49, in init_screen\n    context.current_page = page_class(context.driver)\n  File \"/Users/kardash/Developer/fitness-automation/features/pages/base_page.py\", line 12, in __init__\n    self._verify_page()\n  File \"/Users/kardash/Developer/fitness-automation/features/pages/cloudpaymetns_page.py\", line 26, in _verify_page\n    self.on_this_page('iframe')\n  File \"/Users/kardash/Developer/fitness-automation/features/pages/base_page.py\", line 19, in on_this_page\n    self.get_element(element_name)\n  File \"/Users/kardash/Developer/fitness-automation/features/pages/base_page.py\", line 49, in get_element\n    return WebDriverWait(self.driver, timeout).until(\n  File \"/Library/Frameworks/Python.framework/Versions/3.8/lib/python3.8/site-packages/selenium/webdriver/support/wait.py\", line 80, in until\n    raise TimeoutException(message, screen, stacktrace)\n\n",
      "time" : {
        "start" : 1608635291321,
        "stop" : 1608635490964,
        "duration" : 199643
      }
    }, {
      "uid" : "9c3d39579dc9646",
      "status" : "broken",
      "statusDetails" : "selenium.common.exceptions.TimeoutException: Message: Unable to locate element: \"cancel button\"\n\n",
      "time" : {
        "start" : 1608635291216,
        "stop" : 1608635453482,
        "duration" : 162266
      }
    }, {
      "uid" : "b8cd7409d8074ce4",
      "status" : "failed",
      "statusDetails" : "AssertionError: FAILED SUB-STEP: Given click on confirm checkbox\nSubstep info: Traceback (most recent call last):\n  File \"/Library/Frameworks/Python.framework/Versions/3.8/lib/python3.8/site-packages/behave/model.py\", line 1329, in run\n    match.run(runner.context)\n  File \"/Library/Frameworks/Python.framework/Versions/3.8/lib/python3.8/site-packages/behave/matchers.py\", line 98, in run\n    self.func(context, *args, **kwargs)\n  File \"features/steps/basic_steps.py\", line 17, in step_impl\n    context.current_page.click_on(element_name)\n  File \"/Users/kardash/Developer/fitness-automation/features/pages/base_page.py\", line 22, in click_on\n    element = self.get_clickable_element(element_name)\n  File \"/Users/kardash/Developer/fitness-automation/features/pages/base_page.py\", line 57, in get_clickable_element\n    return WebDriverWait(self.driver, timeout).until(\n  File \"/Library/Frameworks/Python.framework/Versions/3.8/lib/python3.8/site-packages/selenium/webdriver/support/wait.py\", line 80, in until\n    raise TimeoutException(message, screen, stacktrace)\nselenium.common.exceptions.TimeoutException: Message: Unable to locate element: confirm checkbox\n\n\nTraceback (of failed substep):\n  File \"/Library/Frameworks/Python.framework/Versions/3.8/lib/python3.8/site-packages/behave/model.py\", line 1329, in run\n    match.run(runner.context)\n  File \"/Library/Frameworks/Python.framework/Versions/3.8/lib/python3.8/site-packages/behave/matchers.py\", line 98, in run\n    self.func(context, *args, **kwargs)\n  File \"features/steps/basic_steps.py\", line 17, in step_impl\n    context.current_page.click_on(element_name)\n  File \"/Users/kardash/Developer/fitness-automation/features/pages/base_page.py\", line 22, in click_on\n    element = self.get_clickable_element(element_name)\n  File \"/Users/kardash/Developer/fitness-automation/features/pages/base_page.py\", line 57, in get_clickable_element\n    return WebDriverWait(self.driver, timeout).until(\n  File \"/Library/Frameworks/Python.framework/Versions/3.8/lib/python3.8/site-packages/selenium/webdriver/support/wait.py\", line 80, in until\n    raise TimeoutException(message, screen, stacktrace)\n\n",
      "time" : {
        "start" : 1608635291145,
        "stop" : 1608635388305,
        "duration" : 97160
      }
    }, {
      "uid" : "7765f14c159a076e",
      "status" : "failed",
      "statusDetails" : "AssertionError: FAILED SUB-STEP: And type \"random\" in email field\nSubstep info: Traceback (most recent call last):\n  File \"/Library/Frameworks/Python.framework/Versions/3.8/lib/python3.8/site-packages/behave/model.py\", line 1329, in run\n    match.run(runner.context)\n  File \"/Library/Frameworks/Python.framework/Versions/3.8/lib/python3.8/site-packages/behave/matchers.py\", line 98, in run\n    self.func(context, *args, **kwargs)\n  File \"features/steps/basic_steps.py\", line 24, in step_impl\n    context.current_page.type_in(field_name, text)\n  File \"/Users/kardash/Developer/fitness-automation/features/pages/base_page.py\", line 29, in type_in\n    element = self.get_clickable_element(element_name)\n  File \"/Users/kardash/Developer/fitness-automation/features/pages/base_page.py\", line 57, in get_clickable_element\n    return WebDriverWait(self.driver, timeout).until(\n  File \"/Library/Frameworks/Python.framework/Versions/3.8/lib/python3.8/site-packages/selenium/webdriver/support/wait.py\", line 80, in until\n    raise TimeoutException(message, screen, stacktrace)\nselenium.common.exceptions.TimeoutException: Message: Unable to locate element: email field\n\n\nTraceback (of failed substep):\n  File \"/Library/Frameworks/Python.framework/Versions/3.8/lib/python3.8/site-packages/behave/model.py\", line 1329, in run\n    match.run(runner.context)\n  File \"/Library/Frameworks/Python.framework/Versions/3.8/lib/python3.8/site-packages/behave/matchers.py\", line 98, in run\n    self.func(context, *args, **kwargs)\n  File \"features/steps/basic_steps.py\", line 24, in step_impl\n    context.current_page.type_in(field_name, text)\n  File \"/Users/kardash/Developer/fitness-automation/features/pages/base_page.py\", line 29, in type_in\n    element = self.get_clickable_element(element_name)\n  File \"/Users/kardash/Developer/fitness-automation/features/pages/base_page.py\", line 57, in get_clickable_element\n    return WebDriverWait(self.driver, timeout).until(\n  File \"/Library/Frameworks/Python.framework/Versions/3.8/lib/python3.8/site-packages/selenium/webdriver/support/wait.py\", line 80, in until\n    raise TimeoutException(message, screen, stacktrace)\n\n",
      "time" : {
        "start" : 1608635291040,
        "stop" : 1608635391739,
        "duration" : 100699
      }
    }, {
      "uid" : "1f0467a97f276a40",
      "status" : "broken",
      "statusDetails" : "selenium.common.exceptions.TimeoutException: Message: Unable to locate element: cardnumber field\n\n",
      "time" : {
        "start" : 1608635291029,
        "stop" : 1608635472767,
        "duration" : 181738
      }
    }, {
      "uid" : "39ba4194d1af6078",
      "status" : "passed",
      "time" : {
        "start" : 1608635290988,
        "stop" : 1608635416885,
        "duration" : 125897
      }
    }, {
      "uid" : "d4040c2f7a430683",
      "status" : "passed",
      "time" : {
        "start" : 1608635290952,
        "stop" : 1608635452813,
        "duration" : 161861
      }
    }, {
      "uid" : "b3fd6b4f849de442",
      "status" : "passed",
      "time" : {
        "start" : 1608635209320,
        "stop" : 1608635265744,
        "duration" : 56424
      }
    }, {
      "uid" : "ba4d3b957d66819b",
      "status" : "passed",
      "time" : {
        "start" : 1608635200841,
        "stop" : 1608635262281,
        "duration" : 61440
      }
    }, {
      "uid" : "da57418f8df8fcd3",
      "status" : "passed",
      "time" : {
        "start" : 1608635196249,
        "stop" : 1608635259809,
        "duration" : 63560
      }
    }, {
      "uid" : "143ef568d119e296",
      "status" : "passed",
      "time" : {
        "start" : 1608635191066,
        "stop" : 1608635258752,
        "duration" : 67686
      }
    }, {
      "uid" : "d73cbcc3263f18ad",
      "status" : "passed",
      "time" : {
        "start" : 1608635189460,
        "stop" : 1608635259766,
        "duration" : 70306
      }
    }, {
      "uid" : "d4fe7e475cdfa611",
      "status" : "passed",
      "time" : {
        "start" : 1608635186611,
        "stop" : 1608635255020,
        "duration" : 68409
      }
    }, {
      "uid" : "334cd62f7fa62470",
      "status" : "passed",
      "time" : {
        "start" : 1608635185675,
        "stop" : 1608635249196,
        "duration" : 63521
      }
    }, {
      "uid" : "975d85033890eba1",
      "status" : "passed",
      "time" : {
        "start" : 1608635185264,
        "stop" : 1608635248150,
        "duration" : 62886
      }
    }, {
      "uid" : "4a12b8eaf0da6654",
      "status" : "passed",
      "time" : {
        "start" : 1608635183568,
        "stop" : 1608635245012,
        "duration" : 61444
      }
    }, {
      "uid" : "3871a687763d47d9",
      "status" : "passed",
      "time" : {
        "start" : 1608635182507,
        "stop" : 1608635245396,
        "duration" : 62889
      }
    }, {
      "uid" : "7418f9114f2b6ae4",
      "status" : "passed",
      "time" : {
        "start" : 1608635142087,
        "stop" : 1608635202044,
        "duration" : 59957
      }
    }, {
      "uid" : "2c45ef0f19e8199",
      "status" : "passed",
      "time" : {
        "start" : 1608635129237,
        "stop" : 1608635192191,
        "duration" : 62954
      }
    }, {
      "uid" : "64a9778700065c",
      "status" : "passed",
      "time" : {
        "start" : 1608635128385,
        "stop" : 1608635189393,
        "duration" : 61008
      }
    }, {
      "uid" : "c9941690066de058",
      "status" : "passed",
      "time" : {
        "start" : 1608635121844,
        "stop" : 1608635182204,
        "duration" : 60360
      }
    }, {
      "uid" : "1cd008aaf51e6a39",
      "status" : "passed",
      "time" : {
        "start" : 1608635121745,
        "stop" : 1608635184054,
        "duration" : 62309
      }
    }, {
      "uid" : "ae0d19aab4c11d49",
      "status" : "passed",
      "time" : {
        "start" : 1608635120656,
        "stop" : 1608635178206,
        "duration" : 57550
      }
    }, {
      "uid" : "fb8e566d557ef615",
      "status" : "passed",
      "time" : {
        "start" : 1608635119392,
        "stop" : 1608635180430,
        "duration" : 61038
      }
    }, {
      "uid" : "96b4a80f2072dc32",
      "status" : "passed",
      "time" : {
        "start" : 1608635119094,
        "stop" : 1608635179266,
        "duration" : 60172
      }
    }, {
      "uid" : "f0b554e2d82a055",
      "status" : "passed",
      "time" : {
        "start" : 1608635115001,
        "stop" : 1608635176552,
        "duration" : 61551
      }
    }, {
      "uid" : "6384473f3c3aec82",
      "status" : "passed",
      "time" : {
        "start" : 1608635114751,
        "stop" : 1608635176968,
        "duration" : 62217
      }
    }, {
      "uid" : "85a8820a0f9d8af0",
      "status" : "passed",
      "time" : {
        "start" : 1608635077786,
        "stop" : 1608635136203,
        "duration" : 58417
      }
    }, {
      "uid" : "393c9272d871588a",
      "status" : "passed",
      "time" : {
        "start" : 1608635044474,
        "stop" : 1608635121784,
        "duration" : 77310
      }
    }, {
      "uid" : "a70dc801cf03c678",
      "status" : "passed",
      "time" : {
        "start" : 1608635044429,
        "stop" : 1608635116542,
        "duration" : 72113
      }
    }, {
      "uid" : "960ab4da6916b65c",
      "status" : "passed",
      "time" : {
        "start" : 1608635044351,
        "stop" : 1608635115224,
        "duration" : 70873
      }
    }, {
      "uid" : "ca93fd64121b49fa",
      "status" : "passed",
      "time" : {
        "start" : 1608635044288,
        "stop" : 1608635116394,
        "duration" : 72106
      }
    }, {
      "uid" : "c43babdf61f21726",
      "status" : "passed",
      "time" : {
        "start" : 1608635044237,
        "stop" : 1608635109773,
        "duration" : 65536
      }
    }, {
      "uid" : "98988c5d4587d5e0",
      "status" : "passed",
      "time" : {
        "start" : 1608635044226,
        "stop" : 1608635113133,
        "duration" : 68907
      }
    }, {
      "uid" : "abb7066df39bafb6",
      "status" : "failed",
      "statusDetails" : "AssertionError: FAILED SUB-STEP: And type \"random\" in email field\nSubstep info: Traceback (most recent call last):\n  File \"/Library/Frameworks/Python.framework/Versions/3.8/lib/python3.8/site-packages/behave/model.py\", line 1329, in run\n    match.run(runner.context)\n  File \"/Library/Frameworks/Python.framework/Versions/3.8/lib/python3.8/site-packages/behave/matchers.py\", line 98, in run\n    self.func(context, *args, **kwargs)\n  File \"features/steps/basic_steps.py\", line 24, in step_impl\n    context.current_page.type_in(field_name, text)\n  File \"/Users/kardash/Developer/fitness-automation/features/pages/base_page.py\", line 29, in type_in\n    element = self.get_clickable_element(element_name)\n  File \"/Users/kardash/Developer/fitness-automation/features/pages/base_page.py\", line 57, in get_clickable_element\n    return WebDriverWait(self.driver, timeout).until(\n  File \"/Library/Frameworks/Python.framework/Versions/3.8/lib/python3.8/site-packages/selenium/webdriver/support/wait.py\", line 80, in until\n    raise TimeoutException(message, screen, stacktrace)\nselenium.common.exceptions.TimeoutException: Message: Unable to locate element: email field\n\n\nTraceback (of failed substep):\n  File \"/Library/Frameworks/Python.framework/Versions/3.8/lib/python3.8/site-packages/behave/model.py\", line 1329, in run\n    match.run(runner.context)\n  File \"/Library/Frameworks/Python.framework/Versions/3.8/lib/python3.8/site-packages/behave/matchers.py\", line 98, in run\n    self.func(context, *args, **kwargs)\n  File \"features/steps/basic_steps.py\", line 24, in step_impl\n    context.current_page.type_in(field_name, text)\n  File \"/Users/kardash/Developer/fitness-automation/features/pages/base_page.py\", line 29, in type_in\n    element = self.get_clickable_element(element_name)\n  File \"/Users/kardash/Developer/fitness-automation/features/pages/base_page.py\", line 57, in get_clickable_element\n    return WebDriverWait(self.driver, timeout).until(\n  File \"/Library/Frameworks/Python.framework/Versions/3.8/lib/python3.8/site-packages/selenium/webdriver/support/wait.py\", line 80, in until\n    raise TimeoutException(message, screen, stacktrace)\n\n",
      "time" : {
        "start" : 1608635044100,
        "stop" : 1608635071584,
        "duration" : 27484
      }
    }, {
      "uid" : "a7b37450489a20e9",
      "status" : "passed",
      "time" : {
        "start" : 1608635044073,
        "stop" : 1608635121993,
        "duration" : 77920
      }
    }, {
      "uid" : "2bba271921da937c",
      "status" : "passed",
      "time" : {
        "start" : 1608635044055,
        "stop" : 1608635109260,
        "duration" : 65205
      }
    }, {
      "uid" : "421b365e4e613717",
      "status" : "passed",
      "time" : {
        "start" : 1608635044017,
        "stop" : 1608635113034,
        "duration" : 69017
      }
    }, {
      "uid" : "a9bf3d0e1ec81610",
      "status" : "broken",
      "statusDetails" : "selenium.common.exceptions.WebDriverException: Message: \n\n",
      "time" : {
        "start" : 1608634816366,
        "stop" : 1608634995891,
        "duration" : 179525
      }
    }, {
      "uid" : "8760533740b4c053",
      "status" : "broken",
      "statusDetails" : "selenium.common.exceptions.WebDriverException: Message: \n\n",
      "time" : {
        "start" : 1608634815523,
        "stop" : 1608634995971,
        "duration" : 180448
      }
    }, {
      "uid" : "a8d833f0f284f7c9",
      "status" : "broken",
      "statusDetails" : "selenium.common.exceptions.WebDriverException: Message: \n\n",
      "time" : {
        "start" : 1608634815222,
        "stop" : 1608634996035,
        "duration" : 180813
      }
    }, {
      "uid" : "8e2e61c5014c9f9c",
      "status" : "broken",
      "statusDetails" : "selenium.common.exceptions.WebDriverException: Message: \n\n",
      "time" : {
        "start" : 1608634814700,
        "stop" : 1608634995925,
        "duration" : 181225
      }
    }, {
      "uid" : "560c17f56f21b28d",
      "status" : "broken",
      "statusDetails" : "selenium.common.exceptions.WebDriverException: Message: \n\n",
      "time" : {
        "start" : 1608634814466,
        "stop" : 1608634995925,
        "duration" : 181459
      }
    }, {
      "uid" : "d745815f537e8ede",
      "status" : "broken",
      "statusDetails" : "selenium.common.exceptions.WebDriverException: Message: \n\n",
      "time" : {
        "start" : 1608634814359,
        "stop" : 1608634995766,
        "duration" : 181407
      }
    }, {
      "uid" : "da90e9b13e8430e4",
      "status" : "broken",
      "statusDetails" : "selenium.common.exceptions.WebDriverException: Message: \n\n",
      "time" : {
        "start" : 1608634813670,
        "stop" : 1608634996043,
        "duration" : 182373
      }
    }, {
      "uid" : "a4580f4ba97ab97b",
      "status" : "broken",
      "statusDetails" : "selenium.common.exceptions.WebDriverException: Message: \n\n",
      "time" : {
        "start" : 1608634813110,
        "stop" : 1608634995982,
        "duration" : 182872
      }
    }, {
      "uid" : "4e051ee73447a51e",
      "status" : "broken",
      "statusDetails" : "selenium.common.exceptions.WebDriverException: Message: Session timed out or not found\n\n",
      "time" : {
        "start" : 1608634812991,
        "stop" : 1608635001662,
        "duration" : 188671
      }
    }, {
      "uid" : "e0f08d0832e6d8c",
      "status" : "broken",
      "statusDetails" : "selenium.common.exceptions.WebDriverException: Message: Session timed out or not found\n\n",
      "time" : {
        "start" : 1608634812235,
        "stop" : 1608634957229,
        "duration" : 144994
      }
    }, {
      "uid" : "c72d5775ccdb89e9",
      "status" : "broken",
      "statusDetails" : "selenium.common.exceptions.WebDriverException: Message: \n\n",
      "time" : {
        "start" : 1608634812116,
        "stop" : 1608635016190,
        "duration" : 204074
      }
    }, {
      "uid" : "50371ab7848ecdc8",
      "status" : "broken",
      "statusDetails" : "selenium.common.exceptions.WebDriverException: Message: \n\n",
      "time" : {
        "start" : 1608634812007,
        "stop" : 1608634995853,
        "duration" : 183846
      }
    }, {
      "uid" : "910d996826bcc80a",
      "status" : "broken",
      "statusDetails" : "selenium.common.exceptions.WebDriverException: Message: \n\n",
      "time" : {
        "start" : 1608634811759,
        "stop" : 1608634995609,
        "duration" : 183850
      }
    }, {
      "uid" : "cc0133a8b266db2c",
      "status" : "broken",
      "statusDetails" : "selenium.common.exceptions.WebDriverException: Message: \n\n",
      "time" : {
        "start" : 1608634811660,
        "stop" : 1608634995740,
        "duration" : 184080
      }
    }, {
      "uid" : "e4fc07d7cef298a6",
      "status" : "broken",
      "statusDetails" : "selenium.common.exceptions.WebDriverException: Message: \n\n",
      "time" : {
        "start" : 1608634811459,
        "stop" : 1608634995890,
        "duration" : 184431
      }
    }, {
      "uid" : "a19de7966564318",
      "status" : "broken",
      "statusDetails" : "selenium.common.exceptions.WebDriverException: Message: \n\n",
      "time" : {
        "start" : 1608634811259,
        "stop" : 1608634995925,
        "duration" : 184666
      }
    }, {
      "uid" : "2ce5473ade3229af",
      "status" : "broken",
      "statusDetails" : "selenium.common.exceptions.WebDriverException: Message: Session timed out or not found\n\n",
      "time" : {
        "start" : 1608634811234,
        "stop" : 1608635004539,
        "duration" : 193305
      }
    }, {
      "uid" : "4362dbf00ce8ca6a",
      "status" : "broken",
      "statusDetails" : "selenium.common.exceptions.WebDriverException: Message: \n\n",
      "time" : {
        "start" : 1608634811074,
        "stop" : 1608634995786,
        "duration" : 184712
      }
    }, {
      "uid" : "6cb138579f5641c",
      "status" : "broken",
      "statusDetails" : "selenium.common.exceptions.WebDriverException: Message: Session timed out or not found\n\n",
      "time" : {
        "start" : 1608634811053,
        "stop" : 1608635005980,
        "duration" : 194927
      }
    }, {
      "uid" : "cb803f78b30b0f2c",
      "status" : "broken",
      "statusDetails" : "selenium.common.exceptions.WebDriverException: Message: Session timed out or not found\n\n",
      "time" : {
        "start" : 1608634810907,
        "stop" : 1608635006502,
        "duration" : 195595
      }
    }, {
      "uid" : "bd3694275de097cc",
      "status" : "broken",
      "statusDetails" : "selenium.common.exceptions.WebDriverException: Message: \n\n",
      "time" : {
        "start" : 1608634810433,
        "stop" : 1608634995766,
        "duration" : 185333
      }
    }, {
      "uid" : "3e8f2fe6a26f862b",
      "status" : "broken",
      "statusDetails" : "selenium.common.exceptions.WebDriverException: Message: \n\n",
      "time" : {
        "start" : 1608634809920,
        "stop" : 1608634995741,
        "duration" : 185821
      }
    }, {
      "uid" : "4afa98d7aa57e70",
      "status" : "broken",
      "statusDetails" : "selenium.common.exceptions.WebDriverException: Message: Session timed out or not found\n\n",
      "time" : {
        "start" : 1608634809683,
        "stop" : 1608635006476,
        "duration" : 196793
      }
    }, {
      "uid" : "849227ade4d8e48b",
      "status" : "broken",
      "statusDetails" : "selenium.common.exceptions.WebDriverException: Message: unknown error: cannot activate web view\n  (Session info: chrome=87.0.4280.66)\n\n",
      "time" : {
        "start" : 1608634809460,
        "stop" : 1608634992392,
        "duration" : 182932
      }
    }, {
      "uid" : "7ba07a97f8049c44",
      "status" : "broken",
      "statusDetails" : "selenium.common.exceptions.WebDriverException: Message: \n\n",
      "time" : {
        "start" : 1608634808990,
        "stop" : 1608634914287,
        "duration" : 105297
      }
    }, {
      "uid" : "150df835c2c977",
      "status" : "broken",
      "statusDetails" : "selenium.common.exceptions.WebDriverException: Message: Session timed out or not found\n\n",
      "time" : {
        "start" : 1608634807849,
        "stop" : 1608635006503,
        "duration" : 198654
      }
    }, {
      "uid" : "d1f73cc1393fae3f",
      "status" : "broken",
      "statusDetails" : "selenium.common.exceptions.WebDriverException: Message: Session timed out or not found\n\n",
      "time" : {
        "start" : 1608634805684,
        "stop" : 1608635000884,
        "duration" : 195200
      }
    }, {
      "uid" : "a360aac5e0e407a2",
      "status" : "broken",
      "statusDetails" : "selenium.common.exceptions.WebDriverException: Message: Session timed out or not found\n\n",
      "time" : {
        "start" : 1608634804073,
        "stop" : 1608634993829,
        "duration" : 189756
      }
    }, {
      "uid" : "5165dfbb0b17285b",
      "status" : "broken",
      "statusDetails" : "selenium.common.exceptions.WebDriverException: Message: Session timed out or not found\n\n",
      "time" : {
        "start" : 1608634803089,
        "stop" : 1608634993858,
        "duration" : 190769
      }
    } ],
    "categories" : [ ],
    "history" : {
      "statistic" : {
        "failed" : 0,
        "broken" : 0,
        "skipped" : 0,
        "passed" : 9,
        "unknown" : 0,
        "total" : 9
      },
      "items" : [ {
        "uid" : "a6e24697fe4da2b4",
        "reportUrl" : "https://one-focus.github.io/fitness-automation/99//#testresult/a6e24697fe4da2b4",
        "status" : "passed",
        "time" : {
          "start" : 1608641898461,
          "stop" : 1608641929632,
          "duration" : 31171
        }
      }, {
        "uid" : "871b75875958fd90",
        "reportUrl" : "https://one-focus.github.io/fitness-automation/98//#testresult/871b75875958fd90",
        "status" : "passed",
        "time" : {
          "start" : 1608641898461,
          "stop" : 1608641929632,
          "duration" : 31171
        }
      }, {
        "uid" : "d85eaff7ed3eaf59",
        "reportUrl" : "https://one-focus.github.io/fitness-automation/97//#testresult/d85eaff7ed3eaf59",
        "status" : "passed",
        "time" : {
          "start" : 1608644513340,
          "stop" : 1608644532570,
          "duration" : 19230
        }
      }, {
        "uid" : "a537e0219ad920a0",
        "reportUrl" : "https://one-focus.github.io/fitness-automation/96//#testresult/a537e0219ad920a0",
        "status" : "passed",
        "time" : {
          "start" : 1608643690887,
          "stop" : 1608643710543,
          "duration" : 19656
        }
      }, {
        "uid" : "fef737c67e091d8b",
        "reportUrl" : "https://one-focus.github.io/fitness-automation/95//#testresult/fef737c67e091d8b",
        "status" : "passed",
        "time" : {
          "start" : 1608643296973,
          "stop" : 1608643316884,
          "duration" : 19911
        }
      }, {
        "uid" : "f1288b1b242a9426",
        "reportUrl" : "https://one-focus.github.io/fitness-automation/94//#testresult/f1288b1b242a9426",
        "status" : "passed",
        "time" : {
          "start" : 1608642825129,
          "stop" : 1608642844558,
          "duration" : 19429
        }
      }, {
        "uid" : "5641be3060e4ad1",
        "reportUrl" : "https://one-focus.github.io/fitness-automation/93//#testresult/5641be3060e4ad1",
        "status" : "passed",
        "time" : {
          "start" : 1608642382775,
          "stop" : 1608642401513,
          "duration" : 18738
        }
      }, {
        "uid" : "1d7284d183a7a8fc",
        "reportUrl" : "https://one-focus.github.io/fitness-automation/92//#testresult/1d7284d183a7a8fc",
        "status" : "passed",
        "time" : {
          "start" : 1608641898461,
          "stop" : 1608641929632,
          "duration" : 31171
        }
      } ]
    },
    "tags" : [ "validation" ]
  },
  "source" : "9773ed68d3a58602.json",
  "parameterValues" : [ "fake card", "f.gum24.online", "cancel button" ]
}