{
  "uid" : "a537e0219ad920a0",
  "name" : "Email -- @1.1 ",
  "fullName" : "features/tests/cloudpayments.feature:Email",
  "historyId" : "055759470ca507e62b8429e2c3fe0615",
  "time" : {
    "start" : 1608643690887,
    "stop" : 1608643710543,
    "duration" : 19656
  },
  "status" : "passed",
  "flaky" : false,
  "newFailed" : false,
  "beforeStages" : [ ],
  "testStage" : {
    "status" : "passed",
    "steps" : [ {
      "name" : "Given clear time",
      "time" : {
        "start" : 1608643690888,
        "stop" : 1608643690889,
        "duration" : 1
      },
      "status" : "passed",
      "steps" : [ ],
      "attachments" : [ ],
      "parameters" : [ ],
      "stepsCount" : 0,
      "attachmentsCount" : 0,
      "shouldDisplayMessage" : false,
      "hasContent" : false
    }, {
      "name" : "When open f.gum24.online page",
      "time" : {
        "start" : 1608643690889,
        "stop" : 1608643694250,
        "duration" : 3361
      },
      "status" : "passed",
      "steps" : [ ],
      "attachments" : [ ],
      "parameters" : [ ],
      "stepsCount" : 0,
      "attachmentsCount" : 0,
      "shouldDisplayMessage" : false,
      "hasContent" : false
    }, {
      "name" : "When clear time",
      "time" : {
        "start" : 1608643694251,
        "stop" : 1608643694251,
        "duration" : 0
      },
      "status" : "passed",
      "steps" : [ ],
      "attachments" : [ ],
      "parameters" : [ ],
      "stepsCount" : 0,
      "attachmentsCount" : 0,
      "shouldDisplayMessage" : false,
      "hasContent" : false
    }, {
      "name" : "When go to confirmation page",
      "time" : {
        "start" : 1608643694251,
        "stop" : 1608643698922,
        "duration" : 4671
      },
      "status" : "passed",
      "steps" : [ ],
      "attachments" : [ ],
      "parameters" : [ ],
      "stepsCount" : 0,
      "attachmentsCount" : 0,
      "shouldDisplayMessage" : false,
      "hasContent" : false
    }, {
      "name" : "When calculate time for 'confirmation'",
      "time" : {
        "start" : 1608643698922,
        "stop" : 1608643699363,
        "duration" : 441
      },
      "status" : "passed",
      "steps" : [ ],
      "attachments" : [ ],
      "parameters" : [ ],
      "stepsCount" : 0,
      "attachmentsCount" : 0,
      "shouldDisplayMessage" : false,
      "hasContent" : false
    }, {
      "name" : "When go to cloudpayments page",
      "time" : {
        "start" : 1608643699364,
        "stop" : 1608643700918,
        "duration" : 1554
      },
      "status" : "passed",
      "steps" : [ ],
      "attachments" : [ ],
      "parameters" : [ ],
      "stepsCount" : 0,
      "attachmentsCount" : 0,
      "shouldDisplayMessage" : false,
      "hasContent" : false
    }, {
      "name" : "When enter fake card details",
      "time" : {
        "start" : 1608643700918,
        "stop" : 1608643702379,
        "duration" : 1461
      },
      "status" : "passed",
      "steps" : [ ],
      "attachments" : [ ],
      "parameters" : [ ],
      "stepsCount" : 0,
      "attachmentsCount" : 0,
      "shouldDisplayMessage" : false,
      "hasContent" : false
    }, {
      "name" : "Then I see cancel button element",
      "time" : {
        "start" : 1608643702379,
        "stop" : 1608643710100,
        "duration" : 7721
      },
      "status" : "passed",
      "steps" : [ ],
      "attachments" : [ ],
      "parameters" : [ ],
      "stepsCount" : 0,
      "attachmentsCount" : 0,
      "shouldDisplayMessage" : false,
      "hasContent" : false
    }, {
      "name" : "When calculate time for 'cloudpayments'",
      "time" : {
        "start" : 1608643710100,
        "stop" : 1608643710543,
        "duration" : 443
      },
      "status" : "passed",
      "steps" : [ ],
      "attachments" : [ ],
      "parameters" : [ ],
      "stepsCount" : 0,
      "attachmentsCount" : 0,
      "shouldDisplayMessage" : false,
      "hasContent" : false
    } ],
    "attachments" : [ ],
    "parameters" : [ ],
    "stepsCount" : 9,
    "attachmentsCount" : 0,
    "shouldDisplayMessage" : false,
    "hasContent" : true
  },
  "afterStages" : [ ],
  "labels" : [ {
    "name" : "severity",
    "value" : "normal"
  }, {
    "name" : "tag",
    "value" : "validation"
  }, {
    "name" : "feature",
    "value" : "fitness-online.ru.com"
  }, {
    "name" : "framework",
    "value" : "behave"
  }, {
    "name" : "language",
    "value" : "cpython3"
  }, {
    "name" : "resultFormat",
    "value" : "allure2"
  } ],
  "parameters" : [ {
    "name" : "card",
    "value" : "fake card"
  }, {
    "name" : "page_name",
    "value" : "f.gum24.online"
  }, {
    "name" : "type",
    "value" : "cancel button"
  } ],
  "links" : [ ],
  "hidden" : false,
  "retry" : false,
  "extra" : {
    "severity" : "normal",
    "retries" : [ {
      "uid" : "968c47391912c623",
      "status" : "passed",
      "time" : {
        "start" : 1608641898461,
        "stop" : 1608641929632,
        "duration" : 31171
      }
    }, {
      "uid" : "8762dff91eb1a4e",
      "status" : "passed",
      "time" : {
        "start" : 1608641898446,
        "stop" : 1608641926797,
        "duration" : 28351
      }
    }, {
      "uid" : "837c05063d2db7de",
      "status" : "passed",
      "time" : {
        "start" : 1608641895442,
        "stop" : 1608641926042,
        "duration" : 30600
      }
    }, {
      "uid" : "39d66c310f3c0294",
      "status" : "passed",
      "time" : {
        "start" : 1608641888723,
        "stop" : 1608641917045,
        "duration" : 28322
      }
    }, {
      "uid" : "42d463f95d5e712d",
      "status" : "passed",
      "time" : {
        "start" : 1608641879869,
        "stop" : 1608641904183,
        "duration" : 24314
      }
    }, {
      "uid" : "19d878ab6039c617",
      "status" : "failed",
      "statusDetails" : "AssertionError: FAILED SUB-STEP: And type \"random\" in email field\nSubstep info: Traceback (most recent call last):\n  File \"/Library/Frameworks/Python.framework/Versions/3.8/lib/python3.8/site-packages/behave/model.py\", line 1329, in run\n    match.run(runner.context)\n  File \"/Library/Frameworks/Python.framework/Versions/3.8/lib/python3.8/site-packages/behave/matchers.py\", line 98, in run\n    self.func(context, *args, **kwargs)\n  File \"features/steps/basic_steps.py\", line 24, in step_impl\n    context.current_page.type_in(field_name, text)\n  File \"/Users/kardash/Developer/fitness-automation/features/pages/base_page.py\", line 29, in type_in\n    element = self.get_clickable_element(element_name)\n  File \"/Users/kardash/Developer/fitness-automation/features/pages/base_page.py\", line 57, in get_clickable_element\n    return WebDriverWait(self.driver, timeout).until(\n  File \"/Library/Frameworks/Python.framework/Versions/3.8/lib/python3.8/site-packages/selenium/webdriver/support/wait.py\", line 80, in until\n    raise TimeoutException(message, screen, stacktrace)\nselenium.common.exceptions.TimeoutException: Message: Unable to locate element: email field\n\n\nTraceback (of failed substep):\n  File \"/Library/Frameworks/Python.framework/Versions/3.8/lib/python3.8/site-packages/behave/model.py\", line 1329, in run\n    match.run(runner.context)\n  File \"/Library/Frameworks/Python.framework/Versions/3.8/lib/python3.8/site-packages/behave/matchers.py\", line 98, in run\n    self.func(context, *args, **kwargs)\n  File \"features/steps/basic_steps.py\", line 24, in step_impl\n    context.current_page.type_in(field_name, text)\n  File \"/Users/kardash/Developer/fitness-automation/features/pages/base_page.py\", line 29, in type_in\n    element = self.get_clickable_element(element_name)\n  File \"/Users/kardash/Developer/fitness-automation/features/pages/base_page.py\", line 57, in get_clickable_element\n    return WebDriverWait(self.driver, timeout).until(\n  File \"/Library/Frameworks/Python.framework/Versions/3.8/lib/python3.8/site-packages/selenium/webdriver/support/wait.py\", line 80, in until\n    raise TimeoutException(message, screen, stacktrace)\n\n",
      "time" : {
        "start" : 1608641856818,
        "stop" : 1608641875893,
        "duration" : 19075
      }
    }, {
      "uid" : "7371b3a5fbdd03",
      "status" : "passed",
      "time" : {
        "start" : 1608641856774,
        "stop" : 1608641890247,
        "duration" : 33473
      }
    }, {
      "uid" : "4286d2c04d61625e",
      "status" : "passed",
      "time" : {
        "start" : 1608641856747,
        "stop" : 1608641894059,
        "duration" : 37312
      }
    }, {
      "uid" : "2241033813632893",
      "status" : "passed",
      "time" : {
        "start" : 1608641856723,
        "stop" : 1608641893584,
        "duration" : 36861
      }
    }, {
      "uid" : "738fe0ac151eba2e",
      "status" : "passed",
      "time" : {
        "start" : 1608641856712,
        "stop" : 1608641884812,
        "duration" : 28100
      }
    }, {
      "uid" : "f7e7e250690efb60",
      "status" : "passed",
      "time" : {
        "start" : 1608641761712,
        "stop" : 1608641796167,
        "duration" : 34455
      }
    }, {
      "uid" : "475e6d6272316a56",
      "status" : "passed",
      "time" : {
        "start" : 1608641760349,
        "stop" : 1608641796258,
        "duration" : 35909
      }
    }, {
      "uid" : "51bc5c13f9301bc1",
      "status" : "passed",
      "time" : {
        "start" : 1608641760320,
        "stop" : 1608641802701,
        "duration" : 42381
      }
    }, {
      "uid" : "9907b8739942d9a",
      "status" : "passed",
      "time" : {
        "start" : 1608641752739,
        "stop" : 1608641780499,
        "duration" : 27760
      }
    }, {
      "uid" : "b391fa0b63ab2085",
      "status" : "passed",
      "time" : {
        "start" : 1608641743401,
        "stop" : 1608641765920,
        "duration" : 22519
      }
    }, {
      "uid" : "d68ad2ee0e336591",
      "status" : "passed",
      "time" : {
        "start" : 1608641720861,
        "stop" : 1608641756180,
        "duration" : 35319
      }
    }, {
      "uid" : "657dba30d88f7a87",
      "status" : "passed",
      "time" : {
        "start" : 1608641720736,
        "stop" : 1608641755677,
        "duration" : 34941
      }
    }, {
      "uid" : "fcc29065cad68cff",
      "status" : "passed",
      "time" : {
        "start" : 1608641720659,
        "stop" : 1608641758100,
        "duration" : 37441
      }
    }, {
      "uid" : "29de85916e0de93b",
      "status" : "passed",
      "time" : {
        "start" : 1608641720458,
        "stop" : 1608641748914,
        "duration" : 28456
      }
    }, {
      "uid" : "a9e09c6597c0b0cd",
      "status" : "failed",
      "statusDetails" : "AssertionError: FAILED SUB-STEP: And type \"random\" in email field\nSubstep info: Traceback (most recent call last):\n  File \"/Library/Frameworks/Python.framework/Versions/3.8/lib/python3.8/site-packages/behave/model.py\", line 1329, in run\n    match.run(runner.context)\n  File \"/Library/Frameworks/Python.framework/Versions/3.8/lib/python3.8/site-packages/behave/matchers.py\", line 98, in run\n    self.func(context, *args, **kwargs)\n  File \"features/steps/basic_steps.py\", line 24, in step_impl\n    context.current_page.type_in(field_name, text)\n  File \"/Users/kardash/Developer/fitness-automation/features/pages/base_page.py\", line 29, in type_in\n    element = self.get_clickable_element(element_name)\n  File \"/Users/kardash/Developer/fitness-automation/features/pages/base_page.py\", line 57, in get_clickable_element\n    return WebDriverWait(self.driver, timeout).until(\n  File \"/Library/Frameworks/Python.framework/Versions/3.8/lib/python3.8/site-packages/selenium/webdriver/support/wait.py\", line 80, in until\n    raise TimeoutException(message, screen, stacktrace)\nselenium.common.exceptions.TimeoutException: Message: Unable to locate element: email field\n\n\nTraceback (of failed substep):\n  File \"/Library/Frameworks/Python.framework/Versions/3.8/lib/python3.8/site-packages/behave/model.py\", line 1329, in run\n    match.run(runner.context)\n  File \"/Library/Frameworks/Python.framework/Versions/3.8/lib/python3.8/site-packages/behave/matchers.py\", line 98, in run\n    self.func(context, *args, **kwargs)\n  File \"features/steps/basic_steps.py\", line 24, in step_impl\n    context.current_page.type_in(field_name, text)\n  File \"/Users/kardash/Developer/fitness-automation/features/pages/base_page.py\", line 29, in type_in\n    element = self.get_clickable_element(element_name)\n  File \"/Users/kardash/Developer/fitness-automation/features/pages/base_page.py\", line 57, in get_clickable_element\n    return WebDriverWait(self.driver, timeout).until(\n  File \"/Library/Frameworks/Python.framework/Versions/3.8/lib/python3.8/site-packages/selenium/webdriver/support/wait.py\", line 80, in until\n    raise TimeoutException(message, screen, stacktrace)\n\n",
      "time" : {
        "start" : 1608641720390,
        "stop" : 1608641739317,
        "duration" : 18927
      }
    }, {
      "uid" : "162a653157ecdb59",
      "status" : "passed",
      "time" : {
        "start" : 1608641335382,
        "stop" : 1608641365947,
        "duration" : 30565
      }
    }, {
      "uid" : "f8e5e169c1601409",
      "status" : "passed",
      "time" : {
        "start" : 1608641331289,
        "stop" : 1608641375354,
        "duration" : 44065
      }
    }, {
      "uid" : "777ce8b40dd08687",
      "status" : "passed",
      "time" : {
        "start" : 1608641325733,
        "stop" : 1608641362335,
        "duration" : 36602
      }
    }, {
      "uid" : "33af301f957c55cd",
      "status" : "passed",
      "time" : {
        "start" : 1608641319727,
        "stop" : 1608641352861,
        "duration" : 33134
      }
    }, {
      "uid" : "6bcff15b18357887",
      "status" : "passed",
      "time" : {
        "start" : 1608641305278,
        "stop" : 1608641342833,
        "duration" : 37555
      }
    }, {
      "uid" : "792db5ddab5aa887",
      "status" : "passed",
      "time" : {
        "start" : 1608641239979,
        "stop" : 1608641326707,
        "duration" : 86728
      }
    }, {
      "uid" : "f60157985b76654d",
      "status" : "passed",
      "time" : {
        "start" : 1608641239959,
        "stop" : 1608641318680,
        "duration" : 78721
      }
    }, {
      "uid" : "d6ec75a253d166c6",
      "status" : "broken",
      "statusDetails" : "selenium.common.exceptions.WebDriverException: Message: Session timed out or not found\n\n",
      "time" : {
        "start" : 1608641239867,
        "stop" : 1608641311454,
        "duration" : 71587
      }
    }, {
      "uid" : "2ed523f04c21531d",
      "status" : "passed",
      "time" : {
        "start" : 1608641239336,
        "stop" : 1608641331372,
        "duration" : 92036
      }
    }, {
      "uid" : "af136657bde9d89a",
      "status" : "passed",
      "time" : {
        "start" : 1608641239336,
        "stop" : 1608641299358,
        "duration" : 60022
      }
    }, {
      "uid" : "71c5d1bf7b8e5292",
      "status" : "passed",
      "time" : {
        "start" : 1608640937722,
        "stop" : 1608640986475,
        "duration" : 48753
      }
    }, {
      "uid" : "3a1474af366a36ea",
      "status" : "passed",
      "time" : {
        "start" : 1608640937695,
        "stop" : 1608640981946,
        "duration" : 44251
      }
    }, {
      "uid" : "6deb31a6af846fd9",
      "status" : "passed",
      "time" : {
        "start" : 1608640937675,
        "stop" : 1608640981822,
        "duration" : 44147
      }
    }, {
      "uid" : "73b2716ff60f11f4",
      "status" : "passed",
      "time" : {
        "start" : 1608640822947,
        "stop" : 1608640874755,
        "duration" : 51808
      }
    }, {
      "uid" : "c02807a837a82bfb",
      "status" : "passed",
      "time" : {
        "start" : 1608640822771,
        "stop" : 1608640874027,
        "duration" : 51256
      }
    }, {
      "uid" : "a94ac903d05d720f",
      "status" : "passed",
      "time" : {
        "start" : 1608640818428,
        "stop" : 1608640873367,
        "duration" : 54939
      }
    }, {
      "uid" : "c6db33105b97458e",
      "status" : "passed",
      "time" : {
        "start" : 1608640818346,
        "stop" : 1608640872203,
        "duration" : 53857
      }
    }, {
      "uid" : "a750f0f6353a0601",
      "status" : "passed",
      "time" : {
        "start" : 1608640696626,
        "stop" : 1608640723409,
        "duration" : 26783
      }
    }, {
      "uid" : "19024dac16c1b303",
      "status" : "passed",
      "time" : {
        "start" : 1608640646969,
        "stop" : 1608640671657,
        "duration" : 24688
      }
    }, {
      "uid" : "33d6c083e8cf921a",
      "status" : "passed",
      "time" : {
        "start" : 1608640646317,
        "stop" : 1608640678337,
        "duration" : 32020
      }
    }, {
      "uid" : "28bc2b71068052dd",
      "status" : "passed",
      "time" : {
        "start" : 1608640646211,
        "stop" : 1608640671750,
        "duration" : 25539
      }
    }, {
      "uid" : "65c4b01be1e801cf",
      "status" : "passed",
      "time" : {
        "start" : 1608640643213,
        "stop" : 1608640676525,
        "duration" : 33312
      }
    }, {
      "uid" : "5f4970ea9aa57018",
      "status" : "passed",
      "time" : {
        "start" : 1608640587932,
        "stop" : 1608640621193,
        "duration" : 33261
      }
    }, {
      "uid" : "fbf5ec68121b3192",
      "status" : "passed",
      "time" : {
        "start" : 1608640587908,
        "stop" : 1608640618086,
        "duration" : 30178
      }
    }, {
      "uid" : "199b909740c0467e",
      "status" : "passed",
      "time" : {
        "start" : 1608640587682,
        "stop" : 1608640617183,
        "duration" : 29501
      }
    }, {
      "uid" : "c27dd82156993029",
      "status" : "passed",
      "time" : {
        "start" : 1608640587567,
        "stop" : 1608640617649,
        "duration" : 30082
      }
    }, {
      "uid" : "e9bc81c2fd966693",
      "status" : "passed",
      "time" : {
        "start" : 1608640587302,
        "stop" : 1608640618443,
        "duration" : 31141
      }
    }, {
      "uid" : "df45bee795709538",
      "status" : "passed",
      "time" : {
        "start" : 1608640436990,
        "stop" : 1608640467224,
        "duration" : 30234
      }
    }, {
      "uid" : "c6ce300e66ba19eb",
      "status" : "passed",
      "time" : {
        "start" : 1608640436380,
        "stop" : 1608640467263,
        "duration" : 30883
      }
    }, {
      "uid" : "2f14993d80143548",
      "status" : "passed",
      "time" : {
        "start" : 1608640384920,
        "stop" : 1608640416905,
        "duration" : 31985
      }
    }, {
      "uid" : "dc9eb780b3e544ee",
      "status" : "passed",
      "time" : {
        "start" : 1608640377829,
        "stop" : 1608640410133,
        "duration" : 32304
      }
    }, {
      "uid" : "c606962331fe6ebc",
      "status" : "passed",
      "time" : {
        "start" : 1608640375387,
        "stop" : 1608640405897,
        "duration" : 30510
      }
    }, {
      "uid" : "3ba55d5662fca0b3",
      "status" : "passed",
      "time" : {
        "start" : 1608640321817,
        "stop" : 1608640349922,
        "duration" : 28105
      }
    }, {
      "uid" : "10ae638d194e662b",
      "status" : "passed",
      "time" : {
        "start" : 1608640321493,
        "stop" : 1608640349823,
        "duration" : 28330
      }
    }, {
      "uid" : "84c3d19ee98e2054",
      "status" : "passed",
      "time" : {
        "start" : 1608640321476,
        "stop" : 1608640347901,
        "duration" : 26425
      }
    }, {
      "uid" : "4fc18113065816ad",
      "status" : "passed",
      "time" : {
        "start" : 1608640321454,
        "stop" : 1608640348209,
        "duration" : 26755
      }
    }, {
      "uid" : "3452bdb1d5df8247",
      "status" : "failed",
      "statusDetails" : "AssertionError: FAILED SUB-STEP: And type \"random\" in email field\nSubstep info: Traceback (most recent call last):\n  File \"/Library/Frameworks/Python.framework/Versions/3.8/lib/python3.8/site-packages/behave/model.py\", line 1329, in run\n    match.run(runner.context)\n  File \"/Library/Frameworks/Python.framework/Versions/3.8/lib/python3.8/site-packages/behave/matchers.py\", line 98, in run\n    self.func(context, *args, **kwargs)\n  File \"features/steps/basic_steps.py\", line 24, in step_impl\n    context.current_page.type_in(field_name, text)\n  File \"/Users/kardash/Developer/fitness-automation/features/pages/base_page.py\", line 29, in type_in\n    element = self.get_clickable_element(element_name)\n  File \"/Users/kardash/Developer/fitness-automation/features/pages/base_page.py\", line 57, in get_clickable_element\n    return WebDriverWait(self.driver, timeout).until(\n  File \"/Library/Frameworks/Python.framework/Versions/3.8/lib/python3.8/site-packages/selenium/webdriver/support/wait.py\", line 80, in until\n    raise TimeoutException(message, screen, stacktrace)\nselenium.common.exceptions.TimeoutException: Message: Unable to locate element: email field\n\n\nTraceback (of failed substep):\n  File \"/Library/Frameworks/Python.framework/Versions/3.8/lib/python3.8/site-packages/behave/model.py\", line 1329, in run\n    match.run(runner.context)\n  File \"/Library/Frameworks/Python.framework/Versions/3.8/lib/python3.8/site-packages/behave/matchers.py\", line 98, in run\n    self.func(context, *args, **kwargs)\n  File \"features/steps/basic_steps.py\", line 24, in step_impl\n    context.current_page.type_in(field_name, text)\n  File \"/Users/kardash/Developer/fitness-automation/features/pages/base_page.py\", line 29, in type_in\n    element = self.get_clickable_element(element_name)\n  File \"/Users/kardash/Developer/fitness-automation/features/pages/base_page.py\", line 57, in get_clickable_element\n    return WebDriverWait(self.driver, timeout).until(\n  File \"/Library/Frameworks/Python.framework/Versions/3.8/lib/python3.8/site-packages/selenium/webdriver/support/wait.py\", line 80, in until\n    raise TimeoutException(message, screen, stacktrace)\n\n",
      "time" : {
        "start" : 1608640321441,
        "stop" : 1608640342532,
        "duration" : 21091
      }
    }, {
      "uid" : "ca4b7f69a9824e30",
      "status" : "passed",
      "time" : {
        "start" : 1608640236889,
        "stop" : 1608640265486,
        "duration" : 28597
      }
    }, {
      "uid" : "cb3c58493126aca0",
      "status" : "passed",
      "time" : {
        "start" : 1608640236413,
        "stop" : 1608640265318,
        "duration" : 28905
      }
    }, {
      "uid" : "dd953b2406c8c016",
      "status" : "passed",
      "time" : {
        "start" : 1608640234625,
        "stop" : 1608640259392,
        "duration" : 24767
      }
    }, {
      "uid" : "55aa1edac2fb5beb",
      "status" : "passed",
      "time" : {
        "start" : 1608640234497,
        "stop" : 1608640258356,
        "duration" : 23859
      }
    }, {
      "uid" : "2355b962c29e69d5",
      "status" : "passed",
      "time" : {
        "start" : 1608640212103,
        "stop" : 1608640243754,
        "duration" : 31651
      }
    }, {
      "uid" : "f4423862965d034f",
      "status" : "passed",
      "time" : {
        "start" : 1608640191106,
        "stop" : 1608640232860,
        "duration" : 41754
      }
    }, {
      "uid" : "b78fc5c1825ff0f3",
      "status" : "passed",
      "time" : {
        "start" : 1608640190747,
        "stop" : 1608640232429,
        "duration" : 41682
      }
    }, {
      "uid" : "3e6dbe324cddff05",
      "status" : "passed",
      "time" : {
        "start" : 1608640190673,
        "stop" : 1608640230254,
        "duration" : 39581
      }
    }, {
      "uid" : "78ce8427887536cd",
      "status" : "failed",
      "statusDetails" : "AssertionError: FAILED SUB-STEP: And type \"random\" in email field\nSubstep info: Traceback (most recent call last):\n  File \"/Library/Frameworks/Python.framework/Versions/3.8/lib/python3.8/site-packages/behave/model.py\", line 1329, in run\n    match.run(runner.context)\n  File \"/Library/Frameworks/Python.framework/Versions/3.8/lib/python3.8/site-packages/behave/matchers.py\", line 98, in run\n    self.func(context, *args, **kwargs)\n  File \"features/steps/basic_steps.py\", line 24, in step_impl\n    context.current_page.type_in(field_name, text)\n  File \"/Users/kardash/Developer/fitness-automation/features/pages/base_page.py\", line 29, in type_in\n    element = self.get_clickable_element(element_name)\n  File \"/Users/kardash/Developer/fitness-automation/features/pages/base_page.py\", line 57, in get_clickable_element\n    return WebDriverWait(self.driver, timeout).until(\n  File \"/Library/Frameworks/Python.framework/Versions/3.8/lib/python3.8/site-packages/selenium/webdriver/support/wait.py\", line 80, in until\n    raise TimeoutException(message, screen, stacktrace)\nselenium.common.exceptions.TimeoutException: Message: Unable to locate element: email field\n\n\nTraceback (of failed substep):\n  File \"/Library/Frameworks/Python.framework/Versions/3.8/lib/python3.8/site-packages/behave/model.py\", line 1329, in run\n    match.run(runner.context)\n  File \"/Library/Frameworks/Python.framework/Versions/3.8/lib/python3.8/site-packages/behave/matchers.py\", line 98, in run\n    self.func(context, *args, **kwargs)\n  File \"features/steps/basic_steps.py\", line 24, in step_impl\n    context.current_page.type_in(field_name, text)\n  File \"/Users/kardash/Developer/fitness-automation/features/pages/base_page.py\", line 29, in type_in\n    element = self.get_clickable_element(element_name)\n  File \"/Users/kardash/Developer/fitness-automation/features/pages/base_page.py\", line 57, in get_clickable_element\n    return WebDriverWait(self.driver, timeout).until(\n  File \"/Library/Frameworks/Python.framework/Versions/3.8/lib/python3.8/site-packages/selenium/webdriver/support/wait.py\", line 80, in until\n    raise TimeoutException(message, screen, stacktrace)\n\n",
      "time" : {
        "start" : 1608640190627,
        "stop" : 1608640208989,
        "duration" : 18362
      }
    }, {
      "uid" : "d1c16b7506dbdb9f",
      "status" : "passed",
      "time" : {
        "start" : 1608640190600,
        "stop" : 1608640229798,
        "duration" : 39198
      }
    }, {
      "uid" : "2854aa9da8c0d1e4",
      "status" : "passed",
      "time" : {
        "start" : 1608640111979,
        "stop" : 1608640140445,
        "duration" : 28466
      }
    }, {
      "uid" : "3638a60b4b0c5c7c",
      "status" : "passed",
      "time" : {
        "start" : 1608640111733,
        "stop" : 1608640141223,
        "duration" : 29490
      }
    }, {
      "uid" : "39154dc6c518e925",
      "status" : "passed",
      "time" : {
        "start" : 1608640111323,
        "stop" : 1608640138532,
        "duration" : 27209
      }
    }, {
      "uid" : "a15c2b70bcb8682f",
      "status" : "passed",
      "time" : {
        "start" : 1608640104693,
        "stop" : 1608640130518,
        "duration" : 25825
      }
    }, {
      "uid" : "7246eb75fd1ae296",
      "status" : "passed",
      "time" : {
        "start" : 1608640100676,
        "stop" : 1608640126965,
        "duration" : 26289
      }
    }, {
      "uid" : "c3145e34e1ed84b7",
      "status" : "passed",
      "time" : {
        "start" : 1608640076800,
        "stop" : 1608640107105,
        "duration" : 30305
      }
    }, {
      "uid" : "c620ddf2673e0f0c",
      "status" : "passed",
      "time" : {
        "start" : 1608640076767,
        "stop" : 1608640101084,
        "duration" : 24317
      }
    }, {
      "uid" : "f3976fbd7b2f2e9",
      "status" : "passed",
      "time" : {
        "start" : 1608640076743,
        "stop" : 1608640106974,
        "duration" : 30231
      }
    }, {
      "uid" : "564d0ea3e35f7d0f",
      "status" : "failed",
      "statusDetails" : "AssertionError: FAILED SUB-STEP: And type \"random\" in email field\nSubstep info: Traceback (most recent call last):\n  File \"/Library/Frameworks/Python.framework/Versions/3.8/lib/python3.8/site-packages/behave/model.py\", line 1329, in run\n    match.run(runner.context)\n  File \"/Library/Frameworks/Python.framework/Versions/3.8/lib/python3.8/site-packages/behave/matchers.py\", line 98, in run\n    self.func(context, *args, **kwargs)\n  File \"features/steps/basic_steps.py\", line 24, in step_impl\n    context.current_page.type_in(field_name, text)\n  File \"/Users/kardash/Developer/fitness-automation/features/pages/base_page.py\", line 29, in type_in\n    element = self.get_clickable_element(element_name)\n  File \"/Users/kardash/Developer/fitness-automation/features/pages/base_page.py\", line 57, in get_clickable_element\n    return WebDriverWait(self.driver, timeout).until(\n  File \"/Library/Frameworks/Python.framework/Versions/3.8/lib/python3.8/site-packages/selenium/webdriver/support/wait.py\", line 80, in until\n    raise TimeoutException(message, screen, stacktrace)\nselenium.common.exceptions.TimeoutException: Message: Unable to locate element: email field\n\n\nTraceback (of failed substep):\n  File \"/Library/Frameworks/Python.framework/Versions/3.8/lib/python3.8/site-packages/behave/model.py\", line 1329, in run\n    match.run(runner.context)\n  File \"/Library/Frameworks/Python.framework/Versions/3.8/lib/python3.8/site-packages/behave/matchers.py\", line 98, in run\n    self.func(context, *args, **kwargs)\n  File \"features/steps/basic_steps.py\", line 24, in step_impl\n    context.current_page.type_in(field_name, text)\n  File \"/Users/kardash/Developer/fitness-automation/features/pages/base_page.py\", line 29, in type_in\n    element = self.get_clickable_element(element_name)\n  File \"/Users/kardash/Developer/fitness-automation/features/pages/base_page.py\", line 57, in get_clickable_element\n    return WebDriverWait(self.driver, timeout).until(\n  File \"/Library/Frameworks/Python.framework/Versions/3.8/lib/python3.8/site-packages/selenium/webdriver/support/wait.py\", line 80, in until\n    raise TimeoutException(message, screen, stacktrace)\n\n",
      "time" : {
        "start" : 1608640076507,
        "stop" : 1608640095262,
        "duration" : 18755
      }
    }, {
      "uid" : "d9607f4dd745f20e",
      "status" : "passed",
      "time" : {
        "start" : 1608640076463,
        "stop" : 1608640106283,
        "duration" : 29820
      }
    }, {
      "uid" : "515e2481b96414f3",
      "status" : "passed",
      "time" : {
        "start" : 1608640010079,
        "stop" : 1608640041791,
        "duration" : 31712
      }
    }, {
      "uid" : "1488859c58ef9f9c",
      "status" : "passed",
      "time" : {
        "start" : 1608640006701,
        "stop" : 1608640037600,
        "duration" : 30899
      }
    }, {
      "uid" : "cda2137707a58e35",
      "status" : "passed",
      "time" : {
        "start" : 1608640006355,
        "stop" : 1608640035101,
        "duration" : 28746
      }
    }, {
      "uid" : "465bad4a49b5e232",
      "status" : "passed",
      "time" : {
        "start" : 1608640001218,
        "stop" : 1608640031178,
        "duration" : 29960
      }
    }, {
      "uid" : "5d33a2ee86e8c27d",
      "status" : "passed",
      "time" : {
        "start" : 1608639991902,
        "stop" : 1608640021721,
        "duration" : 29819
      }
    }, {
      "uid" : "53a13824eeafdfe8",
      "status" : "passed",
      "time" : {
        "start" : 1608639966415,
        "stop" : 1608640000755,
        "duration" : 34340
      }
    }, {
      "uid" : "7ade1de27964ae2c",
      "status" : "passed",
      "time" : {
        "start" : 1608639966254,
        "stop" : 1608640003267,
        "duration" : 37013
      }
    }, {
      "uid" : "c74f1cc220e1db70",
      "status" : "passed",
      "time" : {
        "start" : 1608639966238,
        "stop" : 1608640000078,
        "duration" : 33840
      }
    }, {
      "uid" : "f34bddc9ab54b27",
      "status" : "failed",
      "statusDetails" : "AssertionError: FAILED SUB-STEP: And type \"random\" in email field\nSubstep info: Traceback (most recent call last):\n  File \"/Library/Frameworks/Python.framework/Versions/3.8/lib/python3.8/site-packages/behave/model.py\", line 1329, in run\n    match.run(runner.context)\n  File \"/Library/Frameworks/Python.framework/Versions/3.8/lib/python3.8/site-packages/behave/matchers.py\", line 98, in run\n    self.func(context, *args, **kwargs)\n  File \"features/steps/basic_steps.py\", line 24, in step_impl\n    context.current_page.type_in(field_name, text)\n  File \"/Users/kardash/Developer/fitness-automation/features/pages/base_page.py\", line 29, in type_in\n    element = self.get_clickable_element(element_name)\n  File \"/Users/kardash/Developer/fitness-automation/features/pages/base_page.py\", line 57, in get_clickable_element\n    return WebDriverWait(self.driver, timeout).until(\n  File \"/Library/Frameworks/Python.framework/Versions/3.8/lib/python3.8/site-packages/selenium/webdriver/support/wait.py\", line 80, in until\n    raise TimeoutException(message, screen, stacktrace)\nselenium.common.exceptions.TimeoutException: Message: Unable to locate element: email field\n\n\nTraceback (of failed substep):\n  File \"/Library/Frameworks/Python.framework/Versions/3.8/lib/python3.8/site-packages/behave/model.py\", line 1329, in run\n    match.run(runner.context)\n  File \"/Library/Frameworks/Python.framework/Versions/3.8/lib/python3.8/site-packages/behave/matchers.py\", line 98, in run\n    self.func(context, *args, **kwargs)\n  File \"features/steps/basic_steps.py\", line 24, in step_impl\n    context.current_page.type_in(field_name, text)\n  File \"/Users/kardash/Developer/fitness-automation/features/pages/base_page.py\", line 29, in type_in\n    element = self.get_clickable_element(element_name)\n  File \"/Users/kardash/Developer/fitness-automation/features/pages/base_page.py\", line 57, in get_clickable_element\n    return WebDriverWait(self.driver, timeout).until(\n  File \"/Library/Frameworks/Python.framework/Versions/3.8/lib/python3.8/site-packages/selenium/webdriver/support/wait.py\", line 80, in until\n    raise TimeoutException(message, screen, stacktrace)\n\n",
      "time" : {
        "start" : 1608639966237,
        "stop" : 1608639985142,
        "duration" : 18905
      }
    }, {
      "uid" : "a2e41d695dfaff2",
      "status" : "passed",
      "time" : {
        "start" : 1608639966237,
        "stop" : 1608639995414,
        "duration" : 29177
      }
    }, {
      "uid" : "39a951d2c2877884",
      "status" : "broken",
      "statusDetails" : "TypeError: Object of type timedelta is not JSON serializable\n",
      "time" : {
        "start" : 1608639151543,
        "stop" : 1608639170044,
        "duration" : 18501
      }
    }, {
      "uid" : "b1f6a9dc312cbe97",
      "status" : "broken",
      "statusDetails" : "TypeError: Object of type timedelta is not JSON serializable\n",
      "time" : {
        "start" : 1608639084874,
        "stop" : 1608639108814,
        "duration" : 23940
      }
    }, {
      "uid" : "4cc56c9ff9b27dc9",
      "status" : "broken",
      "statusDetails" : "TypeError: Object of type timedelta is not JSON serializable\n",
      "time" : {
        "start" : 1608639082694,
        "stop" : 1608639108068,
        "duration" : 25374
      }
    }, {
      "uid" : "f50755fb1f59d36f",
      "status" : "broken",
      "statusDetails" : "TypeError: Object of type timedelta is not JSON serializable\n",
      "time" : {
        "start" : 1608639079522,
        "stop" : 1608639108655,
        "duration" : 29133
      }
    }, {
      "uid" : "36b1b888d8c75649",
      "status" : "broken",
      "statusDetails" : "TypeError: Object of type timedelta is not JSON serializable\n",
      "time" : {
        "start" : 1608639079397,
        "stop" : 1608639107540,
        "duration" : 28143
      }
    }, {
      "uid" : "4ee75a658d54b66d",
      "status" : "broken",
      "statusDetails" : "TypeError: Object of type timedelta is not JSON serializable\n",
      "time" : {
        "start" : 1608639079395,
        "stop" : 1608639109016,
        "duration" : 29621
      }
    }, {
      "uid" : "abc55c76806a5fc0",
      "status" : "broken",
      "statusDetails" : "TypeError: Object of type timedelta is not JSON serializable\n",
      "time" : {
        "start" : 1608639069649,
        "stop" : 1608639078016,
        "duration" : 8367
      }
    }, {
      "uid" : "7b14b8967c8605af",
      "status" : "broken",
      "statusDetails" : "TypeError: Object of type timedelta is not JSON serializable\n",
      "time" : {
        "start" : 1608639069649,
        "stop" : 1608639079336,
        "duration" : 9687
      }
    }, {
      "uid" : "80f91523ea4fef04",
      "status" : "failed",
      "statusDetails" : "AssertionError: FAILED SUB-STEP: And type \"random\" in email field\nSubstep info: Traceback (most recent call last):\n  File \"/Library/Frameworks/Python.framework/Versions/3.8/lib/python3.8/site-packages/behave/model.py\", line 1329, in run\n    match.run(runner.context)\n  File \"/Library/Frameworks/Python.framework/Versions/3.8/lib/python3.8/site-packages/behave/matchers.py\", line 98, in run\n    self.func(context, *args, **kwargs)\n  File \"features/steps/basic_steps.py\", line 24, in step_impl\n    context.current_page.type_in(field_name, text)\n  File \"/Users/kardash/Developer/fitness-automation/features/pages/base_page.py\", line 29, in type_in\n    element = self.get_clickable_element(element_name)\n  File \"/Users/kardash/Developer/fitness-automation/features/pages/base_page.py\", line 57, in get_clickable_element\n    return WebDriverWait(self.driver, timeout).until(\n  File \"/Library/Frameworks/Python.framework/Versions/3.8/lib/python3.8/site-packages/selenium/webdriver/support/wait.py\", line 80, in until\n    raise TimeoutException(message, screen, stacktrace)\nselenium.common.exceptions.TimeoutException: Message: Unable to locate element: email field\n\n\nTraceback (of failed substep):\n  File \"/Library/Frameworks/Python.framework/Versions/3.8/lib/python3.8/site-packages/behave/model.py\", line 1329, in run\n    match.run(runner.context)\n  File \"/Library/Frameworks/Python.framework/Versions/3.8/lib/python3.8/site-packages/behave/matchers.py\", line 98, in run\n    self.func(context, *args, **kwargs)\n  File \"features/steps/basic_steps.py\", line 24, in step_impl\n    context.current_page.type_in(field_name, text)\n  File \"/Users/kardash/Developer/fitness-automation/features/pages/base_page.py\", line 29, in type_in\n    element = self.get_clickable_element(element_name)\n  File \"/Users/kardash/Developer/fitness-automation/features/pages/base_page.py\", line 57, in get_clickable_element\n    return WebDriverWait(self.driver, timeout).until(\n  File \"/Library/Frameworks/Python.framework/Versions/3.8/lib/python3.8/site-packages/selenium/webdriver/support/wait.py\", line 80, in until\n    raise TimeoutException(message, screen, stacktrace)\n\n",
      "time" : {
        "start" : 1608639053514,
        "stop" : 1608639074162,
        "duration" : 20648
      }
    }, {
      "uid" : "c4fe407ab130943e",
      "status" : "broken",
      "statusDetails" : "TypeError: Object of type timedelta is not JSON serializable\n",
      "time" : {
        "start" : 1608639053472,
        "stop" : 1608639065807,
        "duration" : 12335
      }
    }, {
      "uid" : "aef0032b45bfd819",
      "status" : "broken",
      "statusDetails" : "TypeError: Object of type timedelta is not JSON serializable\n",
      "time" : {
        "start" : 1608639053465,
        "stop" : 1608639065952,
        "duration" : 12487
      }
    }, {
      "uid" : "2454c39cc11feece",
      "status" : "failed",
      "statusDetails" : "AssertionError: FAILED SUB-STEP: And type \"random\" in email field\nSubstep info: Traceback (most recent call last):\n  File \"/Library/Frameworks/Python.framework/Versions/3.8/lib/python3.8/site-packages/behave/model.py\", line 1329, in run\n    match.run(runner.context)\n  File \"/Library/Frameworks/Python.framework/Versions/3.8/lib/python3.8/site-packages/behave/matchers.py\", line 98, in run\n    self.func(context, *args, **kwargs)\n  File \"features/steps/basic_steps.py\", line 24, in step_impl\n    context.current_page.type_in(field_name, text)\n  File \"/Users/kardash/Developer/fitness-automation/features/pages/base_page.py\", line 29, in type_in\n    element = self.get_clickable_element(element_name)\n  File \"/Users/kardash/Developer/fitness-automation/features/pages/base_page.py\", line 57, in get_clickable_element\n    return WebDriverWait(self.driver, timeout).until(\n  File \"/Library/Frameworks/Python.framework/Versions/3.8/lib/python3.8/site-packages/selenium/webdriver/support/wait.py\", line 80, in until\n    raise TimeoutException(message, screen, stacktrace)\nselenium.common.exceptions.TimeoutException: Message: Unable to locate element: email field\n\n\nTraceback (of failed substep):\n  File \"/Library/Frameworks/Python.framework/Versions/3.8/lib/python3.8/site-packages/behave/model.py\", line 1329, in run\n    match.run(runner.context)\n  File \"/Library/Frameworks/Python.framework/Versions/3.8/lib/python3.8/site-packages/behave/matchers.py\", line 98, in run\n    self.func(context, *args, **kwargs)\n  File \"features/steps/basic_steps.py\", line 24, in step_impl\n    context.current_page.type_in(field_name, text)\n  File \"/Users/kardash/Developer/fitness-automation/features/pages/base_page.py\", line 29, in type_in\n    element = self.get_clickable_element(element_name)\n  File \"/Users/kardash/Developer/fitness-automation/features/pages/base_page.py\", line 57, in get_clickable_element\n    return WebDriverWait(self.driver, timeout).until(\n  File \"/Library/Frameworks/Python.framework/Versions/3.8/lib/python3.8/site-packages/selenium/webdriver/support/wait.py\", line 80, in until\n    raise TimeoutException(message, screen, stacktrace)\n\n",
      "time" : {
        "start" : 1608639053465,
        "stop" : 1608639074876,
        "duration" : 21411
      }
    }, {
      "uid" : "354b0bbe8907453d",
      "status" : "failed",
      "statusDetails" : "AssertionError: FAILED SUB-STEP: And type \"random\" in email field\nSubstep info: Traceback (most recent call last):\n  File \"/Library/Frameworks/Python.framework/Versions/3.8/lib/python3.8/site-packages/behave/model.py\", line 1329, in run\n    match.run(runner.context)\n  File \"/Library/Frameworks/Python.framework/Versions/3.8/lib/python3.8/site-packages/behave/matchers.py\", line 98, in run\n    self.func(context, *args, **kwargs)\n  File \"features/steps/basic_steps.py\", line 24, in step_impl\n    context.current_page.type_in(field_name, text)\n  File \"/Users/kardash/Developer/fitness-automation/features/pages/base_page.py\", line 29, in type_in\n    element = self.get_clickable_element(element_name)\n  File \"/Users/kardash/Developer/fitness-automation/features/pages/base_page.py\", line 57, in get_clickable_element\n    return WebDriverWait(self.driver, timeout).until(\n  File \"/Library/Frameworks/Python.framework/Versions/3.8/lib/python3.8/site-packages/selenium/webdriver/support/wait.py\", line 80, in until\n    raise TimeoutException(message, screen, stacktrace)\nselenium.common.exceptions.TimeoutException: Message: Unable to locate element: email field\n\n\nTraceback (of failed substep):\n  File \"/Library/Frameworks/Python.framework/Versions/3.8/lib/python3.8/site-packages/behave/model.py\", line 1329, in run\n    match.run(runner.context)\n  File \"/Library/Frameworks/Python.framework/Versions/3.8/lib/python3.8/site-packages/behave/matchers.py\", line 98, in run\n    self.func(context, *args, **kwargs)\n  File \"features/steps/basic_steps.py\", line 24, in step_impl\n    context.current_page.type_in(field_name, text)\n  File \"/Users/kardash/Developer/fitness-automation/features/pages/base_page.py\", line 29, in type_in\n    element = self.get_clickable_element(element_name)\n  File \"/Users/kardash/Developer/fitness-automation/features/pages/base_page.py\", line 57, in get_clickable_element\n    return WebDriverWait(self.driver, timeout).until(\n  File \"/Library/Frameworks/Python.framework/Versions/3.8/lib/python3.8/site-packages/selenium/webdriver/support/wait.py\", line 80, in until\n    raise TimeoutException(message, screen, stacktrace)\n\n",
      "time" : {
        "start" : 1608639053465,
        "stop" : 1608639074084,
        "duration" : 20619
      }
    }, {
      "uid" : "487bd6a123cb886d",
      "status" : "broken",
      "statusDetails" : "TypeError: Object of type timedelta is not JSON serializable\n",
      "time" : {
        "start" : 1608638886242,
        "stop" : 1608638922287,
        "duration" : 36045
      }
    }, {
      "uid" : "6f7d42191949bd0e",
      "status" : "passed",
      "time" : {
        "start" : 1608637325160,
        "stop" : 1608637344808,
        "duration" : 19648
      }
    }, {
      "uid" : "1be988f99de72aa8",
      "status" : "passed",
      "time" : {
        "start" : 1608637286598,
        "stop" : 1608637322424,
        "duration" : 35826
      }
    }, {
      "uid" : "65c8ac1d6e37ef7f",
      "status" : "passed",
      "time" : {
        "start" : 1608637263723,
        "stop" : 1608637283388,
        "duration" : 19665
      }
    }, {
      "uid" : "284112f205b92c51",
      "status" : "passed",
      "time" : {
        "start" : 1608637230429,
        "stop" : 1608637260970,
        "duration" : 30541
      }
    }, {
      "uid" : "ae5b20939db26f42",
      "status" : "passed",
      "time" : {
        "start" : 1608637205597,
        "stop" : 1608637227450,
        "duration" : 21853
      }
    }, {
      "uid" : "118c6d4c25906805",
      "status" : "passed",
      "time" : {
        "start" : 1608637165588,
        "stop" : 1608637202253,
        "duration" : 36665
      }
    }, {
      "uid" : "c31d5ff6a2bf82d6",
      "status" : "passed",
      "time" : {
        "start" : 1608637141148,
        "stop" : 1608637160507,
        "duration" : 19359
      }
    }, {
      "uid" : "2a6343293c83ae2d",
      "status" : "passed",
      "time" : {
        "start" : 1608637102837,
        "stop" : 1608637138199,
        "duration" : 35362
      }
    }, {
      "uid" : "fd82feca1b91312e",
      "status" : "passed",
      "time" : {
        "start" : 1608637074719,
        "stop" : 1608637099370,
        "duration" : 24651
      }
    }, {
      "uid" : "e71652cfc59b100b",
      "status" : "passed",
      "time" : {
        "start" : 1608637043151,
        "stop" : 1608637071846,
        "duration" : 28695
      }
    }, {
      "uid" : "2a59801e2ad5c06f",
      "status" : "passed",
      "time" : {
        "start" : 1608637020040,
        "stop" : 1608637040193,
        "duration" : 20153
      }
    }, {
      "uid" : "9f65cf5c8135f9bf",
      "status" : "passed",
      "time" : {
        "start" : 1608636997192,
        "stop" : 1608637017190,
        "duration" : 19998
      }
    }, {
      "uid" : "84c8ccbeb0c12e5e",
      "status" : "passed",
      "time" : {
        "start" : 1608636973885,
        "stop" : 1608636994005,
        "duration" : 20120
      }
    }, {
      "uid" : "3acfa70ad137f847",
      "status" : "passed",
      "time" : {
        "start" : 1608636950726,
        "stop" : 1608636970294,
        "duration" : 19568
      }
    }, {
      "uid" : "52032f4a5181e4b0",
      "status" : "passed",
      "time" : {
        "start" : 1608636926725,
        "stop" : 1608636947825,
        "duration" : 21100
      }
    }, {
      "uid" : "c3558d9958da4f71",
      "status" : "passed",
      "time" : {
        "start" : 1608636899176,
        "stop" : 1608636923699,
        "duration" : 24523
      }
    }, {
      "uid" : "5422435ab654b978",
      "status" : "passed",
      "time" : {
        "start" : 1608636875202,
        "stop" : 1608636896490,
        "duration" : 21288
      }
    }, {
      "uid" : "572853ab5f5578cb",
      "status" : "passed",
      "time" : {
        "start" : 1608636851521,
        "stop" : 1608636871337,
        "duration" : 19816
      }
    }, {
      "uid" : "fcd5db55f08f75f7",
      "status" : "passed",
      "time" : {
        "start" : 1608636828592,
        "stop" : 1608636848418,
        "duration" : 19826
      }
    }, {
      "uid" : "c929c4e8c8f87b41",
      "status" : "passed",
      "time" : {
        "start" : 1608636798106,
        "stop" : 1608636818667,
        "duration" : 20561
      }
    }, {
      "uid" : "d02a666f85ec39a7",
      "status" : "passed",
      "time" : {
        "start" : 1608636770970,
        "stop" : 1608636795012,
        "duration" : 24042
      }
    }, {
      "uid" : "502d1389b8ce1894",
      "status" : "passed",
      "time" : {
        "start" : 1608636749136,
        "stop" : 1608636768126,
        "duration" : 18990
      }
    }, {
      "uid" : "fd9a84fb00a24f9b",
      "status" : "passed",
      "time" : {
        "start" : 1608636725366,
        "stop" : 1608636746277,
        "duration" : 20911
      }
    }, {
      "uid" : "4ac61a9369cec12e",
      "status" : "passed",
      "time" : {
        "start" : 1608636702669,
        "stop" : 1608636722607,
        "duration" : 19938
      }
    }, {
      "uid" : "5fa4481ed7f718ab",
      "status" : "passed",
      "time" : {
        "start" : 1608636677861,
        "stop" : 1608636699862,
        "duration" : 22001
      }
    }, {
      "uid" : "90fcd738da6b0b29",
      "status" : "passed",
      "time" : {
        "start" : 1608636655792,
        "stop" : 1608636674608,
        "duration" : 18816
      }
    }, {
      "uid" : "3f7c52149d6e11d",
      "status" : "passed",
      "time" : {
        "start" : 1608636633245,
        "stop" : 1608636652548,
        "duration" : 19303
      }
    }, {
      "uid" : "fd045fe41bbd85bb",
      "status" : "passed",
      "time" : {
        "start" : 1608636612151,
        "stop" : 1608636630298,
        "duration" : 18147
      }
    }, {
      "uid" : "7999089eac009e68",
      "status" : "passed",
      "time" : {
        "start" : 1608636585667,
        "stop" : 1608636608738,
        "duration" : 23071
      }
    }, {
      "uid" : "759469ec84c5b437",
      "status" : "passed",
      "time" : {
        "start" : 1608636560640,
        "stop" : 1608636582056,
        "duration" : 21416
      }
    }, {
      "uid" : "a89cdf956766d37a",
      "status" : "passed",
      "time" : {
        "start" : 1608636537844,
        "stop" : 1608636557526,
        "duration" : 19682
      }
    }, {
      "uid" : "469fea1ea0527030",
      "status" : "passed",
      "time" : {
        "start" : 1608636391681,
        "stop" : 1608636411606,
        "duration" : 19925
      }
    }, {
      "uid" : "aba530f955aa62a0",
      "status" : "passed",
      "time" : {
        "start" : 1608636370642,
        "stop" : 1608636388485,
        "duration" : 17843
      }
    }, {
      "uid" : "703fdb26f9fea1b0",
      "status" : "passed",
      "time" : {
        "start" : 1608636349082,
        "stop" : 1608636367511,
        "duration" : 18429
      }
    }, {
      "uid" : "7afe363b2f0e4ce0",
      "status" : "passed",
      "time" : {
        "start" : 1608636317942,
        "stop" : 1608636343726,
        "duration" : 25784
      }
    }, {
      "uid" : "a4338a156a0a7ebb",
      "status" : "broken",
      "statusDetails" : "selenium.common.exceptions.TimeoutException: Message: Unable to locate element: \"cancel button\"\n\n",
      "time" : {
        "start" : 1608636246374,
        "stop" : 1608636313593,
        "duration" : 67219
      }
    }, {
      "uid" : "8fcede8fe0229ff3",
      "status" : "passed",
      "time" : {
        "start" : 1608636222047,
        "stop" : 1608636243123,
        "duration" : 21076
      }
    }, {
      "uid" : "256f0fcf0b7ee459",
      "status" : "passed",
      "time" : {
        "start" : 1608636197770,
        "stop" : 1608636218392,
        "duration" : 20622
      }
    }, {
      "uid" : "f493ba7bc82a6af7",
      "status" : "passed",
      "time" : {
        "start" : 1608636173568,
        "stop" : 1608636194341,
        "duration" : 20773
      }
    }, {
      "uid" : "11fd56e22e71c2f3",
      "status" : "passed",
      "time" : {
        "start" : 1608636151204,
        "stop" : 1608636170483,
        "duration" : 19279
      }
    }, {
      "uid" : "20bab8e0a84bfc5",
      "status" : "passed",
      "time" : {
        "start" : 1608636129437,
        "stop" : 1608636148148,
        "duration" : 18711
      }
    }, {
      "uid" : "c93bf38577126346",
      "status" : "passed",
      "time" : {
        "start" : 1608636105687,
        "stop" : 1608636126271,
        "duration" : 20584
      }
    }, {
      "uid" : "e3910a8e38b81b48",
      "status" : "passed",
      "time" : {
        "start" : 1608636079872,
        "stop" : 1608636102024,
        "duration" : 22152
      }
    }, {
      "uid" : "d0ac2e7f17128b7a",
      "status" : "passed",
      "time" : {
        "start" : 1608636052065,
        "stop" : 1608636076572,
        "duration" : 24507
      }
    }, {
      "uid" : "b569d64ae7bdffdb",
      "status" : "passed",
      "time" : {
        "start" : 1608636030516,
        "stop" : 1608636048804,
        "duration" : 18288
      }
    }, {
      "uid" : "4104ee0ee08eff81",
      "status" : "passed",
      "time" : {
        "start" : 1608636009216,
        "stop" : 1608636027123,
        "duration" : 17907
      }
    }, {
      "uid" : "8be46945c0f52f32",
      "status" : "passed",
      "time" : {
        "start" : 1608635986664,
        "stop" : 1608636005957,
        "duration" : 19293
      }
    }, {
      "uid" : "48e71feb49a94256",
      "status" : "passed",
      "time" : {
        "start" : 1608635965839,
        "stop" : 1608635983145,
        "duration" : 17306
      }
    }, {
      "uid" : "df0b6b4e9fa7735b",
      "status" : "passed",
      "time" : {
        "start" : 1608635940327,
        "stop" : 1608635962324,
        "duration" : 21997
      }
    }, {
      "uid" : "32129d0a5c2e9585",
      "status" : "passed",
      "time" : {
        "start" : 1608635916236,
        "stop" : 1608635937187,
        "duration" : 20951
      }
    }, {
      "uid" : "966754fe79041031",
      "status" : "passed",
      "time" : {
        "start" : 1608635896064,
        "stop" : 1608635912907,
        "duration" : 16843
      }
    }, {
      "uid" : "82c9c2c48a5edf1d",
      "status" : "passed",
      "time" : {
        "start" : 1608635875663,
        "stop" : 1608635892787,
        "duration" : 17124
      }
    }, {
      "uid" : "fec33ecbb26c8d9f",
      "status" : "passed",
      "time" : {
        "start" : 1608635845190,
        "stop" : 1608635872178,
        "duration" : 26988
      }
    }, {
      "uid" : "fec70a377a48cf90",
      "status" : "failed",
      "statusDetails" : "AssertionError: FAILED SUB-STEP: And click on email field\nSubstep info: Traceback (most recent call last):\n  File \"/Library/Frameworks/Python.framework/Versions/3.8/lib/python3.8/site-packages/behave/model.py\", line 1329, in run\n    match.run(runner.context)\n  File \"/Library/Frameworks/Python.framework/Versions/3.8/lib/python3.8/site-packages/behave/matchers.py\", line 98, in run\n    self.func(context, *args, **kwargs)\n  File \"features/steps/basic_steps.py\", line 17, in step_impl\n    context.current_page.click_on(element_name)\n  File \"/Users/kardash/Developer/fitness-automation/features/pages/base_page.py\", line 22, in click_on\n    element = self.get_clickable_element(element_name)\n  File \"/Users/kardash/Developer/fitness-automation/features/pages/base_page.py\", line 57, in get_clickable_element\n    return WebDriverWait(self.driver, timeout).until(\n  File \"/Library/Frameworks/Python.framework/Versions/3.8/lib/python3.8/site-packages/selenium/webdriver/support/wait.py\", line 80, in until\n    raise TimeoutException(message, screen, stacktrace)\nselenium.common.exceptions.TimeoutException: Message: Unable to locate element: email field\n\n\nTraceback (of failed substep):\n  File \"/Library/Frameworks/Python.framework/Versions/3.8/lib/python3.8/site-packages/behave/model.py\", line 1329, in run\n    match.run(runner.context)\n  File \"/Library/Frameworks/Python.framework/Versions/3.8/lib/python3.8/site-packages/behave/matchers.py\", line 98, in run\n    self.func(context, *args, **kwargs)\n  File \"features/steps/basic_steps.py\", line 17, in step_impl\n    context.current_page.click_on(element_name)\n  File \"/Users/kardash/Developer/fitness-automation/features/pages/base_page.py\", line 22, in click_on\n    element = self.get_clickable_element(element_name)\n  File \"/Users/kardash/Developer/fitness-automation/features/pages/base_page.py\", line 57, in get_clickable_element\n    return WebDriverWait(self.driver, timeout).until(\n  File \"/Library/Frameworks/Python.framework/Versions/3.8/lib/python3.8/site-packages/selenium/webdriver/support/wait.py\", line 80, in until\n    raise TimeoutException(message, screen, stacktrace)\n\n",
      "time" : {
        "start" : 1608635825532,
        "stop" : 1608635841822,
        "duration" : 16290
      }
    }, {
      "uid" : "af73608c9f31c86",
      "status" : "failed",
      "statusDetails" : "AssertionError: FAILED SUB-STEP: And click on email field\nSubstep info: Traceback (most recent call last):\n  File \"/Library/Frameworks/Python.framework/Versions/3.8/lib/python3.8/site-packages/behave/model.py\", line 1329, in run\n    match.run(runner.context)\n  File \"/Library/Frameworks/Python.framework/Versions/3.8/lib/python3.8/site-packages/behave/matchers.py\", line 98, in run\n    self.func(context, *args, **kwargs)\n  File \"features/steps/basic_steps.py\", line 17, in step_impl\n    context.current_page.click_on(element_name)\n  File \"/Users/kardash/Developer/fitness-automation/features/pages/base_page.py\", line 22, in click_on\n    element = self.get_clickable_element(element_name)\n  File \"/Users/kardash/Developer/fitness-automation/features/pages/base_page.py\", line 57, in get_clickable_element\n    return WebDriverWait(self.driver, timeout).until(\n  File \"/Library/Frameworks/Python.framework/Versions/3.8/lib/python3.8/site-packages/selenium/webdriver/support/wait.py\", line 80, in until\n    raise TimeoutException(message, screen, stacktrace)\nselenium.common.exceptions.TimeoutException: Message: Unable to locate element: email field\n\n\nTraceback (of failed substep):\n  File \"/Library/Frameworks/Python.framework/Versions/3.8/lib/python3.8/site-packages/behave/model.py\", line 1329, in run\n    match.run(runner.context)\n  File \"/Library/Frameworks/Python.framework/Versions/3.8/lib/python3.8/site-packages/behave/matchers.py\", line 98, in run\n    self.func(context, *args, **kwargs)\n  File \"features/steps/basic_steps.py\", line 17, in step_impl\n    context.current_page.click_on(element_name)\n  File \"/Users/kardash/Developer/fitness-automation/features/pages/base_page.py\", line 22, in click_on\n    element = self.get_clickable_element(element_name)\n  File \"/Users/kardash/Developer/fitness-automation/features/pages/base_page.py\", line 57, in get_clickable_element\n    return WebDriverWait(self.driver, timeout).until(\n  File \"/Library/Frameworks/Python.framework/Versions/3.8/lib/python3.8/site-packages/selenium/webdriver/support/wait.py\", line 80, in until\n    raise TimeoutException(message, screen, stacktrace)\n\n",
      "time" : {
        "start" : 1608635805586,
        "stop" : 1608635821858,
        "duration" : 16272
      }
    }, {
      "uid" : "b1f833d654fc20ad",
      "status" : "broken",
      "statusDetails" : "selenium.common.exceptions.TimeoutException: Message: Unable to locate element: \"cancel button\"\n\n",
      "time" : {
        "start" : 1608635736132,
        "stop" : 1608635802420,
        "duration" : 66288
      }
    }, {
      "uid" : "dcdb5dafdf888653",
      "status" : "failed",
      "statusDetails" : "AssertionError: FAILED SUB-STEP: And click on email field\nSubstep info: Traceback (most recent call last):\n  File \"/Library/Frameworks/Python.framework/Versions/3.8/lib/python3.8/site-packages/behave/model.py\", line 1329, in run\n    match.run(runner.context)\n  File \"/Library/Frameworks/Python.framework/Versions/3.8/lib/python3.8/site-packages/behave/matchers.py\", line 98, in run\n    self.func(context, *args, **kwargs)\n  File \"features/steps/basic_steps.py\", line 17, in step_impl\n    context.current_page.click_on(element_name)\n  File \"/Users/kardash/Developer/fitness-automation/features/pages/base_page.py\", line 22, in click_on\n    element = self.get_clickable_element(element_name)\n  File \"/Users/kardash/Developer/fitness-automation/features/pages/base_page.py\", line 57, in get_clickable_element\n    return WebDriverWait(self.driver, timeout).until(\n  File \"/Library/Frameworks/Python.framework/Versions/3.8/lib/python3.8/site-packages/selenium/webdriver/support/wait.py\", line 80, in until\n    raise TimeoutException(message, screen, stacktrace)\nselenium.common.exceptions.TimeoutException: Message: Unable to locate element: email field\n\n\nTraceback (of failed substep):\n  File \"/Library/Frameworks/Python.framework/Versions/3.8/lib/python3.8/site-packages/behave/model.py\", line 1329, in run\n    match.run(runner.context)\n  File \"/Library/Frameworks/Python.framework/Versions/3.8/lib/python3.8/site-packages/behave/matchers.py\", line 98, in run\n    self.func(context, *args, **kwargs)\n  File \"features/steps/basic_steps.py\", line 17, in step_impl\n    context.current_page.click_on(element_name)\n  File \"/Users/kardash/Developer/fitness-automation/features/pages/base_page.py\", line 22, in click_on\n    element = self.get_clickable_element(element_name)\n  File \"/Users/kardash/Developer/fitness-automation/features/pages/base_page.py\", line 57, in get_clickable_element\n    return WebDriverWait(self.driver, timeout).until(\n  File \"/Library/Frameworks/Python.framework/Versions/3.8/lib/python3.8/site-packages/selenium/webdriver/support/wait.py\", line 80, in until\n    raise TimeoutException(message, screen, stacktrace)\n\n",
      "time" : {
        "start" : 1608635716906,
        "stop" : 1608635732847,
        "duration" : 15941
      }
    }, {
      "uid" : "e89afde320412884",
      "status" : "passed",
      "time" : {
        "start" : 1608635665390,
        "stop" : 1608635713685,
        "duration" : 48295
      }
    }, {
      "uid" : "5a6dd4c79f1a5157",
      "status" : "passed",
      "time" : {
        "start" : 1608635644078,
        "stop" : 1608635661824,
        "duration" : 17746
      }
    }, {
      "uid" : "8ffb118fd576d352",
      "status" : "passed",
      "time" : {
        "start" : 1608635623356,
        "stop" : 1608635640949,
        "duration" : 17593
      }
    }, {
      "uid" : "e6520c7f941dae7b",
      "status" : "passed",
      "time" : {
        "start" : 1608635592941,
        "stop" : 1608635619702,
        "duration" : 26761
      }
    }, {
      "uid" : "f944bcec2cfe9942",
      "status" : "passed",
      "time" : {
        "start" : 1608635568907,
        "stop" : 1608635589584,
        "duration" : 20677
      }
    }, {
      "uid" : "b4ada6ebafa30a9",
      "status" : "broken",
      "statusDetails" : "selenium.common.exceptions.NoSuchWindowException: Message: no such window: window was already closed\n  (Session info: chrome=87.0.4280.88)\n\n",
      "time" : {
        "start" : 1608635538534,
        "stop" : 1608635538549,
        "duration" : 15
      }
    }, {
      "uid" : "f4aa571f9404cf2b",
      "status" : "broken",
      "statusDetails" : "selenium.common.exceptions.NoSuchWindowException: Message: no such window: window was already closed\n  (Session info: chrome=87.0.4280.88)\n\n",
      "time" : {
        "start" : 1608635532708,
        "stop" : 1608635532727,
        "duration" : 19
      }
    }, {
      "uid" : "b109cc559dffb1ae",
      "status" : "passed",
      "time" : {
        "start" : 1608635529725,
        "stop" : 1608635547436,
        "duration" : 17711
      }
    }, {
      "uid" : "68710efbf55c28f3",
      "status" : "broken",
      "statusDetails" : "selenium.common.exceptions.NoSuchWindowException: Message: no such window: target window already closed\nfrom unknown error: web view not found\n  (Session info: chrome=87.0.4280.88)\n\n",
      "time" : {
        "start" : 1608635527638,
        "stop" : 1608635533575,
        "duration" : 5937
      }
    }, {
      "uid" : "2e106c49ec038a93",
      "status" : "broken",
      "statusDetails" : "selenium.common.exceptions.NoSuchWindowException: Message: no such window: window was already closed\n  (Session info: chrome=87.0.4280.88)\n\n",
      "time" : {
        "start" : 1608635525425,
        "stop" : 1608635525453,
        "duration" : 28
      }
    }, {
      "uid" : "80b0c319d960a023",
      "status" : "broken",
      "statusDetails" : "selenium.common.exceptions.NoSuchWindowException: Message: no such window: target window already closed\nfrom unknown error: web view not found\n  (Session info: chrome=87.0.4280.88)\n\n",
      "time" : {
        "start" : 1608635525102,
        "stop" : 1608635527390,
        "duration" : 2288
      }
    }, {
      "uid" : "2503b6c07a89d003",
      "status" : "broken",
      "statusDetails" : "selenium.common.exceptions.NoSuchWindowException: Message: no such window: target window already closed\nfrom unknown error: web view not found\n  (Session info: chrome=87.0.4280.88)\n\n",
      "time" : {
        "start" : 1608635525050,
        "stop" : 1608635526519,
        "duration" : 1469
      }
    }, {
      "uid" : "f821ed6f742b792d",
      "status" : "broken",
      "statusDetails" : "selenium.common.exceptions.NoSuchWindowException: Message: no such window: target window already closed\nfrom unknown error: web view not found\n  (Session info: chrome=87.0.4280.88)\n\n",
      "time" : {
        "start" : 1608635524761,
        "stop" : 1608635535016,
        "duration" : 10255
      }
    }, {
      "uid" : "7de01c5784005683",
      "status" : "broken",
      "statusDetails" : "selenium.common.exceptions.NoSuchWindowException: Message: no such window: target window already closed\nfrom unknown error: web view not found\n  (Session info: chrome=87.0.4280.88)\n\n",
      "time" : {
        "start" : 1608635524300,
        "stop" : 1608635531370,
        "duration" : 7070
      }
    }, {
      "uid" : "b9e816ee2edcd136",
      "status" : "broken",
      "statusDetails" : "selenium.common.exceptions.NoSuchWindowException: Message: no such window: window was already closed\n  (Session info: chrome=87.0.4280.88)\n\n",
      "time" : {
        "start" : 1608635519295,
        "stop" : 1608635529054,
        "duration" : 9759
      }
    }, {
      "uid" : "ea55fe67feb8c251",
      "status" : "broken",
      "statusDetails" : "selenium.common.exceptions.NoSuchWindowException: Message: no such window: window was already closed\n  (Session info: chrome=87.0.4280.88)\n\n",
      "time" : {
        "start" : 1608635517977,
        "stop" : 1608635518001,
        "duration" : 24
      }
    }, {
      "uid" : "bbd2c2b83ea837c3",
      "status" : "broken",
      "statusDetails" : "selenium.common.exceptions.NoSuchWindowException: Message: no such window: window was already closed\n  (Session info: chrome=87.0.4280.88)\n\n",
      "time" : {
        "start" : 1608635502782,
        "stop" : 1608635521143,
        "duration" : 18361
      }
    }, {
      "uid" : "c78c9cadedfc59e9",
      "status" : "broken",
      "statusDetails" : "selenium.common.exceptions.NoSuchWindowException: Message: no such window: window was already closed\n  (Session info: chrome=87.0.4280.88)\n\n",
      "time" : {
        "start" : 1608635497796,
        "stop" : 1608635530122,
        "duration" : 32326
      }
    }, {
      "uid" : "7dac5e12d281c3c5",
      "status" : "broken",
      "statusDetails" : "selenium.common.exceptions.NoSuchWindowException: Message: no such window: target window already closed\nfrom unknown error: web view not found\n  (Session info: chrome=87.0.4280.88)\n\n",
      "time" : {
        "start" : 1608635460595,
        "stop" : 1608635519923,
        "duration" : 59328
      }
    }, {
      "uid" : "86d1d7959b958ecb",
      "status" : "failed",
      "statusDetails" : "AssertionError: FAILED SUB-STEP: And click on email field\nSubstep info: Traceback (most recent call last):\n  File \"/Library/Frameworks/Python.framework/Versions/3.8/lib/python3.8/site-packages/behave/model.py\", line 1329, in run\n    match.run(runner.context)\n  File \"/Library/Frameworks/Python.framework/Versions/3.8/lib/python3.8/site-packages/behave/matchers.py\", line 98, in run\n    self.func(context, *args, **kwargs)\n  File \"features/steps/basic_steps.py\", line 17, in step_impl\n    context.current_page.click_on(element_name)\n  File \"/Users/kardash/Developer/fitness-automation/features/pages/base_page.py\", line 22, in click_on\n    element = self.get_clickable_element(element_name)\n  File \"/Users/kardash/Developer/fitness-automation/features/pages/base_page.py\", line 57, in get_clickable_element\n    return WebDriverWait(self.driver, timeout).until(\n  File \"/Library/Frameworks/Python.framework/Versions/3.8/lib/python3.8/site-packages/selenium/webdriver/support/wait.py\", line 80, in until\n    raise TimeoutException(message, screen, stacktrace)\nselenium.common.exceptions.TimeoutException: Message: Unable to locate element: email field\n\n\nTraceback (of failed substep):\n  File \"/Library/Frameworks/Python.framework/Versions/3.8/lib/python3.8/site-packages/behave/model.py\", line 1329, in run\n    match.run(runner.context)\n  File \"/Library/Frameworks/Python.framework/Versions/3.8/lib/python3.8/site-packages/behave/matchers.py\", line 98, in run\n    self.func(context, *args, **kwargs)\n  File \"features/steps/basic_steps.py\", line 17, in step_impl\n    context.current_page.click_on(element_name)\n  File \"/Users/kardash/Developer/fitness-automation/features/pages/base_page.py\", line 22, in click_on\n    element = self.get_clickable_element(element_name)\n  File \"/Users/kardash/Developer/fitness-automation/features/pages/base_page.py\", line 57, in get_clickable_element\n    return WebDriverWait(self.driver, timeout).until(\n  File \"/Library/Frameworks/Python.framework/Versions/3.8/lib/python3.8/site-packages/selenium/webdriver/support/wait.py\", line 80, in until\n    raise TimeoutException(message, screen, stacktrace)\n\n",
      "time" : {
        "start" : 1608635459900,
        "stop" : 1608635518140,
        "duration" : 58240
      }
    }, {
      "uid" : "746aa15e1898a0eb",
      "status" : "broken",
      "statusDetails" : "selenium.common.exceptions.NoSuchWindowException: Message: no such window: target window already closed\nfrom unknown error: web view not found\n  (Session info: chrome=87.0.4280.88)\n\n",
      "time" : {
        "start" : 1608635459838,
        "stop" : 1608635518340,
        "duration" : 58502
      }
    }, {
      "uid" : "e41dc5ad7aa309fc",
      "status" : "broken",
      "statusDetails" : "AttributeError: 'NoneType' object has no attribute 'encode'\n",
      "time" : {
        "start" : 1608635458996,
        "stop" : 1608635515916,
        "duration" : 56920
      }
    }, {
      "uid" : "b8665c908ccc6e13",
      "status" : "failed",
      "statusDetails" : "AssertionError: FAILED SUB-STEP: And click on email field\nSubstep info: Traceback (most recent call last):\n  File \"/Library/Frameworks/Python.framework/Versions/3.8/lib/python3.8/site-packages/behave/model.py\", line 1329, in run\n    match.run(runner.context)\n  File \"/Library/Frameworks/Python.framework/Versions/3.8/lib/python3.8/site-packages/behave/matchers.py\", line 98, in run\n    self.func(context, *args, **kwargs)\n  File \"features/steps/basic_steps.py\", line 17, in step_impl\n    context.current_page.click_on(element_name)\n  File \"/Users/kardash/Developer/fitness-automation/features/pages/base_page.py\", line 22, in click_on\n    element = self.get_clickable_element(element_name)\n  File \"/Users/kardash/Developer/fitness-automation/features/pages/base_page.py\", line 57, in get_clickable_element\n    return WebDriverWait(self.driver, timeout).until(\n  File \"/Library/Frameworks/Python.framework/Versions/3.8/lib/python3.8/site-packages/selenium/webdriver/support/wait.py\", line 80, in until\n    raise TimeoutException(message, screen, stacktrace)\nselenium.common.exceptions.TimeoutException: Message: Unable to locate element: email field\n\n\nTraceback (of failed substep):\n  File \"/Library/Frameworks/Python.framework/Versions/3.8/lib/python3.8/site-packages/behave/model.py\", line 1329, in run\n    match.run(runner.context)\n  File \"/Library/Frameworks/Python.framework/Versions/3.8/lib/python3.8/site-packages/behave/matchers.py\", line 98, in run\n    self.func(context, *args, **kwargs)\n  File \"features/steps/basic_steps.py\", line 17, in step_impl\n    context.current_page.click_on(element_name)\n  File \"/Users/kardash/Developer/fitness-automation/features/pages/base_page.py\", line 22, in click_on\n    element = self.get_clickable_element(element_name)\n  File \"/Users/kardash/Developer/fitness-automation/features/pages/base_page.py\", line 57, in get_clickable_element\n    return WebDriverWait(self.driver, timeout).until(\n  File \"/Library/Frameworks/Python.framework/Versions/3.8/lib/python3.8/site-packages/selenium/webdriver/support/wait.py\", line 80, in until\n    raise TimeoutException(message, screen, stacktrace)\n\n",
      "time" : {
        "start" : 1608635458387,
        "stop" : 1608635493513,
        "duration" : 35126
      }
    }, {
      "uid" : "a1ac47a61b2389e1",
      "status" : "broken",
      "statusDetails" : "selenium.common.exceptions.NoSuchWindowException: Message: no such window: target window already closed\nfrom unknown error: web view not found\n  (Session info: chrome=87.0.4280.88)\n\n",
      "time" : {
        "start" : 1608635399467,
        "stop" : 1608635517513,
        "duration" : 118046
      }
    }, {
      "uid" : "a9356dbccf3e1874",
      "status" : "broken",
      "statusDetails" : "selenium.common.exceptions.NoSuchWindowException: Message: no such window: target window already closed\nfrom unknown error: web view not found\n  (Session info: chrome=87.0.4280.88)\n\n",
      "time" : {
        "start" : 1608635399440,
        "stop" : 1608635514751,
        "duration" : 115311
      }
    }, {
      "uid" : "82135e376faaf19",
      "status" : "broken",
      "statusDetails" : "selenium.common.exceptions.NoSuchWindowException: Message: no such window: window was already closed\n  (Session info: chrome=87.0.4280.88)\n\n",
      "time" : {
        "start" : 1608635394592,
        "stop" : 1608635508476,
        "duration" : 113884
      }
    }, {
      "uid" : "49e8b9571537aa16",
      "status" : "passed",
      "time" : {
        "start" : 1608635291609,
        "stop" : 1608635448014,
        "duration" : 156405
      }
    }, {
      "uid" : "7b3e454463c65dde",
      "status" : "broken",
      "statusDetails" : "selenium.common.exceptions.NoSuchWindowException: Message: no such window: window was already closed\n  (Session info: chrome=87.0.4280.88)\n\n",
      "time" : {
        "start" : 1608635291607,
        "stop" : 1608635435842,
        "duration" : 144235
      }
    }, {
      "uid" : "917edcccae71e123",
      "status" : "failed",
      "statusDetails" : "AssertionError: FAILED SUB-STEP: And type \"random\" in email field\nSubstep info: Traceback (most recent call last):\n  File \"/Library/Frameworks/Python.framework/Versions/3.8/lib/python3.8/site-packages/behave/model.py\", line 1329, in run\n    match.run(runner.context)\n  File \"/Library/Frameworks/Python.framework/Versions/3.8/lib/python3.8/site-packages/behave/matchers.py\", line 98, in run\n    self.func(context, *args, **kwargs)\n  File \"features/steps/basic_steps.py\", line 24, in step_impl\n    context.current_page.type_in(field_name, text)\n  File \"/Users/kardash/Developer/fitness-automation/features/pages/base_page.py\", line 29, in type_in\n    element = self.get_clickable_element(element_name)\n  File \"/Users/kardash/Developer/fitness-automation/features/pages/base_page.py\", line 57, in get_clickable_element\n    return WebDriverWait(self.driver, timeout).until(\n  File \"/Library/Frameworks/Python.framework/Versions/3.8/lib/python3.8/site-packages/selenium/webdriver/support/wait.py\", line 80, in until\n    raise TimeoutException(message, screen, stacktrace)\nselenium.common.exceptions.TimeoutException: Message: Unable to locate element: email field\n\n\nTraceback (of failed substep):\n  File \"/Library/Frameworks/Python.framework/Versions/3.8/lib/python3.8/site-packages/behave/model.py\", line 1329, in run\n    match.run(runner.context)\n  File \"/Library/Frameworks/Python.framework/Versions/3.8/lib/python3.8/site-packages/behave/matchers.py\", line 98, in run\n    self.func(context, *args, **kwargs)\n  File \"features/steps/basic_steps.py\", line 24, in step_impl\n    context.current_page.type_in(field_name, text)\n  File \"/Users/kardash/Developer/fitness-automation/features/pages/base_page.py\", line 29, in type_in\n    element = self.get_clickable_element(element_name)\n  File \"/Users/kardash/Developer/fitness-automation/features/pages/base_page.py\", line 57, in get_clickable_element\n    return WebDriverWait(self.driver, timeout).until(\n  File \"/Library/Frameworks/Python.framework/Versions/3.8/lib/python3.8/site-packages/selenium/webdriver/support/wait.py\", line 80, in until\n    raise TimeoutException(message, screen, stacktrace)\n\n",
      "time" : {
        "start" : 1608635291546,
        "stop" : 1608635387918,
        "duration" : 96372
      }
    }, {
      "uid" : "538899e21335a29c",
      "status" : "failed",
      "statusDetails" : "AssertionError: FAILED SUB-STEP: Then I am on cloudpayments page\nSubstep info: Traceback (most recent call last):\n  File \"/Library/Frameworks/Python.framework/Versions/3.8/lib/python3.8/site-packages/behave/model.py\", line 1329, in run\n    match.run(runner.context)\n  File \"/Library/Frameworks/Python.framework/Versions/3.8/lib/python3.8/site-packages/behave/matchers.py\", line 98, in run\n    self.func(context, *args, **kwargs)\n  File \"features/steps/basic_steps.py\", line 49, in init_screen\n    context.current_page = page_class(context.driver)\n  File \"/Users/kardash/Developer/fitness-automation/features/pages/base_page.py\", line 12, in __init__\n    self._verify_page()\n  File \"/Users/kardash/Developer/fitness-automation/features/pages/cloudpaymetns_page.py\", line 26, in _verify_page\n    self.on_this_page('iframe')\n  File \"/Users/kardash/Developer/fitness-automation/features/pages/base_page.py\", line 19, in on_this_page\n    self.get_element(element_name)\n  File \"/Users/kardash/Developer/fitness-automation/features/pages/base_page.py\", line 49, in get_element\n    return WebDriverWait(self.driver, timeout).until(\n  File \"/Library/Frameworks/Python.framework/Versions/3.8/lib/python3.8/site-packages/selenium/webdriver/support/wait.py\", line 80, in until\n    raise TimeoutException(message, screen, stacktrace)\nselenium.common.exceptions.TimeoutException: Message: Unable to locate element: \"iframe\"\n\n\nTraceback (of failed substep):\n  File \"/Library/Frameworks/Python.framework/Versions/3.8/lib/python3.8/site-packages/behave/model.py\", line 1329, in run\n    match.run(runner.context)\n  File \"/Library/Frameworks/Python.framework/Versions/3.8/lib/python3.8/site-packages/behave/matchers.py\", line 98, in run\n    self.func(context, *args, **kwargs)\n  File \"features/steps/basic_steps.py\", line 49, in init_screen\n    context.current_page = page_class(context.driver)\n  File \"/Users/kardash/Developer/fitness-automation/features/pages/base_page.py\", line 12, in __init__\n    self._verify_page()\n  File \"/Users/kardash/Developer/fitness-automation/features/pages/cloudpaymetns_page.py\", line 26, in _verify_page\n    self.on_this_page('iframe')\n  File \"/Users/kardash/Developer/fitness-automation/features/pages/base_page.py\", line 19, in on_this_page\n    self.get_element(element_name)\n  File \"/Users/kardash/Developer/fitness-automation/features/pages/base_page.py\", line 49, in get_element\n    return WebDriverWait(self.driver, timeout).until(\n  File \"/Library/Frameworks/Python.framework/Versions/3.8/lib/python3.8/site-packages/selenium/webdriver/support/wait.py\", line 80, in until\n    raise TimeoutException(message, screen, stacktrace)\n\n",
      "time" : {
        "start" : 1608635291321,
        "stop" : 1608635490964,
        "duration" : 199643
      }
    }, {
      "uid" : "ceef0ac089d889fc",
      "status" : "broken",
      "statusDetails" : "selenium.common.exceptions.TimeoutException: Message: Unable to locate element: \"cancel button\"\n\n",
      "time" : {
        "start" : 1608635291216,
        "stop" : 1608635453482,
        "duration" : 162266
      }
    }, {
      "uid" : "62154079f9452ff",
      "status" : "failed",
      "statusDetails" : "AssertionError: FAILED SUB-STEP: Given click on confirm checkbox\nSubstep info: Traceback (most recent call last):\n  File \"/Library/Frameworks/Python.framework/Versions/3.8/lib/python3.8/site-packages/behave/model.py\", line 1329, in run\n    match.run(runner.context)\n  File \"/Library/Frameworks/Python.framework/Versions/3.8/lib/python3.8/site-packages/behave/matchers.py\", line 98, in run\n    self.func(context, *args, **kwargs)\n  File \"features/steps/basic_steps.py\", line 17, in step_impl\n    context.current_page.click_on(element_name)\n  File \"/Users/kardash/Developer/fitness-automation/features/pages/base_page.py\", line 22, in click_on\n    element = self.get_clickable_element(element_name)\n  File \"/Users/kardash/Developer/fitness-automation/features/pages/base_page.py\", line 57, in get_clickable_element\n    return WebDriverWait(self.driver, timeout).until(\n  File \"/Library/Frameworks/Python.framework/Versions/3.8/lib/python3.8/site-packages/selenium/webdriver/support/wait.py\", line 80, in until\n    raise TimeoutException(message, screen, stacktrace)\nselenium.common.exceptions.TimeoutException: Message: Unable to locate element: confirm checkbox\n\n\nTraceback (of failed substep):\n  File \"/Library/Frameworks/Python.framework/Versions/3.8/lib/python3.8/site-packages/behave/model.py\", line 1329, in run\n    match.run(runner.context)\n  File \"/Library/Frameworks/Python.framework/Versions/3.8/lib/python3.8/site-packages/behave/matchers.py\", line 98, in run\n    self.func(context, *args, **kwargs)\n  File \"features/steps/basic_steps.py\", line 17, in step_impl\n    context.current_page.click_on(element_name)\n  File \"/Users/kardash/Developer/fitness-automation/features/pages/base_page.py\", line 22, in click_on\n    element = self.get_clickable_element(element_name)\n  File \"/Users/kardash/Developer/fitness-automation/features/pages/base_page.py\", line 57, in get_clickable_element\n    return WebDriverWait(self.driver, timeout).until(\n  File \"/Library/Frameworks/Python.framework/Versions/3.8/lib/python3.8/site-packages/selenium/webdriver/support/wait.py\", line 80, in until\n    raise TimeoutException(message, screen, stacktrace)\n\n",
      "time" : {
        "start" : 1608635291145,
        "stop" : 1608635388305,
        "duration" : 97160
      }
    }, {
      "uid" : "75120a3486d5e07d",
      "status" : "failed",
      "statusDetails" : "AssertionError: FAILED SUB-STEP: And type \"random\" in email field\nSubstep info: Traceback (most recent call last):\n  File \"/Library/Frameworks/Python.framework/Versions/3.8/lib/python3.8/site-packages/behave/model.py\", line 1329, in run\n    match.run(runner.context)\n  File \"/Library/Frameworks/Python.framework/Versions/3.8/lib/python3.8/site-packages/behave/matchers.py\", line 98, in run\n    self.func(context, *args, **kwargs)\n  File \"features/steps/basic_steps.py\", line 24, in step_impl\n    context.current_page.type_in(field_name, text)\n  File \"/Users/kardash/Developer/fitness-automation/features/pages/base_page.py\", line 29, in type_in\n    element = self.get_clickable_element(element_name)\n  File \"/Users/kardash/Developer/fitness-automation/features/pages/base_page.py\", line 57, in get_clickable_element\n    return WebDriverWait(self.driver, timeout).until(\n  File \"/Library/Frameworks/Python.framework/Versions/3.8/lib/python3.8/site-packages/selenium/webdriver/support/wait.py\", line 80, in until\n    raise TimeoutException(message, screen, stacktrace)\nselenium.common.exceptions.TimeoutException: Message: Unable to locate element: email field\n\n\nTraceback (of failed substep):\n  File \"/Library/Frameworks/Python.framework/Versions/3.8/lib/python3.8/site-packages/behave/model.py\", line 1329, in run\n    match.run(runner.context)\n  File \"/Library/Frameworks/Python.framework/Versions/3.8/lib/python3.8/site-packages/behave/matchers.py\", line 98, in run\n    self.func(context, *args, **kwargs)\n  File \"features/steps/basic_steps.py\", line 24, in step_impl\n    context.current_page.type_in(field_name, text)\n  File \"/Users/kardash/Developer/fitness-automation/features/pages/base_page.py\", line 29, in type_in\n    element = self.get_clickable_element(element_name)\n  File \"/Users/kardash/Developer/fitness-automation/features/pages/base_page.py\", line 57, in get_clickable_element\n    return WebDriverWait(self.driver, timeout).until(\n  File \"/Library/Frameworks/Python.framework/Versions/3.8/lib/python3.8/site-packages/selenium/webdriver/support/wait.py\", line 80, in until\n    raise TimeoutException(message, screen, stacktrace)\n\n",
      "time" : {
        "start" : 1608635291040,
        "stop" : 1608635391739,
        "duration" : 100699
      }
    }, {
      "uid" : "5c4f113eb0e0d36f",
      "status" : "broken",
      "statusDetails" : "selenium.common.exceptions.TimeoutException: Message: Unable to locate element: cardnumber field\n\n",
      "time" : {
        "start" : 1608635291029,
        "stop" : 1608635472767,
        "duration" : 181738
      }
    }, {
      "uid" : "cc2ce68142a67a05",
      "status" : "passed",
      "time" : {
        "start" : 1608635290988,
        "stop" : 1608635416885,
        "duration" : 125897
      }
    }, {
      "uid" : "9973a06cfcc86c78",
      "status" : "passed",
      "time" : {
        "start" : 1608635290952,
        "stop" : 1608635452813,
        "duration" : 161861
      }
    }, {
      "uid" : "3b2cd6597d0155ff",
      "status" : "passed",
      "time" : {
        "start" : 1608635209320,
        "stop" : 1608635265744,
        "duration" : 56424
      }
    }, {
      "uid" : "cc26eccc8342e986",
      "status" : "passed",
      "time" : {
        "start" : 1608635200841,
        "stop" : 1608635262281,
        "duration" : 61440
      }
    }, {
      "uid" : "5621e6153edd1fa0",
      "status" : "passed",
      "time" : {
        "start" : 1608635196249,
        "stop" : 1608635259809,
        "duration" : 63560
      }
    }, {
      "uid" : "839d92059d6d709a",
      "status" : "passed",
      "time" : {
        "start" : 1608635191066,
        "stop" : 1608635258752,
        "duration" : 67686
      }
    }, {
      "uid" : "de63d718d65c8f05",
      "status" : "passed",
      "time" : {
        "start" : 1608635189460,
        "stop" : 1608635259766,
        "duration" : 70306
      }
    }, {
      "uid" : "217ee863b7e2b9b3",
      "status" : "passed",
      "time" : {
        "start" : 1608635186611,
        "stop" : 1608635255020,
        "duration" : 68409
      }
    }, {
      "uid" : "3b9ce24b7f0f3484",
      "status" : "passed",
      "time" : {
        "start" : 1608635185675,
        "stop" : 1608635249196,
        "duration" : 63521
      }
    }, {
      "uid" : "3dede4acdbebe9b",
      "status" : "passed",
      "time" : {
        "start" : 1608635185264,
        "stop" : 1608635248150,
        "duration" : 62886
      }
    }, {
      "uid" : "794abe4d1b9ed93d",
      "status" : "passed",
      "time" : {
        "start" : 1608635183568,
        "stop" : 1608635245012,
        "duration" : 61444
      }
    }, {
      "uid" : "9695404fbea25ecc",
      "status" : "passed",
      "time" : {
        "start" : 1608635182507,
        "stop" : 1608635245396,
        "duration" : 62889
      }
    }, {
      "uid" : "a16650ee5b2f76d3",
      "status" : "passed",
      "time" : {
        "start" : 1608635142087,
        "stop" : 1608635202044,
        "duration" : 59957
      }
    }, {
      "uid" : "b8a9b52a5e57e041",
      "status" : "passed",
      "time" : {
        "start" : 1608635129237,
        "stop" : 1608635192191,
        "duration" : 62954
      }
    }, {
      "uid" : "d10b91457c82f6ad",
      "status" : "passed",
      "time" : {
        "start" : 1608635128385,
        "stop" : 1608635189393,
        "duration" : 61008
      }
    }, {
      "uid" : "befe6a10fd6cee1d",
      "status" : "passed",
      "time" : {
        "start" : 1608635121844,
        "stop" : 1608635182204,
        "duration" : 60360
      }
    }, {
      "uid" : "a7061fd670bec058",
      "status" : "passed",
      "time" : {
        "start" : 1608635121745,
        "stop" : 1608635184054,
        "duration" : 62309
      }
    }, {
      "uid" : "6480ae544f4899ed",
      "status" : "passed",
      "time" : {
        "start" : 1608635120656,
        "stop" : 1608635178206,
        "duration" : 57550
      }
    }, {
      "uid" : "f8be7116c1ac3911",
      "status" : "passed",
      "time" : {
        "start" : 1608635119392,
        "stop" : 1608635180430,
        "duration" : 61038
      }
    }, {
      "uid" : "d2c878070e4d5504",
      "status" : "passed",
      "time" : {
        "start" : 1608635119094,
        "stop" : 1608635179266,
        "duration" : 60172
      }
    }, {
      "uid" : "36dffd904263b304",
      "status" : "passed",
      "time" : {
        "start" : 1608635115001,
        "stop" : 1608635176552,
        "duration" : 61551
      }
    }, {
      "uid" : "fdf3e2cc0ee9e31f",
      "status" : "passed",
      "time" : {
        "start" : 1608635114751,
        "stop" : 1608635176968,
        "duration" : 62217
      }
    }, {
      "uid" : "c0653f832cf7bcca",
      "status" : "passed",
      "time" : {
        "start" : 1608635077786,
        "stop" : 1608635136203,
        "duration" : 58417
      }
    }, {
      "uid" : "71d7a71e3bc8c39a",
      "status" : "passed",
      "time" : {
        "start" : 1608635044474,
        "stop" : 1608635121784,
        "duration" : 77310
      }
    }, {
      "uid" : "ec9580d4b5302e4b",
      "status" : "passed",
      "time" : {
        "start" : 1608635044429,
        "stop" : 1608635116542,
        "duration" : 72113
      }
    }, {
      "uid" : "db4b83d0005030aa",
      "status" : "passed",
      "time" : {
        "start" : 1608635044351,
        "stop" : 1608635115224,
        "duration" : 70873
      }
    }, {
      "uid" : "a6ee9b81a16af951",
      "status" : "passed",
      "time" : {
        "start" : 1608635044288,
        "stop" : 1608635116394,
        "duration" : 72106
      }
    }, {
      "uid" : "c97851519d8324e9",
      "status" : "passed",
      "time" : {
        "start" : 1608635044237,
        "stop" : 1608635109773,
        "duration" : 65536
      }
    }, {
      "uid" : "be44ee3a224b74ac",
      "status" : "passed",
      "time" : {
        "start" : 1608635044226,
        "stop" : 1608635113133,
        "duration" : 68907
      }
    }, {
      "uid" : "c308c80defd402d",
      "status" : "failed",
      "statusDetails" : "AssertionError: FAILED SUB-STEP: And type \"random\" in email field\nSubstep info: Traceback (most recent call last):\n  File \"/Library/Frameworks/Python.framework/Versions/3.8/lib/python3.8/site-packages/behave/model.py\", line 1329, in run\n    match.run(runner.context)\n  File \"/Library/Frameworks/Python.framework/Versions/3.8/lib/python3.8/site-packages/behave/matchers.py\", line 98, in run\n    self.func(context, *args, **kwargs)\n  File \"features/steps/basic_steps.py\", line 24, in step_impl\n    context.current_page.type_in(field_name, text)\n  File \"/Users/kardash/Developer/fitness-automation/features/pages/base_page.py\", line 29, in type_in\n    element = self.get_clickable_element(element_name)\n  File \"/Users/kardash/Developer/fitness-automation/features/pages/base_page.py\", line 57, in get_clickable_element\n    return WebDriverWait(self.driver, timeout).until(\n  File \"/Library/Frameworks/Python.framework/Versions/3.8/lib/python3.8/site-packages/selenium/webdriver/support/wait.py\", line 80, in until\n    raise TimeoutException(message, screen, stacktrace)\nselenium.common.exceptions.TimeoutException: Message: Unable to locate element: email field\n\n\nTraceback (of failed substep):\n  File \"/Library/Frameworks/Python.framework/Versions/3.8/lib/python3.8/site-packages/behave/model.py\", line 1329, in run\n    match.run(runner.context)\n  File \"/Library/Frameworks/Python.framework/Versions/3.8/lib/python3.8/site-packages/behave/matchers.py\", line 98, in run\n    self.func(context, *args, **kwargs)\n  File \"features/steps/basic_steps.py\", line 24, in step_impl\n    context.current_page.type_in(field_name, text)\n  File \"/Users/kardash/Developer/fitness-automation/features/pages/base_page.py\", line 29, in type_in\n    element = self.get_clickable_element(element_name)\n  File \"/Users/kardash/Developer/fitness-automation/features/pages/base_page.py\", line 57, in get_clickable_element\n    return WebDriverWait(self.driver, timeout).until(\n  File \"/Library/Frameworks/Python.framework/Versions/3.8/lib/python3.8/site-packages/selenium/webdriver/support/wait.py\", line 80, in until\n    raise TimeoutException(message, screen, stacktrace)\n\n",
      "time" : {
        "start" : 1608635044100,
        "stop" : 1608635071584,
        "duration" : 27484
      }
    }, {
      "uid" : "4edc6c178f31e018",
      "status" : "passed",
      "time" : {
        "start" : 1608635044073,
        "stop" : 1608635121993,
        "duration" : 77920
      }
    }, {
      "uid" : "50f23844ae6e5110",
      "status" : "passed",
      "time" : {
        "start" : 1608635044055,
        "stop" : 1608635109260,
        "duration" : 65205
      }
    }, {
      "uid" : "7f7fb07b7379e25c",
      "status" : "passed",
      "time" : {
        "start" : 1608635044017,
        "stop" : 1608635113034,
        "duration" : 69017
      }
    }, {
      "uid" : "c71fdb8bc0ffa5d0",
      "status" : "broken",
      "statusDetails" : "selenium.common.exceptions.WebDriverException: Message: \n\n",
      "time" : {
        "start" : 1608634816366,
        "stop" : 1608634995891,
        "duration" : 179525
      }
    }, {
      "uid" : "e66d97161513408d",
      "status" : "broken",
      "statusDetails" : "selenium.common.exceptions.WebDriverException: Message: \n\n",
      "time" : {
        "start" : 1608634815523,
        "stop" : 1608634995971,
        "duration" : 180448
      }
    }, {
      "uid" : "ba27102726a1903a",
      "status" : "broken",
      "statusDetails" : "selenium.common.exceptions.WebDriverException: Message: \n\n",
      "time" : {
        "start" : 1608634815222,
        "stop" : 1608634996035,
        "duration" : 180813
      }
    }, {
      "uid" : "58be977a7aaaefaf",
      "status" : "broken",
      "statusDetails" : "selenium.common.exceptions.WebDriverException: Message: \n\n",
      "time" : {
        "start" : 1608634814700,
        "stop" : 1608634995925,
        "duration" : 181225
      }
    }, {
      "uid" : "fd0608a8aeee684a",
      "status" : "broken",
      "statusDetails" : "selenium.common.exceptions.WebDriverException: Message: \n\n",
      "time" : {
        "start" : 1608634814466,
        "stop" : 1608634995925,
        "duration" : 181459
      }
    }, {
      "uid" : "6db17d610c1af28f",
      "status" : "broken",
      "statusDetails" : "selenium.common.exceptions.WebDriverException: Message: \n\n",
      "time" : {
        "start" : 1608634814359,
        "stop" : 1608634995766,
        "duration" : 181407
      }
    }, {
      "uid" : "ab407c42c7088e9c",
      "status" : "broken",
      "statusDetails" : "selenium.common.exceptions.WebDriverException: Message: \n\n",
      "time" : {
        "start" : 1608634813670,
        "stop" : 1608634996043,
        "duration" : 182373
      }
    }, {
      "uid" : "200d9db907103a92",
      "status" : "broken",
      "statusDetails" : "selenium.common.exceptions.WebDriverException: Message: \n\n",
      "time" : {
        "start" : 1608634813110,
        "stop" : 1608634995982,
        "duration" : 182872
      }
    }, {
      "uid" : "f2dfea4f12852be4",
      "status" : "broken",
      "statusDetails" : "selenium.common.exceptions.WebDriverException: Message: Session timed out or not found\n\n",
      "time" : {
        "start" : 1608634812991,
        "stop" : 1608635001662,
        "duration" : 188671
      }
    }, {
      "uid" : "e5b7f35c6812750a",
      "status" : "broken",
      "statusDetails" : "selenium.common.exceptions.WebDriverException: Message: Session timed out or not found\n\n",
      "time" : {
        "start" : 1608634812235,
        "stop" : 1608634957229,
        "duration" : 144994
      }
    }, {
      "uid" : "f31c34b790ffb0fd",
      "status" : "broken",
      "statusDetails" : "selenium.common.exceptions.WebDriverException: Message: \n\n",
      "time" : {
        "start" : 1608634812116,
        "stop" : 1608635016190,
        "duration" : 204074
      }
    }, {
      "uid" : "72fd126bf686a0e0",
      "status" : "broken",
      "statusDetails" : "selenium.common.exceptions.WebDriverException: Message: \n\n",
      "time" : {
        "start" : 1608634812007,
        "stop" : 1608634995853,
        "duration" : 183846
      }
    }, {
      "uid" : "26464ee91249356e",
      "status" : "broken",
      "statusDetails" : "selenium.common.exceptions.WebDriverException: Message: \n\n",
      "time" : {
        "start" : 1608634811759,
        "stop" : 1608634995609,
        "duration" : 183850
      }
    }, {
      "uid" : "a7e3e88fdc34635b",
      "status" : "broken",
      "statusDetails" : "selenium.common.exceptions.WebDriverException: Message: \n\n",
      "time" : {
        "start" : 1608634811660,
        "stop" : 1608634995740,
        "duration" : 184080
      }
    }, {
      "uid" : "929d0a3575fd3992",
      "status" : "broken",
      "statusDetails" : "selenium.common.exceptions.WebDriverException: Message: \n\n",
      "time" : {
        "start" : 1608634811459,
        "stop" : 1608634995890,
        "duration" : 184431
      }
    }, {
      "uid" : "e002df70cdf7f191",
      "status" : "broken",
      "statusDetails" : "selenium.common.exceptions.WebDriverException: Message: \n\n",
      "time" : {
        "start" : 1608634811259,
        "stop" : 1608634995925,
        "duration" : 184666
      }
    }, {
      "uid" : "987c86bf56bd1f6d",
      "status" : "broken",
      "statusDetails" : "selenium.common.exceptions.WebDriverException: Message: Session timed out or not found\n\n",
      "time" : {
        "start" : 1608634811234,
        "stop" : 1608635004539,
        "duration" : 193305
      }
    }, {
      "uid" : "117e460bdd7c0518",
      "status" : "broken",
      "statusDetails" : "selenium.common.exceptions.WebDriverException: Message: \n\n",
      "time" : {
        "start" : 1608634811074,
        "stop" : 1608634995786,
        "duration" : 184712
      }
    }, {
      "uid" : "70ce073016f7e794",
      "status" : "broken",
      "statusDetails" : "selenium.common.exceptions.WebDriverException: Message: Session timed out or not found\n\n",
      "time" : {
        "start" : 1608634811053,
        "stop" : 1608635005980,
        "duration" : 194927
      }
    }, {
      "uid" : "668d8b1774c7065e",
      "status" : "broken",
      "statusDetails" : "selenium.common.exceptions.WebDriverException: Message: Session timed out or not found\n\n",
      "time" : {
        "start" : 1608634810907,
        "stop" : 1608635006502,
        "duration" : 195595
      }
    }, {
      "uid" : "5010879bc369f7bd",
      "status" : "broken",
      "statusDetails" : "selenium.common.exceptions.WebDriverException: Message: \n\n",
      "time" : {
        "start" : 1608634810433,
        "stop" : 1608634995766,
        "duration" : 185333
      }
    }, {
      "uid" : "62eab42faa4d6109",
      "status" : "broken",
      "statusDetails" : "selenium.common.exceptions.WebDriverException: Message: \n\n",
      "time" : {
        "start" : 1608634809920,
        "stop" : 1608634995741,
        "duration" : 185821
      }
    }, {
      "uid" : "bc0a7c8e15393ff6",
      "status" : "broken",
      "statusDetails" : "selenium.common.exceptions.WebDriverException: Message: Session timed out or not found\n\n",
      "time" : {
        "start" : 1608634809683,
        "stop" : 1608635006476,
        "duration" : 196793
      }
    }, {
      "uid" : "7f106b99347f5b37",
      "status" : "broken",
      "statusDetails" : "selenium.common.exceptions.WebDriverException: Message: unknown error: cannot activate web view\n  (Session info: chrome=87.0.4280.66)\n\n",
      "time" : {
        "start" : 1608634809460,
        "stop" : 1608634992392,
        "duration" : 182932
      }
    }, {
      "uid" : "27f55a4998674bc2",
      "status" : "broken",
      "statusDetails" : "selenium.common.exceptions.WebDriverException: Message: \n\n",
      "time" : {
        "start" : 1608634808990,
        "stop" : 1608634914287,
        "duration" : 105297
      }
    }, {
      "uid" : "7cf0e840338ce863",
      "status" : "broken",
      "statusDetails" : "selenium.common.exceptions.WebDriverException: Message: Session timed out or not found\n\n",
      "time" : {
        "start" : 1608634807849,
        "stop" : 1608635006503,
        "duration" : 198654
      }
    }, {
      "uid" : "b150978900d6b382",
      "status" : "broken",
      "statusDetails" : "selenium.common.exceptions.WebDriverException: Message: Session timed out or not found\n\n",
      "time" : {
        "start" : 1608634805684,
        "stop" : 1608635000884,
        "duration" : 195200
      }
    }, {
      "uid" : "9bfcf44d2039bfd6",
      "status" : "broken",
      "statusDetails" : "selenium.common.exceptions.WebDriverException: Message: Session timed out or not found\n\n",
      "time" : {
        "start" : 1608634804073,
        "stop" : 1608634993829,
        "duration" : 189756
      }
    }, {
      "uid" : "d9b5173be3979838",
      "status" : "broken",
      "statusDetails" : "selenium.common.exceptions.WebDriverException: Message: Session timed out or not found\n\n",
      "time" : {
        "start" : 1608634803089,
        "stop" : 1608634993858,
        "duration" : 190769
      }
    } ],
    "categories" : [ ],
    "history" : {
      "statistic" : {
        "failed" : 0,
        "broken" : 0,
        "skipped" : 0,
        "passed" : 5,
        "unknown" : 0,
        "total" : 5
      },
      "items" : [ {
        "uid" : "fef737c67e091d8b",
        "reportUrl" : "https://one-focus.github.io/fitness-automation/95//#testresult/fef737c67e091d8b",
        "status" : "passed",
        "time" : {
          "start" : 1608643296973,
          "stop" : 1608643316884,
          "duration" : 19911
        }
      }, {
        "uid" : "f1288b1b242a9426",
        "reportUrl" : "https://one-focus.github.io/fitness-automation/94//#testresult/f1288b1b242a9426",
        "status" : "passed",
        "time" : {
          "start" : 1608642825129,
          "stop" : 1608642844558,
          "duration" : 19429
        }
      }, {
        "uid" : "5641be3060e4ad1",
        "reportUrl" : "https://one-focus.github.io/fitness-automation/93//#testresult/5641be3060e4ad1",
        "status" : "passed",
        "time" : {
          "start" : 1608642382775,
          "stop" : 1608642401513,
          "duration" : 18738
        }
      }, {
        "uid" : "1d7284d183a7a8fc",
        "reportUrl" : "https://one-focus.github.io/fitness-automation/92//#testresult/1d7284d183a7a8fc",
        "status" : "passed",
        "time" : {
          "start" : 1608641898461,
          "stop" : 1608641929632,
          "duration" : 31171
        }
      } ]
    },
    "tags" : [ "validation" ]
  },
  "source" : "a537e0219ad920a0.json",
  "parameterValues" : [ "fake card", "f.gum24.online", "cancel button" ]
}